<?xml version="1.0" encoding="UTF-8"?>
<!-- Generated by org.testng.reporters.JUnitReportReporter -->
<testsuite hostname="OTX-7QZZW33" failures="0" tests="1" name="com.hpe.caf.worker.queue.sqs.cloudwatch.CloudwatchMetricsIT" time="4.516" errors="0" timestamp="2024-09-23T09:43:36 BST" skipped="0">
  <testcase classname="com.hpe.caf.worker.queue.sqs.cloudwatch.CloudwatchMetricsIT" name="testMetricsShowReceivedAndDeleted" time="4.516"/>
</testsuite> <!-- com.hpe.caf.worker.queue.sqs.cloudwatch.CloudwatchMetricsIT -->
