<?xml version="1.0" encoding="UTF-8"?>
<!-- Generated by org.testng.reporters.JUnitReportReporter -->
<testsuite hostname="OTX-7QZZW33" failures="0" tests="9" name="com.hpe.caf.worker.queue.sqs.SQSWorkerQueueIT" time="60.905" errors="0" timestamp="2024-09-23T09:43:36 BST" skipped="0">
  <testcase classname="com.hpe.caf.worker.queue.sqs.SQSWorkerQueueIT" name="testInvalidTaskException" time="0.098"/>
  <testcase classname="com.hpe.caf.worker.queue.sqs.SQSWorkerQueueIT" name="testTaskRejectedException" time="5.082"/>
  <testcase classname="com.hpe.caf.worker.queue.sqs.SQSWorkerQueueIT" name="testPublishAcknowledgeDelete" time="10.115"/>
  <testcase classname="com.hpe.caf.worker.queue.sqs.SQSWorkerQueueIT" name="testDisconnectReconnectIncomingMessages" time="15.094"/>
  <testcase classname="com.hpe.caf.worker.queue.sqs.SQSWorkerQueueIT" name="testAllAttributesAreCopiedToHeadersOnReceipt" time="0.082"/>
  <testcase classname="com.hpe.caf.worker.queue.sqs.SQSWorkerQueueIT" name="testAcknowledgePublishDelete" time="10.130"/>
  <testcase classname="com.hpe.caf.worker.queue.sqs.SQSWorkerQueueIT" name="testMaxInflightMessages" time="20.153"/>
  <testcase classname="com.hpe.caf.worker.queue.sqs.SQSWorkerQueueIT" name="testInputQueueIsCreated" time="0.062"/>
  <testcase classname="com.hpe.caf.worker.queue.sqs.SQSWorkerQueueIT" name="testLivenessCheck" time="0.089"/>
</testsuite> <!-- com.hpe.caf.worker.queue.sqs.SQSWorkerQueueIT -->
