<?xml version="1.0" encoding="UTF-8"?>
<!-- Generated by org.testng.reporters.JUnitReportReporter -->
<testsuite hostname="OTX-7QZZW33" failures="0" tests="4" name="com.hpe.caf.worker.queue.sqs.VisibilityIT" time="38.295" errors="0" timestamp="2024-09-23T09:43:36 BST" skipped="0">
  <testcase classname="com.hpe.caf.worker.queue.sqs.VisibilityIT" name="testExtensionForSingleMessages" time="10.058"/>
  <testcase classname="com.hpe.caf.worker.queue.sqs.VisibilityIT" name="testAttemptToChangeVisibilityWithInvalidReceiptHandleDoesNotCrashProcess" time="0.090"/>
  <testcase classname="com.hpe.caf.worker.queue.sqs.VisibilityIT" name="testVisibilityTimeoutExtensionIsCancelled" time="11.059"/>
  <testcase classname="com.hpe.caf.worker.queue.sqs.VisibilityIT" name="testExtendingMultipleMessages" time="17.088"/>
</testsuite> <!-- com.hpe.caf.worker.queue.sqs.VisibilityIT -->
