<?xml version="1.0" encoding="UTF-8"?>
<!-- Generated by org.testng.reporters.JUnitReportReporter -->
<testsuite hostname="OTX-7QZZW33" failures="0" tests="3" name="com.hpe.caf.worker.queue.sqs.DistributorIT" time="60.661" errors="0" timestamp="2024-09-23T09:43:36 BST" skipped="0">
  <testcase classname="com.hpe.caf.worker.queue.sqs.DistributorIT" name="testRedistributeMessagesWhenNoneExistDoesNotThrowError" time="20.046"/>
  <testcase classname="com.hpe.caf.worker.queue.sqs.DistributorIT" name="testRedistributeMessagesInMultipleBatches" time="20.500"/>
  <testcase classname="com.hpe.caf.worker.queue.sqs.DistributorIT" name="testRedistributeMessagesInSingleBatch" time="20.115"/>
</testsuite> <!-- com.hpe.caf.worker.queue.sqs.DistributorIT -->
