<?xml version="1.0" encoding="UTF-8"?>
<testsuite xmlns:xsi="http://www.w3.org/2001/XMLSchema-instance" xsi:noNamespaceSchemaLocation="https://maven.apache.org/surefire/maven-surefire-plugin/xsd/surefire-test-report-3.0.xsd" version="3.0" name="TestSuite" time="1.49" tests="1" errors="0" skipped="0" failures="0">
  <properties>
    <property name="java.specification.version" value="17"/>
    <property name="sun.jnu.encoding" value="UTF-8"/>
    <property name="java.class.path" value="/mnt/d/SRC/JAVA/worker-queue-sqs/target/test-classes:/mnt/d/SRC/JAVA/worker-queue-sqs/target/classes:/home/david/.m2/repository/com/github/cafapi/caf-api/3.1.0-596/caf-api-3.1.0-596.jar:/home/david/.m2/repository/com/github/cafapi/util/util-naming/3.1.0-596/util-naming-3.1.0-596.jar:/home/david/.m2/repository/com/github/workerframework/worker-api/8.2.0-SNAPSHOT/worker-api-8.2.0-SNAPSHOT.jar:/home/david/.m2/repository/com/github/cafapi/util/util-ref/3.1.0-596/util-ref-3.1.0-596.jar:/home/david/.m2/repository/com/github/workerframework/worker-configs/8.2.0-SNAPSHOT/worker-configs-8.2.0-SNAPSHOT.jar:/home/david/.m2/repository/com/google/guava/guava/32.1.3-jre/guava-32.1.3-jre.jar:/home/david/.m2/repository/com/google/guava/failureaccess/1.0.2/failureaccess-1.0.2.jar:/home/david/.m2/repository/com/google/guava/listenablefuture/9999.0-empty-to-avoid-conflict-with-guava/listenablefuture-9999.0-empty-to-avoid-conflict-with-guava.jar:/home/david/.m2/repository/com/google/code/findbugs/jsr305/3.0.2/jsr305-3.0.2.jar:/home/david/.m2/repository/org/checkerframework/checker-qual/3.40.0/checker-qual-3.40.0.jar:/home/david/.m2/repository/com/google/errorprone/error_prone_annotations/2.23.0/error_prone_annotations-2.23.0.jar:/home/david/.m2/repository/com/google/j2objc/j2objc-annotations/2.8/j2objc-annotations-2.8.jar:/home/david/.m2/repository/jakarta/validation/jakarta.validation-api/3.0.2/jakarta.validation-api-3.0.2.jar:/home/david/.m2/repository/org/slf4j/slf4j-api/2.0.9/slf4j-api-2.0.9.jar:/home/david/.m2/repository/software/amazon/awssdk/auth/2.27.7/auth-2.27.7.jar:/home/david/.m2/repository/software/amazon/awssdk/annotations/2.27.7/annotations-2.27.7.jar:/home/david/.m2/repository/software/amazon/awssdk/utils/2.27.7/utils-2.27.7.jar:/home/david/.m2/repository/software/amazon/awssdk/identity-spi/2.27.7/identity-spi-2.27.7.jar:/home/david/.m2/repository/software/amazon/awssdk/profiles/2.27.7/profiles-2.27.7.jar:/home/david/.m2/repository/software/amazon/awssdk/http-client-spi/2.27.7/http-client-spi-2.27.7.jar:/home/david/.m2/repository/software/amazon/awssdk/json-utils/2.27.7/json-utils-2.27.7.jar:/home/david/.m2/repository/software/amazon/awssdk/third-party-jackson-core/2.27.7/third-party-jackson-core-2.27.7.jar:/home/david/.m2/repository/software/amazon/awssdk/http-auth-aws/2.27.7/http-auth-aws-2.27.7.jar:/home/david/.m2/repository/software/amazon/awssdk/http-auth-aws-eventstream/2.27.7/http-auth-aws-eventstream-2.27.7.jar:/home/david/.m2/repository/software/amazon/awssdk/http-auth/2.27.7/http-auth-2.27.7.jar:/home/david/.m2/repository/software/amazon/awssdk/http-auth-spi/2.27.7/http-auth-spi-2.27.7.jar:/home/david/.m2/repository/software/amazon/eventstream/eventstream/1.0.1/eventstream-1.0.1.jar:/home/david/.m2/repository/software/amazon/awssdk/aws-core/2.27.7/aws-core-2.27.7.jar:/home/david/.m2/repository/software/amazon/awssdk/metrics-spi/2.27.7/metrics-spi-2.27.7.jar:/home/david/.m2/repository/software/amazon/awssdk/endpoints-spi/2.27.7/endpoints-spi-2.27.7.jar:/home/david/.m2/repository/software/amazon/awssdk/retries-spi/2.27.7/retries-spi-2.27.7.jar:/home/david/.m2/repository/software/amazon/awssdk/retries/2.27.7/retries-2.27.7.jar:/home/david/.m2/repository/software/amazon/awssdk/regions/2.27.7/regions-2.27.7.jar:/home/david/.m2/repository/software/amazon/awssdk/sdk-core/2.27.7/sdk-core-2.27.7.jar:/home/david/.m2/repository/software/amazon/awssdk/checksums-spi/2.27.7/checksums-spi-2.27.7.jar:/home/david/.m2/repository/software/amazon/awssdk/checksums/2.27.7/checksums-2.27.7.jar:/home/david/.m2/repository/org/reactivestreams/reactive-streams/1.0.4/reactive-streams-1.0.4.jar:/home/david/.m2/repository/software/amazon/awssdk/sqs/2.27.7/sqs-2.27.7.jar:/home/david/.m2/repository/software/amazon/awssdk/aws-json-protocol/2.27.7/aws-json-protocol-2.27.7.jar:/home/david/.m2/repository/software/amazon/awssdk/protocol-core/2.27.7/protocol-core-2.27.7.jar:/home/david/.m2/repository/software/amazon/awssdk/apache-client/2.27.7/apache-client-2.27.7.jar:/home/david/.m2/repository/org/apache/httpcomponents/httpclient/4.5.14/httpclient-4.5.14.jar:/home/david/.m2/repository/org/apache/httpcomponents/httpcore/4.4.16/httpcore-4.4.16.jar:/home/david/.m2/repository/commons-codec/commons-codec/1.16.0/commons-codec-1.16.0.jar:/home/david/.m2/repository/software/amazon/awssdk/netty-nio-client/2.27.7/netty-nio-client-2.27.7.jar:/home/david/.m2/repository/io/netty/netty-codec-http/4.1.112.Final/netty-codec-http-4.1.112.Final.jar:/home/david/.m2/repository/io/netty/netty-codec-http2/4.1.112.Final/netty-codec-http2-4.1.112.Final.jar:/home/david/.m2/repository/io/netty/netty-codec/4.1.112.Final/netty-codec-4.1.112.Final.jar:/home/david/.m2/repository/io/netty/netty-transport/4.1.112.Final/netty-transport-4.1.112.Final.jar:/home/david/.m2/repository/io/netty/netty-common/4.1.112.Final/netty-common-4.1.112.Final.jar:/home/david/.m2/repository/io/netty/netty-buffer/4.1.112.Final/netty-buffer-4.1.112.Final.jar:/home/david/.m2/repository/io/netty/netty-handler/4.1.112.Final/netty-handler-4.1.112.Final.jar:/home/david/.m2/repository/io/netty/netty-transport-native-unix-common/4.1.112.Final/netty-transport-native-unix-common-4.1.112.Final.jar:/home/david/.m2/repository/io/netty/netty-transport-classes-epoll/4.1.112.Final/netty-transport-classes-epoll-4.1.112.Final.jar:/home/david/.m2/repository/io/netty/netty-resolver/4.1.112.Final/netty-resolver-4.1.112.Final.jar:/home/david/.m2/repository/ch/qos/logback/logback-classic/1.4.11/logback-classic-1.4.11.jar:/home/david/.m2/repository/ch/qos/logback/logback-core/1.4.11/logback-core-1.4.11.jar:/home/david/.m2/repository/joda-time/joda-time/2.12.5/joda-time-2.12.5.jar:/home/david/.m2/repository/org/slf4j/jcl-over-slf4j/2.0.9/jcl-over-slf4j-2.0.9.jar:/home/david/.m2/repository/org/testng/testng/7.8.0/testng-7.8.0.jar:/home/david/.m2/repository/com/beust/jcommander/1.82/jcommander-1.82.jar:/home/david/.m2/repository/org/webjars/jquery/3.6.1/jquery-3.6.1.jar:/home/david/.m2/repository/software/amazon/awssdk/cloudwatch/2.27.7/cloudwatch-2.27.7.jar:/home/david/.m2/repository/software/amazon/awssdk/aws-query-protocol/2.27.7/aws-query-protocol-2.27.7.jar:/home/david/.m2/repository/org/testcontainers/localstack/1.19.4/localstack-1.19.4.jar:/home/david/.m2/repository/org/testcontainers/testcontainers/1.19.4/testcontainers-1.19.4.jar:/home/david/.m2/repository/junit/junit/4.13.2/junit-4.13.2.jar:/home/david/.m2/repository/org/hamcrest/hamcrest-core/2.2/hamcrest-core-2.2.jar:/home/david/.m2/repository/org/hamcrest/hamcrest/2.2/hamcrest-2.2.jar:/home/david/.m2/repository/org/apache/commons/commons-compress/1.25.0/commons-compress-1.25.0.jar:/home/david/.m2/repository/org/rnorth/duct-tape/duct-tape/1.0.8/duct-tape-1.0.8.jar:/home/david/.m2/repository/org/jetbrains/annotations/17.0.0/annotations-17.0.0.jar:/home/david/.m2/repository/com/github/docker-java/docker-java-api/3.3.4/docker-java-api-3.3.4.jar:/home/david/.m2/repository/com/fasterxml/jackson/core/jackson-annotations/2.15.3/jackson-annotations-2.15.3.jar:/home/david/.m2/repository/com/github/docker-java/docker-java-transport-zerodep/3.3.4/docker-java-transport-zerodep-3.3.4.jar:/home/david/.m2/repository/com/github/docker-java/docker-java-transport/3.3.4/docker-java-transport-3.3.4.jar:/home/david/.m2/repository/net/java/dev/jna/jna/5.13.0/jna-5.13.0.jar:"/>
    <property name="java.vm.vendor" value="Oracle Corporation"/>
    <property name="sun.arch.data.model" value="64"/>
    <property name="java.vendor.url" value="https://openjdk.java.net/"/>
    <property name="user.timezone" value="Europe/London"/>
    <property name="os.name" value="Linux"/>
    <property name="java.vm.specification.version" value="17"/>
    <property name="sun.java.launcher" value="SUN_STANDARD"/>
    <property name="user.country" value="US"/>
    <property name="sun.boot.library.path" value="/usr/lib64/jvm/java-17-openjdk-17/lib"/>
    <property name="sun.java.command" value="/mnt/d/SRC/JAVA/worker-queue-sqs/target/surefire/surefirebooter-20240923094030766_3.jar /mnt/d/SRC/JAVA/worker-queue-sqs/target/surefire 2024-09-23T09-40-30_475-jvmRun1 surefire-20240923094030766_1tmp surefire_0-20240923094030766_2tmp"/>
    <property name="jdk.debug" value="release"/>
    <property name="surefire.test.class.path" value="/mnt/d/SRC/JAVA/worker-queue-sqs/target/test-classes:/mnt/d/SRC/JAVA/worker-queue-sqs/target/classes:/home/david/.m2/repository/com/github/cafapi/caf-api/3.1.0-596/caf-api-3.1.0-596.jar:/home/david/.m2/repository/com/github/cafapi/util/util-naming/3.1.0-596/util-naming-3.1.0-596.jar:/home/david/.m2/repository/com/github/workerframework/worker-api/8.2.0-SNAPSHOT/worker-api-8.2.0-SNAPSHOT.jar:/home/david/.m2/repository/com/github/cafapi/util/util-ref/3.1.0-596/util-ref-3.1.0-596.jar:/home/david/.m2/repository/com/github/workerframework/worker-configs/8.2.0-SNAPSHOT/worker-configs-8.2.0-SNAPSHOT.jar:/home/david/.m2/repository/com/google/guava/guava/32.1.3-jre/guava-32.1.3-jre.jar:/home/david/.m2/repository/com/google/guava/failureaccess/1.0.2/failureaccess-1.0.2.jar:/home/david/.m2/repository/com/google/guava/listenablefuture/9999.0-empty-to-avoid-conflict-with-guava/listenablefuture-9999.0-empty-to-avoid-conflict-with-guava.jar:/home/david/.m2/repository/com/google/code/findbugs/jsr305/3.0.2/jsr305-3.0.2.jar:/home/david/.m2/repository/org/checkerframework/checker-qual/3.40.0/checker-qual-3.40.0.jar:/home/david/.m2/repository/com/google/errorprone/error_prone_annotations/2.23.0/error_prone_annotations-2.23.0.jar:/home/david/.m2/repository/com/google/j2objc/j2objc-annotations/2.8/j2objc-annotations-2.8.jar:/home/david/.m2/repository/jakarta/validation/jakarta.validation-api/3.0.2/jakarta.validation-api-3.0.2.jar:/home/david/.m2/repository/org/slf4j/slf4j-api/2.0.9/slf4j-api-2.0.9.jar:/home/david/.m2/repository/software/amazon/awssdk/auth/2.27.7/auth-2.27.7.jar:/home/david/.m2/repository/software/amazon/awssdk/annotations/2.27.7/annotations-2.27.7.jar:/home/david/.m2/repository/software/amazon/awssdk/utils/2.27.7/utils-2.27.7.jar:/home/david/.m2/repository/software/amazon/awssdk/identity-spi/2.27.7/identity-spi-2.27.7.jar:/home/david/.m2/repository/software/amazon/awssdk/profiles/2.27.7/profiles-2.27.7.jar:/home/david/.m2/repository/software/amazon/awssdk/http-client-spi/2.27.7/http-client-spi-2.27.7.jar:/home/david/.m2/repository/software/amazon/awssdk/json-utils/2.27.7/json-utils-2.27.7.jar:/home/david/.m2/repository/software/amazon/awssdk/third-party-jackson-core/2.27.7/third-party-jackson-core-2.27.7.jar:/home/david/.m2/repository/software/amazon/awssdk/http-auth-aws/2.27.7/http-auth-aws-2.27.7.jar:/home/david/.m2/repository/software/amazon/awssdk/http-auth-aws-eventstream/2.27.7/http-auth-aws-eventstream-2.27.7.jar:/home/david/.m2/repository/software/amazon/awssdk/http-auth/2.27.7/http-auth-2.27.7.jar:/home/david/.m2/repository/software/amazon/awssdk/http-auth-spi/2.27.7/http-auth-spi-2.27.7.jar:/home/david/.m2/repository/software/amazon/eventstream/eventstream/1.0.1/eventstream-1.0.1.jar:/home/david/.m2/repository/software/amazon/awssdk/aws-core/2.27.7/aws-core-2.27.7.jar:/home/david/.m2/repository/software/amazon/awssdk/metrics-spi/2.27.7/metrics-spi-2.27.7.jar:/home/david/.m2/repository/software/amazon/awssdk/endpoints-spi/2.27.7/endpoints-spi-2.27.7.jar:/home/david/.m2/repository/software/amazon/awssdk/retries-spi/2.27.7/retries-spi-2.27.7.jar:/home/david/.m2/repository/software/amazon/awssdk/retries/2.27.7/retries-2.27.7.jar:/home/david/.m2/repository/software/amazon/awssdk/regions/2.27.7/regions-2.27.7.jar:/home/david/.m2/repository/software/amazon/awssdk/sdk-core/2.27.7/sdk-core-2.27.7.jar:/home/david/.m2/repository/software/amazon/awssdk/checksums-spi/2.27.7/checksums-spi-2.27.7.jar:/home/david/.m2/repository/software/amazon/awssdk/checksums/2.27.7/checksums-2.27.7.jar:/home/david/.m2/repository/org/reactivestreams/reactive-streams/1.0.4/reactive-streams-1.0.4.jar:/home/david/.m2/repository/software/amazon/awssdk/sqs/2.27.7/sqs-2.27.7.jar:/home/david/.m2/repository/software/amazon/awssdk/aws-json-protocol/2.27.7/aws-json-protocol-2.27.7.jar:/home/david/.m2/repository/software/amazon/awssdk/protocol-core/2.27.7/protocol-core-2.27.7.jar:/home/david/.m2/repository/software/amazon/awssdk/apache-client/2.27.7/apache-client-2.27.7.jar:/home/david/.m2/repository/org/apache/httpcomponents/httpclient/4.5.14/httpclient-4.5.14.jar:/home/david/.m2/repository/org/apache/httpcomponents/httpcore/4.4.16/httpcore-4.4.16.jar:/home/david/.m2/repository/commons-codec/commons-codec/1.16.0/commons-codec-1.16.0.jar:/home/david/.m2/repository/software/amazon/awssdk/netty-nio-client/2.27.7/netty-nio-client-2.27.7.jar:/home/david/.m2/repository/io/netty/netty-codec-http/4.1.112.Final/netty-codec-http-4.1.112.Final.jar:/home/david/.m2/repository/io/netty/netty-codec-http2/4.1.112.Final/netty-codec-http2-4.1.112.Final.jar:/home/david/.m2/repository/io/netty/netty-codec/4.1.112.Final/netty-codec-4.1.112.Final.jar:/home/david/.m2/repository/io/netty/netty-transport/4.1.112.Final/netty-transport-4.1.112.Final.jar:/home/david/.m2/repository/io/netty/netty-common/4.1.112.Final/netty-common-4.1.112.Final.jar:/home/david/.m2/repository/io/netty/netty-buffer/4.1.112.Final/netty-buffer-4.1.112.Final.jar:/home/david/.m2/repository/io/netty/netty-handler/4.1.112.Final/netty-handler-4.1.112.Final.jar:/home/david/.m2/repository/io/netty/netty-transport-native-unix-common/4.1.112.Final/netty-transport-native-unix-common-4.1.112.Final.jar:/home/david/.m2/repository/io/netty/netty-transport-classes-epoll/4.1.112.Final/netty-transport-classes-epoll-4.1.112.Final.jar:/home/david/.m2/repository/io/netty/netty-resolver/4.1.112.Final/netty-resolver-4.1.112.Final.jar:/home/david/.m2/repository/ch/qos/logback/logback-classic/1.4.11/logback-classic-1.4.11.jar:/home/david/.m2/repository/ch/qos/logback/logback-core/1.4.11/logback-core-1.4.11.jar:/home/david/.m2/repository/joda-time/joda-time/2.12.5/joda-time-2.12.5.jar:/home/david/.m2/repository/org/slf4j/jcl-over-slf4j/2.0.9/jcl-over-slf4j-2.0.9.jar:/home/david/.m2/repository/org/testng/testng/7.8.0/testng-7.8.0.jar:/home/david/.m2/repository/com/beust/jcommander/1.82/jcommander-1.82.jar:/home/david/.m2/repository/org/webjars/jquery/3.6.1/jquery-3.6.1.jar:/home/david/.m2/repository/software/amazon/awssdk/cloudwatch/2.27.7/cloudwatch-2.27.7.jar:/home/david/.m2/repository/software/amazon/awssdk/aws-query-protocol/2.27.7/aws-query-protocol-2.27.7.jar:/home/david/.m2/repository/org/testcontainers/localstack/1.19.4/localstack-1.19.4.jar:/home/david/.m2/repository/org/testcontainers/testcontainers/1.19.4/testcontainers-1.19.4.jar:/home/david/.m2/repository/junit/junit/4.13.2/junit-4.13.2.jar:/home/david/.m2/repository/org/hamcrest/hamcrest-core/2.2/hamcrest-core-2.2.jar:/home/david/.m2/repository/org/hamcrest/hamcrest/2.2/hamcrest-2.2.jar:/home/david/.m2/repository/org/apache/commons/commons-compress/1.25.0/commons-compress-1.25.0.jar:/home/david/.m2/repository/org/rnorth/duct-tape/duct-tape/1.0.8/duct-tape-1.0.8.jar:/home/david/.m2/repository/org/jetbrains/annotations/17.0.0/annotations-17.0.0.jar:/home/david/.m2/repository/com/github/docker-java/docker-java-api/3.3.4/docker-java-api-3.3.4.jar:/home/david/.m2/repository/com/fasterxml/jackson/core/jackson-annotations/2.15.3/jackson-annotations-2.15.3.jar:/home/david/.m2/repository/com/github/docker-java/docker-java-transport-zerodep/3.3.4/docker-java-transport-zerodep-3.3.4.jar:/home/david/.m2/repository/com/github/docker-java/docker-java-transport/3.3.4/docker-java-transport-3.3.4.jar:/home/david/.m2/repository/net/java/dev/jna/jna/5.13.0/jna-5.13.0.jar:"/>
    <property name="sun.cpu.endian" value="little"/>
    <property name="user.home" value="/home/david"/>
    <property name="user.language" value="en"/>
    <property name="java.specification.vendor" value="Oracle Corporation"/>
    <property name="java.version.date" value="2024-04-16"/>
    <property name="java.home" value="/usr/lib64/jvm/java-17-openjdk-17"/>
    <property name="file.separator" value="/"/>
    <property name="basedir" value="/mnt/d/SRC/JAVA/worker-queue-sqs"/>
    <property name="java.vm.compressedOopsMode" value="Zero based"/>
    <property name="line.separator" value="&#10;"/>
    <property name="java.vm.specification.vendor" value="Oracle Corporation"/>
    <property name="java.specification.name" value="Java Platform API Specification"/>
    <property name="surefire.real.class.path" value="/mnt/d/SRC/JAVA/worker-queue-sqs/target/surefire/surefirebooter-20240923094030766_3.jar"/>
    <property name="sun.management.compiler" value="HotSpot 64-Bit Tiered Compilers"/>
    <property name="java.runtime.version" value="17.0.11+9-suse-150400.3.42.1-x8664"/>
    <property name="user.name" value="david"/>
    <property name="path.separator" value=":"/>
    <property name="os.version" value="5.15.153.1-microsoft-standard-WSL2"/>
    <property name="java.runtime.name" value="OpenJDK Runtime Environment"/>
    <property name="file.encoding" value="UTF-8"/>
    <property name="java.vm.name" value="OpenJDK 64-Bit Server VM"/>
    <property name="localRepository" value="/home/david/.m2/repository"/>
    <property name="java.vendor.url.bug" value="https://bugreport.java.com/bugreport/"/>
    <property name="java.io.tmpdir" value="/tmp"/>
    <property name="java.version" value="17.0.11"/>
    <property name="user.dir" value="/mnt/d/SRC/JAVA/worker-queue-sqs"/>
    <property name="os.arch" value="amd64"/>
    <property name="java.vm.specification.name" value="Java Virtual Machine Specification"/>
    <property name="native.encoding" value="UTF-8"/>
    <property name="java.library.path" value="/usr/java/packages/lib:/usr/lib64:/lib64:/lib:/usr/lib"/>
    <property name="java.vm.info" value="mixed mode, sharing"/>
    <property name="java.vendor" value="N/A"/>
    <property name="java.vm.version" value="17.0.11+9-suse-150400.3.42.1-x8664"/>
    <property name="sun.io.unicode.encoding" value="UnicodeLittle"/>
    <property name="java.class.version" value="61.0"/>
  </properties>
  <testcase name="testSortedSetOfVisibilityTimeouts" classname="com.hpe.caf.worker.queue.sqs.VisibilityTimeoutListTest" time="0.033"/>
</testsuite>