<?xml version="1.0" encoding="UTF-8"?>
<testsuite xmlns:xsi="http://www.w3.org/2001/XMLSchema-instance" xsi:noNamespaceSchemaLocation="https://maven.apache.org/surefire/maven-failsafe-plugin/xsd/failsafe-test-report-3.0.xsd" version="3.0" name="TestSuite" time="172.645" tests="17" errors="0" skipped="0" failures="0">
  <properties>
    <property name="java.specification.version" value="17"/>
    <property name="sun.jnu.encoding" value="UTF-8"/>
    <property name="java.class.path" value="/mnt/d/SRC/JAVA/worker-queue-sqs/target/test-classes:/mnt/d/SRC/JAVA/worker-queue-sqs/target/worker-queue-sqs-8.2.0-SNAPSHOT.jar:/home/david/.m2/repository/com/github/cafapi/caf-api/3.1.0-596/caf-api-3.1.0-596.jar:/home/david/.m2/repository/com/github/cafapi/util/util-naming/3.1.0-596/util-naming-3.1.0-596.jar:/home/david/.m2/repository/com/github/workerframework/worker-api/8.2.0-SNAPSHOT/worker-api-8.2.0-SNAPSHOT.jar:/home/david/.m2/repository/com/github/cafapi/util/util-ref/3.1.0-596/util-ref-3.1.0-596.jar:/home/david/.m2/repository/com/github/workerframework/worker-configs/8.2.0-SNAPSHOT/worker-configs-8.2.0-SNAPSHOT.jar:/home/david/.m2/repository/com/google/guava/guava/32.1.3-jre/guava-32.1.3-jre.jar:/home/david/.m2/repository/com/google/guava/failureaccess/1.0.2/failureaccess-1.0.2.jar:/home/david/.m2/repository/com/google/guava/listenablefuture/9999.0-empty-to-avoid-conflict-with-guava/listenablefuture-9999.0-empty-to-avoid-conflict-with-guava.jar:/home/david/.m2/repository/com/google/code/findbugs/jsr305/3.0.2/jsr305-3.0.2.jar:/home/david/.m2/repository/org/checkerframework/checker-qual/3.40.0/checker-qual-3.40.0.jar:/home/david/.m2/repository/com/google/errorprone/error_prone_annotations/2.23.0/error_prone_annotations-2.23.0.jar:/home/david/.m2/repository/com/google/j2objc/j2objc-annotations/2.8/j2objc-annotations-2.8.jar:/home/david/.m2/repository/jakarta/validation/jakarta.validation-api/3.0.2/jakarta.validation-api-3.0.2.jar:/home/david/.m2/repository/org/slf4j/slf4j-api/2.0.9/slf4j-api-2.0.9.jar:/home/david/.m2/repository/software/amazon/awssdk/auth/2.27.7/auth-2.27.7.jar:/home/david/.m2/repository/software/amazon/awssdk/annotations/2.27.7/annotations-2.27.7.jar:/home/david/.m2/repository/software/amazon/awssdk/utils/2.27.7/utils-2.27.7.jar:/home/david/.m2/repository/software/amazon/awssdk/identity-spi/2.27.7/identity-spi-2.27.7.jar:/home/david/.m2/repository/software/amazon/awssdk/profiles/2.27.7/profiles-2.27.7.jar:/home/david/.m2/repository/software/amazon/awssdk/http-client-spi/2.27.7/http-client-spi-2.27.7.jar:/home/david/.m2/repository/software/amazon/awssdk/json-utils/2.27.7/json-utils-2.27.7.jar:/home/david/.m2/repository/software/amazon/awssdk/third-party-jackson-core/2.27.7/third-party-jackson-core-2.27.7.jar:/home/david/.m2/repository/software/amazon/awssdk/http-auth-aws/2.27.7/http-auth-aws-2.27.7.jar:/home/david/.m2/repository/software/amazon/awssdk/http-auth-aws-eventstream/2.27.7/http-auth-aws-eventstream-2.27.7.jar:/home/david/.m2/repository/software/amazon/awssdk/http-auth/2.27.7/http-auth-2.27.7.jar:/home/david/.m2/repository/software/amazon/awssdk/http-auth-spi/2.27.7/http-auth-spi-2.27.7.jar:/home/david/.m2/repository/software/amazon/eventstream/eventstream/1.0.1/eventstream-1.0.1.jar:/home/david/.m2/repository/software/amazon/awssdk/aws-core/2.27.7/aws-core-2.27.7.jar:/home/david/.m2/repository/software/amazon/awssdk/metrics-spi/2.27.7/metrics-spi-2.27.7.jar:/home/david/.m2/repository/software/amazon/awssdk/endpoints-spi/2.27.7/endpoints-spi-2.27.7.jar:/home/david/.m2/repository/software/amazon/awssdk/retries-spi/2.27.7/retries-spi-2.27.7.jar:/home/david/.m2/repository/software/amazon/awssdk/retries/2.27.7/retries-2.27.7.jar:/home/david/.m2/repository/software/amazon/awssdk/regions/2.27.7/regions-2.27.7.jar:/home/david/.m2/repository/software/amazon/awssdk/sdk-core/2.27.7/sdk-core-2.27.7.jar:/home/david/.m2/repository/software/amazon/awssdk/checksums-spi/2.27.7/checksums-spi-2.27.7.jar:/home/david/.m2/repository/software/amazon/awssdk/checksums/2.27.7/checksums-2.27.7.jar:/home/david/.m2/repository/org/reactivestreams/reactive-streams/1.0.4/reactive-streams-1.0.4.jar:/home/david/.m2/repository/software/amazon/awssdk/sqs/2.27.7/sqs-2.27.7.jar:/home/david/.m2/repository/software/amazon/awssdk/aws-json-protocol/2.27.7/aws-json-protocol-2.27.7.jar:/home/david/.m2/repository/software/amazon/awssdk/protocol-core/2.27.7/protocol-core-2.27.7.jar:/home/david/.m2/repository/software/amazon/awssdk/apache-client/2.27.7/apache-client-2.27.7.jar:/home/david/.m2/repository/org/apache/httpcomponents/httpclient/4.5.14/httpclient-4.5.14.jar:/home/david/.m2/repository/org/apache/httpcomponents/httpcore/4.4.16/httpcore-4.4.16.jar:/home/david/.m2/repository/commons-codec/commons-codec/1.16.0/commons-codec-1.16.0.jar:/home/david/.m2/repository/software/amazon/awssdk/netty-nio-client/2.27.7/netty-nio-client-2.27.7.jar:/home/david/.m2/repository/io/netty/netty-codec-http/4.1.112.Final/netty-codec-http-4.1.112.Final.jar:/home/david/.m2/repository/io/netty/netty-codec-http2/4.1.112.Final/netty-codec-http2-4.1.112.Final.jar:/home/david/.m2/repository/io/netty/netty-codec/4.1.112.Final/netty-codec-4.1.112.Final.jar:/home/david/.m2/repository/io/netty/netty-transport/4.1.112.Final/netty-transport-4.1.112.Final.jar:/home/david/.m2/repository/io/netty/netty-common/4.1.112.Final/netty-common-4.1.112.Final.jar:/home/david/.m2/repository/io/netty/netty-buffer/4.1.112.Final/netty-buffer-4.1.112.Final.jar:/home/david/.m2/repository/io/netty/netty-handler/4.1.112.Final/netty-handler-4.1.112.Final.jar:/home/david/.m2/repository/io/netty/netty-transport-native-unix-common/4.1.112.Final/netty-transport-native-unix-common-4.1.112.Final.jar:/home/david/.m2/repository/io/netty/netty-transport-classes-epoll/4.1.112.Final/netty-transport-classes-epoll-4.1.112.Final.jar:/home/david/.m2/repository/io/netty/netty-resolver/4.1.112.Final/netty-resolver-4.1.112.Final.jar:/home/david/.m2/repository/ch/qos/logback/logback-classic/1.4.11/logback-classic-1.4.11.jar:/home/david/.m2/repository/ch/qos/logback/logback-core/1.4.11/logback-core-1.4.11.jar:/home/david/.m2/repository/joda-time/joda-time/2.12.5/joda-time-2.12.5.jar:/home/david/.m2/repository/org/slf4j/jcl-over-slf4j/2.0.9/jcl-over-slf4j-2.0.9.jar:/home/david/.m2/repository/org/testng/testng/7.8.0/testng-7.8.0.jar:/home/david/.m2/repository/com/beust/jcommander/1.82/jcommander-1.82.jar:/home/david/.m2/repository/org/webjars/jquery/3.6.1/jquery-3.6.1.jar:/home/david/.m2/repository/software/amazon/awssdk/cloudwatch/2.27.7/cloudwatch-2.27.7.jar:/home/david/.m2/repository/software/amazon/awssdk/aws-query-protocol/2.27.7/aws-query-protocol-2.27.7.jar:/home/david/.m2/repository/org/testcontainers/localstack/1.19.4/localstack-1.19.4.jar:/home/david/.m2/repository/org/testcontainers/testcontainers/1.19.4/testcontainers-1.19.4.jar:/home/david/.m2/repository/junit/junit/4.13.2/junit-4.13.2.jar:/home/david/.m2/repository/org/hamcrest/hamcrest-core/2.2/hamcrest-core-2.2.jar:/home/david/.m2/repository/org/hamcrest/hamcrest/2.2/hamcrest-2.2.jar:/home/david/.m2/repository/org/apache/commons/commons-compress/1.25.0/commons-compress-1.25.0.jar:/home/david/.m2/repository/org/rnorth/duct-tape/duct-tape/1.0.8/duct-tape-1.0.8.jar:/home/david/.m2/repository/org/jetbrains/annotations/17.0.0/annotations-17.0.0.jar:/home/david/.m2/repository/com/github/docker-java/docker-java-api/3.3.4/docker-java-api-3.3.4.jar:/home/david/.m2/repository/com/fasterxml/jackson/core/jackson-annotations/2.15.3/jackson-annotations-2.15.3.jar:/home/david/.m2/repository/com/github/docker-java/docker-java-transport-zerodep/3.3.4/docker-java-transport-zerodep-3.3.4.jar:/home/david/.m2/repository/com/github/docker-java/docker-java-transport/3.3.4/docker-java-transport-3.3.4.jar:/home/david/.m2/repository/net/java/dev/jna/jna/5.13.0/jna-5.13.0.jar:"/>
    <property name="java.vm.vendor" value="Oracle Corporation"/>
    <property name="sun.arch.data.model" value="64"/>
    <property name="java.vendor.url" value="https://openjdk.java.net/"/>
    <property name="user.timezone" value="Europe/London"/>
    <property name="os.name" value="Linux"/>
    <property name="java.vm.specification.version" value="17"/>
    <property name="sun.java.launcher" value="SUN_STANDARD"/>
    <property name="user.country" value="US"/>
    <property name="sun.boot.library.path" value="/usr/lib64/jvm/java-17-openjdk-17/lib"/>
    <property name="sun.java.command" value="/mnt/d/SRC/JAVA/worker-queue-sqs/target/surefire/surefirebooter-20240923094043938_3.jar /mnt/d/SRC/JAVA/worker-queue-sqs/target/surefire 2024-09-23T09-40-43_673-jvmRun1 surefire-20240923094043938_1tmp surefire_0-20240923094043938_2tmp"/>
    <property name="jdk.debug" value="release"/>
    <property name="surefire.test.class.path" value="/mnt/d/SRC/JAVA/worker-queue-sqs/target/test-classes:/mnt/d/SRC/JAVA/worker-queue-sqs/target/worker-queue-sqs-8.2.0-SNAPSHOT.jar:/home/david/.m2/repository/com/github/cafapi/caf-api/3.1.0-596/caf-api-3.1.0-596.jar:/home/david/.m2/repository/com/github/cafapi/util/util-naming/3.1.0-596/util-naming-3.1.0-596.jar:/home/david/.m2/repository/com/github/workerframework/worker-api/8.2.0-SNAPSHOT/worker-api-8.2.0-SNAPSHOT.jar:/home/david/.m2/repository/com/github/cafapi/util/util-ref/3.1.0-596/util-ref-3.1.0-596.jar:/home/david/.m2/repository/com/github/workerframework/worker-configs/8.2.0-SNAPSHOT/worker-configs-8.2.0-SNAPSHOT.jar:/home/david/.m2/repository/com/google/guava/guava/32.1.3-jre/guava-32.1.3-jre.jar:/home/david/.m2/repository/com/google/guava/failureaccess/1.0.2/failureaccess-1.0.2.jar:/home/david/.m2/repository/com/google/guava/listenablefuture/9999.0-empty-to-avoid-conflict-with-guava/listenablefuture-9999.0-empty-to-avoid-conflict-with-guava.jar:/home/david/.m2/repository/com/google/code/findbugs/jsr305/3.0.2/jsr305-3.0.2.jar:/home/david/.m2/repository/org/checkerframework/checker-qual/3.40.0/checker-qual-3.40.0.jar:/home/david/.m2/repository/com/google/errorprone/error_prone_annotations/2.23.0/error_prone_annotations-2.23.0.jar:/home/david/.m2/repository/com/google/j2objc/j2objc-annotations/2.8/j2objc-annotations-2.8.jar:/home/david/.m2/repository/jakarta/validation/jakarta.validation-api/3.0.2/jakarta.validation-api-3.0.2.jar:/home/david/.m2/repository/org/slf4j/slf4j-api/2.0.9/slf4j-api-2.0.9.jar:/home/david/.m2/repository/software/amazon/awssdk/auth/2.27.7/auth-2.27.7.jar:/home/david/.m2/repository/software/amazon/awssdk/annotations/2.27.7/annotations-2.27.7.jar:/home/david/.m2/repository/software/amazon/awssdk/utils/2.27.7/utils-2.27.7.jar:/home/david/.m2/repository/software/amazon/awssdk/identity-spi/2.27.7/identity-spi-2.27.7.jar:/home/david/.m2/repository/software/amazon/awssdk/profiles/2.27.7/profiles-2.27.7.jar:/home/david/.m2/repository/software/amazon/awssdk/http-client-spi/2.27.7/http-client-spi-2.27.7.jar:/home/david/.m2/repository/software/amazon/awssdk/json-utils/2.27.7/json-utils-2.27.7.jar:/home/david/.m2/repository/software/amazon/awssdk/third-party-jackson-core/2.27.7/third-party-jackson-core-2.27.7.jar:/home/david/.m2/repository/software/amazon/awssdk/http-auth-aws/2.27.7/http-auth-aws-2.27.7.jar:/home/david/.m2/repository/software/amazon/awssdk/http-auth-aws-eventstream/2.27.7/http-auth-aws-eventstream-2.27.7.jar:/home/david/.m2/repository/software/amazon/awssdk/http-auth/2.27.7/http-auth-2.27.7.jar:/home/david/.m2/repository/software/amazon/awssdk/http-auth-spi/2.27.7/http-auth-spi-2.27.7.jar:/home/david/.m2/repository/software/amazon/eventstream/eventstream/1.0.1/eventstream-1.0.1.jar:/home/david/.m2/repository/software/amazon/awssdk/aws-core/2.27.7/aws-core-2.27.7.jar:/home/david/.m2/repository/software/amazon/awssdk/metrics-spi/2.27.7/metrics-spi-2.27.7.jar:/home/david/.m2/repository/software/amazon/awssdk/endpoints-spi/2.27.7/endpoints-spi-2.27.7.jar:/home/david/.m2/repository/software/amazon/awssdk/retries-spi/2.27.7/retries-spi-2.27.7.jar:/home/david/.m2/repository/software/amazon/awssdk/retries/2.27.7/retries-2.27.7.jar:/home/david/.m2/repository/software/amazon/awssdk/regions/2.27.7/regions-2.27.7.jar:/home/david/.m2/repository/software/amazon/awssdk/sdk-core/2.27.7/sdk-core-2.27.7.jar:/home/david/.m2/repository/software/amazon/awssdk/checksums-spi/2.27.7/checksums-spi-2.27.7.jar:/home/david/.m2/repository/software/amazon/awssdk/checksums/2.27.7/checksums-2.27.7.jar:/home/david/.m2/repository/org/reactivestreams/reactive-streams/1.0.4/reactive-streams-1.0.4.jar:/home/david/.m2/repository/software/amazon/awssdk/sqs/2.27.7/sqs-2.27.7.jar:/home/david/.m2/repository/software/amazon/awssdk/aws-json-protocol/2.27.7/aws-json-protocol-2.27.7.jar:/home/david/.m2/repository/software/amazon/awssdk/protocol-core/2.27.7/protocol-core-2.27.7.jar:/home/david/.m2/repository/software/amazon/awssdk/apache-client/2.27.7/apache-client-2.27.7.jar:/home/david/.m2/repository/org/apache/httpcomponents/httpclient/4.5.14/httpclient-4.5.14.jar:/home/david/.m2/repository/org/apache/httpcomponents/httpcore/4.4.16/httpcore-4.4.16.jar:/home/david/.m2/repository/commons-codec/commons-codec/1.16.0/commons-codec-1.16.0.jar:/home/david/.m2/repository/software/amazon/awssdk/netty-nio-client/2.27.7/netty-nio-client-2.27.7.jar:/home/david/.m2/repository/io/netty/netty-codec-http/4.1.112.Final/netty-codec-http-4.1.112.Final.jar:/home/david/.m2/repository/io/netty/netty-codec-http2/4.1.112.Final/netty-codec-http2-4.1.112.Final.jar:/home/david/.m2/repository/io/netty/netty-codec/4.1.112.Final/netty-codec-4.1.112.Final.jar:/home/david/.m2/repository/io/netty/netty-transport/4.1.112.Final/netty-transport-4.1.112.Final.jar:/home/david/.m2/repository/io/netty/netty-common/4.1.112.Final/netty-common-4.1.112.Final.jar:/home/david/.m2/repository/io/netty/netty-buffer/4.1.112.Final/netty-buffer-4.1.112.Final.jar:/home/david/.m2/repository/io/netty/netty-handler/4.1.112.Final/netty-handler-4.1.112.Final.jar:/home/david/.m2/repository/io/netty/netty-transport-native-unix-common/4.1.112.Final/netty-transport-native-unix-common-4.1.112.Final.jar:/home/david/.m2/repository/io/netty/netty-transport-classes-epoll/4.1.112.Final/netty-transport-classes-epoll-4.1.112.Final.jar:/home/david/.m2/repository/io/netty/netty-resolver/4.1.112.Final/netty-resolver-4.1.112.Final.jar:/home/david/.m2/repository/ch/qos/logback/logback-classic/1.4.11/logback-classic-1.4.11.jar:/home/david/.m2/repository/ch/qos/logback/logback-core/1.4.11/logback-core-1.4.11.jar:/home/david/.m2/repository/joda-time/joda-time/2.12.5/joda-time-2.12.5.jar:/home/david/.m2/repository/org/slf4j/jcl-over-slf4j/2.0.9/jcl-over-slf4j-2.0.9.jar:/home/david/.m2/repository/org/testng/testng/7.8.0/testng-7.8.0.jar:/home/david/.m2/repository/com/beust/jcommander/1.82/jcommander-1.82.jar:/home/david/.m2/repository/org/webjars/jquery/3.6.1/jquery-3.6.1.jar:/home/david/.m2/repository/software/amazon/awssdk/cloudwatch/2.27.7/cloudwatch-2.27.7.jar:/home/david/.m2/repository/software/amazon/awssdk/aws-query-protocol/2.27.7/aws-query-protocol-2.27.7.jar:/home/david/.m2/repository/org/testcontainers/localstack/1.19.4/localstack-1.19.4.jar:/home/david/.m2/repository/org/testcontainers/testcontainers/1.19.4/testcontainers-1.19.4.jar:/home/david/.m2/repository/junit/junit/4.13.2/junit-4.13.2.jar:/home/david/.m2/repository/org/hamcrest/hamcrest-core/2.2/hamcrest-core-2.2.jar:/home/david/.m2/repository/org/hamcrest/hamcrest/2.2/hamcrest-2.2.jar:/home/david/.m2/repository/org/apache/commons/commons-compress/1.25.0/commons-compress-1.25.0.jar:/home/david/.m2/repository/org/rnorth/duct-tape/duct-tape/1.0.8/duct-tape-1.0.8.jar:/home/david/.m2/repository/org/jetbrains/annotations/17.0.0/annotations-17.0.0.jar:/home/david/.m2/repository/com/github/docker-java/docker-java-api/3.3.4/docker-java-api-3.3.4.jar:/home/david/.m2/repository/com/fasterxml/jackson/core/jackson-annotations/2.15.3/jackson-annotations-2.15.3.jar:/home/david/.m2/repository/com/github/docker-java/docker-java-transport-zerodep/3.3.4/docker-java-transport-zerodep-3.3.4.jar:/home/david/.m2/repository/com/github/docker-java/docker-java-transport/3.3.4/docker-java-transport-3.3.4.jar:/home/david/.m2/repository/net/java/dev/jna/jna/5.13.0/jna-5.13.0.jar:"/>
    <property name="sun.cpu.endian" value="little"/>
    <property name="user.home" value="/home/david"/>
    <property name="user.language" value="en"/>
    <property name="java.specification.vendor" value="Oracle Corporation"/>
    <property name="java.version.date" value="2024-04-16"/>
    <property name="java.home" value="/usr/lib64/jvm/java-17-openjdk-17"/>
    <property name="file.separator" value="/"/>
    <property name="basedir" value="/mnt/d/SRC/JAVA/worker-queue-sqs"/>
    <property name="java.vm.compressedOopsMode" value="Zero based"/>
    <property name="line.separator" value="&#10;"/>
    <property name="java.vm.specification.vendor" value="Oracle Corporation"/>
    <property name="java.specification.name" value="Java Platform API Specification"/>
    <property name="surefire.real.class.path" value="/mnt/d/SRC/JAVA/worker-queue-sqs/target/surefire/surefirebooter-20240923094043938_3.jar"/>
    <property name="sun.management.compiler" value="HotSpot 64-Bit Tiered Compilers"/>
    <property name="java.runtime.version" value="17.0.11+9-suse-150400.3.42.1-x8664"/>
    <property name="user.name" value="david"/>
    <property name="path.separator" value=":"/>
    <property name="os.version" value="5.15.153.1-microsoft-standard-WSL2"/>
    <property name="java.runtime.name" value="OpenJDK Runtime Environment"/>
    <property name="file.encoding" value="UTF-8"/>
    <property name="java.vm.name" value="OpenJDK 64-Bit Server VM"/>
    <property name="localRepository" value="/home/david/.m2/repository"/>
    <property name="java.vendor.url.bug" value="https://bugreport.java.com/bugreport/"/>
    <property name="java.io.tmpdir" value="/tmp"/>
    <property name="java.version" value="17.0.11"/>
    <property name="user.dir" value="/mnt/d/SRC/JAVA/worker-queue-sqs"/>
    <property name="os.arch" value="amd64"/>
    <property name="java.vm.specification.name" value="Java Virtual Machine Specification"/>
    <property name="native.encoding" value="UTF-8"/>
    <property name="java.library.path" value="/usr/java/packages/lib:/usr/lib64:/lib64:/lib:/usr/lib"/>
    <property name="java.vm.info" value="mixed mode, sharing"/>
    <property name="java.vendor" value="N/A"/>
    <property name="java.vm.version" value="17.0.11+9-suse-150400.3.42.1-x8664"/>
    <property name="sun.io.unicode.encoding" value="UnicodeLittle"/>
    <property name="java.class.version" value="61.0"/>
  </properties>
  <testcase name="testMetricsShowReceivedAndDeleted" classname="com.hpe.caf.worker.queue.sqs.cloudwatch.CloudwatchMetricsIT" time="4.521">
    <system-out><![CDATA[Testcontainers configuration overrides will be loaded from file:/home/david/.testcontainers.properties
Image pull policy will be performed by: DefaultPullPolicy()
Image name substitution will be performed by: DefaultImageNameSubstitutor (composite of 'ConfigurationFileImageNameSubstitutor' and 'PrefixingImageNameSubstitutor')
Loaded org.testcontainers.dockerclient.UnixSocketClientProviderStrategy from ~/.testcontainers.properties, will try it first
Trying out strategy: UnixSocketClientProviderStrategy
Cmd: 
ex-00000001: preparing request execution
Cookie spec selected: strict
Auth cache not set in the context
ex-00000001: target auth state: UNCHALLENGED
ex-00000001: proxy auth state: UNCHALLENGED
ex-00000001: acquiring connection with route {}->unix://localhost:2375
ex-00000001: acquiring endpoint (3 MINUTES)
ex-00000001: endpoint lease request (3 MINUTES) [route: {}->unix://localhost:2375][total available: 0; route allocated: 0 of 2147483647; total allocated: 0 of 2147483647]
ex-00000001: endpoint leased [route: {}->unix://localhost:2375][total available: 0; route allocated: 1 of 2147483647; total allocated: 1 of 2147483647]
ex-00000001: acquired ep-00000000
ex-00000001: acquired endpoint ep-00000000
ex-00000001: opening connection {}->unix://localhost:2375
ep-00000000: connecting endpoint (3 MINUTES)
ep-00000000: connecting endpoint to unix://localhost:2375 (3 MINUTES)
http-outgoing-0: connecting to localhost/127.0.0.1:2375
http-outgoing-0: connection established /var/run/docker.sock<->/var/run/docker.sock
ep-00000000: connected http-outgoing-0
ep-00000000: endpoint connected
ex-00000001: executing GET /v1.32/info HTTP/1.1
ep-00000000: start execution ex-00000001
ep-00000000: executing exchange ex-00000001 over http-outgoing-0
http-outgoing-0 >> GET /v1.32/info HTTP/1.1
http-outgoing-0 >> x-tc-sid: 2af741d8-56d7-4d26-a9ed-fe487231d019
http-outgoing-0 >> User-Agent: tc-java/1.19.4
http-outgoing-0 >> Accept-Encoding: gzip, x-gzip, deflate
http-outgoing-0 >> Host: localhost:2375
http-outgoing-0 >> Connection: keep-alive
http-outgoing-0 >> "GET /v1.32/info HTTP/1.1[\r][\n]"
http-outgoing-0 >> "x-tc-sid: 2af741d8-56d7-4d26-a9ed-fe487231d019[\r][\n]"
http-outgoing-0 >> "User-Agent: tc-java/1.19.4[\r][\n]"
http-outgoing-0 >> "Accept-Encoding: gzip, x-gzip, deflate[\r][\n]"
http-outgoing-0 >> "Host: localhost:2375[\r][\n]"
http-outgoing-0 >> "Connection: keep-alive[\r][\n]"
http-outgoing-0 >> "[\r][\n]"
http-outgoing-0 << "HTTP/1.1 200 OK[\r][\n]"
http-outgoing-0 << "Api-Version: 1.45[\r][\n]"
http-outgoing-0 << "Content-Type: application/json[\r][\n]"
http-outgoing-0 << "Date: Mon, 23 Sep 2024 08:40:46 GMT[\r][\n]"
http-outgoing-0 << "Docker-Experimental: false[\r][\n]"
http-outgoing-0 << "Ostype: linux[\r][\n]"
http-outgoing-0 << "Server: Docker/26.1.5 (linux)[\r][\n]"
http-outgoing-0 << "Transfer-Encoding: chunked[\r][\n]"
http-outgoing-0 << "[\r][\n]"
http-outgoing-0 << HTTP/1.1 200 OK
http-outgoing-0 << Api-Version: 1.45
http-outgoing-0 << Content-Type: application/json
http-outgoing-0 << Date: Mon, 23 Sep 2024 08:40:46 GMT
http-outgoing-0 << Docker-Experimental: false
http-outgoing-0 << Ostype: linux
http-outgoing-0 << Server: Docker/26.1.5 (linux)
http-outgoing-0 << Transfer-Encoding: chunked
ex-00000001: connection can be kept alive for 3 MINUTES
http-outgoing-0 << "9dd[\r][\n]"
http-outgoing-0 << "{"ID":"090451a5-1040-4e29-b239-f1a93928d0dd","Containers":5,"ContainersRunning":4,"ContainersPaused":0,"ContainersStopped":1,"Images":164,"Driver":"overlay2","DriverStatus":[["Backing Filesystem","extfs"],["Supports d_type","true"],["Using metacopy","false"],["Native Overlay Diff","true"],["userxattr","false"]],"Plugins":{"Volume":["local"],"Network":["bridge","host","ipvlan","macvlan","null","overlay"],"Authorization":null,"Log":["awslogs","fluentd","gcplogs","gelf","journald","json-file","local","splunk","syslog"]},"MemoryLimit":true,"SwapLimit":true,"KernelMemory":true,"KernelMemoryTCP":true,"CpuCfsPeriod":true,"CpuCfsQuota":true,"CPUShares":true,"CPUSet":true,"PidsLimit":true,"IPv4Forwarding":true,"BridgeNfIptables":true,"BridgeNfIp6tables":true,"Debug":false,"NFd":28,"OomKillDisable":true,"NGoroutines":49,"SystemTime":"2024-09-23T09:40:46.435841172+01:00","LoggingDriver":"json-file","CgroupDriver":"cgroupfs","CgroupVersion":"1","NEventsListener":1,"KernelVersion":"5.15.153.1-microsoft-standard-WSL2","OperatingSystem":"Rancher Desktop WSL Distribution","OSVersion":"0.69","OSType":"linux","Architecture":"x86_64","IndexServerAddress":"https://index.docker.io/v1/","RegistryConfig":{"AllowNondistributableArtifactsCIDRs":null,"AllowNondistributableArtifactsHostnames":null,"InsecureRegistryCIDRs":["127.0.0.0/8"],"IndexConfigs":{"docker.io":{"Name":"docker.io","Mirrors":[],"Secure":true,"Official":true}},"Mirrors":null},"NCPU":4,"MemTotal":16776036352,"GenericResources":null,"DockerRootDir":"/var/lib/docker","HttpProxy":"","HttpsProxy":"","NoProxy":"","Name":"OTX-7QZZW33","Labels":[],"ExperimentalBuild":false,"ServerVersion":"26.1.5","Runtimes":{"io.containerd.runc.v2":{"path":"runc"},"runc":{"path":"runc"}},"DefaultRuntime":"runc","Swarm":{"NodeID":"","NodeAddr":"","LocalNodeState":"inactive","ControlAvailable":false,"Error":"","RemoteManagers":null},"LiveRestoreEnabled":false,"Isolation":"","InitBinary":"docker-init","ContainerdCommit":{"ID":"3a4de459a68952ffb703bbe7f2290861a75b6b67","Expected":"3a4de459a68952ffb703bbe7f2290861a75b6b67"},"RuncCommit":{"ID":"51d5e94601ceffbbd85688df1c928ecccbfa4685","Expected":"51d5e94601ceffbbd85688df1c928ecccbfa4685"},"InitCommit":{"ID":"","Expected":""},"SecurityOptions":["name=seccomp,profile=builtin"],"CDISpecDirs":[],"Warnings":["WARNING: No blkio throttle.read_bps_device support","WARNING: No blkio throttle.write_bps_device support","WARNING: No blkio throttle.read_iops_device support","WARNING: No blkio throttle.write_iops_device support"]}[\n]"
http-outgoing-0 << "[\r][\n]"
http-outgoing-0 << "0[\r][\n]"
http-outgoing-0 << "[\r][\n]"
ep-00000000: releasing valid endpoint
ep-00000000: releasing endpoint
ep-00000000: connection http-outgoing-0 can be kept alive for 3 MINUTES
ep-00000000: connection released [route: {}->unix://localhost:2375][total available: 1; route allocated: 1 of 2147483647; total allocated: 1 of 2147483647]
Found Docker environment with local Unix socket (unix:///var/run/docker.sock)
Transport type: 'httpclient5', Docker host: 'unix:///var/run/docker.sock'
Checking Docker OS type for local Unix socket (unix:///var/run/docker.sock)
Docker host IP address is localhost
Docker info: {CDISpecDirs=[], NGoroutines=49, Name=OTX-7QZZW33, Swarm={NodeID=, NodeAddr=, LocalNodeState=inactive, ControlAvailable=false, Error=, RemoteManagers=null}, RuncCommit={ID=51d5e94601ceffbbd85688df1c928ecccbfa4685, Expected=51d5e94601ceffbbd85688df1c928ecccbfa4685}, OSVersion=0.69, Runtimes={io.containerd.runc.v2={path=runc}, runc={path=runc}}, ID=090451a5-1040-4e29-b239-f1a93928d0dd, DriverStatus=[[Backing Filesystem, extfs], [Supports d_type, true], [Using metacopy, false], [Native Overlay Diff, true], [userxattr, false]], BridgeNfIptables=true, LiveRestoreEnabled=false, SystemTime=2024-09-23T09:40:46.435841172+01:00, NoProxy=, Architecture=x86_64, NEventsListener=1, HttpsProxy=, Images=164, ContainersRunning=4, Labels=[], InitCommit={ID=, Expected=}, NFd=28, KernelVersion=5.15.153.1-microsoft-standard-WSL2, LoggingDriver=json-file, OSType=linux, SecurityOptions=[name=seccomp,profile=builtin], ContainerdCommit={ID=3a4de459a68952ffb703bbe7f2290861a75b6b67, Expected=3a4de459a68952ffb703bbe7f2290861a75b6b67}, GenericResources=null, KernelMemory=true, OperatingSystem=Rancher Desktop WSL Distribution, RegistryConfig={AllowNondistributableArtifactsCIDRs=null, AllowNondistributableArtifactsHostnames=null, InsecureRegistryCIDRs=[127.0.0.0/8], IndexConfigs={docker.io={Name=docker.io, Mirrors=[], Secure=true, Official=true}}, Mirrors=null}, ServerVersion=26.1.5, OomKillDisable=true, CpuCfsQuota=true, Containers=5, Driver=overlay2, KernelMemoryTCP=true, IPv4Forwarding=true, ExperimentalBuild=false, DockerRootDir=/var/lib/docker, CPUSet=true, CpuCfsPeriod=true, DefaultRuntime=runc, CPUShares=true, Debug=false, NCPU=4, Plugins={Volume=[local], Network=[bridge, host, ipvlan, macvlan, null, overlay], Authorization=null, Log=[awslogs, fluentd, gcplogs, gelf, journald, json-file, local, splunk, syslog]}, SwapLimit=true, CgroupDriver=cgroupfs, ContainersPaused=0, MemTotal=16776036352, IndexServerAddress=https://index.docker.io/v1/, MemoryLimit=true, HttpProxy=, InitBinary=docker-init, CgroupVersion=1, PidsLimit=true, Isolation=, BridgeNfIp6tables=true, Warnings=[WARNING: No blkio throttle.read_bps_device support, WARNING: No blkio throttle.write_bps_device support, WARNING: No blkio throttle.read_iops_device support, WARNING: No blkio throttle.write_iops_device support], ContainersStopped=1}
Cmd: 
ex-00000002: preparing request execution
Cookie spec selected: strict
Auth cache not set in the context
ex-00000002: target auth state: UNCHALLENGED
ex-00000002: proxy auth state: UNCHALLENGED
ex-00000002: acquiring connection with route {}->unix://localhost:2375
ex-00000002: acquiring endpoint (3 MINUTES)
ex-00000002: endpoint lease request (3 MINUTES) [route: {}->unix://localhost:2375][total available: 1; route allocated: 1 of 2147483647; total allocated: 1 of 2147483647]
ex-00000002: endpoint leased [route: {}->unix://localhost:2375][total available: 0; route allocated: 1 of 2147483647; total allocated: 1 of 2147483647]
ex-00000002: acquired ep-00000001
ex-00000002: acquired endpoint ep-00000001
ex-00000002: executing GET /v1.32/version HTTP/1.1
ep-00000001: start execution ex-00000002
ep-00000001: executing exchange ex-00000002 over http-outgoing-0
http-outgoing-0 >> GET /v1.32/version HTTP/1.1
http-outgoing-0 >> accept: application/json
http-outgoing-0 >> x-tc-sid: 2af741d8-56d7-4d26-a9ed-fe487231d019
http-outgoing-0 >> User-Agent: tc-java/1.19.4
http-outgoing-0 >> Accept-Encoding: gzip, x-gzip, deflate
http-outgoing-0 >> Host: localhost:2375
http-outgoing-0 >> Connection: keep-alive
http-outgoing-0 >> "GET /v1.32/version HTTP/1.1[\r][\n]"
http-outgoing-0 >> "accept: application/json[\r][\n]"
http-outgoing-0 >> "x-tc-sid: 2af741d8-56d7-4d26-a9ed-fe487231d019[\r][\n]"
http-outgoing-0 >> "User-Agent: tc-java/1.19.4[\r][\n]"
http-outgoing-0 >> "Accept-Encoding: gzip, x-gzip, deflate[\r][\n]"
http-outgoing-0 >> "Host: localhost:2375[\r][\n]"
http-outgoing-0 >> "Connection: keep-alive[\r][\n]"
http-outgoing-0 >> "[\r][\n]"
http-outgoing-0 << "HTTP/1.1 200 OK[\r][\n]"
http-outgoing-0 << "Api-Version: 1.45[\r][\n]"
http-outgoing-0 << "Content-Length: 915[\r][\n]"
http-outgoing-0 << "Content-Type: application/json[\r][\n]"
http-outgoing-0 << "Date: Mon, 23 Sep 2024 08:40:46 GMT[\r][\n]"
http-outgoing-0 << "Docker-Experimental: false[\r][\n]"
http-outgoing-0 << "Ostype: linux[\r][\n]"
http-outgoing-0 << "Server: Docker/26.1.5 (linux)[\r][\n]"
http-outgoing-0 << "[\r][\n]"
http-outgoing-0 << "{"Platform":{"Name":""},"Components":[{"Name":"Engine","Version":"26.1.5","Details":{"ApiVersion":"1.45","Arch":"amd64","BuildTime":"2024-07-26T17:51:06.000000000+00:00","Experimental":"false","GitCommit":"411e817ddf710ff8e08fa193da80cb78af708191","GoVersion":"go1.22.5","KernelVersion":"5.15.153.1-microsoft-standard-WSL2","MinAPIVersion":"1.24","Os":"linux"}},{"Name":"containerd","Version":"v1.7.17","Details":{"GitCommit":"3a4de459a68952ffb703bbe7f2290861a75b6b67"}},{"Name":"runc","Version":"1.1.12","Details":{"GitCommit":"51d5e94601ceffbbd85688df1c928ecccbfa4685"}},{"Name":"docker-init","Version":"0.19.0","Details":{"GitCommit":""}}],"Version":"26.1.5","ApiVersion":"1.45","MinAPIVersion":"1.24","GitCommit":"411e817ddf710ff8e08fa193da80cb78af708191","GoVersion":"go1.22.5","Os":"linux","Arch":"amd64","KernelVersion":"5.15.153.1-microsoft-standard-WSL2","BuildTime":"2024-07-26T17:51:06.000000000+00:00"}[\n]"
http-outgoing-0 << HTTP/1.1 200 OK
http-outgoing-0 << Api-Version: 1.45
http-outgoing-0 << Content-Length: 915
http-outgoing-0 << Content-Type: application/json
http-outgoing-0 << Date: Mon, 23 Sep 2024 08:40:46 GMT
http-outgoing-0 << Docker-Experimental: false
http-outgoing-0 << Ostype: linux
http-outgoing-0 << Server: Docker/26.1.5 (linux)
ex-00000002: connection can be kept alive for 3 MINUTES
ep-00000001: releasing valid endpoint
ep-00000001: releasing endpoint
ep-00000001: connection http-outgoing-0 can be kept alive for 3 MINUTES
ep-00000001: connection released [route: {}->unix://localhost:2375][total available: 1; route allocated: 1 of 2147483647; total allocated: 1 of 2147483647]
Docker version: {Components=[{Name=Engine, Version=26.1.5, Details={ApiVersion=1.45, Arch=amd64, BuildTime=2024-07-26T17:51:06.000000000+00:00, Experimental=false, GitCommit=411e817ddf710ff8e08fa193da80cb78af708191, GoVersion=go1.22.5, KernelVersion=5.15.153.1-microsoft-standard-WSL2, MinAPIVersion=1.24, Os=linux}}, {Name=containerd, Version=v1.7.17, Details={GitCommit=3a4de459a68952ffb703bbe7f2290861a75b6b67}}, {Name=runc, Version=1.1.12, Details={GitCommit=51d5e94601ceffbbd85688df1c928ecccbfa4685}}, {Name=docker-init, Version=0.19.0, Details={GitCommit=}}], KernelVersion=5.15.153.1-microsoft-standard-WSL2, ApiVersion=1.45, Platform={Name=}, GitCommit=411e817ddf710ff8e08fa193da80cb78af708191, Os=linux, Version=26.1.5, MinAPIVersion=1.24, Arch=amd64, GoVersion=go1.22.5, BuildTime=2024-07-26T17:51:06.000000000+00:00}
Connected to docker: 
  Server Version: 26.1.5
  API Version: 1.45
  Operating System: Rancher Desktop WSL Distribution
  Total Memory: 15998 MB
Ryuk is enabled but will be started on demand
Checks are enabled
Checking the system...
✔︎ Docker server version should be at least 1.6.0
No prefix is configured
Did not find a substitute image for worker-framework-8.2.0-SNAPSHOT.project-registries.local/localstack/localstack:latest (using image substitutor: DefaultImageNameSubstitutor (composite of 'ConfigurationFileImageNameSubstitutor' and 'PrefixingImageNameSubstitutor'))
Cmd: ListImagesCmdImpl[filters=org.testcontainers.shaded.com.github.dockerjava.core.util.FiltersBuilder@0,imageNameFilter=<null>,showAll=false]
ex-00000003: preparing request execution
Cookie spec selected: strict
Auth cache not set in the context
ex-00000003: target auth state: UNCHALLENGED
ex-00000003: proxy auth state: UNCHALLENGED
ex-00000003: acquiring connection with route {}->unix://localhost:2375
ex-00000003: acquiring endpoint (3 MINUTES)
ex-00000003: endpoint lease request (3 MINUTES) [route: {}->unix://localhost:2375][total available: 1; route allocated: 1 of 2147483647; total allocated: 1 of 2147483647]
ex-00000003: endpoint leased [route: {}->unix://localhost:2375][total available: 0; route allocated: 1 of 2147483647; total allocated: 1 of 2147483647]
ex-00000003: acquired ep-00000002
ex-00000003: acquired endpoint ep-00000002
ex-00000003: executing GET /v1.32/images/json HTTP/1.1
ep-00000002: start execution ex-00000003
ep-00000002: executing exchange ex-00000003 over http-outgoing-0
http-outgoing-0 >> GET /v1.32/images/json HTTP/1.1
http-outgoing-0 >> accept: application/json
http-outgoing-0 >> x-tc-sid: 2af741d8-56d7-4d26-a9ed-fe487231d019
http-outgoing-0 >> User-Agent: tc-java/1.19.4
http-outgoing-0 >> Accept-Encoding: gzip, x-gzip, deflate
http-outgoing-0 >> Host: localhost:2375
http-outgoing-0 >> Connection: keep-alive
http-outgoing-0 >> "GET /v1.32/images/json HTTP/1.1[\r][\n]"
http-outgoing-0 >> "accept: application/json[\r][\n]"
http-outgoing-0 >> "x-tc-sid: 2af741d8-56d7-4d26-a9ed-fe487231d019[\r][\n]"
http-outgoing-0 >> "User-Agent: tc-java/1.19.4[\r][\n]"
http-outgoing-0 >> "Accept-Encoding: gzip, x-gzip, deflate[\r][\n]"
http-outgoing-0 >> "Host: localhost:2375[\r][\n]"
http-outgoing-0 >> "Connection: keep-alive[\r][\n]"
http-outgoing-0 >> "[\r][\n]"
http-outgoing-0 << "HTTP/1.1 200 OK[\r][\n]"
http-outgoing-0 << "Api-Version: 1.45[\r][\n]"
http-outgoing-0 << "Content-Type: application/json[\r][\n]"
http-outgoing-0 << "Date: Mon, 23 Sep 2024 08:40:46 GMT[\r][\n]"
http-outgoing-0 << "Docker-Experimental: false[\r][\n]"
http-outgoing-0 << "Ostype: linux[\r][\n]"
http-outgoing-0 << "Server: Docker/26.1.5 (linux)[\r][\n]"
http-outgoing-0 << "Transfer-Encoding: chunked[\r][\n]"
http-outgoing-0 << "[\r][\n]"
http-outgoing-0 << "8000[\r][\n]"
http-outgoing-0 << "[{"Containers":-1,"Created":1727059410,"Id":"sha256:ac5e28111e66a62b24e738c9b1bc9b5794f4402e73adfa6b2b9b19be5af34a6c","Labels":{"authors":"LocalStack Contributors","description":"LocalStack Docker image","maintainer":"LocalStack Team (info@localstack.cloud)"},"ParentId":"","RepoDigests":["dockerhub-public.svsartifactory.swinfra.net/localstack/localstack@sha256:2241d47fc854785e5ae6875154a549e1eaa90067aef315047d570c19c691432d"],"RepoTags":["dockerhub-public.svsartifactory.swinfra.net/localstack/localstack:latest","worker-framework-8.2.0-SNAPSHOT.project-registries.local/localstack/localstack:latest"],"SharedSize":-1,"Size":1265400472,"VirtualSize":1265400472},{"Containers":-1,"Created":1726753582,"Id":"sha256:5fbd5efae3ae7997033ad24b3c4caee68f1eec7190c454212f865e6cc1f9cdce","Labels":{"Build.Date":"2024-09-11T12:03:02.861Z","Build.Number":"1.0.0-17","Git.Branch":"main","Git.Commit":"d2615797c6af54f9cf7d3d4be2496a6df7ae9e67","Git.Repo":"https://github.com/CAFapi/oraclelinux-base-images"},"ParentId":"sha256:c9eef3471e5e77412d5a667b64b54f0881ffe1ee33b10f902137bc7ba3b7e1d0","RepoDigests":null,"RepoTags":["devimages/worker-ajp:11.0.0-SNAPSHOT"],"SharedSize":-1,"Size":1003089554,"VirtualSize":1003089554},{"Containers":-1,"Created":1726751916,"Id":"sha256:92c98a19c7e5b8d98e2ee918453a074d93b7ef2a4b4c4d00a0f253e9f8df9f45","Labels":{"Build.Date":"2024-09-11T12:03:02.861Z","Build.Number":"1.0.0-17","Git.Branch":"main","Git.Commit":"d2615797c6af54f9cf7d3d4be2496a6df7ae9e67","Git.Repo":"https://github.com/CAFapi/oraclelinux-base-images"},"ParentId":"sha256:dce0312ad095cf5bc64422f178842a6f79daf809988713a141ce20165cea3c9c","RepoDigests":null,"RepoTags":["devimages/agent-job-processor:11.0.0-SNAPSHOT"],"SharedSize":-1,"Size":911421275,"VirtualSize":911421275},{"Containers":-1,"Created":1726751721,"Id":"sha256:e001c90f3355bb310a69da961d4d3508fe0e1178097279a1dcb20029320fc01e","Labels":{"Build.Date":"2024-09-11T12:03:02.861Z","Build.Number":"1.0.0-17","Git.Branch":"main","Git.Commit":"d2615797c6af54f9cf7d3d4be2496a6df7ae9e67","Git.Repo":"https://github.com/CAFapi/oraclelinux-base-images"},"ParentId":"sha256:05072bb85c23e57bebfc0539bb98a1a943ae2f56bf9f8decd7622194bd1ed80a","RepoDigests":null,"RepoTags":["devimages/data-management-service:11.0.0-SNAPSHOT"],"SharedSize":-1,"Size":905854716,"VirtualSize":905854716},{"Containers":-1,"Created":1726749692,"Id":"sha256:daa7b7989d3cf901ea3604a977925e2cc9a6c803e0d1ca06fb507e0ed0421195","Labels":{"Build.Date":"2024-07-17T13:59:10.212369429Z","Build.Number":"11.3.0-157","DOCKERFILE":"https://github.com/opensearch-project/opensearch-build/blob/main/docker/release/dockerfiles/opensearch.al2.dockerfile","Git.Branch":"master","Git.Commit":"20657a99e9c1e13102dd16920b039778e854c2ad","Git.Repo":"https://github.houston.softwaregrp.net/caf/opensearch-plugin","org.label-schema.build-date":"2024-07-15T19:34:25Z","org.label-schema.description":"9911","org.label-schema.license":"Apache-2.0","org.label-schema.name":"opensearch","org.label-schema.schema-version":"1.0","org.label-schema.url":"https://opensearch.org","org.label-schema.vcs-url":"https://github.com/opensearch-project/OpenSearch","org.label-schema.vendor":"OpenSearch","org.label-schema.version":"1.3.17"},"ParentId":"sha256:35510bf4133606d0a8308f37b289ebf2d6b24d01eea2534f2e3a7ecde5ec04b4","RepoDigests":null,"RepoTags":["opensearch-test:11.0.0-SNAPSHOT"],"SharedSize":-1,"Size":864292964,"VirtualSize":864292964},{"Containers":-1,"Created":1726749691,"Id":"sha256:ee4d148e715da28f963402323e66d6c4a25d3fd728ed22de69b624c6d6cc377b","Labels":null,"ParentId":"sha256:8e202ffaa1a80a0a3b04597687f3925e89a908c3fe6c43240c6e0136c8fe97fc","RepoDigests":null,"RepoTags":["worker-ajp-haproxy:11.0.0-SNAPSHOT"],"SharedSize":-1,"Size":93320551,"VirtualSize":93320551},{"Containers":-1,"Created":1726749690,"Id":"sha256:32b012eb70aaeb06ad4eab7efb9cf7e7552668a20abac25b671c345358d251a1","Labels":{"Build.Date":"2024-08-13T10:33:39.898Z","Build.Number":"4.1.1-58","Git.Branch":"main","Git.Commit":"a5fee574607622b4dde8301433023f4076a94b3c","Git.Repo":"https://github.com/CAFapi/opensuse-base-images","org.openbuildservice.disturl":"obs://build.opensuse.org/openSUSE:Leap:15.6:Images/images/25049cab88eae9e94c1aeac7a8f0aee7-opensuse-leap-image:docker","org.opencontainers.image.created":"2024-07-15T08:02:24.864748360Z","org.opencontainers.image.description":"Image containing a minimal environment for containers based on openSUSE Leap 15.6.","org.opencontainers.image.source":"https://build.opensuse.org/package/show/openSUSE:Leap:15.6:Images/opensuse-leap-image?rev=25049cab88eae9e94c1aeac7a8f0aee7","org.opencontainers.image.title":"openSUSE Leap 15.6 Base Container","org.opencontainers.image.url":"https://www.opensuse.org/","org.opencontainers.image.vendor":"openSUSE Project","org.opencontainers.image.version":"15.6.5.623","org.opensuse.base.created":"2024-07-15T08:02:24.864748360Z","org.opensuse.base.description":"Image containing a minimal environment for containers based on openSUSE Leap 15.6.","org.opensuse.base.disturl":"obs://build.opensuse.org/openSUSE:Leap:15.6:Images/images/25049cab88eae9e94c1aeac7a8f0aee7-opensuse-leap-image:docker","org.opensuse.base.reference":"registry.opensuse.org/opensuse/leap:15.6.5.623","org.opensuse.base.source":"https://build.opensuse.org/package/show/openSUSE:Leap:15.6:Images/opensuse-leap-image?rev=25049cab88eae9e94c1aeac7a8f0aee7","org.opensuse.base.title":"openSUSE Leap 15.6 Base Container","org.opensuse.base.url":"https://www.opensuse.org/","org.opensuse.base.vendor":"openSUSE Project","org.opensuse.base.version":"15.6.5.623","org.opensuse.reference":"registry.opensuse.org/opensuse/leap:15.6.5.623"},"ParentId":"sha256:b3921cfc5faf8768a47b57afe34aedf5859a7244ea454766b6c912378933fca6","RepoDigests":null,"RepoTags":["worker-ajp-keystore:11.0.0-SNAPSHOT"],"SharedSize":-1,"Size":453604287,"VirtualSize":453604287},{"Containers":-1,"Created":1726749504,"Id":"sha256:5afb6e3a88d6947853699e677dae5006db4ed5d77f60ec9c76a881f81e018a40","Labels":{"Build.Date":"2024-08-13T10:33:39.898Z","Build.Number":"4.1.1-58","Git.Branch":"main","Git.Commit":"a5fee574607622b4dde8301433023f4076a94b3c","Git.Repo":"https://github.com/CAFapi/opensuse-base-images","org.openbuildservice.disturl":"obs://build.opensuse.org/openSUSE:Leap:15.6:Images/images/25049cab88eae9e94c1aeac7a8f0aee7-opensuse-leap-image:docker","org.opencontainers.image.created":"2024-07-15T08:02:24.864748360Z","org.opencontainers.image.description":"Image containing a minimal environment for containers based on openSUSE Leap 15.6.","org.opencontainers.image.source":"https://build.opensuse.org/package/show/openSUSE:Leap:15.6:Images/opensuse-leap-image?rev=25049cab88eae9e94c1aeac7a8f0aee7","org.opencontainers.image.title":"openSUSE Leap 15.6 Base Container","org.opencontainers.image.url":"https://www.opensuse.org/","org.opencontainers.image.vendor":"openSUSE Project","org.opencontainers.image.version":"15.6.5.623","org.opensuse.base.created":"2024-07-15T08:02:24.864748360Z","org.opensuse.base.description":"Image containing a minimal environment for containers based on openSUSE Leap 15.6.","org.opensuse.base.disturl":"obs://build.opensuse.org/openSUSE:Leap:15.6:Images/images/25049cab88eae9e94c1aeac7a8f0aee7-opensuse-leap-image:docker","org.opensuse.base.reference":"registry.opensuse.org/opensuse/leap:15.6.5.623","org.opensuse.base.source":"https://build.opensuse.org/package/show/openSUSE:Leap:15.6:Images/opensuse-leap-image?rev=25049cab88eae9e94c1aeac7a8f0aee7","org.opensuse.base.title":"openSUSE Leap 15.6 Base Container","org.opensuse.base.url":"https://www.opensuse.org/","org.opensuse.base.vendor":"openSUSE Project","org.opensuse.base.version":"15.6.5.623","org.opensuse.reference":"registry.opensuse.org/opensuse/leap:15.6.5.623"},"ParentId":"sha256:5178ebfab5ec8f1432dfca65283c1ba3746b67c65033ce6413996a1165c02641","RepoDigests":null,"RepoTags":["agent-job-processor-service-container-keystore:11.0.0-SNAPSHOT"],"SharedSize":-1,"Si"
http-outgoing-0 << HTTP/1.1 200 OK
http-outgoing-0 << Api-Version: 1.45
http-outgoing-0 << Content-Type: application/json
http-outgoing-0 << Date: Mon, 23 Sep 2024 08:40:46 GMT
http-outgoing-0 << Docker-Experimental: false
http-outgoing-0 << Ostype: linux
http-outgoing-0 << Server: Docker/26.1.5 (linux)
http-outgoing-0 << Transfer-Encoding: chunked
ex-00000003: connection can be kept alive for 3 MINUTES
http-outgoing-0 << "ze":453597111,"VirtualSize":453597111},{"Containers":-1,"Created":1726749299,"Id":"sha256:1290aa93f8a5cd8c2ed7575876dc54206140f5071ac38bd6595ddc39d290e55a","Labels":{"Build.Date":"2024-08-13T10:33:39.898Z","Build.Number":"4.1.1-58","Git.Branch":"main","Git.Commit":"a5fee574607622b4dde8301433023f4076a94b3c","Git.Repo":"https://github.com/CAFapi/opensuse-base-images","org.openbuildservice.disturl":"obs://build.opensuse.org/openSUSE:Leap:15.6:Images/images/25049cab88eae9e94c1aeac7a8f0aee7-opensuse-leap-image:docker","org.opencontainers.image.created":"2024-07-15T08:02:24.864748360Z","org.opencontainers.image.description":"Image containing a minimal environment for containers based on openSUSE Leap 15.6.","org.opencontainers.image.source":"https://build.opensuse.org/package/show/openSUSE:Leap:15.6:Images/opensuse-leap-image?rev=25049cab88eae9e94c1aeac7a8f0aee7","org.opencontainers.image.title":"openSUSE Leap 15.6 Base Container","org.opencontainers.image.url":"https://www.opensuse.org/","org.opencontainers.image.vendor":"openSUSE Project","org.opencontainers.image.version":"15.6.5.623","org.opensuse.base.created":"2024-07-15T08:02:24.864748360Z","org.opensuse.base.description":"Image containing a minimal environment for containers based on openSUSE Leap 15.6.","org.opensuse.base.disturl":"obs://build.opensuse.org/openSUSE:Leap:15.6:Images/images/25049cab88eae9e94c1aeac7a8f0aee7-opensuse-leap-image:docker","org.opensuse.base.reference":"registry.opensuse.org/opensuse/leap:15.6.5.623","org.opensuse.base.source":"https://build.opensuse.org/package/show/openSUSE:Leap:15.6:Images/opensuse-leap-image?rev=25049cab88eae9e94c1aeac7a8f0aee7","org.opensuse.base.title":"openSUSE Leap 15.6 Base Container","org.opensuse.base.url":"https://www.opensuse.org/","org.opensuse.base.vendor":"openSUSE Project","org.opensuse.base.version":"15.6.5.623","org.opensuse.reference":"registry.opensuse.org/opensuse/leap:15.6.5.623"},"ParentId":"sha256:ba374860764db2e599f6cb7dc008f3f47a01ea979632300fc5429961666747c1","RepoDigests":null,"RepoTags":["collection-center-service-container-keystore:11.0.0-SNAPSHOT"],"SharedSize":-1,"Size":453597118,"VirtualSize":453597118},{"Containers":-1,"Created":1726748938,"Id":"sha256:7aa06bdedc21c1d218fca160596568f53eaf9f5386d7514b72fae220458fa350","Labels":{"Build.Date":"2024-08-13T10:33:39.898Z","Build.Number":"4.1.1-58","Git.Branch":"main","Git.Commit":"a5fee574607622b4dde8301433023f4076a94b3c","Git.Repo":"https://github.com/CAFapi/opensuse-base-images","org.openbuildservice.disturl":"obs://build.opensuse.org/openSUSE:Leap:15.6:Images/images/25049cab88eae9e94c1aeac7a8f0aee7-opensuse-leap-image:docker","org.opencontainers.image.created":"2024-07-15T08:02:24.864748360Z","org.opencontainers.image.description":"Image containing a minimal environment for containers based on openSUSE Leap 15.6.","org.opencontainers.image.source":"https://build.opensuse.org/package/show/openSUSE:Leap:15.6:Images/opensuse-leap-image?rev=25049cab88eae9e94c1aeac7a8f0aee7","org.opencontainers.image.title":"openSUSE Leap 15.6 Base Container","org.opencontainers.image.url":"https://www.opensuse.org/","org.opencontainers.image.vendor":"openSUSE Project","org.opencontainers.image.version":"15.6.5.623","org.opensuse.base.created":"2024-07-15T08:02:24.864748360Z","org.opensuse.base.description":"Image containing a minimal environment for containers based on openSUSE Leap 15.6.","org.opensuse.base.disturl":"obs://build.opensuse.org/openSUSE:Leap:15.6:Images/images/25049cab88eae9e94c1aeac7a8f0aee7-opensuse-leap-image:docker","org.opensuse.base.reference":"registry.opensuse.org/opensuse/leap:15.6.5.623","org.opensuse.base.source":"https://build.opensuse.org/package/show/openSUSE:Leap:15.6:Images/opensuse-leap-image?rev=25049cab88eae9e94c1aeac7a8f0aee7","org.opensuse.base.title":"openSUSE Leap 15.6 Base Container","org.opensuse.base.url":"https://www.opensuse.org/","org.opensuse.base.vendor":"openSUSE Project","org.opensuse.base.version":"15.6.5.623","org.opensuse.reference":"registry.opensuse.org/opensuse/leap:15.6.5.623"},"ParentId":"sha256:54ad04638fc892da42ab0192299300b427e688dc0a225e9b758f98a53e2cb3b0","RepoDigests":null,"RepoTags":["agent-job-processor-service-keystore:11.0.0-SNAPSHOT"],"SharedSize":-1,"Size":453601017,"VirtualSize":453601017},{"Containers":-1,"Created":1726740917,"Id":"sha256:b79f915266576f5dcaaaf956ec55a39cf30000154df227aff30dd58c1cba0b83","Labels":{"Build.Date":"2024-09-19T09:57:44.483Z","Build.Number":"7.0.0-SNAPSHOT","Git.Branch":"develop","Git.Commit":"e1f45c3ddbc60a74d7c130e26e2eb530c6149c5c","Git.Repo":"https://gitlab.otxlab.net/cybersecurity-enterprise/cddri/app/darwin-keycloak-image"},"ParentId":"","RepoDigests":["saas-docker-prerelease.svsartifactory.swinfra.net/apollo/keycloak-base@sha256:ab67bc6a3be853704dbf49ba872c3645d68188cccf041ddcf12a60b14b29bd2e"],"RepoTags":["saas-docker-prerelease.svsartifactory.swinfra.net/apollo/keycloak-base:7.0.0-SNAPSHOT"],"SharedSize":-1,"Size":1033366297,"VirtualSize":1033366297},{"Containers":-1,"Created":1726680587,"Id":"sha256:211a9dde89b60c7a76dab94ba2d5675a9676d05b92ba25ca303a97766f020151","Labels":{"Build.Date":"2024-09-18T17:57:59.513334066Z","Build.Number":"8.0.0-SNAPSHOT","Git.Branch":"master","Git.Commit":"db315a5b92916ddce1a32799feac254530cbbdc3","Git.Repo":"https://gitlab.otxlab.net/cybersecurity-enterprise/cddri/app/darwin-search-and-analytics"},"ParentId":"","RepoDigests":["saas-docker-prerelease.svsartifactory.swinfra.net/apollo/search-and-analytics@sha256:765a6a1f1d7b9177e9f0d3ae9c1472ad7dee69a262d71a4208e8916391a45c06"],"RepoTags":["saas-docker-prerelease.svsartifactory.swinfra.net/apollo/search-and-analytics:8.0.0-SNAPSHOT"],"SharedSize":-1,"Size":950329214,"VirtualSize":950329214},{"Containers":-1,"Created":1726660687,"Id":"sha256:0110039997654b7cd75bf7bf5f55f9eda1ba4800d13e874fe325fabc12cb2e4d","Labels":{"authors":"LocalStack Contributors","description":"LocalStack Docker image","maintainer":"LocalStack Team (info@localstack.cloud)"},"ParentId":"","RepoDigests":["dockerhub-public.svsartifactory.swinfra.net/localstack/localstack@sha256:384861c6e5cabc8dc9d89fdca45295d31a80ebb2f8034acb74e3a09ff3b223a9"],"RepoTags":null,"SharedSize":-1,"Size":1268022660,"VirtualSize":1268022660},{"Containers":-1,"Created":1726652303,"Id":"sha256:28e54d4251f055a25b2ae5eb25439ee02d8c1168f49f0cafb5457ddae3cc9b86","Labels":{"Build.Date":"2024-09-10T12:53:13.431Z","Build.Number":"1.0.0-SNAPSHOT","Git.Branch":"main","Git.Commit":"a429c396cfadf8479463d3875f047c1e3eec5329","Git.Repo":"https://github.com/CAFapi/oraclelinux-base-images"},"ParentId":"sha256:a36b4851e50dce340e4f64a49017529abef41c1f07a2f876257c5a47c478bd0e","RepoDigests":null,"RepoTags":["dev/cafdataprocessing/worker-languagedetection:5.2.0-SNAPSHOT"],"SharedSize":-1,"Size":973682252,"VirtualSize":973682252},{"Containers":-1,"Created":1726652206,"Id":"sha256:f87a2508fdb1edeef90a9aa460cb84ff727764d517ab7e9d495067c675304298","Labels":null,"ParentId":"sha256:d3fa62f342aaf30a64f1f35c6f10c7337a06915ec317c5d1449b5e5d85cde8d2","RepoDigests":null,"RepoTags":["worker-languagedetection-container-test-config:5.2.0-SNAPSHOT"],"SharedSize":-1,"Size":4264334,"VirtualSize":4264334},{"Containers":-1,"Created":1726584592,"Id":"sha256:ca560a42fc215c6833763dc634aaf0d0f9816a6f3a349eb5ebe6d271fe6cc789","Labels":{"Build.Date":"2024-07-08T15:38:09.791Z","Build.Number":"4.1.0-46","Git.Branch":"main","Git.Commit":"882caa035e63738bd488148fb654981ec47f9493","Git.Repo":"https://github.com/CAFapi/opensuse-base-images","org.openbuildservice.disturl":"obs://build.opensuse.org/openSUSE:Leap:15.6:Images/images/25049cab88eae9e94c1aeac7a8f0aee7-opensuse-leap-image:docker","org.opencontainers.image.created":"2024-07-05T10:13:29.257769853Z","org.opencontainers.image.description":"Image containing a minimal environment for containers based on openSUSE Leap 15.6.","org.opencontainers.image.source":"https://build.opensuse.org/package/show/openSUSE:Leap:15.6:Images/opensuse-leap-image?rev=25049cab88eae9e9"
http-outgoing-0 << "4c1aeac7a8f0aee7","org.opencontainers.image.title":"openSUSE Leap 15.6 Base Container","org.opencontainers.image.url":"https://www.opensuse.org/","org.opencontainers.image.vendor":"openSUSE Project","org.opencontainers.image.version":"15.6.5.622","org.opensuse.base.created":"2024-07-05T10:13:29.257769853Z","org.opensuse.base.description":"Image containing a minimal environment for containers based on openSUSE Leap 15.6.","org.opensuse.base.disturl":"obs://build.opensuse.org/openSUSE:Leap:15.6:Images/images/25049cab88eae9e94c1aeac7a8f0aee7-opensuse-leap-image:docker","org.opensuse.base.reference":"registry.opensuse.org/opensuse/leap:15.6.5.622","org.opensuse.base.source":"https://build.opensuse.org/package/show/openSUSE:Leap:15.6:Images/opensuse-leap-image?rev=25049cab88eae9e94c1aeac7a8f0aee7","org.opensuse.base.title":"openSUSE Leap 15.6 Base Container","org.opensuse.base.url":"https://www.opensuse.org/","org.opensuse.base.vendor":"openSUSE Project","org.opensuse.base.version":"15.6.5.622","org.opensuse.reference":"registry.opensuse.org/opensuse/leap:15.6.5.622"},"ParentId":"sha256:56308d9fc83cdb4d9cf63708a496d237c6b11fa328899ef3420d120c4d9f8186","RepoDigests":null,"RepoTags":["devimages/worker-test:8.2.0-SNAPSHOT"],"SharedSize":-1,"Size":535445923,"VirtualSize":535445923},{"Containers":-1,"Created":1726581542,"Id":"sha256:97779c4a808658cff927abd4be0e5a489a2d677741f92daf7b8964fe0b94f11c","Labels":{"org.opencontainers.image.ref.name":"ubuntu","org.opencontainers.image.version":"22.04"},"ParentId":"sha256:759a76622a605c110da013ff6b813cc3cc147ba7c08738075182392f6dcd80f2","RepoDigests":null,"RepoTags":["worker-test-rabbitmq:8.2.0-SNAPSHOT"],"SharedSize":-1,"Size":250712404,"VirtualSize":250712404},{"Containers":-1,"Created":1726565328,"Id":"sha256:86b26048f741168be25c6fe8b8d193d1e45512d09a4e3eb1e4ad1f67e841dbdd","Labels":{"authors":"LocalStack Contributors","description":"LocalStack Docker image","maintainer":"LocalStack Team (info@localstack.cloud)"},"ParentId":"","RepoDigests":["dockerhub-public.svsartifactory.swinfra.net/localstack/localstack@sha256:763947722c6c8d33d5fbf7e8d52b4bddec5be35274a0998fdc6176d733375314"],"RepoTags":null,"SharedSize":-1,"Size":1268021760,"VirtualSize":1268021760},{"Containers":-1,"Created":1726541027,"Id":"sha256:d62b036cbdb2e841cac3df4d51aaad06967b93a2b89fde038306c78e8c50eaae","Labels":{"authors":"LocalStack Contributors","description":"LocalStack Docker image","maintainer":"LocalStack Team (info@localstack.cloud)"},"ParentId":"","RepoDigests":["dockerhub-public.svsartifactory.swinfra.net/localstack/localstack@sha256:8fe209da86baff6f6a2ec295a7a13371a633d3366fdfea50e3a4091a6c636254"],"RepoTags":null,"SharedSize":-1,"Size":1267972218,"VirtualSize":1267972218},{"Containers":-1,"Created":1726454642,"Id":"sha256:e331e63d18d1157a8002099f0ee16a34bc7eb1adb62b79d3f55db06556bf8a30","Labels":{"authors":"LocalStack Contributors","description":"LocalStack Docker image","maintainer":"LocalStack Team (info@localstack.cloud)"},"ParentId":"","RepoDigests":["dockerhub-public.svsartifactory.swinfra.net/localstack/localstack@sha256:4b7953cd059dba41f6d8a35b3bd1c4b42aaeff725efce620e8b4738d954256bf"],"RepoTags":null,"SharedSize":-1,"Size":1265379961,"VirtualSize":1265379961},{"Containers":-1,"Created":1726236660,"Id":"sha256:7b45666aad02b315e11d1a0bffc4ad8b10e9e6959d28866821945f59aea074db","Labels":{"authors":"LocalStack Contributors","description":"LocalStack Docker image","maintainer":"LocalStack Team (info@localstack.cloud)"},"ParentId":"","RepoDigests":["dockerhub-public.svsartifactory.swinfra.net/localstack/localstack@sha256:60e84de90dcd1b54e47b3d7b874005c3426cb215b3216373b5cd459cf8c57567"],"RepoTags":null,"SharedSize":-1,"Size":1264920788,"VirtualSize":1264920788},{"Containers":-1,"Created":1726232363,"Id":"sha256:2de014a869242a7aafa786c010739639b4cf69bb0e81524d124f54cc8b0dc07a","Labels":{"authors":"LocalStack Contributors","description":"LocalStack Docker image","maintainer":"LocalStack Team (info@localstack.cloud)"},"ParentId":"","RepoDigests":["dockerhub-public.svsartifactory.swinfra.net/localstack/localstack@sha256:78d4be94bff955891df3c6dad38c7d4c1aac3aebf79536cb7e8f5cd13214a783"],"RepoTags":null,"SharedSize":-1,"Size":1264877877,"VirtualSize":1264877877},{"Containers":-1,"Created":1726214282,"Id":"sha256:d6b9eae9a61bc479a8ac6078c098c6c4c177a0bc7fd73c47adc9ff4645f18514","Labels":null,"ParentId":"sha256:c95f1a6495b474b68c0d9cfc982a1742e2b2e65502726ad8b720cd91136bcfb7","RepoDigests":null,"RepoTags":["worker-framework-docs-source-code:8.2.0-SNAPSHOT"],"SharedSize":-1,"Size":10931915,"VirtualSize":10931915},{"Containers":-1,"Created":1726191848,"Id":"sha256:fc49cd7cf75a232927dc26133d47b2f82b99a39c6a4b9e4cb97e15a1ab62fd03","Labels":{"authors":"LocalStack Contributors","description":"LocalStack Docker image","maintainer":"LocalStack Team (info@localstack.cloud)"},"ParentId":"","RepoDigests":["dockerhub-public.svsartifactory.swinfra.net/localstack/localstack@sha256:f7befe7de693c1fd195b334c340bbc8f445f2aa26c756b881ebc83142dc919fc"],"RepoTags":null,"SharedSize":-1,"Size":1264878667,"VirtualSize":1264878667},{"Containers":-1,"Created":1726159608,"Id":"sha256:3124606c2b96bac5dcc8eb953df16fe746f17e4cbf0d809a42d8165568fa8af5","Labels":{"authors":"LocalStack Contributors","description":"LocalStack Docker image","maintainer":"LocalStack Team (info@localstack.cloud)"},"ParentId":"","RepoDigests":["dockerhub-public.svsartifactory.swinfra.net/localstack/localstack@sha256:5ebade4d47fa263e3bb3d372bb369348dc63f35f9945286151658c5f3758bf93"],"RepoTags":null,"SharedSize":-1,"Size":1264869337,"VirtualSize":1264869337},{"Containers":-1,"Created":1726140890,"Id":"sha256:bc6cb59336b8c61d407073a7f8292ccb02d79fb4b259a16e8628081413d856ed","Labels":{"authors":"LocalStack Contributors","description":"LocalStack Docker image","maintainer":"LocalStack Team (info@localstack.cloud)"},"ParentId":"","RepoDigests":["dockerhub-public.svsartifactory.swinfra.net/localstack/localstack@sha256:b37ae217b9dbb635175a50c7a786b47e43ee6384b1a9b875af9c60a981afc995"],"RepoTags":null,"SharedSize":-1,"Size":1264866355,"VirtualSize":1264866355},{"Containers":-1,"Created":1726125656,"Id":"sha256:ac405f96662ea4abaac4608d586818691d08d51c256760c50a6bc8ccf9ba20ef","Labels":{"Build.Date":"2024-09-10T12:53:13.431Z","Build.Number":"1.0.0-SNAPSHOT","Git.Branch":"main","Git.Commit":"a429c396cfadf8479463d3875f047c1e3eec5329","Git.Repo":"https://github.com/CAFapi/oraclelinux-base-images"},"ParentId":"sha256:4ee5da8ce9d5d1a32d62c8c263fd42ccf999c7a5802f805fbeaee07b77319ba4","RepoDigests":["<none>@<none>"],"RepoTags":["<none>:<none>"],"SharedSize":-1,"Size":973678935,"VirtualSize":973678935},{"Containers":-1,"Created":1726109123,"Id":"sha256:e94b82c747b889abca5098bd8e1dfc55b9f87ddf9bfcee2a856ca982360b9723","Labels":{"authors":"LocalStack Contributors","description":"LocalStack Docker image","maintainer":"LocalStack Team (info@localstack.cloud)"},"ParentId":"","RepoDigests":["dockerhub-public.svsartifactory.swinfra.net/localstack/localstack@sha256:f85ab645ba251d8a8a2486e3419bc8397f5ab0a60987949badc2eaf4962770fa"],"RepoTags":null,"SharedSize":-1,"Size":1063669269,"VirtualSize":1063669269},{"Containers":-1,"Created":1726063077,"Id":"sha256:37ee8487570dfbc5e4c5315385370fb3affb58aa89b8245d22da8f953114430b","Labels":{"Build.Date":"2024-09-11T13:57:57.041Z","Build.Number":"4.1.2-71","Git.Branch":"main","Git.Commit":"73a9918e454d253d0cf0a74895fcec3126e763c7","Git.Repo":"https://github.com/CAFapi/opensuse-base-images","org.openbuildservice.disturl":"obs://build.opensuse.org/openSUSE:Leap:15.6:Images/images/25049cab88eae9e94c1aeac7a8f0aee7-opensuse-leap-image:docker","org.opencontainers.image.created":"2024-08-19T13:51:31.938494769Z","org.opencontainers.image.description":"Image containing a minimal environment for containers based on openSUSE Leap 15.6.","org.opencontainers.image.source":"https://build.opensuse.org/package/show/openSUSE:Leap:15.6:Images/opensuse-leap-image?rev=25049cab88eae9e94c1aeac7a8f0aee7","or"
http-outgoing-0 << "g.opencontainers.image.title":"openSUSE Leap 15.6 Base Container","org.opencontainers.image.url":"https://www.opensuse.org/","org.opencontainers.image.vendor":"openSUSE Project","org.opencontainers.image.version":"15.6.5.634","org.opensuse.base.created":"2024-08-19T13:51:31.938494769Z","org.opensuse.base.description":"Image containing a minimal environment for containers based on openSUSE Leap 15.6.","org.opensuse.base.disturl":"obs://build.opensuse.org/openSUSE:Leap:15.6:Images/images/25049cab88eae9e94c1aeac7a8f0aee7-opensuse-leap-image:docker","org.opensuse.base.reference":"registry.opensuse.org/opensuse/leap:15.6.5.634","org.opensuse.base.source":"https://build.opensuse.org/package/show/openSUSE:Leap:15.6:Images/opensuse-leap-image?rev=25049cab88eae9e94c1aeac7a8f0aee7","org.opensuse.base.title":"openSUSE Leap 15.6 Base Container","org.opensuse.base.url":"https://www.opensuse.org/","org.opensuse.base.vendor":"openSUSE Project","org.opensuse.base.version":"15.6.5.634","org.opensuse.reference":"registry.opensuse.org/opensuse/leap:15.6.5.634"},"ParentId":"","RepoDigests":["dockerhub-public.svsartifactory.swinfra.net/cafapi/opensuse-jre11@sha256:d8c9c7e2e5378a17d8e1f3c379a4eac5731d3f3f05853e82e37319456384a702"],"RepoTags":["dockerhub-public.svsartifactory.swinfra.net/cafapi/opensuse-jre11:4.1.2","staging-service-3.2.0-SNAPSHOT.project-registries.local/cafapi/opensuse-jre11:latest"],"SharedSize":-1,"Size":441706750,"VirtualSize":441706750},{"Containers":-1,"Created":1726057537,"Id":"sha256:0d3e065d700aeff27916c05138470ba9cc3b031167a3a189798a22c50d14e8fe","Labels":{"authors":"LocalStack Contributors","description":"LocalStack Docker image","maintainer":"LocalStack Team (info@localstack.cloud)"},"ParentId":"","RepoDigests":["dockerhub-public.svsartifactory.swinfra.net/localstack/localstack@sha256:3dac304641a79eab108c56bfff77948001341964223d74e3da947973361c037f"],"RepoTags":null,"SharedSize":-1,"Size":1063642734,"VirtualSize":1063642734},{"Containers":-1,"Created":1726056183,"Id":"sha256:dfbce12d82c004cf7eb8a88157b73a8b8d619b27b83a6c04381c4689d90aff07","Labels":{"Build.Date":"2024-09-11T12:03:02.861Z","Build.Number":"1.0.0-17","Git.Branch":"main","Git.Commit":"d2615797c6af54f9cf7d3d4be2496a6df7ae9e67","Git.Repo":"https://github.com/CAFapi/oraclelinux-base-images"},"ParentId":"","RepoDigests":["dockerhub-public.svsartifactory.swinfra.net/cafapi/oraclelinux-jre21@sha256:23ca581d948e68681b95b2390c3e7a55e6e043046a540983912887f1ece43be4"],"RepoTags":["dockerhub-public.svsartifactory.swinfra.net/cafapi/oraclelinux-jre21:1.0.0","staging-service-3.2.0-SNAPSHOT.project-registries.local/cafapi/oraclelinux-jre21:latest"],"SharedSize":-1,"Size":847516516,"VirtualSize":847516516},{"Containers":-1,"Created":1726022603,"Id":"sha256:2bfdbf6cea4b0bea7802ed7e7599d2c582f31c7335dba05cd57d057fbdb44963","Labels":{"authors":"LocalStack Contributors","description":"LocalStack Docker image","maintainer":"LocalStack Team (info@localstack.cloud)"},"ParentId":"","RepoDigests":["dockerhub-public.svsartifactory.swinfra.net/localstack/localstack@sha256:117895254886be9fa8b37b6ef2486a97eedd8e8c6a8f58cdda7baa941196852a"],"RepoTags":null,"SharedSize":-1,"Size":1063642187,"VirtualSize":1063642187},{"Containers":-1,"Created":1725974259,"Id":"sha256:7020a4aab8d3cc111218c3dc520678584baa8519e220e7044d7b85236b83e370","Labels":{"authors":"LocalStack Contributors","description":"LocalStack Docker image","maintainer":"LocalStack Team (info@localstack.cloud)"},"ParentId":"","RepoDigests":["dockerhub-public.svsartifactory.swinfra.net/localstack/localstack@sha256:7e461c68b5007f4e38a3314c1794b2a8cc8100652bfddcef2effdcd8035aa881"],"RepoTags":null,"SharedSize":-1,"Size":1063672802,"VirtualSize":1063672802},{"Containers":-1,"Created":1725972794,"Id":"sha256:0f51baaf46f5aa3a33a946a3bfcdbfc5316056688deb666a377fbf9cafa5d533","Labels":{"Build.Date":"2024-09-10T12:53:13.431Z","Build.Number":"1.0.0-SNAPSHOT","Git.Branch":"main","Git.Commit":"a429c396cfadf8479463d3875f047c1e3eec5329","Git.Repo":"https://github.com/CAFapi/oraclelinux-base-images"},"ParentId":"","RepoDigests":["dockerhub-public.svsartifactory.swinfra.net/cafapi/prereleases@sha256:6a9d2c9b533c7853c772e2536f6495df3a4aa5cbd90b5fdc4d1660818096bb66"],"RepoTags":["dockerhub-public.svsartifactory.swinfra.net/cafapi/prereleases:oraclelinux-jre21-1.0.0-SNAPSHOT"],"SharedSize":-1,"Size":847516516,"VirtualSize":847516516},{"Containers":-1,"Created":1725961596,"Id":"sha256:485982fe0f588a642a6f0ad6c2f88ec267e3002cda489e0131fbd51de2e111ce","Labels":{"authors":"LocalStack Contributors","description":"LocalStack Docker image","maintainer":"LocalStack Team (info@localstack.cloud)"},"ParentId":"","RepoDigests":["localstack/localstack@sha256:b77caabedf17dac23f5396b3258d28dd45b49efbb65a983478a61f63cbaa9ce5","dockerhub-public.svsartifactory.swinfra.net/localstack/localstack@sha256:b77caabedf17dac23f5396b3258d28dd45b49efbb65a983478a61f63cbaa9ce5"],"RepoTags":["localstack/localstack:latest"],"SharedSize":-1,"Size":1070565868,"VirtualSize":1070565868},{"Containers":-1,"Created":1725959437,"Id":"sha256:7f55743f3339a87e70426d0985f622e353a61fd24f06500f0d0c2467dfa8b29b","Labels":{"Build.Date":"2024-07-08T15:38:09.791Z","Build.Number":"4.1.0-46","Git.Branch":"main","Git.Commit":"882caa035e63738bd488148fb654981ec47f9493","Git.Repo":"https://github.com/CAFapi/opensuse-base-images","org.openbuildservice.disturl":"obs://build.opensuse.org/openSUSE:Leap:15.6:Images/images/25049cab88eae9e94c1aeac7a8f0aee7-opensuse-leap-image:docker","org.opencontainers.image.created":"2024-07-05T10:13:29.257769853Z","org.opencontainers.image.description":"Image containing a minimal environment for containers based on openSUSE Leap 15.6.","org.opencontainers.image.source":"https://build.opensuse.org/package/show/openSUSE:Leap:15.6:Images/opensuse-leap-image?rev=25049cab88eae9e94c1aeac7a8f0aee7","org.opencontainers.image.title":"openSUSE Leap 15.6 Base Container","org.opencontainers.image.url":"https://www.opensuse.org/","org.opencontainers.image.vendor":"openSUSE Project","org.opencontainers.image.version":"15.6.5.622","org.opensuse.base.created":"2024-07-05T10:13:29.257769853Z","org.opensuse.base.description":"Image containing a minimal environment for containers based on openSUSE Leap 15.6.","org.opensuse.base.disturl":"obs://build.opensuse.org/openSUSE:Leap:15.6:Images/images/25049cab88eae9e94c1aeac7a8f0aee7-opensuse-leap-image:docker","org.opensuse.base.reference":"registry.opensuse.org/opensuse/leap:15.6.5.622","org.opensuse.base.source":"https://build.opensuse.org/package/show/openSUSE:Leap:15.6:Images/opensuse-leap-image?rev=25049cab88eae9e94c1aeac7a8f0aee7","org.opensuse.base.title":"openSUSE Leap 15.6 Base Container","org.opensuse.base.url":"https://www.opensuse.org/","org.opensuse.base.vendor":"openSUSE Project","org.opensuse.base.version":"15.6.5.622","org.opensuse.reference":"registry.opensuse.org/opensuse/leap:15.6.5.622"},"ParentId":"sha256:79b8d4e484eda73382f4f62857ea00cedfd98cb3b62612d0679ee56b1ca3c485","RepoDigests":["<none>@<none>"],"RepoTags":["<none>:<none>"],"SharedSize":-1,"Size":535431931,"VirtualSize":535431931},{"Containers":-1,"Created":1725950385,"Id":"sha256:af41dd8b52418fa1d8a4be8d6e830eac67f5fa5db91814f6939345c8c56ebeba","Labels":{"authors":"LocalStack Contributors","description":"LocalStack Docker image","maintainer":"LocalStack Team (info@localstack.cloud)"},"ParentId":"","RepoDigests":["dockerhub-public.svsartifactory.swinfra.net/localstack/localstack@sha256:e0af3678319c55c7ed78c6c208949c8c41b4b1ddc9b929a57112ff1e92f01d7f"],"RepoTags":null,"SharedSize":-1,"Size":1070565826,"VirtualSize":1070565826},{"Containers":-1,"Created":1725891026,"Id":"sha256:0dd8fcf8de5fb9f88703eff3b473f66bf4c7cc4b602555e2cf673d1e73ecdd29","Labels":{"Build.Date":"2024-09-04T12:09:35Z","Build.Number":"1.0.0-SNAPSHOT","Git.Branch":"main","Git.Commit":"df97cb385d6d6dab31c157e23251631fd26632d8","Git.Repo":"https://github.com/CAFapi/oraclelinux-base-images"},"ParentId":"sha256:11f0d979dce16c803df7"
http-outgoing-0 << "803fd99851266328aa391ae0418fb658d521f80d4d1f","RepoDigests":["<none>@<none>"],"RepoTags":["<none>:<none>"],"SharedSize":-1,"Size":981946193,"VirtualSize":981946193},{"Containers":-1,"Created":1725875754,"Id":"sha256:88f179287778c9e84495e02b158c410e3ba6d1cd87e7f336ee9d403cddfce561","Labels":{"authors":"LocalStack Contributors","description":"LocalStack Docker image","maintainer":"LocalStack Team (info@localstack.cloud)"},"ParentId":"","RepoDigests":["dockerhub-public.svsartifactory.swinfra.net/localstack/localstack@sha256:1e783176f1b28c82a07fd3720e5a9d2f2d918b611ad0c1961044b4c033b5eb75"],"RepoTags":null,"SharedSize":-1,"Size":1062759865,"VirtualSize":1062759865},{"Containers":-1,"Created":1725873067,"Id":"sha256:1762ccbbe7e4db20ab0f9168b69c1a9e36e9b9e9811dce4eb1132750cf7fffed","Lab"
http-outgoing-0 << "[\r][\n]"
http-outgoing-0 << "8000[\r][\n]"
http-outgoing-0 << "els":{"authors":"LocalStack Contributors","description":"LocalStack Docker image","maintainer":"LocalStack Team (info@localstack.cloud)"},"ParentId":"","RepoDigests":["dockerhub-public.svsartifactory.swinfra.net/localstack/localstack@sha256:7ceaed5be2d65386a56462ccb5d0447e319b834cfe0aa2c89a062cde2ed64da1"],"RepoTags":null,"SharedSize":-1,"Size":1062759080,"VirtualSize":1062759080},{"Containers":-1,"Created":1725864387,"Id":"sha256:79ec533863dc1ad597e60d4b7812c7cc593c8eff4d6e27370e6e6f6e0de0b614","Labels":{"authors":"LocalStack Contributors","description":"LocalStack Docker image","maintainer":"LocalStack Team (info@localstack.cloud)"},"ParentId":"","RepoDigests":["dockerhub-public.svsartifactory.swinfra.net/localstack/localstack@sha256:7ea72f3320ede6dc2b02ab296e89cfe97a102ed2981b70486374ca097840a889"],"RepoTags":null,"SharedSize":-1,"Size":1062788492,"VirtualSize":1062788492},{"Containers":-1,"Created":1725849925,"Id":"sha256:88aa2449adf37257ac73565e956c104d5b5c2d666034d19023cf7e4965811893","Labels":{"authors":"LocalStack Contributors","description":"LocalStack Docker image","maintainer":"LocalStack Team (info@localstack.cloud)"},"ParentId":"","RepoDigests":["dockerhub-public.svsartifactory.swinfra.net/localstack/localstack@sha256:b2340a8d64f42cbab341084111f8266abdb015d9038da5f6bce060306257ed1e"],"RepoTags":null,"SharedSize":-1,"Size":1062757694,"VirtualSize":1062757694},{"Containers":-1,"Created":1725624023,"Id":"sha256:f3967bc17fe964add7f48d1abafc32186497fc47ebafda4034ca07bc4b487b68","Labels":{"authors":"LocalStack Contributors","description":"LocalStack Docker image","maintainer":"LocalStack Team (info@localstack.cloud)"},"ParentId":"","RepoDigests":["localstack/localstack@sha256:811d4cd67e6cc833cd5849ddaac454abd90c0d0fc00d402f8f82ee47926c5e10","dockerhub-public.svsartifactory.swinfra.net/localstack/localstack@sha256:811d4cd67e6cc833cd5849ddaac454abd90c0d0fc00d402f8f82ee47926c5e10"],"RepoTags":["localstack/localstack:3.7.2","dockerhub-public.svsartifactory.swinfra.net/localstack/localstack:3.7.2"],"SharedSize":-1,"Size":1066557460,"VirtualSize":1066557460},{"Containers":-1,"Created":1725611107,"Id":"sha256:292d7245264f6fa6e6bccd58b4193a096e5c0972bf563c499b92e7c1c854e143","Labels":{"authors":"LocalStack Contributors","description":"LocalStack Docker image","maintainer":"LocalStack Team (info@localstack.cloud)"},"ParentId":"","RepoDigests":["dockerhub-public.svsartifactory.swinfra.net/localstack/localstack@sha256:ca18e5fc4d4ca17af7ab83a3bb1321ff8e17e47b07b982ca3a95a8645e8252f4"],"RepoTags":null,"SharedSize":-1,"Size":1066558031,"VirtualSize":1066558031},{"Containers":-1,"Created":1725590727,"Id":"sha256:fead0950a9f40671254fcd7d1b3ce4df072865c933147686873795f31a0ead55","Labels":{"authors":"LocalStack Contributors","description":"LocalStack Docker image","maintainer":"LocalStack Team (info@localstack.cloud)"},"ParentId":"","RepoDigests":["dockerhub-public.svsartifactory.swinfra.net/localstack/localstack@sha256:e740434b5733ebb927adc7637c834764c9e1fd07aefcf409b7684c5a52e4a8ad"],"RepoTags":null,"SharedSize":-1,"Size":1066557180,"VirtualSize":1066557180},{"Containers":-1,"Created":1725543709,"Id":"sha256:9c3f34dced33eadb33da132d694b66bf93d589420f8a516c4910d1df4f287a3e","Labels":{"authors":"LocalStack Contributors","description":"LocalStack Docker image","maintainer":"LocalStack Team (info@localstack.cloud)"},"ParentId":"","RepoDigests":["dockerhub-public.svsartifactory.swinfra.net/localstack/localstack@sha256:cd3d48520aafe0dce2e1e33e3a5d5b2b6cc9578f5a331edd6d71352b9c7002dc"],"RepoTags":null,"SharedSize":-1,"Size":1066547928,"VirtualSize":1066547928},{"Containers":-1,"Created":1725529366,"Id":"sha256:35a0a515cdaf2144ed95e901e7c34c039a1668091261874f1e0d0137a86ee884","Labels":{"authors":"LocalStack Contributors","description":"LocalStack Docker image","maintainer":"LocalStack Team (info@localstack.cloud)"},"ParentId":"","RepoDigests":["dockerhub-public.svsartifactory.swinfra.net/localstack/localstack@sha256:a8e33813ce47c6c792bec20c05f592e6003974dd2be3a28cfbcdbf5a926ad02c"],"RepoTags":null,"SharedSize":-1,"Size":1066556159,"VirtualSize":1066556159},{"Containers":-1,"Created":1725464639,"Id":"sha256:946ca783a3d2a53c98bbe6ac9b8f1d1bfdca96683529b0e601e6fcb951651430","Labels":{"authors":"LocalStack Contributors","description":"LocalStack Docker image","maintainer":"LocalStack Team (info@localstack.cloud)"},"ParentId":"","RepoDigests":["dockerhub-public.svsartifactory.swinfra.net/localstack/localstack@sha256:536aa63a1ff0ba1416c6d88ab020fb9cf4c2415d32439fc6cc60ce4ee510db0b"],"RepoTags":null,"SharedSize":-1,"Size":1066550162,"VirtualSize":1066550162},{"Containers":-1,"Created":1725459053,"Id":"sha256:ddac2f8f22494d99ff989ad72848f97a72c811b15e276fd328d5012325461436","Labels":{"authors":"LocalStack Contributors","description":"LocalStack Docker image","maintainer":"LocalStack Team (info@localstack.cloud)"},"ParentId":"","RepoDigests":["dockerhub-public.svsartifactory.swinfra.net/localstack/localstack@sha256:0634199515234b27be65084ab979f3cb53e8625758cf60f85fcd36bc3f0fc0a3"],"RepoTags":null,"SharedSize":-1,"Size":1066548752,"VirtualSize":1066548752},{"Containers":-1,"Created":1725452280,"Id":"sha256:111170bd0b4456c7a331237ab46caeedba325ef8dd4eab082f2ae6aec2a29ef1","Labels":{"authors":"LocalStack Contributors","description":"LocalStack Docker image","maintainer":"LocalStack Team (info@localstack.cloud)"},"ParentId":"","RepoDigests":["dockerhub-public.svsartifactory.swinfra.net/localstack/localstack@sha256:d9d640bd0f93b0baaf89d68c961817c3a032826d86f512f85e84c298ca80a499"],"RepoTags":null,"SharedSize":-1,"Size":1066548097,"VirtualSize":1066548097},{"Containers":-1,"Created":1725451775,"Id":"sha256:fe9e5dce55ccee79c53223284290463795b8e35b892eec74535a1979907c6fe6","Labels":{"Build.Date":"2024-09-04T12:09:35Z","Build.Number":"1.0.0-SNAPSHOT","Git.Branch":"main","Git.Commit":"df97cb385d6d6dab31c157e23251631fd26632d8","Git.Repo":"https://github.com/CAFapi/oraclelinux-base-images"},"ParentId":"","RepoDigests":["dockerhub-public.svsartifactory.swinfra.net/cafapi/prereleases@sha256:5a41afb93b7f46c579ea724b076cd0d261e848a58cbf5e9b7a0414b3b1b09353"],"RepoTags":null,"SharedSize":-1,"Size":855797877,"VirtualSize":855797877},{"Containers":-1,"Created":1725432999,"Id":"sha256:44a7bbdecc5a4957b8771e9fc67a713528f4a3dd1b16e93294da8df882b65084","Labels":{"authors":"LocalStack Contributors","description":"LocalStack Docker image","maintainer":"LocalStack Team (info@localstack.cloud)"},"ParentId":"","RepoDigests":["dockerhub-public.svsartifactory.swinfra.net/localstack/localstack@sha256:2e22c2ddf037728d8b1769f1dc254902077ce00a426a696de69501333f61543f"],"RepoTags":null,"SharedSize":-1,"Size":1066548121,"VirtualSize":1066548121},{"Containers":-1,"Created":1725367900,"Id":"sha256:a32b56073343f16202e88d9764e185f9727d83cb3543e88681004cbaf810fd58","Labels":{"authors":"LocalStack Contributors","description":"LocalStack Docker image","maintainer":"LocalStack Team (info@localstack.cloud)"},"ParentId":"","RepoDigests":["dockerhub-public.svsartifactory.swinfra.net/localstack/localstack@sha256:12471dcbcf482e78a6bfb813b688707aed6d68c7c9155137b3331c46066885cf"],"RepoTags":null,"SharedSize":-1,"Size":1066536823,"VirtualSize":1066536823},{"Containers":-1,"Created":1725031406,"Id":"sha256:f3b93aa36a01ba6311816f9517eda0825f644a21dc865e87f3c51b47ba674bb8","Labels":{"authors":"LocalStack Contributors","description":"LocalStack Docker image","maintainer":"LocalStack Team (info@localstack.cloud)"},"ParentId":"","RepoDigests":["localstack/localstack@sha256:7f4f51bbfcfb42c661b9c02716a3cfcb53433f3c066905329aa911178835b300"],"RepoTags":["localstack/localstack:3.7.1"],"SharedSize":-1,"Size":1059347943,"VirtualSize":1059347943},{"Containers":-1,"Created":1723805658,"Id":"sha256:7915b24faeb1332a9725964d9be04904e723290fb749c27d02670e59963cf8d8","Labels":{"Build.Date":"2024-07-08T15:36:14.457Z","Build.Number":"4.1.0-46","Git.Branch":"main","Git.Commit":"882caa035e63738bd488148fb654981ec47f9493","Git.Repo":"https://github.com/CAFapi/opensuse-base-images","org.openbuildservice.disturl":"obs://build.opensuse.org/openSUSE:Leap:15.6:Images/images/25049cab88eae9e94c1aeac7a8f0aee7-opensuse-leap-image:docker""
http-outgoing-0 << ","org.opencontainers.image.created":"2024-07-05T10:13:29.257769853Z","org.opencontainers.image.description":"Image containing a minimal environment for containers based on openSUSE Leap 15.6.","org.opencontainers.image.source":"https://build.opensuse.org/package/show/openSUSE:Leap:15.6:Images/opensuse-leap-image?rev=25049cab88eae9e94c1aeac7a8f0aee7","org.opencontainers.image.title":"openSUSE Leap 15.6 Base Container","org.opencontainers.image.url":"https://www.opensuse.org/","org.opencontainers.image.vendor":"openSUSE Project","org.opencontainers.image.version":"15.6.5.622","org.opensuse.base.created":"2024-07-05T10:13:29.257769853Z","org.opensuse.base.description":"Image containing a minimal environment for containers based on openSUSE Leap 15.6.","org.opensuse.base.disturl":"obs://build.opensuse.org/openSUSE:Leap:15.6:Images/images/25049cab88eae9e94c1aeac7a8f0aee7-opensuse-leap-image:docker","org.opensuse.base.reference":"registry.opensuse.org/opensuse/leap:15.6.5.622","org.opensuse.base.source":"https://build.opensuse.org/package/show/openSUSE:Leap:15.6:Images/opensuse-leap-image?rev=25049cab88eae9e94c1aeac7a8f0aee7","org.opensuse.base.title":"openSUSE Leap 15.6 Base Container","org.opensuse.base.url":"https://www.opensuse.org/","org.opensuse.base.vendor":"openSUSE Project","org.opensuse.base.version":"15.6.5.622","org.opensuse.reference":"registry.opensuse.org/opensuse/leap:15.6.5.622"},"ParentId":"sha256:8429decb3bf5babda9226b9f6b856c24837346157c2f5171b9651364196a0423","RepoDigests":null,"RepoTags":["worker-test-keystore:8.2.0-SNAPSHOT"],"SharedSize":-1,"Size":400880642,"VirtualSize":400880642},{"Containers":-1,"Created":1723545220,"Id":"sha256:8f232e6701f81444bcdc79d4454e711cdd4a7e59b9e64e7e5e2deb71c67b1949","Labels":{"Build.Date":"2024-08-13T10:33:39.898Z","Build.Number":"4.1.1-58","Git.Branch":"main","Git.Commit":"a5fee574607622b4dde8301433023f4076a94b3c","Git.Repo":"https://github.com/CAFapi/opensuse-base-images","org.openbuildservice.disturl":"obs://build.opensuse.org/openSUSE:Leap:15.6:Images/images/25049cab88eae9e94c1aeac7a8f0aee7-opensuse-leap-image:docker","org.opencontainers.image.created":"2024-07-15T08:02:24.864748360Z","org.opencontainers.image.description":"Image containing a minimal environment for containers based on openSUSE Leap 15.6.","org.opencontainers.image.source":"https://build.opensuse.org/package/show/openSUSE:Leap:15.6:Images/opensuse-leap-image?rev=25049cab88eae9e94c1aeac7a8f0aee7","org.opencontainers.image.title":"openSUSE Leap 15.6 Base Container","org.opencontainers.image.url":"https://www.opensuse.org/","org.opencontainers.image.vendor":"openSUSE Project","org.opencontainers.image.version":"15.6.5.623","org.opensuse.base.created":"2024-07-15T08:02:24.864748360Z","org.opensuse.base.description":"Image containing a minimal environment for containers based on openSUSE Leap 15.6.","org.opensuse.base.disturl":"obs://build.opensuse.org/openSUSE:Leap:15.6:Images/images/25049cab88eae9e94c1aeac7a8f0aee7-opensuse-leap-image:docker","org.opensuse.base.reference":"registry.opensuse.org/opensuse/leap:15.6.5.623","org.opensuse.base.source":"https://build.opensuse.org/package/show/openSUSE:Leap:15.6:Images/opensuse-leap-image?rev=25049cab88eae9e94c1aeac7a8f0aee7","org.opensuse.base.title":"openSUSE Leap 15.6 Base Container","org.opensuse.base.url":"https://www.opensuse.org/","org.opensuse.base.vendor":"openSUSE Project","org.opensuse.base.version":"15.6.5.623","org.opensuse.reference":"registry.opensuse.org/opensuse/leap:15.6.5.623"},"ParentId":"","RepoDigests":["dockerhub-public.svsartifactory.swinfra.net/cafapi/opensuse-jre21@sha256:57531bc26fcdd52b74c343d772cf49b3b5b819b76d9b58935e47684742f671c4"],"RepoTags":["dockerhub-public.svsartifactory.swinfra.net/cafapi/opensuse-jre21:4.1.1"],"SharedSize":-1,"Size":453592221,"VirtualSize":453592221},{"Containers":-1,"Created":1723137628,"Id":"sha256:69092dbdec0ddd9e1860e67be2c040b83cce9ffec785b2f740f34e8eb43178e5","Labels":null,"ParentId":"","RepoDigests":["postgres@sha256:c62fdb7fd6f519ef425c54760894c74e8d0cb04fbf4f7d3d79aafd86bae24edd"],"RepoTags":["postgres:latest"],"SharedSize":-1,"Size":431684341,"VirtualSize":431684341},{"Containers":-1,"Created":1723137628,"Id":"sha256:b781f3a53e61df916d97dffe6669ef32b08515327ee3a398087115385b5178f5","Labels":null,"ParentId":"","RepoDigests":["dockerhub-public.svsartifactory.swinfra.net/library/postgres@sha256:026d0ab72b34310b68160ab9299aa1add5544e4dc3243456b94f83cb1c119c2c"],"RepoTags":["dockerhub-public.svsartifactory.swinfra.net/library/postgres:latest","staging-service-3.2.0-SNAPSHOT.project-registries.local/library/postgres:latest"],"SharedSize":-1,"Size":431696476,"VirtualSize":431696476},{"Containers":-1,"Created":1722604251,"Id":"sha256:d16e70dc5962e46c29ba6cb5f32fdd0f8298897f3db26ce3aa8326716b340075","Labels":{"authors":"LocalStack Contributors","description":"LocalStack Docker image","maintainer":"LocalStack Team (info@localstack.cloud)"},"ParentId":"","RepoDigests":["localstack/localstack@sha256:5042bfb8661a59cfc1e7f45f7ec79514410dad299f174665de60300b0497f7bd"],"RepoTags":null,"SharedSize":-1,"Size":1092212865,"VirtualSize":1092212865},{"Containers":-1,"Created":1722018760,"Id":"sha256:667e9439de8d9b21b0c659c2a8367d1bfa85405391f38770a0fab358b61c3a42","Labels":{"com.microsoft.product":"Microsoft SQL Server","com.microsoft.version":"15.0.4385.2","org.opencontainers.image.ref.name":"ubuntu","org.opencontainers.image.version":"20.04","vendor":"Microsoft"},"ParentId":"","RepoDigests":["mcr.microsoft.com/mssql/server@sha256:d7f2c670f0cd807b4dc466b8887bd2b39a4561f624c154896f5564ea38efd13a"],"RepoTags":["adapter-sdc-2.1.0-SNAPSHOT.project-registries.local/mssql/server:latest","mcr.microsoft.com/mssql/server:2019-latest"],"SharedSize":-1,"Size":1469573634,"VirtualSize":1469573634},{"Containers":-1,"Created":1721687770,"Id":"sha256:a82a8f162e188e0df15b0d2d90c6e9e973af8e88a6cb74b8052122ae5e02325c","Labels":null,"ParentId":"","RepoDigests":["mysql@sha256:86cdfe832c81e39a89cfb63c3fde1683c41cc00ef91e67653c9c1df0ba80f454"],"RepoTags":["mysql:latest"],"SharedSize":-1,"Size":586231665,"VirtualSize":586231665},{"Containers":-1,"Created":1721687220,"Id":"sha256:91dce2778e2dd8d10b7f0788e874976006127847e156f7f40d38694225f43321","Labels":null,"ParentId":"","RepoDigests":["alpine@sha256:ef813b2faa3dd1a37f9ef6ca98347b72cd0f55e4ab29fb90946f1b853bf032d9"],"RepoTags":["alpine:3.17"],"SharedSize":-1,"Size":7081282,"VirtualSize":7081282},{"Containers":-1,"Created":1721259074,"Id":"sha256:9cb0a231560203a9b46325ef6dfe0d21d524813acb74447fd276b9813a9fdd44","Labels":null,"ParentId":"","RepoDigests":["dockerhub-public.svsartifactory.swinfra.net/library/httpd@sha256:ae1124b8d23ee3fc35d49da35d5c748a2fce318d1f55ce59ccab889d612f8be8","dockerhub-public.svsartifactory.swinfra.net/library/httpd@sha256:bfc6b6955671acae12d7e3013d063f4639953ffec54d26c60dd3120030fd3596","dockerhub-public.svsartifactory.swinfra.net/library/httpd@sha256:e0d9d65d36b0c8337359922fad1191ccbe9bcf52d68c819207897e04a3db465b"],"RepoTags":["dockerhub-public.svsartifactory.swinfra.net/library/httpd:2.4","worker-framework-8.2.0-SNAPSHOT.project-registries.local/library/httpd:latest"],"SharedSize":-1,"Size":148177949,"VirtualSize":148177949},{"Containers":-1,"Created":1721259074,"Id":"sha256:a49fd2c04c0236f25b2724476ff48d73af6811f28e0db3765df6bb7f0f88bf7a","Labels":null,"ParentId":"","RepoDigests":["dockerhub-public.svsartifactory.swinfra.net/library/httpd@sha256:3f71777bcfac3df3aff5888a2d78c4104501516300b2e7ecb91ce8de2e3debc7","dockerhub-public.svsartifactory.swinfra.net/library/httpd@sha256:4f061d95913728252cc65736bed271b3addaac4bb622c6b0c05466346c2b4fc2","dockerhub-public.svsartifactory.swinfra.net/library/httpd@sha256:7bb479e5407990e2a8c88c729dec9a159f2f67029581222594d606a3298a7811"],"RepoTags":null,"SharedSize":-1,"Size":148165816,"VirtualSize":148165816},{"Containers":-1,"Created":1721259074,"Id":"sha256:19c71fbb71404e06730aa9bc4ec079eefc63d84d46fa0fa1c768263669adb0d3","Labels":null,"ParentId":"","Repo"
http-outgoing-0 << "Digests":["dockerhub-public.svsartifactory.swinfra.net/library/httpd@sha256:932ac36fabe1d2103ed3edbe66224ed2afe0041b317bcdb6f5d9be63594f0030"],"RepoTags":null,"SharedSize":-1,"Size":148165816,"VirtualSize":148165816},{"Containers":-1,"Created":1721222699,"Id":"sha256:35510bf4133606d0a8308f37b289ebf2d6b24d01eea2534f2e3a7ecde5ec04b4","Labels":{"Build.Date":"2024-07-17T13:59:10.212369429Z","Build.Number":"11.3.0-157","DOCKERFILE":"https://github.com/opensearch-project/opensearch-build/blob/main/docker/release/dockerfiles/opensearch.al2.dockerfile","Git.Branch":"master","Git.Commit":"20657a99e9c1e13102dd16920b039778e854c2ad","Git.Repo":"https://github.houston.softwaregrp.net/caf/opensearch-plugin","org.label-schema.build-date":"2024-07-15T19:34:25Z","org.label-schema.description":"9911","org.label-schema.license":"Apache-2.0","org.label-schema.name":"opensearch","org.label-schema.schema-version":"1.0","org.label-schema.url":"https://opensearch.org","org.label-schema.vcs-url":"https://github.com/opensearch-project/OpenSearch","org.label-schema.vendor":"OpenSearch","org.label-schema.version":"1.3.17"},"ParentId":"","RepoDigests":["saas-docker-release.svsartifactory.swinfra.net/caf/opensearch1-custom@sha256:6ceac338723bf627459cd4cc690cf533353e4ed74041f20a1f3f2f620fa77285"],"RepoTags":["saas-docker-release.svsartifactory.swinfra.net/caf/opensearch1-custom:11.3.0"],"SharedSize":-1,"Size":864284106,"VirtualSize":864284106},{"Containers":-1,"Created":1721060571,"Id":"sha256:e1c72b0438b5e617d269397a7d6e8be66c9cc4c1ed01d4e480f20234eb09b507","Labels":{"org.testcontainers.ryuk":"true"},"ParentId":"","RepoDigests":["testcontainers/ryuk@sha256:bf3f74a47dee0acda89aba4b2fc9c7fdcf994a084db02a2d06566f07baae022e"],"RepoTags":["testcontainers/ryuk:0.8.1"],"SharedSize":-1,"Size":15411053,"VirtualSize":15411053},{"Containers":-1,"Created":1720714423,"Id":"sha256:004f8fbb046cd906f39ce3042e0ade32760907acc60a5acc8bfe2c3623c72937","Labels":{"com.microsoft.product":"Microsoft SQL Server","com.microsoft.version":"16.0.4135.4","org.opencontainers.image.ref.name":"ubuntu","org.opencontainers.image.version":"22.04","vendor":"Microsoft"},"ParentId":"","RepoDigests":["mcr.microsoft.com/mssql/server@sha256:c1aa8afe9b06eab64c9774a4802dcd032205d1be785b1fd51e1c0151e7586b74"],"RepoTags":["mcr.microsoft.com/mssql/server:2022-latest","mcr.microsoft.com/mssql/server:latest"],"SharedSize":-1,"Size":1586810383,"VirtualSize":1586810383},{"Containers":-1,"Created":1720686503,"Id":"sha256:2a33b5182efe5bc3590d917f7ac87ae47ff4a3cd6bf63b14d65bad975b65a2ff","Labels":null,"ParentId":"","RepoDigests":null,"RepoTags":["sqs-mock:latest"],"SharedSize":-1,"Size":116104773,"VirtualSize":116104773},{"Containers":-1,"Created":1720522987,"Id":"sha256:04eaea8b016434edc3f1efc1844a41011f3361f8c84955ba583715e11561c4e7","Labels":{"Build.Date":"2024-06-14T08:07:55.893Z","Build.Number":"7.1.0-1414","Git.Branch":"develop","Git.Commit":"8de9dd0c973bd6caac96aceb3f79e3a39cc1abff","Git.Repo":"https://github.com/CAFDataProcessing/worker-workflow","org.openbuildservice.disturl":"obs://build.opensuse.org/openSUSE:Leap:15.5:Images/images/8d2ff72f5b3e4b5979c7802995bc09b7-opensuse-leap-image:docker","org.opencontainers.image.created":"2024-05-31T05:03:02.271700316Z","org.opencontainers.image.description":"Image containing a minimal environment for containers based on openSUSE Leap 15.5.","org.opencontainers.image.source":"https://build.opensuse.org/package/show/openSUSE:Leap:15.5:Images/opensuse-leap-image?rev=8d2ff72f5b3e4b5979c7802995bc09b7","org.opencontainers.image.title":"openSUSE Leap 15.5 Base Container","org.opencontainers.image.url":"https://www.opensuse.org/","org.opencontainers.image.vendor":"openSUSE Project","org.opencontainers.image.version":"15.5.5.95","org.opensuse.base.created":"2024-05-31T05:03:02.271700316Z","org.opensuse.base.description":"Image containing a minimal environment for containers based on openSUSE Leap 15.5.","org.opensuse.base.disturl":"obs://build.opensuse.org/openSUSE:Leap:15.5:Images/images/8d2ff72f5b3e4b5979c7802995bc09b7-opensuse-leap-image:docker","org.opensuse.base.reference":"registry.opensuse.org/opensuse/leap:15.5.5.95","org.opensuse.base.source":"https://build.opensuse.org/package/show/openSUSE:Leap:15.5:Images/opensuse-leap-image?rev=8d2ff72f5b3e4b5979c7802995bc09b7","org.opensuse.base.title":"openSUSE Leap 15.5 Base Container","org.opensuse.base.url":"https://www.opensuse.org/","org.opensuse.base.vendor":"openSUSE Project","org.opensuse.base.version":"15.5.5.95","org.opensuse.reference":"registry.opensuse.org/opensuse/leap:15.5.5.95"},"ParentId":"sha256:6ad26d3a168b85468eaf2b114cdd5a00abb06b384c792afbc4f51854508df7cd","RepoDigests":null,"RepoTags":["devimages/worker-workflow:10.1.0-SNAPSHOT"],"SharedSize":-1,"Size":530692195,"VirtualSize":530692195},{"Containers":-1,"Created":1720522986,"Id":"sha256:944b32c5c697ace1f0c1db48a7e60f863ee9114ef4cb5a41fb71be01fd99e36d","Labels":{"Build.Date":"2024-06-04T18:37:44.545Z","Build.Number":"4.0.1-29","Git.Branch":"main","Git.Commit":"1d07332826e45d6b4ca021ca66b62e917863ea54","Git.Repo":"https://github.com/CAFapi/opensuse-base-images","org.openbuildservice.disturl":"obs://build.opensuse.org/openSUSE:Leap:15.5:Images/images/8d2ff72f5b3e4b5979c7802995bc09b7-opensuse-leap-image:docker","org.opencontainers.image.created":"2024-05-31T05:03:02.271700316Z","org.opencontainers.image.description":"Image containing a minimal environment for containers based on openSUSE Leap 15.5.","org.opencontainers.image.source":"https://build.opensuse.org/package/show/openSUSE:Leap:15.5:Images/opensuse-leap-image?rev=8d2ff72f5b3e4b5979c7802995bc09b7","org.opencontainers.image.title":"openSUSE Leap 15.5 Base Container","org.opencontainers.image.url":"https://www.opensuse.org/","org.opencontainers.image.vendor":"openSUSE Project","org.opencontainers.image.version":"15.5.5.95","org.opensuse.base.created":"2024-05-31T05:03:02.271700316Z","org.opensuse.base.description":"Image containing a minimal environment for containers based on openSUSE Leap 15.5.","org.opensuse.base.disturl":"obs://build.opensuse.org/openSUSE:Leap:15.5:Images/images/8d2ff72f5b3e4b5979c7802995bc09b7-opensuse-leap-image:docker","org.opensuse.base.reference":"registry.opensuse.org/opensuse/leap:15.5.5.95","org.opensuse.base.source":"https://build.opensuse.org/package/show/openSUSE:Leap:15.5:Images/opensuse-leap-image?rev=8d2ff72f5b3e4b5979c7802995bc09b7","org.opensuse.base.title":"openSUSE Leap 15.5 Base Container","org.opensuse.base.url":"https://www.opensuse.org/","org.opensuse.base.vendor":"openSUSE Project","org.opensuse.base.version":"15.5.5.95","org.opensuse.reference":"registry.opensuse.org/opensuse/leap:15.5.5.95"},"ParentId":"sha256:3b25e3a5e6890f69121e32299eb8f6941673caeea51a545560e0a480f942fd3c","RepoDigests":null,"RepoTags":["darwin-workflow-worker-keystore:10.1.0-SNAPSHOT"],"SharedSize":-1,"Size":401858392,"VirtualSize":401858392},{"Containers":-1,"Created":1720522980,"Id":"sha256:80f39d93c4c430465e4ff9424ac9d17ddaf206bd89334cfeed4dafdde8039514","Labels":null,"ParentId":"sha256:8e202ffaa1a80a0a3b04597687f3925e89a908c3fe6c43240c6e0136c8fe97fc","RepoDigests":null,"RepoTags":["darwin-workflow-worker-haproxy:10.1.0-SNAPSHOT"],"SharedSize":-1,"Size":93320561,"VirtualSize":93320561},{"Containers":-1,"Created":1720522978,"Id":"sha256:437d99dd29cc3335dfcac299c7adc69df8fef811b752ca9483ffcd552b2755b9","Labels":{"Build.Date":"2024-07-03T23:35:12.340791152Z","Build.Number":"11.3.0-SNAPSHOT","DOCKERFILE":"https://github.com/opensearch-project/opensearch-build/blob/main/docker/release/dockerfiles/opensearch.al2.dockerfile","Git.Branch":"master","Git.Commit":"6c4db65efe2b54baa5a7e5b63dc05b7dd2eb158b","Git.Repo":"https://github.houston.softwaregrp.net/caf/opensearch-plugin","org.label-schema.build-date":"2024-06-15T19:33:37Z","org.label-schema.description":"9911","org.label-schema.license":"Apache-2.0","org.label-schema.name":"opensearch","org.label-schema.schema-version":"1.0","org.label-schema.url":"http"
http-outgoing-0 << "s://opensearch.org","org.label-schema.vcs-url":"https://github.com/opensearch-project/OpenSearch","org.label-schema.vendor":"OpenSearch","org.label-schema.version":"1.3.17"},"ParentId":"sha256:a26df9e877278118e76cc3c64549113b49869c0009595d45089e5264a7b50959","RepoDigests":null,"RepoTags":["darwin-workflow-worker-opensearch-custom:10.1.0-SNAPSHOT"],"SharedSize":-1,"Size":864292970,"VirtualSize":864292970},{"Containers":-1,"Created":1720447996,"Id":"sha256:f5c8c57a308f1555d80a2da953e32d5058055ec2243253043bd23b36b8af550d","Labels":{"Build.Date":"2024-07-08T15:38:09.791Z","Build.Number":"4.1.0-46","Git.Branch":"main","Git.Commit":"882caa035e63738bd488148fb654981ec47f9493","Git.Repo":"https://github.com/CAFapi/opensuse-base-images","org.openbuildservice.disturl":"obs://build.opensuse.org/openSUSE:Leap:15.6:Images/images/25049cab88eae9e94c1aeac7a8f0aee7-opensuse-leap-image:docker","org.opencontainers.image.created":"2024-07-05T10:13:29.257769853Z","org.opencontainers.image.description":"Image containing a minimal environment for containers based on openSUSE Leap 15.6.","org.opencontainers.image.source":"https://build.opensuse.org/package/show/openSUSE:Leap:15.6:Images/opensuse-leap-image?rev=25049cab88eae9e94c1aeac7a8f0aee7","org.opencontainers.image.title":"openSUSE Leap 15.6 Base Container","org.opencontainers.image.url":"https://www.opensuse.org/","org.opencontainers.image.vendor":"openSUSE Project","org.opencontainers.image.version":"15.6.5.622","org.opensuse.base.created":"2024-07-05T10:13:29.257769853Z","org.opensuse.base.description":"Image containing a minimal environment for containers based on openSUSE Leap 15.6.","org.opensuse.base.disturl":"obs://build.opensuse.org/openSUSE:Leap:15.6:Images/images/25049cab88eae9e94c1aeac7a8f0aee7-opensuse-leap-image:docker","org.opensuse.base.reference":"registry.opensuse.org/opensuse/leap:15.6.5.622","org.opensuse.base.source":"https://build.opensuse.org/package/show/openSUSE:Leap:15.6:Images/opensuse-leap-image?rev=25049cab88eae9e94c1aeac7a8f0aee7","org.opensuse.base.title":"openSUSE Leap 15.6 Base Container","org.opensuse.base.url":"https://www.opensuse.org/","org.opensuse.base.vendor":"openSUSE Project","org.opensuse.base.version":"15.6.5.622","org.opensuse.reference":"registry.opensuse.org/opensuse/leap:15.6.5.622"},"ParentId":"","RepoDigests":["dockerhub-public.svsartifactory.swinfra.net/cafapi/opensuse-jre17@sha256:ebb4816ac8b80c07f091f30104ae5710e5e624c985cfd41fafc3dbf4c631a5a9"],"RepoTags":["dockerhub-public.svsartifactory.swinfra.net/cafapi/opensuse-jre17:4.1.0","worker-framework-8.2.0-SNAPSHOT.project-registries.local/cafapi/opensuse-jre17:latest"],"SharedSize":-1,"Size":413511285,"VirtualSize":413511285},{"Containers":-1,"Created":1720446897,"Id":"sha256:a3e4ef7fd63bc6c99b9da20c0a427394f46b5e4dced162ad53e525f54ba70a61","Labels":{"Build.Date":"2024-07-08T15:36:14.457Z","Build.Number":"4.1.0-46","Git.Branch":"main","Git.Commit":"882caa035e63738bd488148fb654981ec47f9493","Git.Repo":"https://github.com/CAFapi/opensuse-base-images","org.openbuildservice.disturl":"obs://build.opensuse.org/openSUSE:Leap:15.6:Images/images/25049cab88eae9e94c1aeac7a8f0aee7-opensuse-leap-image:docker","org.opencontainers.image.created":"2024-07-05T10:13:29.257769853Z","org.opencontainers.image.description":"Image containing a minimal environment for containers based on openSUSE Leap 15.6.","org.opencontainers.image.source":"https://build.opensuse.org/package/show/openSUSE:Leap:15.6:Images/opensuse-leap-image?rev=25049cab88eae9e94c1aeac7a8f0aee7","org.opencontainers.image.title":"openSUSE Leap 15.6 Base Container","org.opencontainers.image.url":"https://www.opensuse.org/","org.opencontainers.image.vendor":"openSUSE Project","org.opencontainers.image.version":"15.6.5.622","org.opensuse.base.created":"2024-07-05T10:13:29.257769853Z","org.opensuse.base.description":"Image containing a minimal environment for containers based on openSUSE Leap 15.6.","org.opensuse.base.disturl":"obs://build.opensuse.org/openSUSE:Leap:15.6:Images/images/25049cab88eae9e94c1aeac7a8f0aee7-opensuse-leap-image:docker","org.opensuse.base.reference":"registry.opensuse.org/opensuse/leap:15.6.5.622","org.opensuse.base.source":"https://build.opensuse.org/package/show/openSUSE:Leap:15.6:Images/opensuse-leap-image?rev=25049cab88eae9e94c1aeac7a8f0aee7","org.opensuse.base.title":"openSUSE Leap 15.6 Base Container","org.opensuse.base.url":"https://www.opensuse.org/","org.opensuse.base.vendor":"openSUSE Project","org.opensuse.base.version":"15.6.5.622","org.opensuse.reference":"registry.opensuse.org/opensuse/leap:15.6.5.622"},"ParentId":"","RepoDigests":["dockerhub-public.svsartifactory.swinfra.net/cafapi/opensuse-jre11@sha256:986576a3d9be44555724e9766a8c097bca4eb303f1d1e3536763f14020776a5f"],"RepoTags":["dockerhub-public.svsartifactory.swinfra.net/cafapi/opensuse-jre11:4.1.0","worker-framework-8.2.0-SNAPSHOT.project-registries.local/cafapi/opensuse-jre11:latest"],"SharedSize":-1,"Size":400871914,"VirtualSize":400871914},{"Containers":-1,"Created":1720047615,"Id":"sha256:a26df9e877278118e76cc3c64549113b49869c0009595d45089e5264a7b50959","Labels":{"Build.Date":"2024-07-03T23:35:12.340791152Z","Build.Number":"11.3.0-SNAPSHOT","DOCKERFILE":"https://github.com/opensearch-project/opensearch-build/blob/main/docker/release/dockerfiles/opensearch.al2.dockerfile","Git.Branch":"master","Git.Commit":"6c4db65efe2b54baa5a7e5b63dc05b7dd2eb158b","Git.Repo":"https://github.houston.softwaregrp.net/caf/opensearch-plugin","org.label-schema.build-date":"2024-06-15T19:33:37Z","org.label-schema.description":"9911","org.label-schema.license":"Apache-2.0","org.label-schema.name":"opensearch","org.label-schema.schema-version":"1.0","org.label-schema.url":"https://opensearch.org","org.label-schema.vcs-url":"https://github.com/opensearch-project/OpenSearch","org.label-schema.vendor":"OpenSearch","org.label-schema.version":"1.3.17"},"ParentId":"","RepoDigests":["saas-docker-prerelease.svsartifactory.swinfra.net/caf/opensearch1-custom@sha256:70c254f565f51c83360bb40e6c194725d48eb00be534d62d635d9e7bc2aed4e1"],"RepoTags":["darwin-workflow-worker-10.1.0-SNAPSHOT.project-registries.local/caf/opensearch1-custom:latest","saas-docker-prerelease.svsartifactory.swinfra.net/caf/opensearch1-custom:11.3.0-SNAPSHOT"],"SharedSize":-1,"Size":864284156,"VirtualSize":864284156},{"Containers":-1,"Created":1720027874,"Id":"sha256:c0c20df5e7be79dc8de00a6575529252b684a79b849e8e090517ef451e036966","Labels":null,"ParentId":"","RepoDigests":["dockerhub-public.svsartifactory.swinfra.net/library/httpd@sha256:fad0c8311b35c689cf1b94fc4783e735a8e3086aebfe318c4e8e0fa224e9ce1b"],"RepoTags":null,"SharedSize":-1,"Size":148151058,"VirtualSize":148151058},{"Containers":-1,"Created":1719494547,"Id":"sha256:ec204df2e6c12662435d4a67d1ec982a5dabd76843377114b5b420c006814c67","Labels":{"Build.Date":"2024-06-27T13:29:44.947631509Z","Build.Number":"9.1.0-2150","Git.Branch":"master","Git.Commit":"39c8acf213c3e3b56c657a21fe1469e1058b8267","Git.Repo":"https://github.houston.softwaregrp.net/Verity/admin","org.openbuildservice.disturl":"obs://build.opensuse.org/openSUSE:Leap:15.5:Images/images/8d2ff72f5b3e4b5979c7802995bc09b7-opensuse-leap-image:docker","org.opencontainers.image.created":"2024-05-31T05:03:02.271700316Z","org.opencontainers.image.description":"Image containing a minimal environment for containers based on openSUSE Leap 15.5.","org.opencontainers.image.source":"https://build.opensuse.org/package/show/openSUSE:Leap:15.5:Images/opensuse-leap-image?rev=8d2ff72f5b3e4b5979c7802995bc09b7","org.opencontainers.image.title":"openSUSE Leap 15.5 Base Container","org.opencontainers.image.url":"https://www.opensuse.org/","org.opencontainers.image.vendor":"openSUSE Project","org.opencontainers.image.version":"15.5.5.95","org.opensuse.base.created":"2024-05-31T05:03:02.271700316Z","org.opensuse.base.description":"Image containing a minimal environment for containers based on openSUSE Leap 15.5.","org.opensuse.base.disturl":"obs://build.open"
http-outgoing-0 << "suse.org/openSUSE:Leap:15.5:Images/images/8d2ff72f5b3e4b5979c7802995bc09b7-opensuse-leap-image:docker","org.opensuse.base.reference":"registry.opensuse.org/opensuse/leap:15.5.5.95","org.opensuse.base.source":"https://build.opensuse.org/package/show/openSUSE:Leap:15.5:Images/opensuse-leap-image?rev=8d2ff72f5b3e4b5979c7802995bc09b7","org.opensuse.base.title":"openSUSE Leap 15.5 Base Container","org.opensuse.base.url":"https://www.opensuse.org/","org.opensuse.base.vendor":"openSUSE Project","org.opensuse.base.version":"15.5.5.95","org.opensuse.reference":"registry.opensuse.org/ope"
http-outgoing-0 << "[\r][\n]"
http-outgoing-0 << "8000[\r][\n]"
http-outgoing-0 << "nsuse/leap:15.5.5.95"},"ParentId":"","RepoDigests":["saas-docker-release.svsartifactory.swinfra.net/apollo/admin-api@sha256:c60660296ccd3ee67ab4024ca64fd53a57afca6b0e2e5e6a7e779339fc96e48f"],"RepoTags":["saas-docker-release.svsartifactory.swinfra.net/apollo/admin-api:9.1.0"],"SharedSize":-1,"Size":459177301,"VirtualSize":459177301},{"Containers":-1,"Created":1718881525,"Id":"sha256:bf9c559c8691a30672209542ffa44a98f4a69e4117d5850a417084d61321e010","Labels":{"Build.Date":"2024-06-20T10:58:56.077Z","Build.Number":"8.0.0-1324","Git.Branch":"master","Git.Commit":"067598edfa265bbe0e01426b1d047ee7bcf903e6","Git.Repo":"https://github.houston.softwaregrp.net/Verity/darwin-job-service","org.openbuildservice.disturl":"obs://build.opensuse.org/openSUSE:Leap:15.5:Images/images/8d2ff72f5b3e4b5979c7802995bc09b7-opensuse-leap-image:docker","org.opencontainers.image.created":"2024-05-31T05:03:02.271700316Z","org.opencontainers.image.description":"Image containing a minimal environment for containers based on openSUSE Leap 15.5.","org.opencontainers.image.source":"https://build.opensuse.org/package/show/openSUSE:Leap:15.5:Images/opensuse-leap-image?rev=8d2ff72f5b3e4b5979c7802995bc09b7","org.opencontainers.image.title":"openSUSE Leap 15.5 Base Container","org.opencontainers.image.url":"https://www.opensuse.org/","org.opencontainers.image.vendor":"openSUSE Project","org.opencontainers.image.version":"15.5.5.95","org.opensuse.base.created":"2024-05-31T05:03:02.271700316Z","org.opensuse.base.description":"Image containing a minimal environment for containers based on openSUSE Leap 15.5.","org.opensuse.base.disturl":"obs://build.opensuse.org/openSUSE:Leap:15.5:Images/images/8d2ff72f5b3e4b5979c7802995bc09b7-opensuse-leap-image:docker","org.opensuse.base.reference":"registry.opensuse.org/opensuse/leap:15.5.5.95","org.opensuse.base.source":"https://build.opensuse.org/package/show/openSUSE:Leap:15.5:Images/opensuse-leap-image?rev=8d2ff72f5b3e4b5979c7802995bc09b7","org.opensuse.base.title":"openSUSE Leap 15.5 Base Container","org.opensuse.base.url":"https://www.opensuse.org/","org.opensuse.base.vendor":"openSUSE Project","org.opensuse.base.version":"15.5.5.95","org.opensuse.reference":"registry.opensuse.org/opensuse/leap:15.5.5.95"},"ParentId":"","RepoDigests":["saas-docker-release.svsartifactory.swinfra.net/apollo/job-service@sha256:520198b2c67264df40ba2d0c3d3e047f2e150ef9cc52810d79293ffb78fd26ca"],"RepoTags":["saas-docker-release.svsartifactory.swinfra.net/apollo/job-service:8.0.0"],"SharedSize":-1,"Size":450320657,"VirtualSize":450320657},{"Containers":-1,"Created":1718802394,"Id":"sha256:af37ce2ce851caada9ace15f2a7618aeef9a68dfb8deac2bd5a1b3d90b606e5b","Labels":null,"ParentId":"","RepoDigests":["softwaremill/elasticmq@sha256:bd2630a84a64fde52643714fc023dc4f23dfd6521f9caa88f98bc2bd859092ce"],"RepoTags":["softwaremill/elasticmq:latest"],"SharedSize":-1,"Size":644388700,"VirtualSize":644388700},{"Containers":-1,"Created":1718623190,"Id":"sha256:f37cfb64009f502d599a2de032bf8b4912c9166a7a5331b2928ecabdd2b86bbc","Labels":{"Build.Date":"2024-06-17T11:27:22.123Z","Build.Number":"2.1.0-1124","Git.Branch":"master","Git.Commit":"479fe9e0db2884ccf768fa2c550eb9c8a332781f","Git.Repo":"https://github.houston.softwaregrp.net/Verity/darwin-settings-service","org.openbuildservice.disturl":"obs://build.opensuse.org/openSUSE:Leap:15.5:Images/images/8d2ff72f5b3e4b5979c7802995bc09b7-opensuse-leap-image:docker","org.opencontainers.image.created":"2024-05-31T05:03:02.271700316Z","org.opencontainers.image.description":"Image containing a minimal environment for containers based on openSUSE Leap 15.5.","org.opencontainers.image.source":"https://build.opensuse.org/package/show/openSUSE:Leap:15.5:Images/opensuse-leap-image?rev=8d2ff72f5b3e4b5979c7802995bc09b7","org.opencontainers.image.title":"openSUSE Leap 15.5 Base Container","org.opencontainers.image.url":"https://www.opensuse.org/","org.opencontainers.image.vendor":"openSUSE Project","org.opencontainers.image.version":"15.5.5.95","org.opensuse.base.created":"2024-05-31T05:03:02.271700316Z","org.opensuse.base.description":"Image containing a minimal environment for containers based on openSUSE Leap 15.5.","org.opensuse.base.disturl":"obs://build.opensuse.org/openSUSE:Leap:15.5:Images/images/8d2ff72f5b3e4b5979c7802995bc09b7-opensuse-leap-image:docker","org.opensuse.base.reference":"registry.opensuse.org/opensuse/leap:15.5.5.95","org.opensuse.base.source":"https://build.opensuse.org/package/show/openSUSE:Leap:15.5:Images/opensuse-leap-image?rev=8d2ff72f5b3e4b5979c7802995bc09b7","org.opensuse.base.title":"openSUSE Leap 15.5 Base Container","org.opensuse.base.url":"https://www.opensuse.org/","org.opensuse.base.vendor":"openSUSE Project","org.opensuse.base.version":"15.5.5.95","org.opensuse.reference":"registry.opensuse.org/opensuse/leap:15.5.5.95"},"ParentId":"","RepoDigests":["saas-docker-release.svsartifactory.swinfra.net/apollo/settings-service@sha256:009ffd2a37162d48365e5bc320e89af3b6e543cac8c44b8d98f9f49bde1a377a"],"RepoTags":["saas-docker-release.svsartifactory.swinfra.net/apollo/settings-service:2.1.0"],"SharedSize":-1,"Size":448986890,"VirtualSize":448986890},{"Containers":-1,"Created":1718619007,"Id":"sha256:1cf0342170379baf7a8507731a8c5a22d29a147c17db53be221b918e85602215","Labels":{"Build.Date":"2024-06-17T09:47:56.551Z","Build.Number":"3.0.4-907","Git.Branch":"master","Git.Commit":"b607eb3906df4a368542612fcd70ca4824da0aa4","Git.Repo":"https://github.houston.softwaregrp.net/caf/settings-service","org.openbuildservice.disturl":"obs://build.opensuse.org/openSUSE:Leap:15.5:Images/images/8d2ff72f5b3e4b5979c7802995bc09b7-opensuse-leap-image:docker","org.opencontainers.image.created":"2024-05-31T05:03:02.271700316Z","org.opencontainers.image.description":"Image containing a minimal environment for containers based on openSUSE Leap 15.5.","org.opencontainers.image.source":"https://build.opensuse.org/package/show/openSUSE:Leap:15.5:Images/opensuse-leap-image?rev=8d2ff72f5b3e4b5979c7802995bc09b7","org.opencontainers.image.title":"openSUSE Leap 15.5 Base Container","org.opencontainers.image.url":"https://www.opensuse.org/","org.opencontainers.image.vendor":"openSUSE Project","org.opencontainers.image.version":"15.5.5.95","org.opensuse.base.created":"2024-05-31T05:03:02.271700316Z","org.opensuse.base.description":"Image containing a minimal environment for containers based on openSUSE Leap 15.5.","org.opensuse.base.disturl":"obs://build.opensuse.org/openSUSE:Leap:15.5:Images/images/8d2ff72f5b3e4b5979c7802995bc09b7-opensuse-leap-image:docker","org.opensuse.base.reference":"registry.opensuse.org/opensuse/leap:15.5.5.95","org.opensuse.base.source":"https://build.opensuse.org/package/show/openSUSE:Leap:15.5:Images/opensuse-leap-image?rev=8d2ff72f5b3e4b5979c7802995bc09b7","org.opensuse.base.title":"openSUSE Leap 15.5 Base Container","org.opensuse.base.url":"https://www.opensuse.org/","org.opensuse.base.vendor":"openSUSE Project","org.opensuse.base.version":"15.5.5.95","org.opensuse.reference":"registry.opensuse.org/opensuse/leap:15.5.5.95"},"ParentId":"","RepoDigests":["saas-docker-release.svsartifactory.swinfra.net/caf/settings-service@sha256:e0bda28fd65310616785933ef2788260335041e952019e7a8a6ac1914182dfe1"],"RepoTags":["saas-docker-release.svsartifactory.swinfra.net/caf/settings-service:3.0.4"],"SharedSize":-1,"Size":448972049,"VirtualSize":448972049},{"Containers":-1,"Created":1718615606,"Id":"sha256:e99f9422a17c15793546fa02af5e36206092f0c39d5633316f11578732fabc6f","Labels":{"Build.Date":"2024-06-17T09:20:56.928Z","Build.Number":"7.1.0-426","Git.Branch":"develop","Git.Commit":"da51ea4f77ba4506a4f4e65038834fae4f92815a","Git.Repo":"https://github.com/JobService/job-service","org.openbuildservice.disturl":"obs://build.opensuse.org/openSUSE:Leap:15.5:Images/images/8d2ff72f5b3e4b5979c7802995bc09b7-opensuse-leap-image:docker","org.opencontainers.image.created":"2024-05-31T05:03:02.271700316Z","org.opencontainers.image.description":"Image containing a minimal environment for containers based on openSUSE Leap 15.5.","org.opencontainers.image.source":"https://build.opensuse.org/package/show/openSUSE:Leap:15.5:Images/opensuse-leap-image?rev=8d"
http-outgoing-0 << "2ff72f5b3e4b5979c7802995bc09b7","org.opencontainers.image.title":"openSUSE Leap 15.5 Base Container","org.opencontainers.image.url":"https://www.opensuse.org/","org.opencontainers.image.vendor":"openSUSE Project","org.opencontainers.image.version":"15.5.5.95","org.opensuse.base.created":"2024-05-31T05:03:02.271700316Z","org.opensuse.base.description":"Image containing a minimal environment for containers based on openSUSE Leap 15.5.","org.opensuse.base.disturl":"obs://build.opensuse.org/openSUSE:Leap:15.5:Images/images/8d2ff72f5b3e4b5979c7802995bc09b7-opensuse-leap-image:docker","org.opensuse.base.reference":"registry.opensuse.org/opensuse/leap:15.5.5.95","org.opensuse.base.source":"https://build.opensuse.org/package/show/openSUSE:Leap:15.5:Images/opensuse-leap-image?rev=8d2ff72f5b3e4b5979c7802995bc09b7","org.opensuse.base.title":"openSUSE Leap 15.5 Base Container","org.opensuse.base.url":"https://www.opensuse.org/","org.opensuse.base.vendor":"openSUSE Project","org.opensuse.base.version":"15.5.5.95","org.opensuse.reference":"registry.opensuse.org/opensuse/leap:15.5.5.95"},"ParentId":"","RepoDigests":["dockerhub-public.svsartifactory.swinfra.net/jobservice/job-service-scheduled-executor@sha256:1ab0c0b514ebd794c097eeb04fe6edf278dbc460ef2772ef17497dd88d4446bd"],"RepoTags":["dockerhub-public.svsartifactory.swinfra.net/jobservice/job-service-scheduled-executor:7.1.0","staging-service-3.2.0-SNAPSHOT.project-registries.local/jobservice/job-service-scheduled-executor:latest"],"SharedSize":-1,"Size":528056754,"VirtualSize":528056754},{"Containers":-1,"Created":1718614899,"Id":"sha256:e0e6cc285583404b021331fa3bde9cea5142f176cd81185b78fcda21896270fc","Labels":{"Build.Date":"2024-06-17T09:09:10.700Z","Build.Number":"7.1.0-426","Git.Branch":"develop","Git.Commit":"da51ea4f77ba4506a4f4e65038834fae4f92815a","Git.Repo":"https://github.com/JobService/job-service","org.openbuildservice.disturl":"obs://build.opensuse.org/openSUSE:Leap:15.5:Images/images/8d2ff72f5b3e4b5979c7802995bc09b7-opensuse-leap-image:docker","org.opencontainers.image.created":"2024-05-31T05:03:02.271700316Z","org.opencontainers.image.description":"Image containing a minimal environment for containers based on openSUSE Leap 15.5.","org.opencontainers.image.source":"https://build.opensuse.org/package/show/openSUSE:Leap:15.5:Images/opensuse-leap-image?rev=8d2ff72f5b3e4b5979c7802995bc09b7","org.opencontainers.image.title":"openSUSE Leap 15.5 Base Container","org.opencontainers.image.url":"https://www.opensuse.org/","org.opencontainers.image.vendor":"openSUSE Project","org.opencontainers.image.version":"15.5.5.95","org.opensuse.base.created":"2024-05-31T05:03:02.271700316Z","org.opensuse.base.description":"Image containing a minimal environment for containers based on openSUSE Leap 15.5.","org.opensuse.base.disturl":"obs://build.opensuse.org/openSUSE:Leap:15.5:Images/images/8d2ff72f5b3e4b5979c7802995bc09b7-opensuse-leap-image:docker","org.opensuse.base.reference":"registry.opensuse.org/opensuse/leap:15.5.5.95","org.opensuse.base.source":"https://build.opensuse.org/package/show/openSUSE:Leap:15.5:Images/opensuse-leap-image?rev=8d2ff72f5b3e4b5979c7802995bc09b7","org.opensuse.base.title":"openSUSE Leap 15.5 Base Container","org.opensuse.base.url":"https://www.opensuse.org/","org.opensuse.base.vendor":"openSUSE Project","org.opensuse.base.version":"15.5.5.95","org.opensuse.reference":"registry.opensuse.org/opensuse/leap:15.5.5.95"},"ParentId":"","RepoDigests":["dockerhub-public.svsartifactory.swinfra.net/jobservice/job-service@sha256:49aa6795cb420b729ba2d37654e632d6952ac2e5537b7ee968ef9daf193360fa"],"RepoTags":["dockerhub-public.svsartifactory.swinfra.net/jobservice/job-service:7.1.0","staging-service-3.2.0-SNAPSHOT.project-registries.local/jobservice/job-service:latest"],"SharedSize":-1,"Size":450209354,"VirtualSize":450209354},{"Containers":-1,"Created":1718360715,"Id":"sha256:e7b7fbbb077c66cdd1cbb35766b24148c1a19c810e7999a15d32dce754c42f63","Labels":{"Build.Date":"2024-06-14T10:02:40.595Z","Build.Number":"5.1.0-827","Git.Branch":"master","Git.Commit":"9392e0742e5c8c1cb4b4107c8f81d31158dd79fe","Git.Repo":"https://github.houston.softwaregrp.net/Verity/darwin-worker-elasticquery","org.openbuildservice.disturl":"obs://build.opensuse.org/openSUSE:Leap:15.5:Images/images/8d2ff72f5b3e4b5979c7802995bc09b7-opensuse-leap-image:docker","org.opencontainers.image.created":"2024-05-31T05:03:02.271700316Z","org.opencontainers.image.description":"Image containing a minimal environment for containers based on openSUSE Leap 15.5.","org.opencontainers.image.source":"https://build.opensuse.org/package/show/openSUSE:Leap:15.5:Images/opensuse-leap-image?rev=8d2ff72f5b3e4b5979c7802995bc09b7","org.opencontainers.image.title":"openSUSE Leap 15.5 Base Container","org.opencontainers.image.url":"https://www.opensuse.org/","org.opencontainers.image.vendor":"openSUSE Project","org.opencontainers.image.version":"15.5.5.95","org.opensuse.base.created":"2024-05-31T05:03:02.271700316Z","org.opensuse.base.description":"Image containing a minimal environment for containers based on openSUSE Leap 15.5.","org.opensuse.base.disturl":"obs://build.opensuse.org/openSUSE:Leap:15.5:Images/images/8d2ff72f5b3e4b5979c7802995bc09b7-opensuse-leap-image:docker","org.opensuse.base.reference":"registry.opensuse.org/opensuse/leap:15.5.5.95","org.opensuse.base.source":"https://build.opensuse.org/package/show/openSUSE:Leap:15.5:Images/opensuse-leap-image?rev=8d2ff72f5b3e4b5979c7802995bc09b7","org.opensuse.base.title":"openSUSE Leap 15.5 Base Container","org.opensuse.base.url":"https://www.opensuse.org/","org.opensuse.base.vendor":"openSUSE Project","org.opensuse.base.version":"15.5.5.95","org.opensuse.reference":"registry.opensuse.org/opensuse/leap:15.5.5.95"},"ParentId":"","RepoDigests":["saas-docker-release.svsartifactory.swinfra.net/apollo/worker-elasticquery@sha256:89f504c21e6da66ff1788bc0f581d08d1a74486086a5acfa59a679f60335064f"],"RepoTags":["darwin-workflow-worker-10.1.0-SNAPSHOT.project-registries.local/apollo/worker-elasticquery:latest","saas-docker-release.svsartifactory.swinfra.net/apollo/worker-elasticquery:5.1.0"],"SharedSize":-1,"Size":529726425,"VirtualSize":529726425},{"Containers":-1,"Created":1718360551,"Id":"sha256:c62d97112a20cb639b1d5545d3973e41754e3ca32f3c45358e33287a46cedfbb","Labels":{"Build.Date":"2024-06-14T11:05:51.531003616Z","Build.Number":"7.0.0-1881","Git.Branch":"master","Git.Commit":"60ef1006c293912849fb33c37c4db331aa0f3fa7","Git.Repo":"https://github.houston.softwaregrp.net/Verity/darwin-search-and-analytics","org.openbuildservice.disturl":"obs://build.opensuse.org/openSUSE:Leap:15.5:Images/images/8d2ff72f5b3e4b5979c7802995bc09b7-opensuse-leap-image:docker","org.opencontainers.image.created":"2024-05-31T05:03:02.271700316Z","org.opencontainers.image.description":"Image containing a minimal environment for containers based on openSUSE Leap 15.5.","org.opencontainers.image.source":"https://build.opensuse.org/package/show/openSUSE:Leap:15.5:Images/opensuse-leap-image?rev=8d2ff72f5b3e4b5979c7802995bc09b7","org.opencontainers.image.title":"openSUSE Leap 15.5 Base Container","org.opencontainers.image.url":"https://www.opensuse.org/","org.opencontainers.image.vendor":"openSUSE Project","org.opencontainers.image.version":"15.5.5.95","org.opensuse.base.created":"2024-05-31T05:03:02.271700316Z","org.opensuse.base.description":"Image containing a minimal environment for containers based on openSUSE Leap 15.5.","org.opensuse.base.disturl":"obs://build.opensuse.org/openSUSE:Leap:15.5:Images/images/8d2ff72f5b3e4b5979c7802995bc09b7-opensuse-leap-image:docker","org.opensuse.base.reference":"registry.opensuse.org/opensuse/leap:15.5.5.95","org.opensuse.base.source":"https://build.opensuse.org/package/show/openSUSE:Leap:15.5:Images/opensuse-leap-image?rev=8d2ff72f5b3e4b5979c7802995bc09b7","org.opensuse.base.title":"openSUSE Leap 15.5 Base Container","org.opensuse.base.url":"https://www.opensuse.org/","org.opensuse.base.vendor":"openSUSE Pro"
http-outgoing-0 << "ject","org.opensuse.base.version":"15.5.5.95","org.opensuse.reference":"registry.opensuse.org/opensuse/leap:15.5.5.95"},"ParentId":"","RepoDigests":["saas-docker-release.svsartifactory.swinfra.net/apollo/search-and-analytics@sha256:397a8112b2e74c6478dfa4f995e37bc106e3a776cb892cadb0b5cfed9e1fb91c"],"RepoTags":["darwin-workflow-worker-10.1.0-SNAPSHOT.project-registries.local/apollo/search-and-analytics:latest","saas-docker-release.svsartifactory.swinfra.net/apollo/search-and-analytics:7.0.0"],"SharedSize":-1,"Size":516258891,"VirtualSize":516258891},{"Containers":-1,"Created":1718352342,"Id":"sha256:dd5dc02961a64012e46c0bdaebfc7b9012dd8a8dbddcfef60d3a38ced0d0fce5","Labels":{"Build.Date":"2024-06-14T08:07:55.893Z","Build.Number":"7.1.0-1414","Git.Branch":"develop","Git.Commit":"8de9dd0c973bd6caac96aceb3f79e3a39cc1abff","Git.Repo":"https://github.com/CAFDataProcessing/worker-workflow","org.openbuildservice.disturl":"obs://build.opensuse.org/openSUSE:Leap:15.5:Images/images/8d2ff72f5b3e4b5979c7802995bc09b7-opensuse-leap-image:docker","org.opencontainers.image.created":"2024-05-31T05:03:02.271700316Z","org.opencontainers.image.description":"Image containing a minimal environment for containers based on openSUSE Leap 15.5.","org.opencontainers.image.source":"https://build.opensuse.org/package/show/openSUSE:Leap:15.5:Images/opensuse-leap-image?rev=8d2ff72f5b3e4b5979c7802995bc09b7","org.opencontainers.image.title":"openSUSE Leap 15.5 Base Container","org.opencontainers.image.url":"https://www.opensuse.org/","org.opencontainers.image.vendor":"openSUSE Project","org.opencontainers.image.version":"15.5.5.95","org.opensuse.base.created":"2024-05-31T05:03:02.271700316Z","org.opensuse.base.description":"Image containing a minimal environment for containers based on openSUSE Leap 15.5.","org.opensuse.base.disturl":"obs://build.opensuse.org/openSUSE:Leap:15.5:Images/images/8d2ff72f5b3e4b5979c7802995bc09b7-opensuse-leap-image:docker","org.opensuse.base.reference":"registry.opensuse.org/opensuse/leap:15.5.5.95","org.opensuse.base.source":"https://build.opensuse.org/package/show/openSUSE:Leap:15.5:Images/opensuse-leap-image?rev=8d2ff72f5b3e4b5979c7802995bc09b7","org.opensuse.base.title":"openSUSE Leap 15.5 Base Container","org.opensuse.base.url":"https://www.opensuse.org/","org.opensuse.base.vendor":"openSUSE Project","org.opensuse.base.version":"15.5.5.95","org.opensuse.reference":"registry.opensuse.org/opensuse/leap:15.5.5.95"},"ParentId":"","RepoDigests":["dockerhub-public.svsartifactory.swinfra.net/cafdataprocessing/worker-workflow@sha256:a2c943266ffddd90c322b0b4e653ed7d42171615f05c02114ddb8c5504515859"],"RepoTags":["darwin-workflow-worker-10.1.0-SNAPSHOT.project-registries.local/cafdataprocessing/worker-workflow:latest","dockerhub-public.svsartifactory.swinfra.net/cafdataprocessing/worker-workflow:7.1.0"],"SharedSize":-1,"Size":530599279,"VirtualSize":530599279},{"Containers":-1,"Created":1718272349,"Id":"sha256:16a0b00c43ed2eecead0881b2606f79a8e0fd89fbf7f81064845375c49357d8c","Labels":{"Build.Date":"2024-06-13T09:59:42.572329085Z","Build.Number":"4.10.0-1341","Git.Branch":"master","Git.Commit":"6529a4097fbb67436eddfc8524b273b5e236c9a6","Git.Repo":"https://github.houston.softwaregrp.net/caf/application-resources","org.openbuildservice.disturl":"obs://build.opensuse.org/openSUSE:Leap:15.5:Images/images/8d2ff72f5b3e4b5979c7802995bc09b7-opensuse-leap-image:docker","org.opencontainers.image.created":"2024-05-31T05:03:02.271700316Z","org.opencontainers.image.description":"Image containing a minimal environment for containers based on openSUSE Leap 15.5.","org.opencontainers.image.source":"https://build.opensuse.org/package/show/openSUSE:Leap:15.5:Images/opensuse-leap-image?rev=8d2ff72f5b3e4b5979c7802995bc09b7","org.opencontainers.image.title":"openSUSE Leap 15.5 Base Container","org.opencontainers.image.url":"https://www.opensuse.org/","org.opencontainers.image.vendor":"openSUSE Project","org.opencontainers.image.version":"15.5.5.95","org.opensuse.base.created":"2024-05-31T05:03:02.271700316Z","org.opensuse.base.description":"Image containing a minimal environment for containers based on openSUSE Leap 15.5.","org.opensuse.base.disturl":"obs://build.opensuse.org/openSUSE:Leap:15.5:Images/images/8d2ff72f5b3e4b5979c7802995bc09b7-opensuse-leap-image:docker","org.opensuse.base.reference":"registry.opensuse.org/opensuse/leap:15.5.5.95","org.opensuse.base.source":"https://build.opensuse.org/package/show/openSUSE:Leap:15.5:Images/opensuse-leap-image?rev=8d2ff72f5b3e4b5979c7802995bc09b7","org.opensuse.base.title":"openSUSE Leap 15.5 Base Container","org.opensuse.base.url":"https://www.opensuse.org/","org.opensuse.base.vendor":"openSUSE Project","org.opensuse.base.version":"15.5.5.95","org.opensuse.reference":"registry.opensuse.org/opensuse/leap:15.5.5.95"},"ParentId":"","RepoDigests":["saas-docker-release.svsartifactory.swinfra.net/caf/application-resources@sha256:ab37b0c991f3040df587d6be57e7c329d741fe4588d4a2b83a578a3bb3625b99"],"RepoTags":["saas-docker-release.svsartifactory.swinfra.net/caf/application-resources:4.10.0"],"SharedSize":-1,"Size":453386182,"VirtualSize":453386182},{"Containers":-1,"Created":1718233354,"Id":"sha256:2f484f956ede96bec87ecfbb49f02403dc610ccfb72153e94e5a6796c51848ee","Labels":null,"ParentId":"","RepoDigests":["mitmproxy/mitmproxy@sha256:14a4e19a32b7f944e075112c128ce1b6eead1728e46901e598902f2e13dfcfc9"],"RepoTags":["mitmproxy/mitmproxy:latest"],"SharedSize":-1,"Size":263889176,"VirtualSize":263889176},{"Containers":-1,"Created":1717602124,"Id":"sha256:87310c5920bb17757629304ad68018a51731cee09a32493565e880a5cf7dabf2","Labels":{"Build.Date":"2024-06-05T16:55:52.534Z","Build.Number":"4.0.1-3","Git.Branch":"rel-401","Git.Commit":"e4745a885a1e73b8103191f58139eecc97f73583","Git.Repo":"https://github.com/CAFapi/opensuse-base-images","org.openbuildservice.disturl":"obs://build.opensuse.org/openSUSE:Leap:15.5:Images/images/8d2ff72f5b3e4b5979c7802995bc09b7-opensuse-leap-image:docker","org.opencontainers.image.created":"2024-05-31T05:03:02.271700316Z","org.opencontainers.image.description":"Image containing a minimal environment for containers based on openSUSE Leap 15.5.","org.opencontainers.image.source":"https://build.opensuse.org/package/show/openSUSE:Leap:15.5:Images/opensuse-leap-image?rev=8d2ff72f5b3e4b5979c7802995bc09b7","org.opencontainers.image.title":"openSUSE Leap 15.5 Base Container","org.opencontainers.image.url":"https://www.opensuse.org/","org.opencontainers.image.vendor":"openSUSE Project","org.opencontainers.image.version":"15.5.5.95","org.opensuse.base.created":"2024-05-31T05:03:02.271700316Z","org.opensuse.base.description":"Image containing a minimal environment for containers based on openSUSE Leap 15.5.","org.opensuse.base.disturl":"obs://build.opensuse.org/openSUSE:Leap:15.5:Images/images/8d2ff72f5b3e4b5979c7802995bc09b7-opensuse-leap-image:docker","org.opensuse.base.reference":"registry.opensuse.org/opensuse/leap:15.5.5.95","org.opensuse.base.source":"https://build.opensuse.org/package/show/openSUSE:Leap:15.5:Images/opensuse-leap-image?rev=8d2ff72f5b3e4b5979c7802995bc09b7","org.opensuse.base.title":"openSUSE Leap 15.5 Base Container","org.opensuse.base.url":"https://www.opensuse.org/","org.opensuse.base.vendor":"openSUSE Project","org.opensuse.base.version":"15.5.5.95","org.opensuse.reference":"registry.opensuse.org/opensuse/leap:15.5.5.95"},"ParentId":"","RepoDigests":["dockerhub-public.svsartifactory.swinfra.net/cafapi/opensuse-jre17@sha256:434c16f975fbbe2f4adfc879d88a32b5f8fcc92a2d8e29e3598dc10088717405"],"RepoTags":["dockerhub-public.svsartifactory.swinfra.net/cafapi/opensuse-jre17:4.0.1"],"SharedSize":-1,"Size":414930834,"VirtualSize":414930834},{"Containers":-1,"Created":1717521157,"Id":"sha256:d8525f9b598c318259ccbaaf6769ff35e9edec709f5de2df5b8290234865867c","Labels":{"Build.Date":"2024-06-04T18:37:44.545Z","Build.Number":"4.0.1-29","Git.Branch":"main","Git.Commit":"1d07332826e45d6b4ca021ca66b62e917863ea54","Git.Repo":"https://gi"
http-outgoing-0 << "thub.com/CAFapi/opensuse-base-images","org.openbuildservice.disturl":"obs://build.opensuse.org/openSUSE:Leap:15.5:Images/images/8d2ff72f5b3e4b5979c7802995bc09b7-opensuse-leap-image:docker","org.opencontainers.image.created":"2024-05-31T05:03:02.271700316Z","org.opencontainers.image.description":"Image containing a minimal environment for containers based on openSUSE Leap 15.5.","org.opencontainers.image.source":"https://build.opensuse.org/package/show/openSUSE:Leap:15.5:Images/opensuse-leap-image?rev=8d2ff72f5b3e4b5979c7802995bc09b7","org.opencontainers.image.title":"openSUSE Leap 15.5 Base Container","org.opencontainers.image.url":"https://www.opensuse.org/","org.opencontainers.image.vendor":"openSUSE Project","org.opencontainers.image.version":"15.5.5.95","org.opensuse.base.created":"2024-05-31T05:03:02.271700316Z","org.opensuse.base.description":"Image containing a minimal environment for containers based on openSUSE Leap 15.5.","org.opensuse.base.disturl":"obs://build.opensuse.org/openSUSE:Leap:15.5:Images/images/8d2ff72f5b3e4b5979c7802995bc09b7-opensuse-leap-image:docker","org.opensuse.base.reference":"registry.opensuse.org/opensuse/leap:15.5.5.95","org.opensuse.base.source":"https://build.opensuse.org/package/show/openSUSE:Leap:15.5:Images/opensuse-leap-image?rev=8d2ff72f5b3e4b5979c7802995bc09b7","org.opensuse.base.title":"openSUSE Leap 15.5 Base Container","org.opensuse.base.url":"https://www.opensuse.org/","org.opensuse.base.vendor":"openSUSE Project","org.opensuse.base.version":"15.5.5.95","org.opensuse.reference":"registry.opensuse.org/opensuse/leap:15.5.5.95"},"ParentId":"","RepoDigests":["dockerhub-public.svsartifactory.swinfra.net/cafapi/opensuse-jre11@sha256:6fc1394f496993ec4b693fd6ab947e610a6f1f55629b23ce97fd07399f509a38"],"RepoTags":["darwin-workflow-worker-10.1.0-SNAPSHOT.project-registries.local/cafapi/opensuse-jre11:latest","dockerhub-public.svsartifactory.swinfra.net/cafapi/opensuse-jre11:4.0.1"],"SharedSize":-1,"Size":401852327,"VirtualSize":401852327},{"Containers":-1,"Created":1717448276,"Id":"sha256:8ad6299644384e9a5db50790b6a65058faf9129d372816936c7dbd62b093bd41","Labels":null,"ParentId":"","RepoDigests":["dockerhub-public.svsartifactory.swinfra.net/library/postgres@sha256:adf6ddf67d9a24c1a8d285522d023cb0beea6dddd905aefb0571167f1b3d580a"],"RepoTags":["dockerhub-public.svsartifactory.swinfra.net/library/postgres:14.12-alpine3.20"],"SharedSize":-1,"Size":241393532,"VirtualSize":241393532},{"Containers":-1,"Created":1716112365,"Id":"sha256:68e9d90b542e1d9ad4494fc9569ff56529a01fe128b6e369d9fb018ac7785228","Labels":{"io.buildah.version":"1.35.2","org.opencontainers.image.source":"https://github.com/gvenzl/oci-oracle-xe"},"ParentId":"","RepoDigests":["gvenzl/oracle-xe@sha256:f44e683f2bc213fa10e4faf2275fa8767bbb2881f028faa5042a2ace529505ad","dockerhub-public.svsartifactory.swinfra.net/gvenzl/oracle-xe@sha256:f44e683f2bc213fa10e4faf2275fa8767bbb2881f028faa5042a2ace529505ad"],"RepoTags":["adapter-sdc-2.1.0-SNAPSHOT.project-registries.local/gvenzl/oracle-xe:latest","gvenzl/oracle-xe:latest","dockerhub-public.svsartifactory.swinfra.net/gvenzl/oracle-xe:21.3.0"],"SharedSize":-1,"Size":2893442935,"VirtualSize":2893442935},{"Containers":-1,"Created":1715281091,"Id":"sha256:f23dc7cd74bd7693fc164fd829b9a7fa1edf8eaaed488c117312aef2a48cafaa","Labels":null,"ParentId":"","RepoDigests":["dockerhub-public.svsartifactory.swinfra.net/library/postgres@sha256:0aafd2ae7e6c391f39fb6b7621632d79f54068faebc726caf469e87bd1d301c0"],"RepoTags":["darwin-workflow-worker-10.1.0-SNAPSHOT.project-registries.local/library/postgres:latest"],"SharedSize":-1,"Size":431577852,"VirtualSize":431577852},{"Containers":-1,"Created":1708639095,"Id":"sha256:b0d14632ca062f8a873a9048e2ba38a37296ce7e6e4297324159b608ad91af65","Labels":{"org.opencontainers.image.ref.name":"ubuntu","org.opencontainers.image.version":"22.04"},"ParentId":"","RepoDigests":["dockerhub-public.svsartifactory.swinfra.net/library/rabbitmq@sha256:6d545da940de0217b72b2957efbee589b383771ddaf117be30830fd3d9b198a1"],"RepoTags":null,"SharedSize":-1,"Size":250697502,"VirtualSize":250697502},{"Containers":-1,"Created":1708639095,"Id":"sha256:64e24f99e4519ab0061ed6c27f160172b65b1a57e70131a767e8bad867b78327","Labels":{"org.opencontainers.image.ref.name":"ubuntu","org.opencontainers.image.version":"22.04"},"ParentId":"","RepoDigests":["dockerhub-public.svsartifactory.swinfra.net/library/rabbitmq@sha256:49cdd55c199b6b3e5a58c1f595dd6d94be42ccd55519dae9518fd5280b5b2eae","dockerhub-public.svsartifactory.swinfra.net/library/rabbitmq@sha256:54f115b7c9c619e59b703e326ebfc7fc762f8c7321eee34f6fc0646457fffe20"],"RepoTags":null,"SharedSize":-1,"Size":250640272,"VirtualSize":250640272},{"Containers":-1,"Created":1708639095,"Id":"sha256:48aa08743c42bc73395496302294d8debe32228f2c9433c73a0c593a0c0500c0","Labels":{"org.opencontainers.image.ref.name":"ubuntu","org.opencontainers.image.version":"22.04"},"ParentId":"","RepoDigests":["dockerhub-public.svsartifactory.swinfra.net/library/rabbitmq@sha256:8952def14de918579ec5373c74b334affd1d0e0d15f566c4dfaf341f82ad9397"],"RepoTags":null,"SharedSize":-1,"Size":250684124,"VirtualSize":250684124},{"Containers":-1,"Created":1708639095,"Id":"sha256:f7d0a5ed08a22d478e017506086bf2eba648be4d26d010fa1f8efa6d3fcc9297","Labels":{"org.opencontainers.image.ref.name":"ubuntu","org.opencontainers.image.version":"22.04"},"ParentId":"","RepoDigests":["dockerhub-public.svsartifactory.swinfra.net/library/rabbitmq@sha256:e7fff433a3eff79b3dce6b372acc1d38dc889bd2ca951157d56e4cfff07b7dab","dockerhub-public.svsartifactory.swinfra.net/library/rabbitmq@sha256:f05158a492549a89e96433149beb1d2473913b74e57993a417abac9d88a91e88"],"RepoTags":null,"SharedSize":-1,"Size":250648618,"VirtualSize":250648618},{"Containers":-1,"Created":1708639095,"Id":"sha256:84c25f504c92c9b5011b3e86971991d8c435d370fd0bb0f3310595351c161144","Labels":{"org.opencontainers.image.ref.name":"ubuntu","org.opencontainers.image.version":"22.04"},"ParentId":"","RepoDigests":["dockerhub-public.svsartifactory.swinfra.net/library/rabbitmq@sha256:75eb36982d09f096ca59360379cbc193cf488d0a5580dcb12c49df0450cd7199"],"RepoTags":["darwin-workflow-worker-10.1.0-SNAPSHOT.project-registries.local/library/rabbitmq:latest"],"SharedSize":-1,"Size":250587441,"VirtualSize":250587441},{"Containers":-1,"Created":1708639095,"Id":"sha256:e42cf20fe44e3d8f5fb1c694891043b3254c08b1b066a3df65457c5a7923b79b","Labels":{"org.opencontainers.image.ref.name":"ubuntu","org.opencontainers.image.version":"22.04"},"ParentId":"","RepoDigests":["dockerhub-public.svsartifactory.swinfra.net/library/rabbitmq@sha256:67ff397e0a90803c6bd79f4623e97f50e6b5074d9f1fba6d02afcb4a2fd9e40a"],"RepoTags":null,"SharedSize":-1,"Size":250648594,"VirtualSize":250648594},{"Containers":-1,"Created":1708639095,"Id":"sha256:64c5d44756353cab381ecea7144af8870942bacbd72e6c205fec51ab3a7f8f32","Labels":{"org.opencontainers.image.ref.name":"ubuntu","org.opencontainers.image.version":"22.04"},"ParentId":"","RepoDigests":["dockerhub-public.svsartifactory.swinfra.net/library/rabbitmq@sha256:6f4ecd26acdac1e58d50928d12926e6a04f0dccb76d772f278243d85fb57e7a9"],"RepoTags":null,"SharedSize":-1,"Size":250590855,"VirtualSize":250590855},{"Containers":-1,"Created":1708639095,"Id":"sha256:759a76622a605c110da013ff6b813cc3cc147ba7c08738075182392f6dcd80f2","Labels":{"org.opencontainers.image.ref.name":"ubuntu","org.opencontainers.image.version":"22.04"},"ParentId":"","RepoDigests":["dockerhub-public.svsartifactory.swinfra.net/library/rabbitmq@sha256:59ef70671528bb5a008d746cc4c654e8e48159d1509abfba00727f07bed5cbbe","dockerhub-public.svsartifactory.swinfra.net/library/rabbitmq@sha256:8fefc884ccb6448236ea8f064782740246f1cef7215535f75d8eeec485144ba1"],"RepoTags":["dockerhub-public.svsartifactory.swinfra.net/library/rabbitmq:3-management","staging-service-3.2.0-SNAPSHOT.project-registries.local/library/rabbitmq:latest","worker-framework-8.2.0-SNAPSHOT.project-registries.local/library/rabbitmq:latest"],"SharedSize":-1,"Size":250711522,"Virtu"
http-outgoing-0 << "alSize":250711522},{"Containers":-1,"Created":1707742355,"Id":"sha256:f917d4efcbcf7bbb35cf1f4a561b7e6d960e9832d04952fc45344dcc3b9499d6","Labels":{"Build.Date":"2024-02-12T12:52:33.197Z","Build.Number":"4.0.0-1583","Git.Branch":"develop","Git.Commit":"ddb96e7c925239850a0f4762e49d9725bc37bcc5","Git.Repo":"https://github.houston.softwaregrp.net/caf/worker-familyhashing","org.openbuildservice.disturl":"obs://build.opensuse.org/openSUSE:Leap:15.5:Images/images/8d2ff72f5b3e4b5979c7802995bc09b7-opensuse-leap-image:docker","org.opencontainers.image.created":"2023-12-19T07:39:42.8384411"
http-outgoing-0 << "[\r][\n]"
http-outgoing-0 << "3b61[\r][\n]"
http-outgoing-0 << "37Z","org.opencontainers.image.description":"Image containing a minimal environment for containers based on openSUSE Leap 15.5.","org.opencontainers.image.source":"https://build.opensuse.org/package/show/openSUSE:Leap:15.5:Images/opensuse-leap-image?rev=8d2ff72f5b3e4b5979c7802995bc09b7","org.opencontainers.image.title":"openSUSE Leap 15.5 Base Container","org.opencontainers.image.url":"https://www.opensuse.org/","org.opencontainers.image.vendor":"openSUSE Project","org.opencontainers.image.version":"15.5.5.28","org.opensuse.base.created":"2023-12-19T07:39:42.838441137Z","org.opensuse.base.description":"Image containing a minimal environment for containers based on openSUSE Leap 15.5.","org.opensuse.base.disturl":"obs://build.opensuse.org/openSUSE:Leap:15.5:Images/images/8d2ff72f5b3e4b5979c7802995bc09b7-opensuse-leap-image:docker","org.opensuse.base.reference":"registry.opensuse.org/opensuse/leap:15.5.5.28","org.opensuse.base.source":"https://build.opensuse.org/package/show/openSUSE:Leap:15.5:Images/opensuse-leap-image?rev=8d2ff72f5b3e4b5979c7802995bc09b7","org.opensuse.base.title":"openSUSE Leap 15.5 Base Container","org.opensuse.base.url":"https://www.opensuse.org/","org.opensuse.base.vendor":"openSUSE Project","org.opensuse.base.version":"15.5.5.28","org.opensuse.reference":"registry.opensuse.org/opensuse/leap:15.5.5.28"},"ParentId":"","RepoDigests":["dockerhub-public.svsartifactory.swinfra.net/cafdataprocessing/worker-familyhashing@sha256:f37bb6abe08f7bf5efc4cfb8b8f40f8b70adc0c5b728f037aa09fc173ea73de8"],"RepoTags":["darwin-workflow-worker-10.1.0-SNAPSHOT.project-registries.local/cafdataprocessing/worker-familyhashing:latest","dockerhub-public.svsartifactory.swinfra.net/cafdataprocessing/worker-familyhashing:4.0.0"],"SharedSize":-1,"Size":551342811,"VirtualSize":551342811},{"Containers":-1,"Created":1706315469,"Id":"sha256:d49a5025be10344cce77d178103a225cb5d7316861e5d8f106e7ff278ae51b62","Labels":null,"ParentId":"","RepoDigests":["alpine@sha256:452e7292acee0ee16c332324d7de05fa2c99f9994ecc9f0779c602916a672ae4"],"RepoTags":["alpine:3.16"],"SharedSize":-1,"Size":5544705,"VirtualSize":5544705},{"Containers":-1,"Created":1704405160,"Id":"sha256:78e992cdc9ff6990dd99867de94cecf894c347408eab791f1bb0905e763708d5","Labels":null,"ParentId":"","RepoDigests":["dockerhub-public.svsartifactory.swinfra.net/library/postgres@sha256:ef119e5f4d6dd8be3cb83d3c155912e0e564088e957c73d23656726d63cd9300"],"RepoTags":["adapter-sdc-2.1.0-SNAPSHOT.project-registries.local/library/postgres:latest","dockerhub-public.svsartifactory.swinfra.net/library/postgres:13.13"],"SharedSize":-1,"Size":413007293,"VirtualSize":413007293},{"Containers":-1,"Created":1703169114,"Id":"sha256:71009a3edde7c6988eb3a3b51c9dc3cacc154494ca7e5e33ed567a38bf75c130","Labels":{"org.testcontainers.ryuk":"true"},"ParentId":"","RepoDigests":["testcontainers/ryuk@sha256:739f19eb83b1710f22ff452d7bec9cdd3f53d0ba5ff4096c6516a85de88eba0c"],"RepoTags":["testcontainers/ryuk:0.6.0"],"SharedSize":-1,"Size":14910170,"VirtualSize":14910170},{"Containers":-1,"Created":1702940769,"Id":"sha256:77f16659c1292812cabe673478e558c1e57a7df5710c232d825e49faa15e7b40","Labels":null,"ParentId":"","RepoDigests":["dockerhub-public.svsartifactory.swinfra.net/library/mysql@sha256:c6812f0dcd978b589d9d3b90c20bd5e4a799deab4fd492985e0a076c5be1ee40"],"RepoTags":["adapter-sdc-2.1.0-SNAPSHOT.project-registries.local/library/mysql:latest","dockerhub-public.svsartifactory.swinfra.net/library/mysql:8.0.35-oracle"],"SharedSize":-1,"Size":590935628,"VirtualSize":590935628},{"Containers":-1,"Created":1701280839,"Id":"sha256:e70f6d1f4adc7a132c17a74869a0b25131cc97da2f15aa62976835fd2c5a769f","Labels":{"authors":"LocalStack Contributors","description":"LocalStack Docker image","maintainer":"LocalStack Team (info@localstack.cloud)"},"ParentId":"","RepoDigests":["localstack/localstack@sha256:e606c4421419030b12d63a59f1211f57f5b0fbf7e9ce769e6250ee62ff4f9293"],"RepoTags":["localstack/localstack:3.0"],"SharedSize":-1,"Size":1085333858,"VirtualSize":1085333858},{"Containers":-1,"Created":1684449257,"Id":"sha256:6fd955f66c231c1a946653170d096a28ac2b2052a02080c0b84ec082a07f7d12","Labels":null,"ParentId":"","RepoDigests":["dockerhub-public.svsartifactory.swinfra.net/library/busybox@sha256:c230832bd3b0be59a6c47ed64294f9ce71e91b327957920b6929a0caa8353140"],"RepoTags":["dockerhub-public.svsartifactory.swinfra.net/library/busybox:latest","worker-framework-8.2.0-SNAPSHOT.project-registries.local/library/busybox:latest"],"SharedSize":-1,"Size":4261502,"VirtualSize":4261502},{"Containers":-1,"Created":1684449257,"Id":"sha256:87ff76f62d367950186bde563642e39208c0e2b4afc833b4b3b01b8fef60ae9e","Labels":null,"ParentId":"","RepoDigests":["dockerhub-public.svsartifactory.swinfra.net/library/busybox@sha256:34b191d63fbc93e25e275bfccf1b5365664e5ac28f06d974e8d50090fbb49f41","dockerhub-public.svsartifactory.swinfra.net/library/busybox@sha256:82742949a3709938cbeb9cec79f5eaf3e48b255389f2dcedf2de29ef96fd841c"],"RepoTags":null,"SharedSize":-1,"Size":4261574,"VirtualSize":4261574},{"Containers":-1,"Created":1684449257,"Id":"sha256:65ad0d468eb1c558bf7f4e64e790f586e9eda649ee9f130cd0e835b292bbc5ac","Labels":null,"ParentId":"","RepoDigests":["dockerhub-public.svsartifactory.swinfra.net/library/busybox@sha256:9ae97d36d26566ff84e8893c64a6dc4fe8ca6d1144bf5b87b2b85a32def253c7"],"RepoTags":null,"SharedSize":-1,"Size":4261574,"VirtualSize":4261574},{"Containers":-1,"Created":1665693505,"Id":"sha256:2ec8bf76e6221653a8c955aba66bba15f6d66ba65c48e53d066fcfa19e808915","Labels":{"architecture":"x86_64","build-date":"2022-10-12T01:23:39.106695","com.redhat.build-host":"cpt-1002.osbs.prod.upshift.rdu2.redhat.com","com.redhat.component":"ubi8-container","com.redhat.license_terms":"https://www.redhat.com/en/about/red-hat-end-user-license-agreements#UBI","description":"The Universal Base Image is designed and engineered to be the base layer for all of your containerized applications, middleware and utilities. This base image is freely redistributable, but Red Hat only supports Red Hat technologies through subscriptions for Red Hat products. This image is maintained by Red Hat and updated regularly.","distribution-scope":"public","io.k8s.description":"The Universal Base Image is designed and engineered to be the base layer for all of your containerized applications, middleware and utilities. This base image is freely redistributable, but Red Hat only supports Red Hat technologies through subscriptions for Red Hat products. This image is maintained by Red Hat and updated regularly.","io.k8s.display-name":"Red Hat Universal Base Image 8","io.openshift.expose-services":"","io.openshift.tags":"base rhel8","maintainer":"Red Hat, Inc.","name":"ubi8","release":"943.1665521450","summary":"Provides the latest release of Red Hat Universal Base Image 8.","url":"https://access.redhat.com/containers/#/registry.access.redhat.com/ubi8/images/8.6-943.1665521450","vcs-ref":"f1ee6e37554363ec55e0035aba1a693d3627fdeb","vcs-type":"git","vendor":"Red Hat, Inc.","version":"8.6"},"ParentId":"","RepoDigests":["ibmcom/db2@sha256:d678ec116f66992366bf8e7f23df24fe16ccc3f70710243d2c88e3c687670e4c"],"RepoTags":["ibmcom/db2:latest"],"SharedSize":-1,"Size":2792080481,"VirtualSize":2792080481},{"Containers":-1,"Created":1650538064,"Id":"sha256:3a811816d17c037bd769b38f64fe14a2ff8a7f3682e10c14b0043661dd0cab41","Labels":{"Build.Date":"2022-04-21T10:47:35.373Z","Build.Number":"2.0.0-353","Git.Branch":"develop","Git.Commit":"5e979c77b155c78fad4cbfc44967073329c607e1","Git.Repo":"https://github.com/CAFapi/doc-site-compiler-image","org.openbuildservice.disturl":"obs://build.opensuse.org/openSUSE:Leap:15.3:Images/images/32458947879821ed204a628a0488ac65-opensuse-leap-image:docker","org.opencontainers.image.created":"2022-01-11T07:54:57.053656862Z","org.opencontainers.image.description":"Image containing a minimal environment for containers based on openSUSE Leap 15.3.","org.opencontainers.image.title":"openSUSE Leap 15.3 Base Container","org.opencontainers.image.url":"https://www.opensuse.org/","org.opencontainers.image.vendor":"openSUSE Project","org.opencontainers.image.version":"15.3.2.449","org.opensuse.base.created":"2022-01-1"
http-outgoing-0 << "1T07:54:57.053656862Z","org.opensuse.base.description":"Image containing a minimal environment for containers based on openSUSE Leap 15.3.","org.opensuse.base.disturl":"obs://build.opensuse.org/openSUSE:Leap:15.3:Images/images/32458947879821ed204a628a0488ac65-opensuse-leap-image:docker","org.opensuse.base.reference":"registry.opensuse.org/opensuse/leap:15.3.2.449","org.opensuse.base.title":"openSUSE Leap 15.3 Base Container","org.opensuse.base.url":"https://www.opensuse.org/","org.opensuse.base.vendor":"openSUSE Project","org.opensuse.base.version":"15.3.2.449","org.opensuse.reference":"registry.opensuse.org/opensuse/leap:15.3.2.449"},"ParentId":"","RepoDigests":["dockerhub-public.svsartifactory.swinfra.net/cafapi/doc-site-compiler@sha256:f86cfd00743cf4c61672313c9fe1f4b955608cec2b19a251f9d3845145f8a2d6"],"RepoTags":["dockerhub-public.svsartifactory.swinfra.net/cafapi/doc-site-compiler:2.0.0","worker-framework-8.2.0-SNAPSHOT.project-registries.local/cafapi/doc-site-compiler:latest"],"SharedSize":-1,"Size":910844012,"VirtualSize":910844012},{"Containers":-1,"Created":1634730839,"Id":"sha256:5063661ee328d51479c2561802751dcd1bdd846b6ec3bdbd1dc1c411d69aceb7","Labels":{"Build.Date":"2021-10-20T11:53:57.076Z","Build.Number":"1.5.0-610","Git.Branch":"master","Git.Commit":"b2927c54562883eb72a78319f3fd271f8ed34134","Git.Repo":"https://github.houston.softwaregrp.net/caf/settings-service","org.openbuildservice.disturl":"obs://build.opensuse.org/openSUSE:Leap:15.3:Images/images/32458947879821ed204a628a0488ac65-opensuse-leap-image:docker","org.opencontainers.image.created":"2021-10-01T08:42:03.631978870Z","org.opencontainers.image.description":"Image containing a minimal environment for containers based on openSUSE Leap 15.3.","org.opencontainers.image.title":"openSUSE Leap 15.3 Base Container","org.opencontainers.image.url":"https://www.opensuse.org/","org.opencontainers.image.vendor":"openSUSE Project","org.opencontainers.image.version":"15.3.2.395","org.opensuse.base.created":"2021-10-01T08:42:03.631978870Z","org.opensuse.base.description":"Image containing a minimal environment for containers based on openSUSE Leap 15.3.","org.opensuse.base.disturl":"obs://build.opensuse.org/openSUSE:Leap:15.3:Images/images/32458947879821ed204a628a0488ac65-opensuse-leap-image:docker","org.opensuse.base.reference":"registry.opensuse.org/opensuse/leap:15.3.2.395","org.opensuse.base.title":"openSUSE Leap 15.3 Base Container","org.opensuse.base.url":"https://www.opensuse.org/","org.opensuse.base.vendor":"openSUSE Project","org.opensuse.base.version":"15.3.2.395","org.opensuse.reference":"registry.opensuse.org/opensuse/leap:15.3.2.395"},"ParentId":"","RepoDigests":["saas-docker-release.svsartifactory.swinfra.net/caf/settings-service@sha256:150dd1943080030c0fff41336d9303c1275881ef89c64cbb1a80e80456e1b82a"],"RepoTags":["darwin-workflow-worker-10.1.0-SNAPSHOT.project-registries.local/caf/settings-service:latest","saas-docker-release.svsartifactory.swinfra.net/caf/settings-service:1.5.0"],"SharedSize":-1,"Size":411546920,"VirtualSize":411546920},{"Containers":-1,"Created":1599716984,"Id":"sha256:8e202ffaa1a80a0a3b04597687f3925e89a908c3fe6c43240c6e0136c8fe97fc","Labels":null,"ParentId":"","RepoDigests":["dockerhub-public.svsartifactory.swinfra.net/library/haproxy@sha256:56cddbacc823bfbf6bb4b48f2aade8fe127b87cb34c3c6c494997ed37d20dcd0"],"RepoTags":["darwin-workflow-worker-10.1.0-SNAPSHOT.project-registries.local/library/haproxy:latest","dockerhub-public.svsartifactory.swinfra.net/library/haproxy:2.2.3"],"SharedSize":-1,"Size":93318619,"VirtualSize":93318619},{"Containers":-1,"Created":1593268190,"Id":"sha256:b450b0c9a5bacd7036e586c713d8ed2fb5fb9ab2b7874a4c2dd8071b8ed0016b","Labels":{"authors":"LocalStack Contributors"},"ParentId":"","RepoDigests":["localstack/localstack@sha256:3e658f7976d54211c9a8d50c288b097af2d9ff11b6a001a472bf7f56f0307645","dockerhub-public.svsartifactory.swinfra.net/localstack/localstack@sha256:3e658f7976d54211c9a8d50c288b097af2d9ff11b6a001a472bf7f56f0307645"],"RepoTags":["localstack/localstack:0.11.3","dockerhub-public.svsartifactory.swinfra.net/localstack/localstack:0.11.3"],"SharedSize":-1,"Size":896222983,"VirtualSize":896222983},{"Containers":-1,"Created":1561650323,"Id":"sha256:41cd5477a38a6716b8a0c43155d654c994370ef448a7ffbee9f5b4aa5ea4d195","Labels":{"org.label-schema.build-date":"20181204","org.label-schema.license":"GPLv2","org.label-schema.name":"CentOS Base Image","org.label-schema.schema-version":"1.0","org.label-schema.vendor":"CentOS"},"ParentId":"","RepoDigests":["dockerhub-public.svsartifactory.swinfra.net/ibmcom/db2@sha256:4c28bcc73b99d8472b83109b6175d4a6afcc1387c9d298dc2299096ef21ddc65"],"RepoTags":["adapter-sdc-2.1.0-SNAPSHOT.project-registries.local/ibmcom/db2:latest","dockerhub-public.svsartifactory.swinfra.net/ibmcom/db2:11.5.0.0"],"SharedSize":-1,"Size":2949481600,"VirtualSize":2949481600},{"Containers":-1,"Created":1523662887,"Id":"sha256:8a0983e3e74b5f9eb22626ec8fac706fa0d50626e2a75a8536eacbee8a08de1a","Labels":null,"ParentId":"","RepoDigests":["dockerhub-public.svsartifactory.swinfra.net/cloudesire/webdav@sha256:92a7498003381dc5b939dbc7d53b5e6c380758f3947588230dfaf7e73718bda8"],"RepoTags":["darwin-workflow-worker-10.1.0-SNAPSHOT.project-registries.local/cloudesire/webdav:latest","dockerhub-public.svsartifactory.swinfra.net/cloudesire/webdav:latest","staging-service-3.2.0-SNAPSHOT.project-registries.local/cloudesire/webdav:latest","worker-framework-8.2.0-SNAPSHOT.project-registries.local/cloudesire/webdav:latest"],"SharedSize":-1,"Size":237158200,"VirtualSize":237158200},{"Containers":-1,"Created":1481203416,"Id":"sha256:4f7f34cb9a533213f929c5fbc357bfd93e78b468db8e24677ff70f1dc0fde115","Labels":null,"ParentId":"","RepoDigests":["ifnazar/sybase_15_7@sha256:fff62146ddfdc35e3b9d948ac75fdd14a3dd70f9c27343374321d5cbfe68f513","dockerhub-public.svsartifactory.swinfra.net/ifnazar/sybase_15_7@sha256:fff62146ddfdc35e3b9d948ac75fdd14a3dd70f9c27343374321d5cbfe68f513"],"RepoTags":["adapter-sdc-2.1.0-SNAPSHOT.project-registries.local/ifnazar/sybase_15_7:latest","ifnazar/sybase_15_7:latest","dockerhub-public.svsartifactory.swinfra.net/ifnazar/sybase_15_7:latest"],"SharedSize":-1,"Size":3667860950,"VirtualSize":3667860950},{"Containers":-1,"Created":0,"Id":"sha256:711d82877449cc491533c712504b7792b0ee4ad41fe9c7befd23e25e6cbdfe8e","Labels":null,"ParentId":"","RepoDigests":null,"RepoTags":["ghcr.io/rancher-sandbox/rancher-desktop/rdx-proxy:latest"],"SharedSize":-1,"Size":5308568,"VirtualSize":5308568},{"Containers":-1,"Created":0,"Id":"sha256:9ca4a78a55b5690830a7d30e23d49e12b683e216a15eb0d28a76e93501fefce2","Labels":null,"ParentId":"","RepoDigests":["<none>@<none>"],"RepoTags":["<none>:<none>"],"SharedSize":-1,"Size":5308568,"VirtualSize":5308568},{"Containers":-1,"Created":0,"Id":"sha256:24098b1a742f6801bfd752af992b914b09ccc8342bd7625ea09f7b33bd352b36","Labels":null,"ParentId":"","RepoDigests":["<none>@<none>"],"RepoTags":["<none>:<none>"],"SharedSize":-1,"Size":5308568,"VirtualSize":5308568}][\n]"
http-outgoing-0 << "[\r][\n]"
http-outgoing-0 << "0[\r][\n]"
http-outgoing-0 << "[\r][\n]"
ep-00000002: releasing valid endpoint
ep-00000002: releasing endpoint
ep-00000002: connection http-outgoing-0 can be kept alive for 3 MINUTES
ep-00000002: connection released [route: {}->unix://localhost:2375][total available: 1; route allocated: 1 of 2147483647; total allocated: 1 of 2147483647]
repoTags is null, skipping image: Image(created=1726660687, id=sha256:0110039997654b7cd75bf7bf5f55f9eda1ba4800d13e874fe325fabc12cb2e4d, parentId=, repoTags=null, repoDigests=[dockerhub-public.svsartifactory.swinfra.net/localstack/localstack@sha256:384861c6e5cabc8dc9d89fdca45295d31a80ebb2f8034acb74e3a09ff3b223a9], size=1268022660, virtualSize=1268022660, sharedSize=-1, labels={authors=LocalStack Contributors, description=LocalStack Docker image, maintainer=LocalStack Team (info@localstack.cloud)}, containers=-1)
repoTags is null, skipping image: Image(created=1726565328, id=sha256:86b26048f741168be25c6fe8b8d193d1e45512d09a4e3eb1e4ad1f67e841dbdd, parentId=, repoTags=null, repoDigests=[dockerhub-public.svsartifactory.swinfra.net/localstack/localstack@sha256:763947722c6c8d33d5fbf7e8d52b4bddec5be35274a0998fdc6176d733375314], size=1268021760, virtualSize=1268021760, sharedSize=-1, labels={authors=LocalStack Contributors, description=LocalStack Docker image, maintainer=LocalStack Team (info@localstack.cloud)}, containers=-1)
repoTags is null, skipping image: Image(created=1726541027, id=sha256:d62b036cbdb2e841cac3df4d51aaad06967b93a2b89fde038306c78e8c50eaae, parentId=, repoTags=null, repoDigests=[dockerhub-public.svsartifactory.swinfra.net/localstack/localstack@sha256:8fe209da86baff6f6a2ec295a7a13371a633d3366fdfea50e3a4091a6c636254], size=1267972218, virtualSize=1267972218, sharedSize=-1, labels={authors=LocalStack Contributors, description=LocalStack Docker image, maintainer=LocalStack Team (info@localstack.cloud)}, containers=-1)
repoTags is null, skipping image: Image(created=1726454642, id=sha256:e331e63d18d1157a8002099f0ee16a34bc7eb1adb62b79d3f55db06556bf8a30, parentId=, repoTags=null, repoDigests=[dockerhub-public.svsartifactory.swinfra.net/localstack/localstack@sha256:4b7953cd059dba41f6d8a35b3bd1c4b42aaeff725efce620e8b4738d954256bf], size=1265379961, virtualSize=1265379961, sharedSize=-1, labels={authors=LocalStack Contributors, description=LocalStack Docker image, maintainer=LocalStack Team (info@localstack.cloud)}, containers=-1)
repoTags is null, skipping image: Image(created=1726236660, id=sha256:7b45666aad02b315e11d1a0bffc4ad8b10e9e6959d28866821945f59aea074db, parentId=, repoTags=null, repoDigests=[dockerhub-public.svsartifactory.swinfra.net/localstack/localstack@sha256:60e84de90dcd1b54e47b3d7b874005c3426cb215b3216373b5cd459cf8c57567], size=1264920788, virtualSize=1264920788, sharedSize=-1, labels={authors=LocalStack Contributors, description=LocalStack Docker image, maintainer=LocalStack Team (info@localstack.cloud)}, containers=-1)
repoTags is null, skipping image: Image(created=1726232363, id=sha256:2de014a869242a7aafa786c010739639b4cf69bb0e81524d124f54cc8b0dc07a, parentId=, repoTags=null, repoDigests=[dockerhub-public.svsartifactory.swinfra.net/localstack/localstack@sha256:78d4be94bff955891df3c6dad38c7d4c1aac3aebf79536cb7e8f5cd13214a783], size=1264877877, virtualSize=1264877877, sharedSize=-1, labels={authors=LocalStack Contributors, description=LocalStack Docker image, maintainer=LocalStack Team (info@localstack.cloud)}, containers=-1)
repoTags is null, skipping image: Image(created=1726191848, id=sha256:fc49cd7cf75a232927dc26133d47b2f82b99a39c6a4b9e4cb97e15a1ab62fd03, parentId=, repoTags=null, repoDigests=[dockerhub-public.svsartifactory.swinfra.net/localstack/localstack@sha256:f7befe7de693c1fd195b334c340bbc8f445f2aa26c756b881ebc83142dc919fc], size=1264878667, virtualSize=1264878667, sharedSize=-1, labels={authors=LocalStack Contributors, description=LocalStack Docker image, maintainer=LocalStack Team (info@localstack.cloud)}, containers=-1)
repoTags is null, skipping image: Image(created=1726159608, id=sha256:3124606c2b96bac5dcc8eb953df16fe746f17e4cbf0d809a42d8165568fa8af5, parentId=, repoTags=null, repoDigests=[dockerhub-public.svsartifactory.swinfra.net/localstack/localstack@sha256:5ebade4d47fa263e3bb3d372bb369348dc63f35f9945286151658c5f3758bf93], size=1264869337, virtualSize=1264869337, sharedSize=-1, labels={authors=LocalStack Contributors, description=LocalStack Docker image, maintainer=LocalStack Team (info@localstack.cloud)}, containers=-1)
repoTags is null, skipping image: Image(created=1726140890, id=sha256:bc6cb59336b8c61d407073a7f8292ccb02d79fb4b259a16e8628081413d856ed, parentId=, repoTags=null, repoDigests=[dockerhub-public.svsartifactory.swinfra.net/localstack/localstack@sha256:b37ae217b9dbb635175a50c7a786b47e43ee6384b1a9b875af9c60a981afc995], size=1264866355, virtualSize=1264866355, sharedSize=-1, labels={authors=LocalStack Contributors, description=LocalStack Docker image, maintainer=LocalStack Team (info@localstack.cloud)}, containers=-1)
repoTags is null, skipping image: Image(created=1726109123, id=sha256:e94b82c747b889abca5098bd8e1dfc55b9f87ddf9bfcee2a856ca982360b9723, parentId=, repoTags=null, repoDigests=[dockerhub-public.svsartifactory.swinfra.net/localstack/localstack@sha256:f85ab645ba251d8a8a2486e3419bc8397f5ab0a60987949badc2eaf4962770fa], size=1063669269, virtualSize=1063669269, sharedSize=-1, labels={authors=LocalStack Contributors, description=LocalStack Docker image, maintainer=LocalStack Team (info@localstack.cloud)}, containers=-1)
repoTags is null, skipping image: Image(created=1726057537, id=sha256:0d3e065d700aeff27916c05138470ba9cc3b031167a3a189798a22c50d14e8fe, parentId=, repoTags=null, repoDigests=[dockerhub-public.svsartifactory.swinfra.net/localstack/localstack@sha256:3dac304641a79eab108c56bfff77948001341964223d74e3da947973361c037f], size=1063642734, virtualSize=1063642734, sharedSize=-1, labels={authors=LocalStack Contributors, description=LocalStack Docker image, maintainer=LocalStack Team (info@localstack.cloud)}, containers=-1)
repoTags is null, skipping image: Image(created=1726022603, id=sha256:2bfdbf6cea4b0bea7802ed7e7599d2c582f31c7335dba05cd57d057fbdb44963, parentId=, repoTags=null, repoDigests=[dockerhub-public.svsartifactory.swinfra.net/localstack/localstack@sha256:117895254886be9fa8b37b6ef2486a97eedd8e8c6a8f58cdda7baa941196852a], size=1063642187, virtualSize=1063642187, sharedSize=-1, labels={authors=LocalStack Contributors, description=LocalStack Docker image, maintainer=LocalStack Team (info@localstack.cloud)}, containers=-1)
repoTags is null, skipping image: Image(created=1725974259, id=sha256:7020a4aab8d3cc111218c3dc520678584baa8519e220e7044d7b85236b83e370, parentId=, repoTags=null, repoDigests=[dockerhub-public.svsartifactory.swinfra.net/localstack/localstack@sha256:7e461c68b5007f4e38a3314c1794b2a8cc8100652bfddcef2effdcd8035aa881], size=1063672802, virtualSize=1063672802, sharedSize=-1, labels={authors=LocalStack Contributors, description=LocalStack Docker image, maintainer=LocalStack Team (info@localstack.cloud)}, containers=-1)
repoTags is null, skipping image: Image(created=1725950385, id=sha256:af41dd8b52418fa1d8a4be8d6e830eac67f5fa5db91814f6939345c8c56ebeba, parentId=, repoTags=null, repoDigests=[dockerhub-public.svsartifactory.swinfra.net/localstack/localstack@sha256:e0af3678319c55c7ed78c6c208949c8c41b4b1ddc9b929a57112ff1e92f01d7f], size=1070565826, virtualSize=1070565826, sharedSize=-1, labels={authors=LocalStack Contributors, description=LocalStack Docker image, maintainer=LocalStack Team (info@localstack.cloud)}, containers=-1)
repoTags is null, skipping image: Image(created=1725875754, id=sha256:88f179287778c9e84495e02b158c410e3ba6d1cd87e7f336ee9d403cddfce561, parentId=, repoTags=null, repoDigests=[dockerhub-public.svsartifactory.swinfra.net/localstack/localstack@sha256:1e783176f1b28c82a07fd3720e5a9d2f2d918b611ad0c1961044b4c033b5eb75], size=1062759865, virtualSize=1062759865, sharedSize=-1, labels={authors=LocalStack Contributors, description=LocalStack Docker image, maintainer=LocalStack Team (info@localstack.cloud)}, containers=-1)
repoTags is null, skipping image: Image(created=1725873067, id=sha256:1762ccbbe7e4db20ab0f9168b69c1a9e36e9b9e9811dce4eb1132750cf7fffed, parentId=, repoTags=null, repoDigests=[dockerhub-public.svsartifactory.swinfra.net/localstack/localstack@sha256:7ceaed5be2d65386a56462ccb5d0447e319b834cfe0aa2c89a062cde2ed64da1], size=1062759080, virtualSize=1062759080, sharedSize=-1, labels={authors=LocalStack Contributors, description=LocalStack Docker image, maintainer=LocalStack Team (info@localstack.cloud)}, containers=-1)
repoTags is null, skipping image: Image(created=1725864387, id=sha256:79ec533863dc1ad597e60d4b7812c7cc593c8eff4d6e27370e6e6f6e0de0b614, parentId=, repoTags=null, repoDigests=[dockerhub-public.svsartifactory.swinfra.net/localstack/localstack@sha256:7ea72f3320ede6dc2b02ab296e89cfe97a102ed2981b70486374ca097840a889], size=1062788492, virtualSize=1062788492, sharedSize=-1, labels={authors=LocalStack Contributors, description=LocalStack Docker image, maintainer=LocalStack Team (info@localstack.cloud)}, containers=-1)
repoTags is null, skipping image: Image(created=1725849925, id=sha256:88aa2449adf37257ac73565e956c104d5b5c2d666034d19023cf7e4965811893, parentId=, repoTags=null, repoDigests=[dockerhub-public.svsartifactory.swinfra.net/localstack/localstack@sha256:b2340a8d64f42cbab341084111f8266abdb015d9038da5f6bce060306257ed1e], size=1062757694, virtualSize=1062757694, sharedSize=-1, labels={authors=LocalStack Contributors, description=LocalStack Docker image, maintainer=LocalStack Team (info@localstack.cloud)}, containers=-1)
repoTags is null, skipping image: Image(created=1725611107, id=sha256:292d7245264f6fa6e6bccd58b4193a096e5c0972bf563c499b92e7c1c854e143, parentId=, repoTags=null, repoDigests=[dockerhub-public.svsartifactory.swinfra.net/localstack/localstack@sha256:ca18e5fc4d4ca17af7ab83a3bb1321ff8e17e47b07b982ca3a95a8645e8252f4], size=1066558031, virtualSize=1066558031, sharedSize=-1, labels={authors=LocalStack Contributors, description=LocalStack Docker image, maintainer=LocalStack Team (info@localstack.cloud)}, containers=-1)
repoTags is null, skipping image: Image(created=1725590727, id=sha256:fead0950a9f40671254fcd7d1b3ce4df072865c933147686873795f31a0ead55, parentId=, repoTags=null, repoDigests=[dockerhub-public.svsartifactory.swinfra.net/localstack/localstack@sha256:e740434b5733ebb927adc7637c834764c9e1fd07aefcf409b7684c5a52e4a8ad], size=1066557180, virtualSize=1066557180, sharedSize=-1, labels={authors=LocalStack Contributors, description=LocalStack Docker image, maintainer=LocalStack Team (info@localstack.cloud)}, containers=-1)
repoTags is null, skipping image: Image(created=1725543709, id=sha256:9c3f34dced33eadb33da132d694b66bf93d589420f8a516c4910d1df4f287a3e, parentId=, repoTags=null, repoDigests=[dockerhub-public.svsartifactory.swinfra.net/localstack/localstack@sha256:cd3d48520aafe0dce2e1e33e3a5d5b2b6cc9578f5a331edd6d71352b9c7002dc], size=1066547928, virtualSize=1066547928, sharedSize=-1, labels={authors=LocalStack Contributors, description=LocalStack Docker image, maintainer=LocalStack Team (info@localstack.cloud)}, containers=-1)
repoTags is null, skipping image: Image(created=1725529366, id=sha256:35a0a515cdaf2144ed95e901e7c34c039a1668091261874f1e0d0137a86ee884, parentId=, repoTags=null, repoDigests=[dockerhub-public.svsartifactory.swinfra.net/localstack/localstack@sha256:a8e33813ce47c6c792bec20c05f592e6003974dd2be3a28cfbcdbf5a926ad02c], size=1066556159, virtualSize=1066556159, sharedSize=-1, labels={authors=LocalStack Contributors, description=LocalStack Docker image, maintainer=LocalStack Team (info@localstack.cloud)}, containers=-1)
repoTags is null, skipping image: Image(created=1725464639, id=sha256:946ca783a3d2a53c98bbe6ac9b8f1d1bfdca96683529b0e601e6fcb951651430, parentId=, repoTags=null, repoDigests=[dockerhub-public.svsartifactory.swinfra.net/localstack/localstack@sha256:536aa63a1ff0ba1416c6d88ab020fb9cf4c2415d32439fc6cc60ce4ee510db0b], size=1066550162, virtualSize=1066550162, sharedSize=-1, labels={authors=LocalStack Contributors, description=LocalStack Docker image, maintainer=LocalStack Team (info@localstack.cloud)}, containers=-1)
repoTags is null, skipping image: Image(created=1725459053, id=sha256:ddac2f8f22494d99ff989ad72848f97a72c811b15e276fd328d5012325461436, parentId=, repoTags=null, repoDigests=[dockerhub-public.svsartifactory.swinfra.net/localstack/localstack@sha256:0634199515234b27be65084ab979f3cb53e8625758cf60f85fcd36bc3f0fc0a3], size=1066548752, virtualSize=1066548752, sharedSize=-1, labels={authors=LocalStack Contributors, description=LocalStack Docker image, maintainer=LocalStack Team (info@localstack.cloud)}, containers=-1)
repoTags is null, skipping image: Image(created=1725452280, id=sha256:111170bd0b4456c7a331237ab46caeedba325ef8dd4eab082f2ae6aec2a29ef1, parentId=, repoTags=null, repoDigests=[dockerhub-public.svsartifactory.swinfra.net/localstack/localstack@sha256:d9d640bd0f93b0baaf89d68c961817c3a032826d86f512f85e84c298ca80a499], size=1066548097, virtualSize=1066548097, sharedSize=-1, labels={authors=LocalStack Contributors, description=LocalStack Docker image, maintainer=LocalStack Team (info@localstack.cloud)}, containers=-1)
repoTags is null, skipping image: Image(created=1725451775, id=sha256:fe9e5dce55ccee79c53223284290463795b8e35b892eec74535a1979907c6fe6, parentId=, repoTags=null, repoDigests=[dockerhub-public.svsartifactory.swinfra.net/cafapi/prereleases@sha256:5a41afb93b7f46c579ea724b076cd0d261e848a58cbf5e9b7a0414b3b1b09353], size=855797877, virtualSize=855797877, sharedSize=-1, labels={Build.Date=2024-09-04T12:09:35Z, Build.Number=1.0.0-SNAPSHOT, Git.Branch=main, Git.Commit=df97cb385d6d6dab31c157e23251631fd26632d8, Git.Repo=https://github.com/CAFapi/oraclelinux-base-images}, containers=-1)
repoTags is null, skipping image: Image(created=1725432999, id=sha256:44a7bbdecc5a4957b8771e9fc67a713528f4a3dd1b16e93294da8df882b65084, parentId=, repoTags=null, repoDigests=[dockerhub-public.svsartifactory.swinfra.net/localstack/localstack@sha256:2e22c2ddf037728d8b1769f1dc254902077ce00a426a696de69501333f61543f], size=1066548121, virtualSize=1066548121, sharedSize=-1, labels={authors=LocalStack Contributors, description=LocalStack Docker image, maintainer=LocalStack Team (info@localstack.cloud)}, containers=-1)
repoTags is null, skipping image: Image(created=1725367900, id=sha256:a32b56073343f16202e88d9764e185f9727d83cb3543e88681004cbaf810fd58, parentId=, repoTags=null, repoDigests=[dockerhub-public.svsartifactory.swinfra.net/localstack/localstack@sha256:12471dcbcf482e78a6bfb813b688707aed6d68c7c9155137b3331c46066885cf], size=1066536823, virtualSize=1066536823, sharedSize=-1, labels={authors=LocalStack Contributors, description=LocalStack Docker image, maintainer=LocalStack Team (info@localstack.cloud)}, containers=-1)
repoTags is null, skipping image: Image(created=1722604251, id=sha256:d16e70dc5962e46c29ba6cb5f32fdd0f8298897f3db26ce3aa8326716b340075, parentId=, repoTags=null, repoDigests=[localstack/localstack@sha256:5042bfb8661a59cfc1e7f45f7ec79514410dad299f174665de60300b0497f7bd], size=1092212865, virtualSize=1092212865, sharedSize=-1, labels={authors=LocalStack Contributors, description=LocalStack Docker image, maintainer=LocalStack Team (info@localstack.cloud)}, containers=-1)
repoTags is null, skipping image: Image(created=1721259074, id=sha256:a49fd2c04c0236f25b2724476ff48d73af6811f28e0db3765df6bb7f0f88bf7a, parentId=, repoTags=null, repoDigests=[dockerhub-public.svsartifactory.swinfra.net/library/httpd@sha256:3f71777bcfac3df3aff5888a2d78c4104501516300b2e7ecb91ce8de2e3debc7, dockerhub-public.svsartifactory.swinfra.net/library/httpd@sha256:4f061d95913728252cc65736bed271b3addaac4bb622c6b0c05466346c2b4fc2, dockerhub-public.svsartifactory.swinfra.net/library/httpd@sha256:7bb479e5407990e2a8c88c729dec9a159f2f67029581222594d606a3298a7811], size=148165816, virtualSize=148165816, sharedSize=-1, labels=null, containers=-1)
repoTags is null, skipping image: Image(created=1721259074, id=sha256:19c71fbb71404e06730aa9bc4ec079eefc63d84d46fa0fa1c768263669adb0d3, parentId=, repoTags=null, repoDigests=[dockerhub-public.svsartifactory.swinfra.net/library/httpd@sha256:932ac36fabe1d2103ed3edbe66224ed2afe0041b317bcdb6f5d9be63594f0030], size=148165816, virtualSize=148165816, sharedSize=-1, labels=null, containers=-1)
repoTags is null, skipping image: Image(created=1720027874, id=sha256:c0c20df5e7be79dc8de00a6575529252b684a79b849e8e090517ef451e036966, parentId=, repoTags=null, repoDigests=[dockerhub-public.svsartifactory.swinfra.net/library/httpd@sha256:fad0c8311b35c689cf1b94fc4783e735a8e3086aebfe318c4e8e0fa224e9ce1b], size=148151058, virtualSize=148151058, sharedSize=-1, labels=null, containers=-1)
repoTags is null, skipping image: Image(created=1708639095, id=sha256:b0d14632ca062f8a873a9048e2ba38a37296ce7e6e4297324159b608ad91af65, parentId=, repoTags=null, repoDigests=[dockerhub-public.svsartifactory.swinfra.net/library/rabbitmq@sha256:6d545da940de0217b72b2957efbee589b383771ddaf117be30830fd3d9b198a1], size=250697502, virtualSize=250697502, sharedSize=-1, labels={org.opencontainers.image.ref.name=ubuntu, org.opencontainers.image.version=22.04}, containers=-1)
repoTags is null, skipping image: Image(created=1708639095, id=sha256:64e24f99e4519ab0061ed6c27f160172b65b1a57e70131a767e8bad867b78327, parentId=, repoTags=null, repoDigests=[dockerhub-public.svsartifactory.swinfra.net/library/rabbitmq@sha256:49cdd55c199b6b3e5a58c1f595dd6d94be42ccd55519dae9518fd5280b5b2eae, dockerhub-public.svsartifactory.swinfra.net/library/rabbitmq@sha256:54f115b7c9c619e59b703e326ebfc7fc762f8c7321eee34f6fc0646457fffe20], size=250640272, virtualSize=250640272, sharedSize=-1, labels={org.opencontainers.image.ref.name=ubuntu, org.opencontainers.image.version=22.04}, containers=-1)
repoTags is null, skipping image: Image(created=1708639095, id=sha256:48aa08743c42bc73395496302294d8debe32228f2c9433c73a0c593a0c0500c0, parentId=, repoTags=null, repoDigests=[dockerhub-public.svsartifactory.swinfra.net/library/rabbitmq@sha256:8952def14de918579ec5373c74b334affd1d0e0d15f566c4dfaf341f82ad9397], size=250684124, virtualSize=250684124, sharedSize=-1, labels={org.opencontainers.image.ref.name=ubuntu, org.opencontainers.image.version=22.04}, containers=-1)
repoTags is null, skipping image: Image(created=1708639095, id=sha256:f7d0a5ed08a22d478e017506086bf2eba648be4d26d010fa1f8efa6d3fcc9297, parentId=, repoTags=null, repoDigests=[dockerhub-public.svsartifactory.swinfra.net/library/rabbitmq@sha256:e7fff433a3eff79b3dce6b372acc1d38dc889bd2ca951157d56e4cfff07b7dab, dockerhub-public.svsartifactory.swinfra.net/library/rabbitmq@sha256:f05158a492549a89e96433149beb1d2473913b74e57993a417abac9d88a91e88], size=250648618, virtualSize=250648618, sharedSize=-1, labels={org.opencontainers.image.ref.name=ubuntu, org.opencontainers.image.version=22.04}, containers=-1)
repoTags is null, skipping image: Image(created=1708639095, id=sha256:e42cf20fe44e3d8f5fb1c694891043b3254c08b1b066a3df65457c5a7923b79b, parentId=, repoTags=null, repoDigests=[dockerhub-public.svsartifactory.swinfra.net/library/rabbitmq@sha256:67ff397e0a90803c6bd79f4623e97f50e6b5074d9f1fba6d02afcb4a2fd9e40a], size=250648594, virtualSize=250648594, sharedSize=-1, labels={org.opencontainers.image.ref.name=ubuntu, org.opencontainers.image.version=22.04}, containers=-1)
repoTags is null, skipping image: Image(created=1708639095, id=sha256:64c5d44756353cab381ecea7144af8870942bacbd72e6c205fec51ab3a7f8f32, parentId=, repoTags=null, repoDigests=[dockerhub-public.svsartifactory.swinfra.net/library/rabbitmq@sha256:6f4ecd26acdac1e58d50928d12926e6a04f0dccb76d772f278243d85fb57e7a9], size=250590855, virtualSize=250590855, sharedSize=-1, labels={org.opencontainers.image.ref.name=ubuntu, org.opencontainers.image.version=22.04}, containers=-1)
repoTags is null, skipping image: Image(created=1684449257, id=sha256:87ff76f62d367950186bde563642e39208c0e2b4afc833b4b3b01b8fef60ae9e, parentId=, repoTags=null, repoDigests=[dockerhub-public.svsartifactory.swinfra.net/library/busybox@sha256:34b191d63fbc93e25e275bfccf1b5365664e5ac28f06d974e8d50090fbb49f41, dockerhub-public.svsartifactory.swinfra.net/library/busybox@sha256:82742949a3709938cbeb9cec79f5eaf3e48b255389f2dcedf2de29ef96fd841c], size=4261574, virtualSize=4261574, sharedSize=-1, labels=null, containers=-1)
repoTags is null, skipping image: Image(created=1684449257, id=sha256:65ad0d468eb1c558bf7f4e64e790f586e9eda649ee9f130cd0e835b292bbc5ac, parentId=, repoTags=null, repoDigests=[dockerhub-public.svsartifactory.swinfra.net/library/busybox@sha256:9ae97d36d26566ff84e8893c64a6dc4fe8ca6d1144bf5b87b2b85a32def253c7], size=4261574, virtualSize=4261574, sharedSize=-1, labels=null, containers=-1)
Using locally available and not pulling image: worker-framework-8.2.0-SNAPSHOT.project-registries.local/localstack/localstack:latest
LOCALSTACK_HOST environment variable set to localhost (to match host-routable address for container)
Starting container: worker-framework-8.2.0-SNAPSHOT.project-registries.local/localstack/localstack:latest
Trying to start container: worker-framework-8.2.0-SNAPSHOT.project-registries.local/localstack/localstack:latest (attempt 1/1)
Starting container: worker-framework-8.2.0-SNAPSHOT.project-registries.local/localstack/localstack:latest
Creating container for image: worker-framework-8.2.0-SNAPSHOT.project-registries.local/localstack/localstack:latest
Looking up auth config for image: worker-framework-8.2.0-SNAPSHOT.project-registries.local/localstack/localstack:latest at registry: worker-framework-8.2.0-SNAPSHOT.project-registries.local
RegistryAuthLocator has configFile: /home/david/.docker/config.json (exists) configEnv: DOCKER_AUTH_CONFIG (does not exist) and commandPathPrefix: 
RegistryAuthLocator reading from configFile: /home/david/.docker/config.json
registryName [worker-framework-8.2.0-SNAPSHOT.project-registries.local] for dockerImageName [worker-framework-8.2.0-SNAPSHOT.project-registries.local/localstack/localstack:latest]
Executing docker credential provider: docker-credential-wincred.exe to locate auth config for: worker-framework-8.2.0-SNAPSHOT.project-registries.local
Executing [docker-credential-wincred.exe, get].
Started Process[pid=892, exitValue="not exited"]
Process[pid=892, exitValue=1] stopped with exit code 1
Executing [docker-credential-wincred.exe, get].
Started Process[pid=897, exitValue="not exited"]
Process[pid=897, exitValue=1] stopped with exit code 1
Got credentials not found error message from docker credential helper - credentials not found in native keychain
Credential helper/store (docker-credential-wincred.exe) does not have credentials for worker-framework-8.2.0-SNAPSHOT.project-registries.local
No matching Auth Configs - falling back to defaultAuthConfig [null]
Effective auth config [null]
No prefix is configured
Did not find a substitute image for testcontainers/ryuk:0.6.0 (using image substitutor: DefaultImageNameSubstitutor (composite of 'ConfigurationFileImageNameSubstitutor' and 'PrefixingImageNameSubstitutor'))
Using locally available and not pulling image: testcontainers/ryuk:0.6.0
Starting container: testcontainers/ryuk:0.6.0
Trying to start container: testcontainers/ryuk:0.6.0 (attempt 1/1)
Starting container: testcontainers/ryuk:0.6.0
Creating container for image: testcontainers/ryuk:0.6.0
Looking up auth config for image: testcontainers/ryuk:0.6.0 at registry: https://index.docker.io/v1/
RegistryAuthLocator has configFile: /home/david/.docker/config.json (exists) configEnv: DOCKER_AUTH_CONFIG (does not exist) and commandPathPrefix: 
RegistryAuthLocator reading from configFile: /home/david/.docker/config.json
registryName [https://index.docker.io/v1/] for dockerImageName [testcontainers/ryuk:0.6.0]
Executing docker credential provider: docker-credential-wincred.exe to locate auth config for: https://index.docker.io/v1/
Executing [docker-credential-wincred.exe, get].
Started Process[pid=901, exitValue="not exited"]
Process[pid=901, exitValue=0] stopped with exit code 0
Credential helper/store provided auth config for: https://index.docker.io/v1/
found creds store auth config [AuthConfig{username=davidmilligan, password=hidden non-blank value, auth=blank, email=null, registryAddress=https://index.docker.io/v1/, registryToken=blank}]
Cached auth found: [AuthConfig{username=davidmilligan, password=hidden non-blank value, auth=blank, email=null, registryAddress=https://index.docker.io/v1/, registryToken=blank}]
Effective auth config [AuthConfig{username=davidmilligan, password=hidden non-blank value, auth=blank, email=null, registryAddress=https://index.docker.io/v1/, registryToken=blank}]
Cmd: org.testcontainers.shaded.com.github.dockerjava.core.command.CreateContainerCmdImpl@30272916[aliases=<null>,argsEscaped=<null>,attachStderr=<null>,attachStdin=<null>,attachStdout=<null>,authConfig=AuthConfig(username=davidmilligan, email=null, registryAddress=https://index.docker.io/v1/, stackOrchestrator=null),cmd={},domainName=<null>,entrypoint=<null>,env={},exposedPorts=ExposedPorts(exposedPorts=[8080/tcp]),healthcheck=<null>,hostConfig=HostConfig(binds=[/var/run/docker.sock:/var/run/docker.sock:rw], blkioWeight=null, blkioWeightDevice=null, blkioDeviceReadBps=null, blkioDeviceWriteBps=null, blkioDeviceReadIOps=null, blkioDeviceWriteIOps=null, memorySwappiness=null, nanoCPUs=null, capAdd=null, capDrop=null, containerIDFile=null, cpuPeriod=null, cpuRealtimePeriod=null, cpuRealtimeRuntime=null, cpuShares=null, cpuQuota=null, cpusetCpus=null, cpusetMems=null, devices=null, deviceCgroupRules=null, deviceRequests=null, diskQuota=null, dns=null, dnsOptions=null, dnsSearch=null, extraHosts=[], groupAdd=null, ipcMode=null, cgroup=null, links=[], logConfig=LogConfig(type=null, config=null), lxcConf=null, memory=null, memorySwap=null, memoryReservation=null, kernelMemory=null, networkMode=null, oomKillDisable=null, init=null, autoRemove=true, oomScoreAdj=null, portBindings={8080/tcp=[Lcom.github.dockerjava.api.model.Ports$Binding;@71b1a49c}, privileged=true, publishAllPorts=null, readonlyRootfs=null, restartPolicy=null, ulimits=null, cpuCount=null, cpuPercent=null, ioMaximumIOps=null, ioMaximumBandwidth=null, volumesFrom=[], mounts=null, pidMode=null, isolation=null, securityOpts=null, storageOpt=null, cgroupParent=null, volumeDriver=null, shmSize=null, pidsLimit=null, runtime=null, tmpFs=null, utSMode=null, usernsMode=null, sysctls=null, consoleSize=null, cgroupnsMode=null),hostName=<null>,image=testcontainers/ryuk:0.6.0,ipv4Address=<null>,ipv6Address=<null>,labels={org.testcontainers=true, org.testcontainers.lang=java, org.testcontainers.version=1.19.4},macAddress=<null>,name=testcontainers-ryuk-2af741d8-56d7-4d26-a9ed-fe487231d019,networkDisabled=<null>,networkingConfig=<null>,onBuild=<null>,platform=<null>,portSpecs=<null>,shell=<null>,stdInOnce=<null>,stdinOpen=<null>,stopSignal=<null>,stopTimeout=<null>,tty=<null>,user=<null>,volumes=Volumes(volumes=[]),workingDir=<null>]
ex-00000004: preparing request execution
Cookie spec selected: strict
Auth cache not set in the context
ex-00000004: target auth state: UNCHALLENGED
ex-00000004: proxy auth state: UNCHALLENGED
ex-00000004: acquiring connection with route {}->unix://localhost:2375
ex-00000004: acquiring endpoint (3 MINUTES)
ex-00000004: endpoint lease request (3 MINUTES) [route: {}->unix://localhost:2375][total available: 1; route allocated: 1 of 2147483647; total allocated: 1 of 2147483647]
ex-00000004: endpoint leased [route: {}->unix://localhost:2375][total available: 0; route allocated: 1 of 2147483647; total allocated: 1 of 2147483647]
ex-00000004: acquired ep-00000003
ex-00000004: acquired endpoint ep-00000003
ex-00000004: executing POST /v1.32/containers/create?name=testcontainers-ryuk-2af741d8-56d7-4d26-a9ed-fe487231d019 HTTP/1.1
ep-00000003: start execution ex-00000004
ep-00000003: executing exchange ex-00000004 over http-outgoing-0
http-outgoing-0 >> POST /v1.32/containers/create?name=testcontainers-ryuk-2af741d8-56d7-4d26-a9ed-fe487231d019 HTTP/1.1
http-outgoing-0 >> X-Registry-Auth: eyJ1c2VybmFtZSI6ImRhdmlkbWlsbGlnYW4iLCJwYXNzd29yZCI6IkRnbTQyNTNkaDEhIiwiZW1haWwiOm51bGwsInNlcnZlcmFkZHJlc3MiOiJodHRwczovL2luZGV4LmRvY2tlci5pby92MS8iLCJhdXRoIjpudWxsLCJyZWdpc3RyeXRva2VuIjpudWxsLCJpZGVudGl0eXRva2VuIjpudWxsLCJzdGFja09yY2hlc3RyYXRvciI6bnVsbH0=
http-outgoing-0 >> accept: application/json
http-outgoing-0 >> content-type: application/json
http-outgoing-0 >> x-tc-sid: 2af741d8-56d7-4d26-a9ed-fe487231d019
http-outgoing-0 >> User-Agent: tc-java/1.19.4
http-outgoing-0 >> Accept-Encoding: gzip, x-gzip, deflate
http-outgoing-0 >> Content-Length: 1954
http-outgoing-0 >> Host: localhost:2375
http-outgoing-0 >> Connection: keep-alive
http-outgoing-0 >> "POST /v1.32/containers/create?name=testcontainers-ryuk-2af741d8-56d7-4d26-a9ed-fe487231d019 HTTP/1.1[\r][\n]"
http-outgoing-0 >> "X-Registry-Auth: eyJ1c2VybmFtZSI6ImRhdmlkbWlsbGlnYW4iLCJwYXNzd29yZCI6IkRnbTQyNTNkaDEhIiwiZW1haWwiOm51bGwsInNlcnZlcmFkZHJlc3MiOiJodHRwczovL2luZGV4LmRvY2tlci5pby92MS8iLCJhdXRoIjpudWxsLCJyZWdpc3RyeXRva2VuIjpudWxsLCJpZGVudGl0eXRva2VuIjpudWxsLCJzdGFja09yY2hlc3RyYXRvciI6bnVsbH0=[\r][\n]"
http-outgoing-0 >> "accept: application/json[\r][\n]"
http-outgoing-0 >> "content-type: application/json[\r][\n]"
http-outgoing-0 >> "x-tc-sid: 2af741d8-56d7-4d26-a9ed-fe487231d019[\r][\n]"
http-outgoing-0 >> "User-Agent: tc-java/1.19.4[\r][\n]"
http-outgoing-0 >> "Accept-Encoding: gzip, x-gzip, deflate[\r][\n]"
http-outgoing-0 >> "Content-Length: 1954[\r][\n]"
http-outgoing-0 >> "Host: localhost:2375[\r][\n]"
http-outgoing-0 >> "Connection: keep-alive[\r][\n]"
http-outgoing-0 >> "[\r][\n]"
http-outgoing-0 >> "{"Hostname":null,"Domainname":null,"User":null,"AttachStdin":null,"AttachStdout":null,"AttachStderr":null,"PortSpecs":null,"Tty":null,"OpenStdin":null,"StdinOnce":null,"Env":[],"Cmd":[],"Healthcheck":null,"ArgsEscaped":null,"Entrypoint":null,"Image":"testcontainers/ryuk:0.6.0","Volumes":{},"WorkingDir":null,"MacAddress":null,"OnBuild":null,"NetworkDisabled":null,"ExposedPorts":{"8080/tcp":{}},"StopSignal":null,"StopTimeout":null,"HostConfig":{"Binds":["/var/run/docker.sock:/var/run/docker.sock:rw"],"BlkioWeight":null,"BlkioWeightDevice":null,"BlkioDeviceReadBps":null,"BlkioDeviceWriteBps":null,"BlkioDeviceReadIOps":null,"BlkioDeviceWriteIOps":null,"MemorySwappiness":null,"NanoCpus":null,"CapAdd":null,"CapDrop":null,"ContainerIDFile":null,"CpuPeriod":null,"CpuRealtimePeriod":null,"CpuRealtimeRuntime":null,"CpuShares":null,"CpuQuota":null,"CpusetCpus":null,"CpusetMems":null,"Devices":null,"DeviceCgroupRules":null,"DeviceRequests":null,"DiskQuota":null,"Dns":null,"DnsOptions":null,"DnsSearch":null,"ExtraHosts":[],"GroupAdd":null,"IpcMode":null,"Cgroup":null,"Links":[],"LogConfig":null,"LxcConf":null,"Memory":null,"MemorySwap":null,"MemoryReservation":null,"KernelMemory":null,"NetworkMode":null,"OomKillDisable":null,"Init":null,"AutoRemove":true,"OomScoreAdj":null,"PortBindings":{"8080/tcp":[{"HostIp":"","HostPort":""}]},"Privileged":true,"PublishAllPorts":null,"ReadonlyRootfs":null,"RestartPolicy":null,"Ulimits":null,"CpuCount":null,"CpuPercent":null,"IOMaximumIOps":null,"IOMaximumBandwidth":null,"VolumesFrom":[],"Mounts":null,"PidMode":null,"Isolation":null,"SecurityOpt":null,"StorageOpt":null,"CgroupParent":null,"VolumeDriver":null,"ShmSize":null,"PidsLimit":null,"Runtime":null,"Tmpfs":null,"UTSMode":null,"UsernsMode":null,"Sysctls":null,"ConsoleSize":null,"CgroupnsMode":null},"Labels":{"org.testcontainers":"true","org.testcontainers.lang":"java","org.testcontainers.version":"1.19.4"},"Shell":null,"NetworkingConfig":null}"
http-outgoing-0 << "HTTP/1.1 201 Created[\r][\n]"
http-outgoing-0 << "Api-Version: 1.45[\r][\n]"
http-outgoing-0 << "Content-Length: 88[\r][\n]"
http-outgoing-0 << "Content-Type: application/json[\r][\n]"
http-outgoing-0 << "Date: Mon, 23 Sep 2024 08:40:47 GMT[\r][\n]"
http-outgoing-0 << "Docker-Experimental: false[\r][\n]"
http-outgoing-0 << "Ostype: linux[\r][\n]"
http-outgoing-0 << "Server: Docker/26.1.5 (linux)[\r][\n]"
http-outgoing-0 << "[\r][\n]"
http-outgoing-0 << "{"Id":"a6738d9e3b3c9887a91ef939f73181707fa6ce2d18a94906814bdc942cf19536","Warnings":[]}[\n]"
http-outgoing-0 << HTTP/1.1 201 Created
http-outgoing-0 << Api-Version: 1.45
http-outgoing-0 << Content-Length: 88
http-outgoing-0 << Content-Type: application/json
http-outgoing-0 << Date: Mon, 23 Sep 2024 08:40:47 GMT
http-outgoing-0 << Docker-Experimental: false
http-outgoing-0 << Ostype: linux
http-outgoing-0 << Server: Docker/26.1.5 (linux)
ex-00000004: connection can be kept alive for 3 MINUTES
ep-00000003: releasing valid endpoint
ep-00000003: releasing endpoint
ep-00000003: connection http-outgoing-0 can be kept alive for 3 MINUTES
ep-00000003: connection released [route: {}->unix://localhost:2375][total available: 1; route allocated: 1 of 2147483647; total allocated: 1 of 2147483647]
Container testcontainers/ryuk:0.6.0 is starting: a6738d9e3b3c9887a91ef939f73181707fa6ce2d18a94906814bdc942cf19536
Cmd: a6738d9e3b3c9887a91ef939f73181707fa6ce2d18a94906814bdc942cf19536
ex-00000005: preparing request execution
Cookie spec selected: strict
Auth cache not set in the context
ex-00000005: target auth state: UNCHALLENGED
ex-00000005: proxy auth state: UNCHALLENGED
ex-00000005: acquiring connection with route {}->unix://localhost:2375
ex-00000005: acquiring endpoint (3 MINUTES)
ex-00000005: endpoint lease request (3 MINUTES) [route: {}->unix://localhost:2375][total available: 1; route allocated: 1 of 2147483647; total allocated: 1 of 2147483647]
ex-00000005: endpoint leased [route: {}->unix://localhost:2375][total available: 0; route allocated: 1 of 2147483647; total allocated: 1 of 2147483647]
ex-00000005: acquired ep-00000004
ex-00000005: acquired endpoint ep-00000004
ex-00000005: executing POST /v1.32/containers/a6738d9e3b3c9887a91ef939f73181707fa6ce2d18a94906814bdc942cf19536/start HTTP/1.1
ep-00000004: start execution ex-00000005
ep-00000004: executing exchange ex-00000005 over http-outgoing-0
http-outgoing-0 >> POST /v1.32/containers/a6738d9e3b3c9887a91ef939f73181707fa6ce2d18a94906814bdc942cf19536/start HTTP/1.1
http-outgoing-0 >> accept: application/json
http-outgoing-0 >> content-type: application/json
http-outgoing-0 >> x-tc-sid: 2af741d8-56d7-4d26-a9ed-fe487231d019
http-outgoing-0 >> User-Agent: tc-java/1.19.4
http-outgoing-0 >> Accept-Encoding: gzip, x-gzip, deflate
http-outgoing-0 >> Host: localhost:2375
http-outgoing-0 >> Connection: keep-alive
http-outgoing-0 >> "POST /v1.32/containers/a6738d9e3b3c9887a91ef939f73181707fa6ce2d18a94906814bdc942cf19536/start HTTP/1.1[\r][\n]"
http-outgoing-0 >> "accept: application/json[\r][\n]"
http-outgoing-0 >> "content-type: application/json[\r][\n]"
http-outgoing-0 >> "x-tc-sid: 2af741d8-56d7-4d26-a9ed-fe487231d019[\r][\n]"
http-outgoing-0 >> "User-Agent: tc-java/1.19.4[\r][\n]"
http-outgoing-0 >> "Accept-Encoding: gzip, x-gzip, deflate[\r][\n]"
http-outgoing-0 >> "Host: localhost:2375[\r][\n]"
http-outgoing-0 >> "Connection: keep-alive[\r][\n]"
http-outgoing-0 >> "[\r][\n]"
http-outgoing-0 << "HTTP/1.1 204 No Content[\r][\n]"
http-outgoing-0 << "Api-Version: 1.45[\r][\n]"
http-outgoing-0 << "Date: Mon, 23 Sep 2024 08:40:48 GMT[\r][\n]"
http-outgoing-0 << "Docker-Experimental: false[\r][\n]"
http-outgoing-0 << "Ostype: linux[\r][\n]"
http-outgoing-0 << "Server: Docker/26.1.5 (linux)[\r][\n]"
http-outgoing-0 << "[\r][\n]"
http-outgoing-0 << HTTP/1.1 204 No Content
http-outgoing-0 << Api-Version: 1.45
http-outgoing-0 << Date: Mon, 23 Sep 2024 08:40:48 GMT
http-outgoing-0 << Docker-Experimental: false
http-outgoing-0 << Ostype: linux
http-outgoing-0 << Server: Docker/26.1.5 (linux)
ex-00000005: connection can be kept alive for 3 MINUTES
ep-00000004: releasing valid endpoint
ep-00000004: releasing endpoint
ep-00000004: connection http-outgoing-0 can be kept alive for 3 MINUTES
ep-00000004: connection released [route: {}->unix://localhost:2375][total available: 1; route allocated: 1 of 2147483647; total allocated: 1 of 2147483647]
Cmd: a6738d9e3b3c9887a91ef939f73181707fa6ce2d18a94906814bdc942cf19536,false
GET: DefaultWebTarget{path=[/containers/a6738d9e3b3c9887a91ef939f73181707fa6ce2d18a94906814bdc942cf19536/json], queryParams={}}
ex-00000006: preparing request execution
Cookie spec selected: strict
Auth cache not set in the context
ex-00000006: target auth state: UNCHALLENGED
ex-00000006: proxy auth state: UNCHALLENGED
ex-00000006: acquiring connection with route {}->unix://localhost:2375
ex-00000006: acquiring endpoint (3 MINUTES)
ex-00000006: endpoint lease request (3 MINUTES) [route: {}->unix://localhost:2375][total available: 1; route allocated: 1 of 2147483647; total allocated: 1 of 2147483647]
ex-00000006: endpoint leased [route: {}->unix://localhost:2375][total available: 0; route allocated: 1 of 2147483647; total allocated: 1 of 2147483647]
ex-00000006: acquired ep-00000005
ex-00000006: acquired endpoint ep-00000005
ex-00000006: executing GET /v1.32/containers/a6738d9e3b3c9887a91ef939f73181707fa6ce2d18a94906814bdc942cf19536/json HTTP/1.1
ep-00000005: start execution ex-00000006
ep-00000005: executing exchange ex-00000006 over http-outgoing-0
http-outgoing-0 >> GET /v1.32/containers/a6738d9e3b3c9887a91ef939f73181707fa6ce2d18a94906814bdc942cf19536/json HTTP/1.1
http-outgoing-0 >> accept: application/json
http-outgoing-0 >> x-tc-sid: 2af741d8-56d7-4d26-a9ed-fe487231d019
http-outgoing-0 >> User-Agent: tc-java/1.19.4
http-outgoing-0 >> Accept-Encoding: gzip, x-gzip, deflate
http-outgoing-0 >> Host: localhost:2375
http-outgoing-0 >> Connection: keep-alive
http-outgoing-0 >> "GET /v1.32/containers/a6738d9e3b3c9887a91ef939f73181707fa6ce2d18a94906814bdc942cf19536/json HTTP/1.1[\r][\n]"
http-outgoing-0 >> "accept: application/json[\r][\n]"
http-outgoing-0 >> "x-tc-sid: 2af741d8-56d7-4d26-a9ed-fe487231d019[\r][\n]"
http-outgoing-0 >> "User-Agent: tc-java/1.19.4[\r][\n]"
http-outgoing-0 >> "Accept-Encoding: gzip, x-gzip, deflate[\r][\n]"
http-outgoing-0 >> "Host: localhost:2375[\r][\n]"
http-outgoing-0 >> "Connection: keep-alive[\r][\n]"
http-outgoing-0 >> "[\r][\n]"
http-outgoing-0 << "HTTP/1.1 200 OK[\r][\n]"
http-outgoing-0 << "Api-Version: 1.45[\r][\n]"
http-outgoing-0 << "Content-Type: application/json[\r][\n]"
http-outgoing-0 << "Date: Mon, 23 Sep 2024 08:40:48 GMT[\r][\n]"
http-outgoing-0 << "Docker-Experimental: false[\r][\n]"
http-outgoing-0 << "Ostype: linux[\r][\n]"
http-outgoing-0 << "Server: Docker/26.1.5 (linux)[\r][\n]"
http-outgoing-0 << "Transfer-Encoding: chunked[\r][\n]"
http-outgoing-0 << "[\r][\n]"
http-outgoing-0 << "1407[\r][\n]"
http-outgoing-0 << "{"Id":"a6738d9e3b3c9887a91ef939f73181707fa6ce2d18a94906814bdc942cf19536","Created":"2024-09-23T08:40:47.599851333Z","Path":"/bin/ryuk","Args":[],"State":{"Status":"running","Running":true,"Paused":false,"Restarting":false,"OOMKilled":false,"Dead":false,"Pid":2225,"ExitCode":0,"Error":"","StartedAt":"2024-09-23T08:40:48.275597943Z","FinishedAt":"0001-01-01T00:00:00Z"},"Image":"sha256:71009a3edde7c6988eb3a3b51c9dc3cacc154494ca7e5e33ed567a38bf75c130","ResolvConfPath":"/var/lib/docker/containers/a6738d9e3b3c9887a91ef939f73181707fa6ce2d18a94906814bdc942cf19536/resolv.conf","HostnamePath":"/var/lib/docker/containers/a6738d9e3b3c9887a91ef939f73181707fa6ce2d18a94906814bdc942cf19536/hostname","HostsPath":"/var/lib/docker/containers/a6738d9e3b3c9887a91ef939f73181707fa6ce2d18a94906814bdc942cf19536/hosts","LogPath":"/var/lib/docker/containers/a6738d9e3b3c9887a91ef939f73181707fa6ce2d18a94906814bdc942cf19536/a6738d9e3b3c9887a91ef939f73181707fa6ce2d18a94906814bdc942cf19536-json.log","Name":"/testcontainers-ryuk-2af741d8-56d7-4d26-a9ed-fe487231d019","RestartCount":0,"Driver":"overlay2","Platform":"linux","MountLabel":"","ProcessLabel":"","AppArmorProfile":"","ExecIDs":null,"HostConfig":{"Binds":["/mnt/wsl/rancher-desktop/run/docker-mounts/ba8ab3b1-d11e-42d0-a392-10f6e7cf6356:/var/run/docker.sock:rw"],"ContainerIDFile":"","LogConfig":{"Type":"json-file","Config":{}},"NetworkMode":"bridge","PortBindings":{"8080/tcp":[{"HostIp":"","HostPort":""}]},"RestartPolicy":{"Name":"no","MaximumRetryCount":0},"AutoRemove":true,"VolumeDriver":"","VolumesFrom":[],"ConsoleSize":[0,0],"CapAdd":null,"CapDrop":null,"CgroupnsMode":"host","Dns":null,"DnsOptions":null,"DnsSearch":null,"ExtraHosts":[],"GroupAdd":null,"IpcMode":"shareable","Cgroup":"","Links":null,"OomScoreAdj":0,"PidMode":"","Privileged":true,"PublishAllPorts":false,"ReadonlyRootfs":false,"SecurityOpt":["label=disable"],"UTSMode":"","UsernsMode":"","ShmSize":67108864,"Runtime":"runc","Isolation":"","CpuShares":0,"Memory":0,"NanoCpus":0,"CgroupParent":"","BlkioWeight":0,"BlkioWeightDevice":null,"BlkioDeviceReadBps":null,"BlkioDeviceWriteBps":null,"BlkioDeviceReadIOps":null,"BlkioDeviceWriteIOps":null,"CpuPeriod":0,"CpuQuota":0,"CpuRealtimePeriod":0,"CpuRealtimeRuntime":0,"CpusetCpus":"","CpusetMems":"","Devices":null,"DeviceCgroupRules":null,"DeviceRequests":null,"MemoryReservation":0,"MemorySwap":0,"MemorySwappiness":null,"OomKillDisable":false,"PidsLimit":null,"Ulimits":null,"CpuCount":0,"CpuPercent":0,"IOMaximumIOps":0,"IOMaximumBandwidth":0,"MaskedPaths":null,"ReadonlyPaths":null},"GraphDriver":{"Data":{"LowerDir":"/var/lib/docker/overlay2/0ef67256ec16d665e8bac9c52c9b99425263e365ef5a519cf8c6f49156f385da-init/diff:/var/lib/docker/overlay2/d4853615878bd1951f87d57959b4bd057be1eff36c520de971a81aba2665be94/diff:/var/lib/docker/overlay2/a182237c73b9f391c0c0e3783b1b91c26da9541bc8f164c67bb5e3f00499895d/diff:/var/lib/docker/overlay2/bb4d6cb8d7e22895957a264c93a9f8d8707f2956c17d7e656e544f939ffd858c/diff","MergedDir":"/var/lib/docker/overlay2/0ef67256ec16d665e8bac9c52c9b99425263e365ef5a519cf8c6f49156f385da/merged","UpperDir":"/var/lib/docker/overlay2/0ef67256ec16d665e8bac9c52c9b99425263e365ef5a519cf8c6f49156f385da/diff","WorkDir":"/var/lib/docker/overlay2/0ef67256ec16d665e8bac9c52c9b99425263e365ef5a519cf8c6f49156f385da/work"},"Name":"overlay2"},"Mounts":[{"Type":"bind","Source":"/mnt/wsl/rancher-desktop/run/docker-mounts/ba8ab3b1-d11e-42d0-a392-10f6e7cf6356","Destination":"/var/run/docker.sock","Mode":"rw","RW":true,"Propagation":"rprivate"}],"Config":{"Hostname":"a6738d9e3b3c","Domainname":"","User":"","AttachStdin":false,"AttachStdout":false,"AttachStderr":false,"ExposedPorts":{"8080/tcp":{}},"Tty":false,"OpenStdin":false,"StdinOnce":false,"Env":["PATH=/usr/local/sbin:/usr/local/bin:/usr/sbin:/usr/bin:/sbin:/bin"],"Cmd":["/bin/ryuk"],"Image":"testcontainers/ryuk:0.6.0","Volumes":null,"WorkingDir":"","Entrypoint":null,"OnBuild":null,"Labels":{"org.testcontainers":"true","org.testcontainers.lang":"java","org.testcontainers.ryuk":"true","org.testcontainers.version":"1.19.4"}},"NetworkSettings":{"Bridge":"","SandboxID":"1e27d7749c11c87c9f71b4fd9b6d5d1e4417d28a4ad15851b68aa1e5758e25ff","SandboxKey":"/var/run/docker/netns/1e27d7749c11","Ports":{"8080/tcp":[{"HostIp":"0.0.0.0","HostPort":"32768"},{"HostIp":"::","HostPort":"32768"}]},"HairpinMode":false,"LinkLocalIPv6Address":"","LinkLocalIPv6PrefixLen":0,"SecondaryIPAddresses":null,"SecondaryIPv6Addresses":null,"EndpointID":"9dc13454b2a0ad5eb5fb7a839762931d82c0f9fa6bf1df4d7855c44ddda95354","Gateway":"172.17.0.1","GlobalIPv6Address":"","GlobalIPv6PrefixLen":0,"IPAddress":"172.17.0.2","IPPrefixLen":16,"IPv6Gateway":"","MacAddress":"02:42:ac:11:00:02","Networks":{"bridge":{"IPAMConfig":null,"Links":null,"Aliases":null,"MacAddress":"02:42:ac:11:00:02","NetworkID":"1ac130e340665f08278adc2a5805ecea6d0cff8254ecc7f89a55f259ed4f0432","EndpointID":"9dc13454b2a0ad5eb5fb7a839762931d82c0f9fa6bf1df4d7855c44ddda95354","Gateway":"172.17.0.1","IPAddress":"172.17.0.2","IPPrefixLen":16,"IPv6Gateway":"","GlobalIPv6Address":"","GlobalIPv6PrefixLen":0,"DriverOpts":null,"DNSNames":null}}}}[\n]"
http-outgoing-0 << "[\r][\n]"
http-outgoing-0 << HTTP/1.1 200 OK
http-outgoing-0 << Api-Version: 1.45
http-outgoing-0 << Content-Type: application/json
http-outgoing-0 << Date: Mon, 23 Sep 2024 08:40:48 GMT
http-outgoing-0 << Docker-Experimental: false
http-outgoing-0 << Ostype: linux
http-outgoing-0 << Server: Docker/26.1.5 (linux)
http-outgoing-0 << Transfer-Encoding: chunked
ex-00000006: connection can be kept alive for 3 MINUTES
http-outgoing-0 << "0[\r][\n]"
http-outgoing-0 << "[\r][\n]"
ep-00000005: releasing valid endpoint
ep-00000005: releasing endpoint
ep-00000005: connection http-outgoing-0 can be kept alive for 3 MINUTES
ep-00000005: connection released [route: {}->unix://localhost:2375][total available: 1; route allocated: 1 of 2147483647; total allocated: 1 of 2147483647]
Cmd: sha256:71009a3edde7c6988eb3a3b51c9dc3cacc154494ca7e5e33ed567a38bf75c130
ex-00000007: preparing request execution
Cookie spec selected: strict
Auth cache not set in the context
ex-00000007: target auth state: UNCHALLENGED
ex-00000007: proxy auth state: UNCHALLENGED
ex-00000007: acquiring connection with route {}->unix://localhost:2375
ex-00000007: acquiring endpoint (3 MINUTES)
ex-00000007: endpoint lease request (3 MINUTES) [route: {}->unix://localhost:2375][total available: 1; route allocated: 1 of 2147483647; total allocated: 1 of 2147483647]
ex-00000007: endpoint leased [route: {}->unix://localhost:2375][total available: 0; route allocated: 1 of 2147483647; total allocated: 1 of 2147483647]
ex-00000007: acquired ep-00000006
ex-00000007: acquired endpoint ep-00000006
ex-00000007: executing GET /v1.32/images/sha256:71009a3edde7c6988eb3a3b51c9dc3cacc154494ca7e5e33ed567a38bf75c130/json HTTP/1.1
ep-00000006: start execution ex-00000007
ep-00000006: executing exchange ex-00000007 over http-outgoing-0
http-outgoing-0 >> GET /v1.32/images/sha256:71009a3edde7c6988eb3a3b51c9dc3cacc154494ca7e5e33ed567a38bf75c130/json HTTP/1.1
http-outgoing-0 >> accept: application/json
http-outgoing-0 >> x-tc-sid: 2af741d8-56d7-4d26-a9ed-fe487231d019
http-outgoing-0 >> User-Agent: tc-java/1.19.4
http-outgoing-0 >> Accept-Encoding: gzip, x-gzip, deflate
http-outgoing-0 >> Host: localhost:2375
http-outgoing-0 >> Connection: keep-alive
http-outgoing-0 >> "GET /v1.32/images/sha256:71009a3edde7c6988eb3a3b51c9dc3cacc154494ca7e5e33ed567a38bf75c130/json HTTP/1.1[\r][\n]"
http-outgoing-0 >> "accept: application/json[\r][\n]"
http-outgoing-0 >> "x-tc-sid: 2af741d8-56d7-4d26-a9ed-fe487231d019[\r][\n]"
http-outgoing-0 >> "User-Agent: tc-java/1.19.4[\r][\n]"
http-outgoing-0 >> "Accept-Encoding: gzip, x-gzip, deflate[\r][\n]"
http-outgoing-0 >> "Host: localhost:2375[\r][\n]"
http-outgoing-0 >> "Connection: keep-alive[\r][\n]"
http-outgoing-0 >> "[\r][\n]"
http-outgoing-0 << "HTTP/1.1 200 OK[\r][\n]"
http-outgoing-0 << "Api-Version: 1.45[\r][\n]"
http-outgoing-0 << "Content-Length: 1986[\r][\n]"
http-outgoing-0 << "Content-Type: application/json[\r][\n]"
http-outgoing-0 << "Date: Mon, 23 Sep 2024 08:40:48 GMT[\r][\n]"
http-outgoing-0 << "Docker-Experimental: false[\r][\n]"
http-outgoing-0 << "Ostype: linux[\r][\n]"
http-outgoing-0 << "Server: Docker/26.1.5 (linux)[\r][\n]"
http-outgoing-0 << "[\r][\n]"
http-outgoing-0 << "{"Id":"sha256:71009a3edde7c6988eb3a3b51c9dc3cacc154494ca7e5e33ed567a38bf75c130","RepoTags":["testcontainers/ryuk:0.6.0"],"RepoDigests":["testcontainers/ryuk@sha256:739f19eb83b1710f22ff452d7bec9cdd3f53d0ba5ff4096c6516a85de88eba0c"],"Parent":"","Comment":"buildkit.dockerfile.v0","Created":"2023-12-21T14:31:54.932730965Z","ContainerConfig":{"Hostname":"","Domainname":"","User":"","AttachStdin":false,"AttachStdout":false,"AttachStderr":false,"Tty":false,"OpenStdin":false,"StdinOnce":false,"Env":null,"Cmd":null,"Image":"","Volumes":null,"WorkingDir":"","Entrypoint":null,"OnBuild":null,"Labels":null},"DockerVersion":"","Author":"","Config":{"Hostname":"","Domainname":"","User":"","AttachStdin":false,"AttachStdout":false,"AttachStderr":false,"Tty":false,"OpenStdin":false,"StdinOnce":false,"Env":["PATH=/usr/local/sbin:/usr/local/bin:/usr/sbin:/usr/bin:/sbin:/bin"],"Cmd":["/bin/ryuk"],"ArgsEscaped":true,"Image":"","Volumes":null,"WorkingDir":"","Entrypoint":null,"OnBuild":null,"Labels":{"org.testcontainers.ryuk":"true"}},"Architecture":"amd64","Os":"linux","Size":14910170,"VirtualSize":14910170,"GraphDriver":{"Data":{"LowerDir":"/var/lib/docker/overlay2/a182237c73b9f391c0c0e3783b1b91c26da9541bc8f164c67bb5e3f00499895d/diff:/var/lib/docker/overlay2/bb4d6cb8d7e22895957a264c93a9f8d8707f2956c17d7e656e544f939ffd858c/diff","MergedDir":"/var/lib/docker/overlay2/d4853615878bd1951f87d57959b4bd057be1eff36c520de971a81aba2665be94/merged","UpperDir":"/var/lib/docker/overlay2/d4853615878bd1951f87d57959b4bd057be1eff36c520de971a81aba2665be94/diff","WorkDir":"/var/lib/docker/overlay2/d4853615878bd1951f87d57959b4bd057be1eff36c520de971a81aba2665be94/work"},"Name":"overlay2"},"RootFS":{"Type":"layers","Layers":["sha256:5af4f8f59b764c64c6def53f52ada809fe38d528441d08d01c206dfb3fc3b691","sha256:441e615457db588f9a8ad1074757b91a6a41f41532ec2cebc91729e35d52282a","sha256:dc4589c0b9e63879470d37ff459dcb82dab28afd4321f989b8aa02a0c6bcb2bf"]},"Metadata":{"LastTagTime":"0001-01-01T00:00:00Z"}}[\n]"
http-outgoing-0 << HTTP/1.1 200 OK
http-outgoing-0 << Api-Version: 1.45
http-outgoing-0 << Content-Length: 1986
http-outgoing-0 << Content-Type: application/json
http-outgoing-0 << Date: Mon, 23 Sep 2024 08:40:48 GMT
http-outgoing-0 << Docker-Experimental: false
http-outgoing-0 << Ostype: linux
http-outgoing-0 << Server: Docker/26.1.5 (linux)
ex-00000007: connection can be kept alive for 3 MINUTES
ep-00000006: releasing valid endpoint
ep-00000006: releasing endpoint
ep-00000006: connection http-outgoing-0 can be kept alive for 3 MINUTES
ep-00000006: connection released [route: {}->unix://localhost:2375][total available: 1; route allocated: 1 of 2147483647; total allocated: 1 of 2147483647]
Cmd: 
ex-00000008: preparing request execution
Cookie spec selected: strict
Auth cache not set in the context
ex-00000008: target auth state: UNCHALLENGED
ex-00000008: proxy auth state: UNCHALLENGED
ex-00000008: acquiring connection with route {}->unix://localhost:2375
ex-00000008: acquiring endpoint (3 MINUTES)
ex-00000008: endpoint lease request (3 MINUTES) [route: {}->unix://localhost:2375][total available: 1; route allocated: 1 of 2147483647; total allocated: 1 of 2147483647]
ex-00000008: endpoint leased [route: {}->unix://localhost:2375][total available: 0; route allocated: 1 of 2147483647; total allocated: 1 of 2147483647]
ex-00000008: acquired ep-00000007
ex-00000008: acquired endpoint ep-00000007
ex-00000008: executing GET /v1.32/version HTTP/1.1
ep-00000007: start execution ex-00000008
ep-00000007: executing exchange ex-00000008 over http-outgoing-0
http-outgoing-0 >> GET /v1.32/version HTTP/1.1
http-outgoing-0 >> accept: application/json
http-outgoing-0 >> x-tc-sid: 2af741d8-56d7-4d26-a9ed-fe487231d019
http-outgoing-0 >> User-Agent: tc-java/1.19.4
http-outgoing-0 >> Accept-Encoding: gzip, x-gzip, deflate
http-outgoing-0 >> Host: localhost:2375
http-outgoing-0 >> Connection: keep-alive
http-outgoing-0 >> "GET /v1.32/version HTTP/1.1[\r][\n]"
http-outgoing-0 >> "accept: application/json[\r][\n]"
http-outgoing-0 >> "x-tc-sid: 2af741d8-56d7-4d26-a9ed-fe487231d019[\r][\n]"
http-outgoing-0 >> "User-Agent: tc-java/1.19.4[\r][\n]"
http-outgoing-0 >> "Accept-Encoding: gzip, x-gzip, deflate[\r][\n]"
http-outgoing-0 >> "Host: localhost:2375[\r][\n]"
http-outgoing-0 >> "Connection: keep-alive[\r][\n]"
http-outgoing-0 >> "[\r][\n]"
http-outgoing-0 << "HTTP/1.1 200 OK[\r][\n]"
http-outgoing-0 << "Api-Version: 1.45[\r][\n]"
http-outgoing-0 << "Content-Length: 915[\r][\n]"
http-outgoing-0 << "Content-Type: application/json[\r][\n]"
http-outgoing-0 << "Date: Mon, 23 Sep 2024 08:40:48 GMT[\r][\n]"
http-outgoing-0 << "Docker-Experimental: false[\r][\n]"
http-outgoing-0 << "Ostype: linux[\r][\n]"
http-outgoing-0 << "Server: Docker/26.1.5 (linux)[\r][\n]"
http-outgoing-0 << "[\r][\n]"
http-outgoing-0 << "{"Platform":{"Name":""},"Components":[{"Name":"Engine","Version":"26.1.5","Details":{"ApiVersion":"1.45","Arch":"amd64","BuildTime":"2024-07-26T17:51:06.000000000+00:00","Experimental":"false","GitCommit":"411e817ddf710ff8e08fa193da80cb78af708191","GoVersion":"go1.22.5","KernelVersion":"5.15.153.1-microsoft-standard-WSL2","MinAPIVersion":"1.24","Os":"linux"}},{"Name":"containerd","Version":"v1.7.17","Details":{"GitCommit":"3a4de459a68952ffb703bbe7f2290861a75b6b67"}},{"Name":"runc","Version":"1.1.12","Details":{"GitCommit":"51d5e94601ceffbbd85688df1c928ecccbfa4685"}},{"Name":"docker-init","Version":"0.19.0","Details":{"GitCommit":""}}],"Version":"26.1.5","ApiVersion":"1.45","MinAPIVersion":"1.24","GitCommit":"411e817ddf710ff8e08fa193da80cb78af708191","GoVersion":"go1.22.5","Os":"linux","Arch":"amd64","KernelVersion":"5.15.153.1-microsoft-standard-WSL2","BuildTime":"2024-07-26T17:51:06.000000000+00:00"}[\n]"
http-outgoing-0 << HTTP/1.1 200 OK
http-outgoing-0 << Api-Version: 1.45
http-outgoing-0 << Content-Length: 915
http-outgoing-0 << Content-Type: application/json
http-outgoing-0 << Date: Mon, 23 Sep 2024 08:40:48 GMT
http-outgoing-0 << Docker-Experimental: false
http-outgoing-0 << Ostype: linux
http-outgoing-0 << Server: Docker/26.1.5 (linux)
ex-00000008: connection can be kept alive for 3 MINUTES
ep-00000007: releasing valid endpoint
ep-00000007: releasing endpoint
ep-00000007: connection http-outgoing-0 can be kept alive for 3 MINUTES
ep-00000007: connection released [route: {}->unix://localhost:2375][total available: 1; route allocated: 1 of 2147483647; total allocated: 1 of 2147483647]
ex-00000009: preparing request execution
Cookie spec selected: strict
Auth cache not set in the context
ex-00000009: target auth state: UNCHALLENGED
ex-00000009: proxy auth state: UNCHALLENGED
ex-00000009: acquiring connection with route {}->unix://localhost:2375
ex-00000009: acquiring endpoint (3 MINUTES)
ex-00000009: endpoint lease request (3 MINUTES) [route: {}->unix://localhost:2375][total available: 1; route allocated: 1 of 2147483647; total allocated: 1 of 2147483647]
ex-00000009: endpoint leased [route: {}->unix://localhost:2375][total available: 0; route allocated: 1 of 2147483647; total allocated: 1 of 2147483647]
ex-00000009: acquired ep-00000008
ex-00000009: acquired endpoint ep-00000008
ex-00000009: executing GET /v1.32/containers/a6738d9e3b3c9887a91ef939f73181707fa6ce2d18a94906814bdc942cf19536/logs?stdout=true&stderr=true&follow=true&since=0 HTTP/1.1
ep-00000008: start execution ex-00000009
ep-00000008: executing exchange ex-00000009 over http-outgoing-0
http-outgoing-0 >> GET /v1.32/containers/a6738d9e3b3c9887a91ef939f73181707fa6ce2d18a94906814bdc942cf19536/logs?stdout=true&stderr=true&follow=true&since=0 HTTP/1.1
http-outgoing-0 >> x-tc-sid: 2af741d8-56d7-4d26-a9ed-fe487231d019
http-outgoing-0 >> User-Agent: tc-java/1.19.4
http-outgoing-0 >> Accept-Encoding: gzip, x-gzip, deflate
http-outgoing-0 >> Host: localhost:2375
http-outgoing-0 >> Connection: keep-alive
http-outgoing-0 >> "GET /v1.32/containers/a6738d9e3b3c9887a91ef939f73181707fa6ce2d18a94906814bdc942cf19536/logs?stdout=true&stderr=true&follow=true&since=0 HTTP/1.1[\r][\n]"
http-outgoing-0 >> "x-tc-sid: 2af741d8-56d7-4d26-a9ed-fe487231d019[\r][\n]"
http-outgoing-0 >> "User-Agent: tc-java/1.19.4[\r][\n]"
http-outgoing-0 >> "Accept-Encoding: gzip, x-gzip, deflate[\r][\n]"
http-outgoing-0 >> "Host: localhost:2375[\r][\n]"
http-outgoing-0 >> "Connection: keep-alive[\r][\n]"
http-outgoing-0 >> "[\r][\n]"
http-outgoing-0 << "HTTP/1.1 200 OK[\r][\n]"
http-outgoing-0 << "Api-Version: 1.45[\r][\n]"
http-outgoing-0 << "Content-Type: application/vnd.docker.raw-stream[\r][\n]"
http-outgoing-0 << "Date: Mon, 23 Sep 2024 08:40:48 GMT[\r][\n]"
http-outgoing-0 << "Docker-Experimental: false[\r][\n]"
http-outgoing-0 << "Ostype: linux[\r][\n]"
http-outgoing-0 << "Server: Docker/26.1.5 (linux)[\r][\n]"
http-outgoing-0 << "Transfer-Encoding: chunked[\r][\n]"
http-outgoing-0 << "[\r][\n]"
http-outgoing-0 << HTTP/1.1 200 OK
http-outgoing-0 << Api-Version: 1.45
http-outgoing-0 << Content-Type: application/vnd.docker.raw-stream
http-outgoing-0 << Date: Mon, 23 Sep 2024 08:40:48 GMT
http-outgoing-0 << Docker-Experimental: false
http-outgoing-0 << Ostype: linux
http-outgoing-0 << Server: Docker/26.1.5 (linux)
http-outgoing-0 << Transfer-Encoding: chunked
ex-00000009: connection can be kept alive for 3 MINUTES
http-outgoing-0 << "c0[\r][\n]"
http-outgoing-0 << "[0x2][0x0][0x0][0x0][0x0][0x0][0x0]&2024/09/23 08:40:48 Pinging Docker...[\n]"
http-outgoing-0 << "[0x2][0x0][0x0][0x0][0x0][0x0][0x0]02024/09/23 08:40:48 Docker daemon is available![\n]"
http-outgoing-0 << "[0x2][0x0][0x0][0x0][0x0][0x0][0x0]-2024/09/23 08:40:48 Starting on port 8080...[\n]"
http-outgoing-0 << "[0x2][0x0][0x0][0x0][0x0][0x0][0x0][0x1d]2024/09/23 08:40:48 Started![\n]"
http-outgoing-0 << "[\r][\n]"
STDERR: 2024/09/23 08:40:48 Pinging Docker...
STDERR: 2024/09/23 08:40:48 Started!
ep-00000008: cancel
http-outgoing-0 << "[read] I/O error: null"
http-outgoing-0 << "[read] I/O error: null"
http-outgoing-0: close connection IMMEDIATE
ep-00000008: endpoint closed
ep-00000008: discarding endpoint
ep-00000008: releasing endpoint
ep-00000008: connection is not kept alive
ep-00000008: connection released [route: {}->unix://localhost:2375][total available: 0; route allocated: 0 of 2147483647; total allocated: 0 of 2147483647]
Container testcontainers/ryuk:0.6.0 started in PT1.19403287S
Failed to close the response
java.nio.channels.ClosedChannelException: null
	at java.base/sun.nio.ch.SocketChannelImpl.ensureOpenAndConnected(SocketChannelImpl.java:215)
	at java.base/sun.nio.ch.SocketChannelImpl.read(SocketChannelImpl.java:403)
	at java.base/sun.nio.ch.ChannelInputStream.read(ChannelInputStream.java:59)
	at java.base/sun.nio.ch.ChannelInputStream.read(ChannelInputStream.java:107)
	at java.base/sun.nio.ch.ChannelInputStream.read(ChannelInputStream.java:101)
	at com.github.dockerjava.zerodep.shaded.org.apache.hc.client5.http.impl.io.LoggingInputStream.read(LoggingInputStream.java:81)
	at com.github.dockerjava.zerodep.shaded.org.apache.hc.core5.http.impl.io.SessionInputBufferImpl.fillBuffer(SessionInputBufferImpl.java:149)
	at com.github.dockerjava.zerodep.shaded.org.apache.hc.core5.http.impl.io.SessionInputBufferImpl.readLine(SessionInputBufferImpl.java:280)
	at com.github.dockerjava.zerodep.shaded.org.apache.hc.core5.http.impl.io.ChunkedInputStream.getChunkSize(ChunkedInputStream.java:261)
	at com.github.dockerjava.zerodep.shaded.org.apache.hc.core5.http.impl.io.ChunkedInputStream.nextChunk(ChunkedInputStream.java:222)
	at com.github.dockerjava.zerodep.shaded.org.apache.hc.core5.http.impl.io.ChunkedInputStream.read(ChunkedInputStream.java:147)
	at com.github.dockerjava.zerodep.shaded.org.apache.hc.core5.http.impl.io.ChunkedInputStream.close(ChunkedInputStream.java:314)
	at com.github.dockerjava.zerodep.shaded.org.apache.hc.core5.io.Closer.close(Closer.java:48)
	at com.github.dockerjava.zerodep.shaded.org.apache.hc.core5.http.impl.io.IncomingHttpEntity.close(IncomingHttpEntity.java:111)
	at com.github.dockerjava.zerodep.shaded.org.apache.hc.core5.http.io.entity.HttpEntityWrapper.close(HttpEntityWrapper.java:120)
	at com.github.dockerjava.zerodep.shaded.org.apache.hc.core5.io.Closer.close(Closer.java:48)
	at com.github.dockerjava.zerodep.shaded.org.apache.hc.core5.http.message.BasicClassicHttpResponse.close(BasicClassicHttpResponse.java:93)
	at com.github.dockerjava.zerodep.shaded.org.apache.hc.client5.http.impl.classic.CloseableHttpResponse.close(CloseableHttpResponse.java:200)
	at com.github.dockerjava.zerodep.ApacheDockerHttpClientImpl$ApacheResponse.close(ApacheDockerHttpClientImpl.java:256)
	at org.testcontainers.shaded.com.github.dockerjava.core.DefaultInvocationBuilder.lambda$executeAndStream$1(DefaultInvocationBuilder.java:277)
	at java.base/java.lang.Thread.run(Thread.java:840)
Sending 'label=org.testcontainers%3Dtrue&label=org.testcontainers.lang%3Djava&label=org.testcontainers.version%3D1.19.4&label=org.testcontainers.sessionId%3D2af741d8-56d7-4d26-a9ed-fe487231d019' to Ryuk
Received 'ACK' from Ryuk
No prefix is configured
Did not find a substitute image for alpine:3.16 (using image substitutor: DefaultImageNameSubstitutor (composite of 'ConfigurationFileImageNameSubstitutor' and 'PrefixingImageNameSubstitutor'))
Using locally available and not pulling image: alpine:3.16
Looking up auth config for image: alpine:3.16 at registry: https://index.docker.io/v1/
Cached auth found: [AuthConfig{username=davidmilligan, password=hidden non-blank value, auth=blank, email=null, registryAddress=https://index.docker.io/v1/, registryToken=blank}]
Effective auth config [AuthConfig{username=davidmilligan, password=hidden non-blank value, auth=blank, email=null, registryAddress=https://index.docker.io/v1/, registryToken=blank}]
Copying classpath resource(s) from jar:file:/home/david/.m2/repository/org/testcontainers/testcontainers/1.19.4/testcontainers-1.19.4.jar!/org/testcontainers/utility/ResourceReaper.class to /tmp/.testcontainers-tmp-2582074570279739831 to permit Docker to bind
Copying resource org/testcontainers/utility/ResourceReaper.class from JAR file /home/david/.m2/repository/org/testcontainers/testcontainers/1.19.4/testcontainers-1.19.4.jar
Cmd: org.testcontainers.shaded.com.github.dockerjava.core.command.CreateContainerCmdImpl@6b410923[aliases=<null>,argsEscaped=<null>,attachStderr=<null>,attachStdin=<null>,attachStdout=<null>,authConfig=AuthConfig(username=davidmilligan, email=null, registryAddress=https://index.docker.io/v1/, stackOrchestrator=null),cmd=<null>,domainName=<null>,entrypoint=<null>,env=<null>,exposedPorts=ExposedPorts(exposedPorts=[]),healthcheck=<null>,hostConfig=HostConfig(binds=[/tmp/.testcontainers-tmp-2582074570279739831:/dummy:ro], blkioWeight=null, blkioWeightDevice=null, blkioDeviceReadBps=null, blkioDeviceWriteBps=null, blkioDeviceReadIOps=null, blkioDeviceWriteIOps=null, memorySwappiness=null, nanoCPUs=null, capAdd=null, capDrop=null, containerIDFile=null, cpuPeriod=null, cpuRealtimePeriod=null, cpuRealtimeRuntime=null, cpuShares=null, cpuQuota=null, cpusetCpus=null, cpusetMems=null, devices=null, deviceCgroupRules=null, deviceRequests=null, diskQuota=null, dns=null, dnsOptions=null, dnsSearch=null, extraHosts=null, groupAdd=null, ipcMode=null, cgroup=null, links=[], logConfig=LogConfig(type=null, config=null), lxcConf=null, memory=null, memorySwap=null, memoryReservation=null, kernelMemory=null, networkMode=null, oomKillDisable=null, init=null, autoRemove=null, oomScoreAdj=null, portBindings=null, privileged=null, publishAllPorts=null, readonlyRootfs=null, restartPolicy=null, ulimits=null, cpuCount=null, cpuPercent=null, ioMaximumIOps=null, ioMaximumBandwidth=null, volumesFrom=null, mounts=null, pidMode=null, isolation=null, securityOpts=null, storageOpt=null, cgroupParent=null, volumeDriver=null, shmSize=null, pidsLimit=null, runtime=null, tmpFs=null, utSMode=null, usernsMode=null, sysctls=null, consoleSize=null, cgroupnsMode=null),hostName=<null>,image=alpine:3.16,ipv4Address=<null>,ipv6Address=<null>,labels={org.testcontainers=true, org.testcontainers.lang=java, org.testcontainers.version=1.19.4, org.testcontainers.sessionId=2af741d8-56d7-4d26-a9ed-fe487231d019},macAddress=<null>,name=<null>,networkDisabled=<null>,networkingConfig=<null>,onBuild=<null>,platform=<null>,portSpecs=<null>,shell=<null>,stdInOnce=<null>,stdinOpen=<null>,stopSignal=<null>,stopTimeout=<null>,tty=<null>,user=<null>,volumes=Volumes(volumes=[]),workingDir=<null>]
ex-0000000A: preparing request execution
Cookie spec selected: strict
Auth cache not set in the context
ex-0000000A: target auth state: UNCHALLENGED
ex-0000000A: proxy auth state: UNCHALLENGED
ex-0000000A: acquiring connection with route {}->unix://localhost:2375
ex-0000000A: acquiring endpoint (3 MINUTES)
ex-0000000A: endpoint lease request (3 MINUTES) [route: {}->unix://localhost:2375][total available: 0; route allocated: 0 of 2147483647; total allocated: 0 of 2147483647]
ex-0000000A: endpoint leased [route: {}->unix://localhost:2375][total available: 0; route allocated: 1 of 2147483647; total allocated: 1 of 2147483647]
ex-0000000A: acquired ep-00000009
ex-0000000A: acquired endpoint ep-00000009
ex-0000000A: opening connection {}->unix://localhost:2375
ep-00000009: connecting endpoint (3 MINUTES)
ep-00000009: connecting endpoint to unix://localhost:2375 (3 MINUTES)
http-outgoing-1: connecting to localhost/127.0.0.1:2375
http-outgoing-1: connection established /var/run/docker.sock<->/var/run/docker.sock
ep-00000009: connected http-outgoing-1
ep-00000009: endpoint connected
ex-0000000A: executing POST /v1.32/containers/create HTTP/1.1
ep-00000009: start execution ex-0000000A
ep-00000009: executing exchange ex-0000000A over http-outgoing-1
http-outgoing-1 >> POST /v1.32/containers/create HTTP/1.1
http-outgoing-1 >> X-Registry-Auth: eyJ1c2VybmFtZSI6ImRhdmlkbWlsbGlnYW4iLCJwYXNzd29yZCI6IkRnbTQyNTNkaDEhIiwiZW1haWwiOm51bGwsInNlcnZlcmFkZHJlc3MiOiJodHRwczovL2luZGV4LmRvY2tlci5pby92MS8iLCJhdXRoIjpudWxsLCJyZWdpc3RyeXRva2VuIjpudWxsLCJpZGVudGl0eXRva2VuIjpudWxsLCJzdGFja09yY2hlc3RyYXRvciI6bnVsbH0=
http-outgoing-1 >> accept: application/json
http-outgoing-1 >> content-type: application/json
http-outgoing-1 >> x-tc-sid: 2af741d8-56d7-4d26-a9ed-fe487231d019
http-outgoing-1 >> User-Agent: tc-java/1.19.4
http-outgoing-1 >> Accept-Encoding: gzip, x-gzip, deflate
http-outgoing-1 >> Content-Length: 1979
http-outgoing-1 >> Host: localhost:2375
http-outgoing-1 >> Connection: keep-alive
http-outgoing-1 >> "POST /v1.32/containers/create HTTP/1.1[\r][\n]"
http-outgoing-1 >> "X-Registry-Auth: eyJ1c2VybmFtZSI6ImRhdmlkbWlsbGlnYW4iLCJwYXNzd29yZCI6IkRnbTQyNTNkaDEhIiwiZW1haWwiOm51bGwsInNlcnZlcmFkZHJlc3MiOiJodHRwczovL2luZGV4LmRvY2tlci5pby92MS8iLCJhdXRoIjpudWxsLCJyZWdpc3RyeXRva2VuIjpudWxsLCJpZGVudGl0eXRva2VuIjpudWxsLCJzdGFja09yY2hlc3RyYXRvciI6bnVsbH0=[\r][\n]"
http-outgoing-1 >> "accept: application/json[\r][\n]"
http-outgoing-1 >> "content-type: application/json[\r][\n]"
http-outgoing-1 >> "x-tc-sid: 2af741d8-56d7-4d26-a9ed-fe487231d019[\r][\n]"
http-outgoing-1 >> "User-Agent: tc-java/1.19.4[\r][\n]"
http-outgoing-1 >> "Accept-Encoding: gzip, x-gzip, deflate[\r][\n]"
http-outgoing-1 >> "Content-Length: 1979[\r][\n]"
http-outgoing-1 >> "Host: localhost:2375[\r][\n]"
http-outgoing-1 >> "Connection: keep-alive[\r][\n]"
http-outgoing-1 >> "[\r][\n]"
http-outgoing-1 >> "{"Hostname":null,"Domainname":null,"User":null,"AttachStdin":null,"AttachStdout":null,"AttachStderr":null,"PortSpecs":null,"Tty":null,"OpenStdin":null,"StdinOnce":null,"Env":null,"Cmd":null,"Healthcheck":null,"ArgsEscaped":null,"Entrypoint":null,"Image":"alpine:3.16","Volumes":{},"WorkingDir":null,"MacAddress":null,"OnBuild":null,"NetworkDisabled":null,"ExposedPorts":{},"StopSignal":null,"StopTimeout":null,"HostConfig":{"Binds":["/tmp/.testcontainers-tmp-2582074570279739831:/dummy:ro"],"BlkioWeight":null,"BlkioWeightDevice":null,"BlkioDeviceReadBps":null,"BlkioDeviceWriteBps":null,"BlkioDeviceReadIOps":null,"BlkioDeviceWriteIOps":null,"MemorySwappiness":null,"NanoCpus":null,"CapAdd":null,"CapDrop":null,"ContainerIDFile":null,"CpuPeriod":null,"CpuRealtimePeriod":null,"CpuRealtimeRuntime":null,"CpuShares":null,"CpuQuota":null,"CpusetCpus":null,"CpusetMems":null,"Devices":null,"DeviceCgroupRules":null,"DeviceRequests":null,"DiskQuota":null,"Dns":null,"DnsOptions":null,"DnsSearch":null,"ExtraHosts":null,"GroupAdd":null,"IpcMode":null,"Cgroup":null,"Links":null,"LogConfig":null,"LxcConf":null,"Memory":null,"MemorySwap":null,"MemoryReservation":null,"KernelMemory":null,"NetworkMode":null,"OomKillDisable":null,"Init":null,"AutoRemove":null,"OomScoreAdj":null,"PortBindings":null,"Privileged":null,"PublishAllPorts":null,"ReadonlyRootfs":null,"RestartPolicy":null,"Ulimits":null,"CpuCount":null,"CpuPercent":null,"IOMaximumIOps":null,"IOMaximumBandwidth":null,"VolumesFrom":null,"Mounts":null,"PidMode":null,"Isolation":null,"SecurityOpt":null,"StorageOpt":null,"CgroupParent":null,"VolumeDriver":null,"ShmSize":null,"PidsLimit":null,"Runtime":null,"Tmpfs":null,"UTSMode":null,"UsernsMode":null,"Sysctls":null,"ConsoleSize":null,"CgroupnsMode":null},"Labels":{"org.testcontainers":"true","org.testcontainers.lang":"java","org.testcontainers.version":"1.19.4","org.testcontainers.sessionId":"2af741d8-56d7-4d26-a9ed-fe487231d019"},"Shell":null,"NetworkingConfig":null}"
http-outgoing-1 << "HTTP/1.1 201 Created[\r][\n]"
http-outgoing-1 << "Api-Version: 1.45[\r][\n]"
http-outgoing-1 << "Content-Length: 88[\r][\n]"
http-outgoing-1 << "Content-Type: application/json[\r][\n]"
http-outgoing-1 << "Date: Mon, 23 Sep 2024 08:40:48 GMT[\r][\n]"
http-outgoing-1 << "Docker-Experimental: false[\r][\n]"
http-outgoing-1 << "Ostype: linux[\r][\n]"
http-outgoing-1 << "Server: Docker/26.1.5 (linux)[\r][\n]"
http-outgoing-1 << "[\r][\n]"
http-outgoing-1 << "{"Id":"fdfde0e18593d12e133836142d4f8a5f523451e89143720716adc06f3bcc3d38","Warnings":[]}[\n]"
http-outgoing-1 << HTTP/1.1 201 Created
http-outgoing-1 << Api-Version: 1.45
http-outgoing-1 << Content-Length: 88
http-outgoing-1 << Content-Type: application/json
http-outgoing-1 << Date: Mon, 23 Sep 2024 08:40:48 GMT
http-outgoing-1 << Docker-Experimental: false
http-outgoing-1 << Ostype: linux
http-outgoing-1 << Server: Docker/26.1.5 (linux)
ex-0000000A: connection can be kept alive for 3 MINUTES
ep-00000009: releasing valid endpoint
ep-00000009: releasing endpoint
ep-00000009: connection http-outgoing-1 can be kept alive for 3 MINUTES
ep-00000009: connection released [route: {}->unix://localhost:2375][total available: 1; route allocated: 1 of 2147483647; total allocated: 1 of 2147483647]
Cmd: fdfde0e18593d12e133836142d4f8a5f523451e89143720716adc06f3bcc3d38
ex-0000000B: preparing request execution
Cookie spec selected: strict
Auth cache not set in the context
ex-0000000B: target auth state: UNCHALLENGED
ex-0000000B: proxy auth state: UNCHALLENGED
ex-0000000B: acquiring connection with route {}->unix://localhost:2375
ex-0000000B: acquiring endpoint (3 MINUTES)
ex-0000000B: endpoint lease request (3 MINUTES) [route: {}->unix://localhost:2375][total available: 1; route allocated: 1 of 2147483647; total allocated: 1 of 2147483647]
ex-0000000B: endpoint leased [route: {}->unix://localhost:2375][total available: 0; route allocated: 1 of 2147483647; total allocated: 1 of 2147483647]
ex-0000000B: acquired ep-0000000A
ex-0000000B: acquired endpoint ep-0000000A
ex-0000000B: executing POST /v1.32/containers/fdfde0e18593d12e133836142d4f8a5f523451e89143720716adc06f3bcc3d38/start HTTP/1.1
ep-0000000A: start execution ex-0000000B
ep-0000000A: executing exchange ex-0000000B over http-outgoing-1
http-outgoing-1 >> POST /v1.32/containers/fdfde0e18593d12e133836142d4f8a5f523451e89143720716adc06f3bcc3d38/start HTTP/1.1
http-outgoing-1 >> accept: application/json
http-outgoing-1 >> content-type: application/json
http-outgoing-1 >> x-tc-sid: 2af741d8-56d7-4d26-a9ed-fe487231d019
http-outgoing-1 >> User-Agent: tc-java/1.19.4
http-outgoing-1 >> Accept-Encoding: gzip, x-gzip, deflate
http-outgoing-1 >> Host: localhost:2375
http-outgoing-1 >> Connection: keep-alive
http-outgoing-1 >> "POST /v1.32/containers/fdfde0e18593d12e133836142d4f8a5f523451e89143720716adc06f3bcc3d38/start HTTP/1.1[\r][\n]"
http-outgoing-1 >> "accept: application/json[\r][\n]"
http-outgoing-1 >> "content-type: application/json[\r][\n]"
http-outgoing-1 >> "x-tc-sid: 2af741d8-56d7-4d26-a9ed-fe487231d019[\r][\n]"
http-outgoing-1 >> "User-Agent: tc-java/1.19.4[\r][\n]"
http-outgoing-1 >> "Accept-Encoding: gzip, x-gzip, deflate[\r][\n]"
http-outgoing-1 >> "Host: localhost:2375[\r][\n]"
http-outgoing-1 >> "Connection: keep-alive[\r][\n]"
http-outgoing-1 >> "[\r][\n]"
http-outgoing-1 << "HTTP/1.1 204 No Content[\r][\n]"
http-outgoing-1 << "Api-Version: 1.45[\r][\n]"
http-outgoing-1 << "Date: Mon, 23 Sep 2024 08:40:48 GMT[\r][\n]"
http-outgoing-1 << "Docker-Experimental: false[\r][\n]"
http-outgoing-1 << "Ostype: linux[\r][\n]"
http-outgoing-1 << "Server: Docker/26.1.5 (linux)[\r][\n]"
http-outgoing-1 << "[\r][\n]"
http-outgoing-1 << HTTP/1.1 204 No Content
http-outgoing-1 << Api-Version: 1.45
http-outgoing-1 << Date: Mon, 23 Sep 2024 08:40:48 GMT
http-outgoing-1 << Docker-Experimental: false
http-outgoing-1 << Ostype: linux
http-outgoing-1 << Server: Docker/26.1.5 (linux)
ex-0000000B: connection can be kept alive for 3 MINUTES
ep-0000000A: releasing valid endpoint
ep-0000000A: releasing endpoint
ep-0000000A: connection http-outgoing-1 can be kept alive for 3 MINUTES
ep-0000000A: connection released [route: {}->unix://localhost:2375][total available: 1; route allocated: 1 of 2147483647; total allocated: 1 of 2147483647]
Cmd: fdfde0e18593d12e133836142d4f8a5f523451e89143720716adc06f3bcc3d38,.,/dummy
ex-0000000C: preparing request execution
Cookie spec selected: strict
Auth cache not set in the context
ex-0000000C: target auth state: UNCHALLENGED
ex-0000000C: proxy auth state: UNCHALLENGED
ex-0000000C: acquiring connection with route {}->unix://localhost:2375
ex-0000000C: acquiring endpoint (3 MINUTES)
ex-0000000C: endpoint lease request (3 MINUTES) [route: {}->unix://localhost:2375][total available: 1; route allocated: 1 of 2147483647; total allocated: 1 of 2147483647]
ex-0000000C: endpoint leased [route: {}->unix://localhost:2375][total available: 0; route allocated: 1 of 2147483647; total allocated: 1 of 2147483647]
ex-0000000C: acquired ep-0000000B
ex-0000000C: acquired endpoint ep-0000000B
ex-0000000C: executing GET /v1.32/containers/fdfde0e18593d12e133836142d4f8a5f523451e89143720716adc06f3bcc3d38/archive?path=%2Fdummy HTTP/1.1
ep-0000000B: start execution ex-0000000C
ep-0000000B: executing exchange ex-0000000C over http-outgoing-1
http-outgoing-1 >> GET /v1.32/containers/fdfde0e18593d12e133836142d4f8a5f523451e89143720716adc06f3bcc3d38/archive?path=%2Fdummy HTTP/1.1
http-outgoing-1 >> accept: application/x-tar
http-outgoing-1 >> x-tc-sid: 2af741d8-56d7-4d26-a9ed-fe487231d019
http-outgoing-1 >> User-Agent: tc-java/1.19.4
http-outgoing-1 >> Accept-Encoding: gzip, x-gzip, deflate
http-outgoing-1 >> Host: localhost:2375
http-outgoing-1 >> Connection: keep-alive
http-outgoing-1 >> "GET /v1.32/containers/fdfde0e18593d12e133836142d4f8a5f523451e89143720716adc06f3bcc3d38/archive?path=%2Fdummy HTTP/1.1[\r][\n]"
http-outgoing-1 >> "accept: application/x-tar[\r][\n]"
http-outgoing-1 >> "x-tc-sid: 2af741d8-56d7-4d26-a9ed-fe487231d019[\r][\n]"
http-outgoing-1 >> "User-Agent: tc-java/1.19.4[\r][\n]"
http-outgoing-1 >> "Accept-Encoding: gzip, x-gzip, deflate[\r][\n]"
http-outgoing-1 >> "Host: localhost:2375[\r][\n]"
http-outgoing-1 >> "Connection: keep-alive[\r][\n]"
http-outgoing-1 >> "[\r][\n]"
http-outgoing-1 << "HTTP/1.1 500 Internal Server Error[\r][\n]"
http-outgoing-1 << "Api-Version: 1.45[\r][\n]"
http-outgoing-1 << "Content-Length: 235[\r][\n]"
http-outgoing-1 << "Content-Type: application/json[\r][\n]"
http-outgoing-1 << "Date: Mon, 23 Sep 2024 08:40:49 GMT[\r][\n]"
http-outgoing-1 << "Docker-Experimental: false[\r][\n]"
http-outgoing-1 << "Ostype: linux[\r][\n]"
http-outgoing-1 << "Server: Docker/26.1.5 (linux)[\r][\n]"
http-outgoing-1 << "[\r][\n]"
http-outgoing-1 << "{"message":"mount /mnt/wsl/rancher-desktop/run/docker-mounts/9d22194d-8d1d-4949-bf36-be8b9dee39ac:/var/lib/docker/overlay2/21ef02b6e1da4476836bac4b8304dc16d651ba9394d49d49b3f111fcb1ab92e2/merged/dummy, flags: 0x5001: not a directory"}[\n]"
http-outgoing-1 << HTTP/1.1 500 Internal Server Error
http-outgoing-1 << Api-Version: 1.45
http-outgoing-1 << Content-Length: 235
http-outgoing-1 << Content-Type: application/json
http-outgoing-1 << Date: Mon, 23 Sep 2024 08:40:49 GMT
http-outgoing-1 << Docker-Experimental: false
http-outgoing-1 << Ostype: linux
http-outgoing-1 << Server: Docker/26.1.5 (linux)
ex-0000000C: connection can be kept alive for 3 MINUTES
ep-0000000B: releasing valid endpoint
ep-0000000B: releasing endpoint
ep-0000000B: connection http-outgoing-1 can be kept alive for 3 MINUTES
ep-0000000B: connection released [route: {}->unix://localhost:2375][total available: 1; route allocated: 1 of 2147483647; total allocated: 1 of 2147483647]
Cmd: fdfde0e18593d12e133836142d4f8a5f523451e89143720716adc06f3bcc3d38,true,true
ex-0000000D: preparing request execution
Cookie spec selected: strict
Auth cache not set in the context
ex-0000000D: target auth state: UNCHALLENGED
ex-0000000D: proxy auth state: UNCHALLENGED
ex-0000000D: acquiring connection with route {}->unix://localhost:2375
ex-0000000D: acquiring endpoint (3 MINUTES)
ex-0000000D: endpoint lease request (3 MINUTES) [route: {}->unix://localhost:2375][total available: 1; route allocated: 1 of 2147483647; total allocated: 1 of 2147483647]
ex-0000000D: endpoint leased [route: {}->unix://localhost:2375][total available: 0; route allocated: 1 of 2147483647; total allocated: 1 of 2147483647]
ex-0000000D: acquired ep-0000000C
ex-0000000D: acquired endpoint ep-0000000C
ex-0000000D: executing DELETE /v1.32/containers/fdfde0e18593d12e133836142d4f8a5f523451e89143720716adc06f3bcc3d38?v=true&force=true HTTP/1.1
ep-0000000C: start execution ex-0000000D
ep-0000000C: executing exchange ex-0000000D over http-outgoing-1
http-outgoing-1 >> DELETE /v1.32/containers/fdfde0e18593d12e133836142d4f8a5f523451e89143720716adc06f3bcc3d38?v=true&force=true HTTP/1.1
http-outgoing-1 >> accept: application/json
http-outgoing-1 >> x-tc-sid: 2af741d8-56d7-4d26-a9ed-fe487231d019
http-outgoing-1 >> User-Agent: tc-java/1.19.4
http-outgoing-1 >> Accept-Encoding: gzip, x-gzip, deflate
http-outgoing-1 >> Host: localhost:2375
http-outgoing-1 >> Connection: keep-alive
http-outgoing-1 >> "DELETE /v1.32/containers/fdfde0e18593d12e133836142d4f8a5f523451e89143720716adc06f3bcc3d38?v=true&force=true HTTP/1.1[\r][\n]"
http-outgoing-1 >> "accept: application/json[\r][\n]"
http-outgoing-1 >> "x-tc-sid: 2af741d8-56d7-4d26-a9ed-fe487231d019[\r][\n]"
http-outgoing-1 >> "User-Agent: tc-java/1.19.4[\r][\n]"
http-outgoing-1 >> "Accept-Encoding: gzip, x-gzip, deflate[\r][\n]"
http-outgoing-1 >> "Host: localhost:2375[\r][\n]"
http-outgoing-1 >> "Connection: keep-alive[\r][\n]"
http-outgoing-1 >> "[\r][\n]"
http-outgoing-1 << "HTTP/1.1 204 No Content[\r][\n]"
http-outgoing-1 << "Api-Version: 1.45[\r][\n]"
http-outgoing-1 << "Date: Mon, 23 Sep 2024 08:40:49 GMT[\r][\n]"
http-outgoing-1 << "Docker-Experimental: false[\r][\n]"
http-outgoing-1 << "Ostype: linux[\r][\n]"
http-outgoing-1 << "Server: Docker/26.1.5 (linux)[\r][\n]"
http-outgoing-1 << "[\r][\n]"
http-outgoing-1 << HTTP/1.1 204 No Content
http-outgoing-1 << Api-Version: 1.45
http-outgoing-1 << Date: Mon, 23 Sep 2024 08:40:49 GMT
http-outgoing-1 << Docker-Experimental: false
http-outgoing-1 << Ostype: linux
http-outgoing-1 << Server: Docker/26.1.5 (linux)
ex-0000000D: connection can be kept alive for 3 MINUTES
ep-0000000C: releasing valid endpoint
ep-0000000C: releasing endpoint
ep-0000000C: connection http-outgoing-1 can be kept alive for 3 MINUTES
ep-0000000C: connection released [route: {}->unix://localhost:2375][total available: 1; route allocated: 1 of 2147483647; total allocated: 1 of 2147483647]
Unable to mount a file from test host into a running container. This may be a misconfiguration or limitation of your Docker environment. Some features might not work.
Cmd: org.testcontainers.shaded.com.github.dockerjava.core.command.CreateContainerCmdImpl@5bb8f9e2[aliases=<null>,argsEscaped=<null>,attachStderr=<null>,attachStdin=<null>,attachStdout=<null>,authConfig=<null>,cmd={},domainName=<null>,entrypoint=<null>,env={LS_LOG=error,LOCALSTACK_HOST=localhost,SERVICES=sqs,cloudwatch},exposedPorts=ExposedPorts(exposedPorts=[4566/tcp]),healthcheck=<null>,hostConfig=HostConfig(binds=[/var/run/docker.sock:/var/run/docker.sock:rw,z], blkioWeight=null, blkioWeightDevice=null, blkioDeviceReadBps=null, blkioDeviceWriteBps=null, blkioDeviceReadIOps=null, blkioDeviceWriteIOps=null, memorySwappiness=null, nanoCPUs=null, capAdd=null, capDrop=null, containerIDFile=null, cpuPeriod=null, cpuRealtimePeriod=null, cpuRealtimeRuntime=null, cpuShares=null, cpuQuota=null, cpusetCpus=null, cpusetMems=null, devices=null, deviceCgroupRules=null, deviceRequests=null, diskQuota=null, dns=null, dnsOptions=null, dnsSearch=null, extraHosts=[], groupAdd=null, ipcMode=null, cgroup=null, links=[], logConfig=LogConfig(type=null, config=null), lxcConf=null, memory=null, memorySwap=null, memoryReservation=null, kernelMemory=null, networkMode=null, oomKillDisable=null, init=null, autoRemove=null, oomScoreAdj=null, portBindings={4566/tcp=[Lcom.github.dockerjava.api.model.Ports$Binding;@bcb09a6}, privileged=null, publishAllPorts=null, readonlyRootfs=null, restartPolicy=null, ulimits=null, cpuCount=null, cpuPercent=null, ioMaximumIOps=null, ioMaximumBandwidth=null, volumesFrom=[], mounts=null, pidMode=null, isolation=null, securityOpts=null, storageOpt=null, cgroupParent=null, volumeDriver=null, shmSize=null, pidsLimit=null, runtime=null, tmpFs=null, utSMode=null, usernsMode=null, sysctls=null, consoleSize=null, cgroupnsMode=null),hostName=<null>,image=worker-framework-8.2.0-SNAPSHOT.project-registries.local/localstack/localstack:latest,ipv4Address=<null>,ipv6Address=<null>,labels={org.testcontainers=true, org.testcontainers.lang=java, org.testcontainers.version=1.19.4, org.testcontainers.sessionId=2af741d8-56d7-4d26-a9ed-fe487231d019},macAddress=<null>,name=<null>,networkDisabled=<null>,networkingConfig=<null>,onBuild=<null>,platform=<null>,portSpecs=<null>,shell=<null>,stdInOnce=<null>,stdinOpen=<null>,stopSignal=<null>,stopTimeout=<null>,tty=<null>,user=<null>,volumes=Volumes(volumes=[]),workingDir=<null>]
ex-0000000E: preparing request execution
Cookie spec selected: strict
Auth cache not set in the context
ex-0000000E: target auth state: UNCHALLENGED
ex-0000000E: proxy auth state: UNCHALLENGED
ex-0000000E: acquiring connection with route {}->unix://localhost:2375
ex-0000000E: acquiring endpoint (3 MINUTES)
ex-0000000E: endpoint lease request (3 MINUTES) [route: {}->unix://localhost:2375][total available: 1; route allocated: 1 of 2147483647; total allocated: 1 of 2147483647]
ex-0000000E: endpoint leased [route: {}->unix://localhost:2375][total available: 0; route allocated: 1 of 2147483647; total allocated: 1 of 2147483647]
ex-0000000E: acquired ep-0000000D
ex-0000000E: acquired endpoint ep-0000000D
ex-0000000E: executing POST /v1.32/containers/create HTTP/1.1
ep-0000000D: start execution ex-0000000E
ep-0000000D: executing exchange ex-0000000E over http-outgoing-1
http-outgoing-1 >> POST /v1.32/containers/create HTTP/1.1
http-outgoing-1 >> accept: application/json
http-outgoing-1 >> content-type: application/json
http-outgoing-1 >> x-tc-sid: 2af741d8-56d7-4d26-a9ed-fe487231d019
http-outgoing-1 >> User-Agent: tc-java/1.19.4
http-outgoing-1 >> Accept-Encoding: gzip, x-gzip, deflate
http-outgoing-1 >> Content-Length: 2154
http-outgoing-1 >> Host: localhost:2375
http-outgoing-1 >> Connection: keep-alive
http-outgoing-1 >> "POST /v1.32/containers/create HTTP/1.1[\r][\n]"
http-outgoing-1 >> "accept: application/json[\r][\n]"
http-outgoing-1 >> "content-type: application/json[\r][\n]"
http-outgoing-1 >> "x-tc-sid: 2af741d8-56d7-4d26-a9ed-fe487231d019[\r][\n]"
http-outgoing-1 >> "User-Agent: tc-java/1.19.4[\r][\n]"
http-outgoing-1 >> "Accept-Encoding: gzip, x-gzip, deflate[\r][\n]"
http-outgoing-1 >> "Content-Length: 2154[\r][\n]"
http-outgoing-1 >> "Host: localhost:2375[\r][\n]"
http-outgoing-1 >> "Connection: keep-alive[\r][\n]"
http-outgoing-1 >> "[\r][\n]"
http-outgoing-1 >> "{"Hostname":null,"Domainname":null,"User":null,"AttachStdin":null,"AttachStdout":null,"AttachStderr":null,"PortSpecs":null,"Tty":null,"OpenStdin":null,"StdinOnce":null,"Env":["LS_LOG=error","LOCALSTACK_HOST=localhost","SERVICES=sqs,cloudwatch"],"Cmd":[],"Healthcheck":null,"ArgsEscaped":null,"Entrypoint":null,"Image":"worker-framework-8.2.0-SNAPSHOT.project-registries.local/localstack/localstack:latest","Volumes":{},"WorkingDir":null,"MacAddress":null,"OnBuild":null,"NetworkDisabled":null,"ExposedPorts":{"4566/tcp":{}},"StopSignal":null,"StopTimeout":null,"HostConfig":{"Binds":["/var/run/docker.sock:/var/run/docker.sock:rw,z"],"BlkioWeight":null,"BlkioWeightDevice":null,"BlkioDeviceReadBps":null,"BlkioDeviceWriteBps":null,"BlkioDeviceReadIOps":null,"BlkioDeviceWriteIOps":null,"MemorySwappiness":null,"NanoCpus":null,"CapAdd":null,"CapDrop":null,"ContainerIDFile":null,"CpuPeriod":null,"CpuRealtimePeriod":null,"CpuRealtimeRuntime":null,"CpuShares":null,"CpuQuota":null,"CpusetCpus":null,"CpusetMems":null,"Devices":null,"DeviceCgroupRules":null,"DeviceRequests":null,"DiskQuota":null,"Dns":null,"DnsOptions":null,"DnsSearch":null,"ExtraHosts":[],"GroupAdd":null,"IpcMode":null,"Cgroup":null,"Links":[],"LogConfig":null,"LxcConf":null,"Memory":null,"MemorySwap":null,"MemoryReservation":null,"KernelMemory":null,"NetworkMode":null,"OomKillDisable":null,"Init":null,"AutoRemove":null,"OomScoreAdj":null,"PortBindings":{"4566/tcp":[{"HostIp":"","HostPort":""}]},"Privileged":null,"PublishAllPorts":null,"ReadonlyRootfs":null,"RestartPolicy":null,"Ulimits":null,"CpuCount":null,"CpuPercent":null,"IOMaximumIOps":null,"IOMaximumBandwidth":null,"VolumesFrom":[],"Mounts":null,"PidMode":null,"Isolation":null,"SecurityOpt":null,"StorageOpt":null,"CgroupParent":null,"VolumeDriver":null,"ShmSize":null,"PidsLimit":null,"Runtime":null,"Tmpfs":null,"UTSMode":null,"UsernsMode":null,"Sysctls":null,"ConsoleSize":null,"CgroupnsMode":null},"Labels":{"org.testcontainers":"true","org.testcontainers.lang":"java","org.testcontainers.version":"1.19.4","org.testcontainers.sessionId":"2af741d8-56d7-4d26-a9ed-fe487231d019"},"Shell":null,"NetworkingConfig":null}"
http-outgoing-1 << "HTTP/1.1 201 Created[\r][\n]"
http-outgoing-1 << "Api-Version: 1.45[\r][\n]"
http-outgoing-1 << "Content-Length: 88[\r][\n]"
http-outgoing-1 << "Content-Type: application/json[\r][\n]"
http-outgoing-1 << "Date: Mon, 23 Sep 2024 08:40:49 GMT[\r][\n]"
http-outgoing-1 << "Docker-Experimental: false[\r][\n]"
http-outgoing-1 << "Ostype: linux[\r][\n]"
http-outgoing-1 << "Server: Docker/26.1.5 (linux)[\r][\n]"
http-outgoing-1 << "[\r][\n]"
http-outgoing-1 << "{"Id":"870e7108028243aa4e13d233bafcebf753e3e4187e317689917502811fa0079b","Warnings":[]}[\n]"
http-outgoing-1 << HTTP/1.1 201 Created
http-outgoing-1 << Api-Version: 1.45
http-outgoing-1 << Content-Length: 88
http-outgoing-1 << Content-Type: application/json
http-outgoing-1 << Date: Mon, 23 Sep 2024 08:40:49 GMT
http-outgoing-1 << Docker-Experimental: false
http-outgoing-1 << Ostype: linux
http-outgoing-1 << Server: Docker/26.1.5 (linux)
ex-0000000E: connection can be kept alive for 3 MINUTES
ep-0000000D: releasing valid endpoint
ep-0000000D: releasing endpoint
ep-0000000D: connection http-outgoing-1 can be kept alive for 3 MINUTES
ep-0000000D: connection released [route: {}->unix://localhost:2375][total available: 1; route allocated: 1 of 2147483647; total allocated: 1 of 2147483647]
Container worker-framework-8.2.0-SNAPSHOT.project-registries.local/localstack/localstack:latest is starting: 870e7108028243aa4e13d233bafcebf753e3e4187e317689917502811fa0079b
Cmd: 870e7108028243aa4e13d233bafcebf753e3e4187e317689917502811fa0079b
ex-0000000F: preparing request execution
Cookie spec selected: strict
Auth cache not set in the context
ex-0000000F: target auth state: UNCHALLENGED
ex-0000000F: proxy auth state: UNCHALLENGED
ex-0000000F: acquiring connection with route {}->unix://localhost:2375
ex-0000000F: acquiring endpoint (3 MINUTES)
ex-0000000F: endpoint lease request (3 MINUTES) [route: {}->unix://localhost:2375][total available: 1; route allocated: 1 of 2147483647; total allocated: 1 of 2147483647]
ex-0000000F: endpoint leased [route: {}->unix://localhost:2375][total available: 0; route allocated: 1 of 2147483647; total allocated: 1 of 2147483647]
ex-0000000F: acquired ep-0000000E
ex-0000000F: acquired endpoint ep-0000000E
ex-0000000F: executing POST /v1.32/containers/870e7108028243aa4e13d233bafcebf753e3e4187e317689917502811fa0079b/start HTTP/1.1
ep-0000000E: start execution ex-0000000F
ep-0000000E: executing exchange ex-0000000F over http-outgoing-1
http-outgoing-1 >> POST /v1.32/containers/870e7108028243aa4e13d233bafcebf753e3e4187e317689917502811fa0079b/start HTTP/1.1
http-outgoing-1 >> accept: application/json
http-outgoing-1 >> content-type: application/json
http-outgoing-1 >> x-tc-sid: 2af741d8-56d7-4d26-a9ed-fe487231d019
http-outgoing-1 >> User-Agent: tc-java/1.19.4
http-outgoing-1 >> Accept-Encoding: gzip, x-gzip, deflate
http-outgoing-1 >> Host: localhost:2375
http-outgoing-1 >> Connection: keep-alive
http-outgoing-1 >> "POST /v1.32/containers/870e7108028243aa4e13d233bafcebf753e3e4187e317689917502811fa0079b/start HTTP/1.1[\r][\n]"
http-outgoing-1 >> "accept: application/json[\r][\n]"
http-outgoing-1 >> "content-type: application/json[\r][\n]"
http-outgoing-1 >> "x-tc-sid: 2af741d8-56d7-4d26-a9ed-fe487231d019[\r][\n]"
http-outgoing-1 >> "User-Agent: tc-java/1.19.4[\r][\n]"
http-outgoing-1 >> "Accept-Encoding: gzip, x-gzip, deflate[\r][\n]"
http-outgoing-1 >> "Host: localhost:2375[\r][\n]"
http-outgoing-1 >> "Connection: keep-alive[\r][\n]"
http-outgoing-1 >> "[\r][\n]"
http-outgoing-1 << "HTTP/1.1 204 No Content[\r][\n]"
http-outgoing-1 << "Api-Version: 1.45[\r][\n]"
http-outgoing-1 << "Date: Mon, 23 Sep 2024 08:40:49 GMT[\r][\n]"
http-outgoing-1 << "Docker-Experimental: false[\r][\n]"
http-outgoing-1 << "Ostype: linux[\r][\n]"
http-outgoing-1 << "Server: Docker/26.1.5 (linux)[\r][\n]"
http-outgoing-1 << "[\r][\n]"
http-outgoing-1 << HTTP/1.1 204 No Content
http-outgoing-1 << Api-Version: 1.45
http-outgoing-1 << Date: Mon, 23 Sep 2024 08:40:49 GMT
http-outgoing-1 << Docker-Experimental: false
http-outgoing-1 << Ostype: linux
http-outgoing-1 << Server: Docker/26.1.5 (linux)
ex-0000000F: connection can be kept alive for 3 MINUTES
ep-0000000E: releasing valid endpoint
ep-0000000E: releasing endpoint
ep-0000000E: connection http-outgoing-1 can be kept alive for 3 MINUTES
ep-0000000E: connection released [route: {}->unix://localhost:2375][total available: 1; route allocated: 1 of 2147483647; total allocated: 1 of 2147483647]
Cmd: 870e7108028243aa4e13d233bafcebf753e3e4187e317689917502811fa0079b,false
GET: DefaultWebTarget{path=[/containers/870e7108028243aa4e13d233bafcebf753e3e4187e317689917502811fa0079b/json], queryParams={}}
ex-00000010: preparing request execution
Cookie spec selected: strict
Auth cache not set in the context
ex-00000010: target auth state: UNCHALLENGED
ex-00000010: proxy auth state: UNCHALLENGED
ex-00000010: acquiring connection with route {}->unix://localhost:2375
ex-00000010: acquiring endpoint (3 MINUTES)
ex-00000010: endpoint lease request (3 MINUTES) [route: {}->unix://localhost:2375][total available: 1; route allocated: 1 of 2147483647; total allocated: 1 of 2147483647]
ex-00000010: endpoint leased [route: {}->unix://localhost:2375][total available: 0; route allocated: 1 of 2147483647; total allocated: 1 of 2147483647]
ex-00000010: acquired ep-0000000F
ex-00000010: acquired endpoint ep-0000000F
ex-00000010: executing GET /v1.32/containers/870e7108028243aa4e13d233bafcebf753e3e4187e317689917502811fa0079b/json HTTP/1.1
ep-0000000F: start execution ex-00000010
ep-0000000F: executing exchange ex-00000010 over http-outgoing-1
http-outgoing-1 >> GET /v1.32/containers/870e7108028243aa4e13d233bafcebf753e3e4187e317689917502811fa0079b/json HTTP/1.1
http-outgoing-1 >> accept: application/json
http-outgoing-1 >> x-tc-sid: 2af741d8-56d7-4d26-a9ed-fe487231d019
http-outgoing-1 >> User-Agent: tc-java/1.19.4
http-outgoing-1 >> Accept-Encoding: gzip, x-gzip, deflate
http-outgoing-1 >> Host: localhost:2375
http-outgoing-1 >> Connection: keep-alive
http-outgoing-1 >> "GET /v1.32/containers/870e7108028243aa4e13d233bafcebf753e3e4187e317689917502811fa0079b/json HTTP/1.1[\r][\n]"
http-outgoing-1 >> "accept: application/json[\r][\n]"
http-outgoing-1 >> "x-tc-sid: 2af741d8-56d7-4d26-a9ed-fe487231d019[\r][\n]"
http-outgoing-1 >> "User-Agent: tc-java/1.19.4[\r][\n]"
http-outgoing-1 >> "Accept-Encoding: gzip, x-gzip, deflate[\r][\n]"
http-outgoing-1 >> "Host: localhost:2375[\r][\n]"
http-outgoing-1 >> "Connection: keep-alive[\r][\n]"
http-outgoing-1 >> "[\r][\n]"
http-outgoing-1 << "HTTP/1.1 200 OK[\r][\n]"
http-outgoing-1 << "Api-Version: 1.45[\r][\n]"
http-outgoing-1 << "Content-Type: application/json[\r][\n]"
http-outgoing-1 << "Date: Mon, 23 Sep 2024 08:40:49 GMT[\r][\n]"
http-outgoing-1 << "Docker-Experimental: false[\r][\n]"
http-outgoing-1 << "Ostype: linux[\r][\n]"
http-outgoing-1 << "Server: Docker/26.1.5 (linux)[\r][\n]"
http-outgoing-1 << "Transfer-Encoding: chunked[\r][\n]"
http-outgoing-1 << "[\r][\n]"
http-outgoing-1 << "27db[\r][\n]"
http-outgoing-1 << "{"Id":"870e7108028243aa4e13d233bafcebf753e3e4187e317689917502811fa0079b","Created":"2024-09-23T08:40:49.296060559Z","Path":"docker-entrypoint.sh","Args":[],"State":{"Status":"running","Running":true,"Paused":false,"Restarting":false,"OOMKilled":false,"Dead":false,"Pid":2381,"ExitCode":0,"Error":"","StartedAt":"2024-09-23T08:40:49.726823962Z","FinishedAt":"0001-01-01T00:00:00Z","Health":{"Status":"starting","FailingStreak":0,"Log":[]}},"Image":"sha256:ac5e28111e66a62b24e738c9b1bc9b5794f4402e73adfa6b2b9b19be5af34a6c","ResolvConfPath":"/var/lib/docker/containers/870e7108028243aa4e13d233bafcebf753e3e4187e317689917502811fa0079b/resolv.conf","HostnamePath":"/var/lib/docker/containers/870e7108028243aa4e13d233bafcebf753e3e4187e317689917502811fa0079b/hostname","HostsPath":"/var/lib/docker/containers/870e7108028243aa4e13d233bafcebf753e3e4187e317689917502811fa0079b/hosts","LogPath":"/var/lib/docker/containers/870e7108028243aa4e13d233bafcebf753e3e4187e317689917502811fa0079b/870e7108028243aa4e13d233bafcebf753e3e4187e317689917502811fa0079b-json.log","Name":"/reverent_easley","RestartCount":0,"Driver":"overlay2","Platform":"linux","MountLabel":"","ProcessLabel":"","AppArmorProfile":"","ExecIDs":null,"HostConfig":{"Binds":["/mnt/wsl/rancher-desktop/run/docker-mounts/9cb33b90-1096-48b0-9cef-9e5f27303cfd:/var/run/docker.sock:rw,z"],"ContainerIDFile":"","LogConfig":{"Type":"json-file","Config":{}},"NetworkMode":"bridge","PortBindings":{"4566/tcp":[{"HostIp":"","HostPort":""}]},"RestartPolicy":{"Name":"no","MaximumRetryCount":0},"AutoRemove":false,"VolumeDriver":"","VolumesFrom":[],"ConsoleSize":[0,0],"CapAdd":null,"CapDrop":null,"CgroupnsMode":"host","Dns":null,"DnsOptions":null,"DnsSearch":null,"ExtraHosts":[],"GroupAdd":null,"IpcMode":"shareable","Cgroup":"","Links":null,"OomScoreAdj":0,"PidMode":"","Privileged":false,"PublishAllPorts":false,"ReadonlyRootfs":false,"SecurityOpt":null,"UTSMode":"","UsernsMode":"","ShmSize":67108864,"Runtime":"runc","Isolation":"","CpuShares":0,"Memory":0,"NanoCpus":0,"CgroupParent":"","BlkioWeight":0,"BlkioWeightDevice":null,"BlkioDeviceReadBps":null,"BlkioDeviceWriteBps":null,"BlkioDeviceReadIOps":null,"BlkioDeviceWriteIOps":null,"CpuPeriod":0,"CpuQuota":0,"CpuRealtimePeriod":0,"CpuRealtimeRuntime":0,"CpusetCpus":"","CpusetMems":"","Devices":null,"DeviceCgroupRules":null,"DeviceRequests":null,"MemoryReservation":0,"MemorySwap":0,"MemorySwappiness":null,"OomKillDisable":false,"PidsLimit":null,"Ulimits":null,"CpuCount":0,"CpuPercent":0,"IOMaximumIOps":0,"IOMaximumBandwidth":0,"MaskedPaths":["/proc/asound","/proc/acpi","/proc/kcore","/proc/keys","/proc/latency_stats","/proc/timer_list","/proc/timer_stats","/proc/sched_debug","/proc/scsi","/sys/firmware","/sys/devices/virtual/powercap"],"ReadonlyPaths":["/proc/bus","/proc/fs","/proc/irq","/proc/sys","/proc/sysrq-trigger"]},"GraphDriver":{"Data":{"LowerDir":"/var/lib/docker/overlay2/4e639104d59eb7bed5b7864251f5965fca42feceb5d849818f6b5f9c59351e66-init/diff:/var/lib/docker/overlay2/f5baf56af6c4403ae2156503646e5f2af244e82799608d2fd26a4d36674a1bc2/diff:/var/lib/docker/overlay2/bb8d759300240c1d7bfad7da072f782529d05cc0c63ace7f54374711556dd31d/diff:/var/lib/docker/overlay2/faee39bf23c13e0fd47f0d16e309a25cd41a543e22008b3395da3af29438259b/diff:/var/lib/docker/overlay2/a7557b33af55215d3cbf68d799a0a95e346affd364eb773de732e68e61dddab0/diff:/var/lib/docker/overlay2/1c8f7a1b3ecadc2ba2735400cd4342e932d1bb24760b1bf60a0098ed86d03c00/diff:/var/lib/docker/overlay2/4d839bea638e06b2bd7f754da5f353edefacd09a03453d6793192d244b4e4a20/diff:/var/lib/docker/overlay2/a1958d1a2ea96bbc359bb68cbe2ed47c2b7a0e3a90224d461807ed7921b2e168/diff:/var/lib/docker/overlay2/35d219ab0e8993621e0b1484136fcea9a2226188b303fa66d08af6b73ffe5c02/diff:/var/lib/docker/overlay2/3da6fba213fcf7d573583b83693e9426c41b8664dd0a1b838587f70416767c33/diff:/var/lib/docker/overlay2/178069b099a255dc8eac440cfb7a6aec76cee45442d8d613359941cbe1c1e451/diff:/var/lib/docker/overlay2/243765e1987a725c01a5eb8954b0790cc9a27e24a2f00c58724fc9fc27e33a7a/diff:/var/lib/docker/overlay2/fd8a11eedd3ecf03d27af4efd3b781fab220d1cf7cfb63ee4eb7fd4e08c8e151/diff:/var/lib/docker/overlay2/6496fd3a29225af9da27656261e19010c7706c75e902515436b6c2ed1e9c80c6/diff:/var/lib/docker/overlay2/a83d9a1275ef952ea0ca34d8e4ea000aee28bbac4f3c1d0758d14239bdf73fe0/diff:/var/lib/docker/overlay2/1148413115ead42f69e63666dec6fe0705e06916db37c83c0a7f69c50c008c23/diff:/var/lib/docker/overlay2/623dc9800565c47bcee4a7e5f13f56269d54bc2e43f32eff3d151e2c41a3ddc1/diff:/var/lib/docker/overlay2/87044a4ea94b1335d3f1bff25379175c6d4a0af12903847e274f9497606ff71e/diff:/var/lib/docker/overlay2/6e2e3efd47c4c4992f70cbed5fd816b4e6fd72118375a7bb535668f2a930f0ca/diff:/var/lib/docker/overlay2/be7d8ed1c6869e99bd2708901148a94c54e09845afcf1f9d607b965e0f078b5a/diff:/var/lib/docker/overlay2/cf5c25815f929c7518d45c5cbe229a47f84d3fc1a786c148f4fca4a243f7f024/diff:/var/lib/docker/overlay2/5077bee072b7561879460312e0b985b51ce567725e1cc8b3f6d08eda8fbbddff/diff:/var/lib/docker/overlay2/2343baba616b1de892badad70346e1dfc9b8045a734ac63d39744b852191aa7c/diff:/var/lib/docker/overlay2/037231c8d83b70103682d4c0b07cbf00ec507c94cee32cc925ee65e23bba3916/diff:/var/lib/docker/overlay2/c65498b3d3156626ef4044d6c376590272e8f1824bbcc41a90fba9afe6922357/diff:/var/lib/docker/overlay2/b64b8d05aa3dff3611bfa180afddf037218f6ceb4b50d792abd8bcd22a5b5446/diff","MergedDir":"/var/lib/docker/overlay2/4e639104d59eb7bed5b7864251f5965fca42feceb5d849818f6b5f9c59351e66/merged","UpperDir":"/var/lib/docker/overlay2/4e639104d59eb7bed5b7864251f5965fca42feceb5d849818f6b5f9c59351e66/diff","WorkDir":"/var/lib/docker/overlay2/4e639104d59eb7bed5b7864251f5965fca42feceb5d849818f6b5f9c59351e66/work"},"Name":"overlay2"},"Mounts":[{"Type":"bind","Source":"/mnt/wsl/rancher-desktop/run/docker-mounts/9cb33b90-1096-48b0-9cef-9e5f27303cfd","Destination":"/var/run/docker.sock","Mode":"rw,z","RW":true,"Propagation":"rprivate"},{"Type":"volume","Name":"15b22ec00a5b6b18e55bcb24652b19373be078b5932fb4c64c965f1172b957e3","Source":"/var/lib/docker/volumes/15b22ec00a5b6b18e55bcb24652b19373be078b5932fb4c64c965f1172b957e3/_data","Destination":"/var/lib/localstack","Driver":"local","Mode":"","RW":true,"Propagation":""}],"Config":{"Hostname":"870e71080282","Domainname":"","User":"","AttachStdin":false,"AttachStdout":false,"AttachStderr":false,"ExposedPorts":{"4510/tcp":{},"4511/tcp":{},"4512/tcp":{},"4513/tcp":{},"4514/tcp":{},"4515/tcp":{},"4516/tcp":{},"4517/tcp":{},"4518/tcp":{},"4519/tcp":{},"4520/tcp":{},"4521/tcp":{},"4522/tcp":{},"4523/tcp":{},"4524/tcp":{},"4525/tcp":{},"4526/tcp":{},"4527/tcp":{},"4528/tcp":{},"4529/tcp":{},"4530/tcp":{},"4531/tcp":{},"4532/tcp":{},"4533/tcp":{},"4534/tcp":{},"4535/tcp":{},"4536/tcp":{},"4537/tcp":{},"4538/tcp":{},"4539/tcp":{},"4540/tcp":{},"4541/tcp":{},"4542/tcp":{},"4543/tcp":{},"4544/tcp":{},"4545/tcp":{},"4546/tcp":{},"4547/tcp":{},"4548/tcp":{},"4549/tcp":{},"4550/tcp":{},"4551/tcp":{},"4552/tcp":{},"4553/tcp":{},"4554/tcp":{},"4555/tcp":{},"4556/tcp":{},"4557/tcp":{},"4558/tcp":{},"4559/tcp":{},"4566/tcp":{},"5678/tcp":{}},"Tty":false,"OpenStdin":false,"StdinOnce":false,"Env":["LS_LOG=error","LOCALSTACK_HOST=localhost","SERVICES=sqs,cloudwatch","PATH=/usr/local/bin:/usr/local/sbin:/usr/local/bin:/usr/sbin:/usr/bin:/sbin:/bin:/usr/lib/localstack/java/11/bin","LANG=C.UTF-8","GPG_KEY=A035C8C19219BA821ECEA86B64E628F8D684696D","PYTHON_VERSION=3.11.10","LD_LIBRARY_PATH=/lib:/lib/server","USER=localstack","PYTHONUNBUFFERED=1","JAVA_HOME=/usr/lib/localstack/java/11","LOCALSTACK_BUILD_DATE=2024-09-23","LOCALSTACK_BUILD_GIT_HASH=007dde9f2","LOCALSTACK_BUILD_VERSION=3.7.3.dev40"],"Cmd":null,"Healthcheck":{"Test":["CMD-SHELL",".venv/bin/localstack status services --format=json"],"Interval":10000000000,"Timeout":5000000000,"StartPeriod":15000000000,"Retries":5},"Image":"worker-framework-8.2.0-SNAPSHOT.project-registries.local/localstack/localstack:latest","Volumes":{"/var/lib/localstack":{}},"WorkingDir":"/opt/code/localstack/","Entrypoint":"
http-outgoing-1 << HTTP/1.1 200 OK
http-outgoing-1 << Api-Version: 1.45
http-outgoing-1 << Content-Type: application/json
http-outgoing-1 << Date: Mon, 23 Sep 2024 08:40:49 GMT
http-outgoing-1 << Docker-Experimental: false
http-outgoing-1 << Ostype: linux
http-outgoing-1 << Server: Docker/26.1.5 (linux)
http-outgoing-1 << Transfer-Encoding: chunked
ex-00000010: connection can be kept alive for 3 MINUTES
http-outgoing-1 << "["docker-entrypoint.sh"],"OnBuild":null,"Labels":{"authors":"LocalStack Contributors","description":"LocalStack Docker image","maintainer":"LocalStack Team (info@localstack.cloud)","org.testcontainers":"true","org.testcontainers.lang":"java","org.testcontainers.sessionId":"2af741d8-56d7-4d26-a9ed-fe487231d019","org.testcontainers.version":"1.19.4"}},"NetworkSettings":{"Bridge":"","SandboxID":"d951d52ffad749f28b4cd57df6d10bf77a18857bb6dbc3ff9e7348d26334a8a5","SandboxKey":"/var/run/docker/netns/d951d52ffad7","Ports":{"4510/tcp":null,"4511/tcp":null,"4512/tcp":null,"4513/tcp":null,"4514/tcp":null,"4515/tcp":null,"4516/tcp":null,"4517/tcp":null,"4518/tcp":null,"4519/tcp":null,"4520/tcp":null,"4521/tcp":null,"4522/tcp":null,"4523/tcp":null,"4524/tcp":null,"4525/tcp":null,"4526/tcp":null,"4527/tcp":null,"4528/tcp":null,"4529/tcp":null,"4530/tcp":null,"4531/tcp":null,"4532/tcp":null,"4533/tcp":null,"4534/tcp":null,"4535/tcp":null,"4536/tcp":null,"4537/tcp":null,"4538/tcp":null,"4539/tcp":null,"4540/tcp":null,"4541/tcp":null,"4542/tcp":null,"4543/tcp":null,"4544/tcp":null,"4545/tcp":null,"4546/tcp":null,"4547/tcp":null,"4548/tcp":null,"4549/tcp":null,"4550/tcp":null,"4551/tcp":null,"4552/tcp":null,"4553/tcp":null,"4554/tcp":null,"4555/tcp":null,"4556/tcp":null,"4557/tcp":null,"4558/tcp":null,"4559/tcp":null,"4566/tcp":[{"HostIp":"0.0.0.0","HostPort":"32769"},{"HostIp":"::","HostPort":"32769"}],"5678/tcp":null},"HairpinMode":false,"LinkLocalIPv6Address":"","LinkLocalIPv6PrefixLen":0,"SecondaryIPAddresses":null,"SecondaryIPv6Addresses":null,"EndpointID":"be93e10ec5b999f553237814dac43c3bf0b0d26706f6b7e961c1364de60861fe","Gateway":"172.17.0.1","GlobalIPv6Address":"","GlobalIPv6PrefixLen":0,"IPAddress":"172.17.0.3","IPPrefixLen":16,"IPv6Gateway":"","MacAddress":"02:42:ac:11:00:03","Networks":{"bridge":{"IPAMConfig":null,"Links":null,"Aliases":null,"MacAddress":"02:42:ac:11:00:03","NetworkID":"1ac130e340665f08278adc2a5805ecea6d0cff8254ecc7f89a55f259ed4f0432","EndpointID":"be93e10ec5b999f553237814dac43c3bf0b0d26706f6b7e961c1364de60861fe","Gateway":"172.17.0.1","IPAddress":"172.17.0.3","IPPrefixLen":16,"IPv6Gateway":"","GlobalIPv6Address":"","GlobalIPv6PrefixLen":0,"DriverOpts":null,"DNSNames":null}}}}[\n]"
http-outgoing-1 << "[\r][\n]"
http-outgoing-1 << "0[\r][\n]"
http-outgoing-1 << "[\r][\n]"
ep-0000000F: releasing valid endpoint
ep-0000000F: releasing endpoint
ep-0000000F: connection http-outgoing-1 can be kept alive for 3 MINUTES
ep-0000000F: connection released [route: {}->unix://localhost:2375][total available: 1; route allocated: 1 of 2147483647; total allocated: 1 of 2147483647]
Cmd: sha256:ac5e28111e66a62b24e738c9b1bc9b5794f4402e73adfa6b2b9b19be5af34a6c
ex-00000011: preparing request execution
Cookie spec selected: strict
Auth cache not set in the context
ex-00000011: target auth state: UNCHALLENGED
ex-00000011: proxy auth state: UNCHALLENGED
ex-00000011: acquiring connection with route {}->unix://localhost:2375
ex-00000011: acquiring endpoint (3 MINUTES)
ex-00000011: endpoint lease request (3 MINUTES) [route: {}->unix://localhost:2375][total available: 1; route allocated: 1 of 2147483647; total allocated: 1 of 2147483647]
ex-00000011: endpoint leased [route: {}->unix://localhost:2375][total available: 0; route allocated: 1 of 2147483647; total allocated: 1 of 2147483647]
ex-00000011: acquired ep-00000010
ex-00000011: acquired endpoint ep-00000010
ex-00000011: executing GET /v1.32/images/sha256:ac5e28111e66a62b24e738c9b1bc9b5794f4402e73adfa6b2b9b19be5af34a6c/json HTTP/1.1
ep-00000010: start execution ex-00000011
ep-00000010: executing exchange ex-00000011 over http-outgoing-1
http-outgoing-1 >> GET /v1.32/images/sha256:ac5e28111e66a62b24e738c9b1bc9b5794f4402e73adfa6b2b9b19be5af34a6c/json HTTP/1.1
http-outgoing-1 >> accept: application/json
http-outgoing-1 >> x-tc-sid: 2af741d8-56d7-4d26-a9ed-fe487231d019
http-outgoing-1 >> User-Agent: tc-java/1.19.4
http-outgoing-1 >> Accept-Encoding: gzip, x-gzip, deflate
http-outgoing-1 >> Host: localhost:2375
http-outgoing-1 >> Connection: keep-alive
http-outgoing-1 >> "GET /v1.32/images/sha256:ac5e28111e66a62b24e738c9b1bc9b5794f4402e73adfa6b2b9b19be5af34a6c/json HTTP/1.1[\r][\n]"
http-outgoing-1 >> "accept: application/json[\r][\n]"
http-outgoing-1 >> "x-tc-sid: 2af741d8-56d7-4d26-a9ed-fe487231d019[\r][\n]"
http-outgoing-1 >> "User-Agent: tc-java/1.19.4[\r][\n]"
http-outgoing-1 >> "Accept-Encoding: gzip, x-gzip, deflate[\r][\n]"
http-outgoing-1 >> "Host: localhost:2375[\r][\n]"
http-outgoing-1 >> "Connection: keep-alive[\r][\n]"
http-outgoing-1 >> "[\r][\n]"
http-outgoing-1 << "HTTP/1.1 200 OK[\r][\n]"
http-outgoing-1 << "Api-Version: 1.45[\r][\n]"
http-outgoing-1 << "Content-Type: application/json[\r][\n]"
http-outgoing-1 << "Date: Mon, 23 Sep 2024 08:40:49 GMT[\r][\n]"
http-outgoing-1 << "Docker-Experimental: false[\r][\n]"
http-outgoing-1 << "Ostype: linux[\r][\n]"
http-outgoing-1 << "Server: Docker/26.1.5 (linux)[\r][\n]"
http-outgoing-1 << "Transfer-Encoding: chunked[\r][\n]"
http-outgoing-1 << "[\r][\n]"
http-outgoing-1 << "1cc4[\r][\n]"
http-outgoing-1 << "{"Id":"sha256:ac5e28111e66a62b24e738c9b1bc9b5794f4402e73adfa6b2b9b19be5af34a6c","RepoTags":["dockerhub-public.svsartifactory.swinfra.net/localstack/localstack:latest","worker-framework-8.2.0-SNAPSHOT.project-registries.local/localstack/localstack:latest"],"RepoDigests":["dockerhub-public.svsartifactory.swinfra.net/localstack/localstack@sha256:2241d47fc854785e5ae6875154a549e1eaa90067aef315047d570c19c691432d"],"Parent":"","Comment":"buildkit.dockerfile.v0","Created":"2024-09-23T02:43:30.323369252Z","ContainerConfig":{"Hostname":"","Domainname":"","User":"","AttachStdin":false,"AttachStdout":false,"AttachStderr":false,"Tty":false,"OpenStdin":false,"StdinOnce":false,"Env":null,"Cmd":null,"Image":"","Volumes":null,"WorkingDir":"","Entrypoint":null,"OnBuild":null,"Labels":null},"DockerVersion":"","Author":"","Config":{"Hostname":"","Domainname":"","User":"","AttachStdin":false,"AttachStdout":false,"AttachStderr":false,"ExposedPorts":{"4510/tcp":{},"4511/tcp":{},"4512/tcp":{},"4513/tcp":{},"4514/tcp":{},"4515/tcp":{},"4516/tcp":{},"4517/tcp":{},"4518/tcp":{},"4519/tcp":{},"4520/tcp":{},"4521/tcp":{},"4522/tcp":{},"4523/tcp":{},"4524/tcp":{},"4525/tcp":{},"4526/tcp":{},"4527/tcp":{},"4528/tcp":{},"4529/tcp":{},"4530/tcp":{},"4531/tcp":{},"4532/tcp":{},"4533/tcp":{},"4534/tcp":{},"4535/tcp":{},"4536/tcp":{},"4537/tcp":{},"4538/tcp":{},"4539/tcp":{},"4540/tcp":{},"4541/tcp":{},"4542/tcp":{},"4543/tcp":{},"4544/tcp":{},"4545/tcp":{},"4546/tcp":{},"4547/tcp":{},"4548/tcp":{},"4549/tcp":{},"4550/tcp":{},"4551/tcp":{},"4552/tcp":{},"4553/tcp":{},"4554/tcp":{},"4555/tcp":{},"4556/tcp":{},"4557/tcp":{},"4558/tcp":{},"4559/tcp":{},"4566/tcp":{},"5678/tcp":{}},"Tty":false,"OpenStdin":false,"StdinOnce":false,"Env":["PATH=/usr/local/bin:/usr/local/sbin:/usr/local/bin:/usr/sbin:/usr/bin:/sbin:/bin:/usr/lib/localstack/java/11/bin","LANG=C.UTF-8","GPG_KEY=A035C8C19219BA821ECEA86B64E628F8D684696D","PYTHON_VERSION=3.11.10","LD_LIBRARY_PATH=/lib:/lib/server","USER=localstack","PYTHONUNBUFFERED=1","JAVA_HOME=/usr/lib/localstack/java/11","LOCALSTACK_BUILD_DATE=2024-09-23","LOCALSTACK_BUILD_GIT_HASH=007dde9f2","LOCALSTACK_BUILD_VERSION=3.7.3.dev40"],"Cmd":null,"Healthcheck":{"Test":["CMD-SHELL",".venv/bin/localstack status services --format=json"],"Interval":10000000000,"Timeout":5000000000,"StartPeriod":15000000000,"Retries":5},"ArgsEscaped":true,"Image":"","Volumes":{"/var/lib/localstack":{}},"WorkingDir":"/opt/code/localstack/","Entrypoint":["docker-entrypoint.sh"],"OnBuild":null,"Labels":{"authors":"LocalStack Contributors","description":"LocalStack Docker image","maintainer":"LocalStack Team (info@localstack.cloud)"},"Shell":["/bin/bash","-c"]},"Architecture":"amd64","Os":"linux","Size":1265400472,"VirtualSize":1265400472,"GraphDriver":{"Data":{"LowerDir":"/var/lib/docker/overlay2/bb8d759300240c1d7bfad7da072f782529d05cc0c63ace7f54374711556dd31d/diff:/var/lib/docker/overlay2/faee39bf23c13e0fd47f0d16e309a25cd41a543e22008b3395da3af29438259b/diff:/var/lib/docker/overlay2/a7557b33af55215d3cbf68d799a0a95e346affd364eb773de732e68e61dddab0/diff:/var/lib/docker/overlay2/1c8f7a1b3ecadc2ba2735400cd4342e932d1bb24760b1bf60a0098ed86d03c00/diff:/var/lib/docker/overlay2/4d839bea638e06b2bd7f754da5f353edefacd09a03453d6793192d244b4e4a20/diff:/var/lib/docker/overlay2/a1958d1a2ea96bbc359bb68cbe2ed47c2b7a0e3a90224d461807ed7921b2e168/diff:/var/lib/docker/overlay2/35d219ab0e8993621e0b1484136fcea9a2226188b303fa66d08af6b73ffe5c02/diff:/var/lib/docker/overlay2/3da6fba213fcf7d573583b83693e9426c41b8664dd0a1b838587f70416767c33/diff:/var/lib/docker/overlay2/178069b099a255dc8eac440cfb7a6aec76cee45442d8d613359941cbe1c1e451/diff:/var/lib/docker/overlay2/243765e1987a725c01a5eb8954b0790cc9a27e24a2f00c58724fc9fc27e33a7a/diff:/var/lib/docker/overlay2/fd8a11eedd3ecf03d27af4efd3b781fab220d1cf7cfb63ee4eb7fd4e08c8e151/diff:/var/lib/docker/overlay2/6496fd3a29225af9da27656261e19010c7706c75e902515436b6c2ed1e9c80c6/diff:/var/lib/docker/overlay2/a83d9a1275ef952ea0ca34d8e4ea000aee28bbac4f3c1d0758d14239bdf73fe0/diff:/var/lib/docker/overlay2/1148413115ead42f69e63666dec6fe0705e06916db37c83c0a7f69c50c008c23/diff:/var/lib/docker/overlay2/623dc9800565c47bcee4a7e5f13f56269d54bc2e43f32eff3d151e2c41a3ddc1/diff:/var/lib/docker/overlay2/87044a4ea94b1335d3f1bff25379175c6d4a0af12903847e274f9497606ff71e/diff:/var/lib/docker/overlay2/6e2e3efd47c4c4992f70cbed5fd816b4e6fd72118375a7bb535668f2a930f0ca/diff:/var/lib/docker/overlay2/be7d8ed1c6869e99bd2708901148a94c54e09845afcf1f9d607b965e0f078b5a/diff:/var/lib/docker/overlay2/cf5c25815f929c7518d45c5cbe229a47f84d3fc1a786c148f4fca4a243f7f024/diff:/var/lib/docker/overlay2/5077bee072b7561879460312e0b985b51ce567725e1cc8b3f6d08eda8fbbddff/diff:/var/lib/docker/overlay2/2343baba616b1de892badad70346e1dfc9b8045a734ac63d39744b852191aa7c/diff:/var/lib/docker/overlay2/037231c8d83b70103682d4c0b07cbf00ec507c94cee32cc925ee65e23bba3916/diff:/var/lib/docker/overlay2/c65498b3d3156626ef4044d6c376590272e8f1824bbcc41a90fba9afe6922357/diff:/var/lib/docker/overlay2/b64b8d05aa3dff3611bfa180afddf037218f6ceb4b50d792abd8bcd22a5b5446/diff","MergedDir":"/var/lib/docker/overlay2/f5baf56af6c4403ae2156503646e5f2af244e82799608d2fd26a4d36674a1bc2/merged","UpperDir":"/var/lib/docker/overlay2/f5baf56af6c4403ae2156503646e5f2af244e82799608d2fd26a4d36674a1bc2/diff","WorkDir":"/var/lib/docker/overlay2/f5baf56af6c4403ae2156503646e5f2af244e82799608d2fd26a4d36674a1bc2/work"},"Name":"overlay2"},"RootFS":{"Type":"layers","Layers":["sha256:8e2ab394fabf557b00041a8f080b10b4e91c7027b7c174f095332c7ebb6501cb","sha256:8071ff649a449defbaa4d7209e80dc8e3b33b95fea41de9773b2af4cb23a4427","sha256:27084441859e539a78a480bc1831bfd04234864689a1ee1257e2ba87d965fdf6","sha256:56e49bde1490f1dfd0aba833ff07948af442f3f00cced72404abd00a4e6a0726","sha256:110fd4a164d535b491a8f07751c114f7409b1910395f4b109d1b1c6b52e49ad3","sha256:669bea7f1a81c73fdb56cd4ffe741a02b673341061fbdbcf105122e049f9d4a8","sha256:b539eb4564ff3bca4c7268c88f9d40ee5a14d3e51f3a267c2431950170631098","sha256:4b2ba7a149858367885b9e19265331f6a09e9e8dba77810f21f41e5e1786862e","sha256:5f70bf18a086007016e948b04aed3b82103a36bea41755b6cddfaf10ace3c6ef","sha256:758ed2e15461e9c75ee4378c32ca731b5be1bfb463068192f31e6d6c9e585590","sha256:df98448c7afafdf3f638ce37a4be78adab83eb8da55303ad955c034231877690","sha256:09af70a9a76563590c61df577ee950a8d55182299938c4597100eb5d962f7ad9","sha256:97e729552c9397481d41f91b2b889e248646df6202df3fa5445b9f53beaa7032","sha256:f16d4b02977e17ad190cea236a5d7eda6ef181ada53f918c4649d68e53b405b4","sha256:2e89f202f0fbba9bf70edda6b516a5b7eadcf18624cceae1c9d15a1c1f51b682","sha256:20164983572a28ae25823344ec6ac123db527819c2c23f9d5d19c78648c284ad","sha256:52c51cefd398af23f3b71dbaffe029f8a0e03dff62e8d776b71417301fd07cb6","sha256:f6625d750fece32d12d5bd6a77624dcca54d588ee796f57df413968ae80ef741","sha256:bcf580ecb21c18016a94db78efb7fb8801fcada91a3ddebeeac69fc1ed3b2114","sha256:c8bc5637163ec5645646a0356ae18a671c80c9c12e1f1af49eb214ddbc50c4ab","sha256:9638d7bc5a412e076b238de93aa6311403c10b4ff3ef5e5a088537f20d0027f0","sha256:27cd811fb665d5c4b7eee169639d0adefa790fb5b474d15c6f4868b0e3e7304a","sha256:f86c6fa6ffd33ad26e3eaf20ac8196f4fb9d7306fb87b3df5d736e8ea9523591","sha256:a1604a39e682a53a2d07a70a08514c2e51bf85bf69674e9e119411de7e7dceb5","sha256:9027e8283d8d543476970c0ed9d3afe1f4549f41ddcbb1fa2bfef365e7e53406"]},"Metadata":{"LastTagTime":"2024-09-23T09:40:17.235973731+01:00"}}[\n]"
http-outgoing-1 << "[\r][\n]"
http-outgoing-1 << "0[\r][\n]"
http-outgoing-1 << "[\r][\n]"
http-outgoing-1 << HTTP/1.1 200 OK
http-outgoing-1 << Api-Version: 1.45
http-outgoing-1 << Content-Type: application/json
http-outgoing-1 << Date: Mon, 23 Sep 2024 08:40:49 GMT
http-outgoing-1 << Docker-Experimental: false
http-outgoing-1 << Ostype: linux
http-outgoing-1 << Server: Docker/26.1.5 (linux)
http-outgoing-1 << Transfer-Encoding: chunked
ex-00000011: connection can be kept alive for 3 MINUTES
ep-00000010: releasing valid endpoint
ep-00000010: releasing endpoint
ep-00000010: connection http-outgoing-1 can be kept alive for 3 MINUTES
ep-00000010: connection released [route: {}->unix://localhost:2375][total available: 1; route allocated: 1 of 2147483647; total allocated: 1 of 2147483647]
Cmd: 
ex-00000012: preparing request execution
Cookie spec selected: strict
Auth cache not set in the context
ex-00000012: target auth state: UNCHALLENGED
ex-00000012: proxy auth state: UNCHALLENGED
ex-00000012: acquiring connection with route {}->unix://localhost:2375
ex-00000012: acquiring endpoint (3 MINUTES)
ex-00000012: endpoint lease request (3 MINUTES) [route: {}->unix://localhost:2375][total available: 1; route allocated: 1 of 2147483647; total allocated: 1 of 2147483647]
ex-00000012: endpoint leased [route: {}->unix://localhost:2375][total available: 0; route allocated: 1 of 2147483647; total allocated: 1 of 2147483647]
ex-00000012: acquired ep-00000011
ex-00000012: acquired endpoint ep-00000011
ex-00000012: executing GET /v1.32/version HTTP/1.1
ep-00000011: start execution ex-00000012
ep-00000011: executing exchange ex-00000012 over http-outgoing-1
http-outgoing-1 >> GET /v1.32/version HTTP/1.1
http-outgoing-1 >> accept: application/json
http-outgoing-1 >> x-tc-sid: 2af741d8-56d7-4d26-a9ed-fe487231d019
http-outgoing-1 >> User-Agent: tc-java/1.19.4
http-outgoing-1 >> Accept-Encoding: gzip, x-gzip, deflate
http-outgoing-1 >> Host: localhost:2375
http-outgoing-1 >> Connection: keep-alive
http-outgoing-1 >> "GET /v1.32/version HTTP/1.1[\r][\n]"
http-outgoing-1 >> "accept: application/json[\r][\n]"
http-outgoing-1 >> "x-tc-sid: 2af741d8-56d7-4d26-a9ed-fe487231d019[\r][\n]"
http-outgoing-1 >> "User-Agent: tc-java/1.19.4[\r][\n]"
http-outgoing-1 >> "Accept-Encoding: gzip, x-gzip, deflate[\r][\n]"
http-outgoing-1 >> "Host: localhost:2375[\r][\n]"
http-outgoing-1 >> "Connection: keep-alive[\r][\n]"
http-outgoing-1 >> "[\r][\n]"
http-outgoing-1 << "HTTP/1.1 200 OK[\r][\n]"
http-outgoing-1 << "Api-Version: 1.45[\r][\n]"
http-outgoing-1 << "Content-Length: 915[\r][\n]"
http-outgoing-1 << "Content-Type: application/json[\r][\n]"
http-outgoing-1 << "Date: Mon, 23 Sep 2024 08:40:49 GMT[\r][\n]"
http-outgoing-1 << "Docker-Experimental: false[\r][\n]"
http-outgoing-1 << "Ostype: linux[\r][\n]"
http-outgoing-1 << "Server: Docker/26.1.5 (linux)[\r][\n]"
http-outgoing-1 << "[\r][\n]"
http-outgoing-1 << "{"Platform":{"Name":""},"Components":[{"Name":"Engine","Version":"26.1.5","Details":{"ApiVersion":"1.45","Arch":"amd64","BuildTime":"2024-07-26T17:51:06.000000000+00:00","Experimental":"false","GitCommit":"411e817ddf710ff8e08fa193da80cb78af708191","GoVersion":"go1.22.5","KernelVersion":"5.15.153.1-microsoft-standard-WSL2","MinAPIVersion":"1.24","Os":"linux"}},{"Name":"containerd","Version":"v1.7.17","Details":{"GitCommit":"3a4de459a68952ffb703bbe7f2290861a75b6b67"}},{"Name":"runc","Version":"1.1.12","Details":{"GitCommit":"51d5e94601ceffbbd85688df1c928ecccbfa4685"}},{"Name":"docker-init","Version":"0.19.0","Details":{"GitCommit":""}}],"Version":"26.1.5","ApiVersion":"1.45","MinAPIVersion":"1.24","GitCommit":"411e817ddf710ff8e08fa193da80cb78af708191","GoVersion":"go1.22.5","Os":"linux","Arch":"amd64","KernelVersion":"5.15.153.1-microsoft-standard-WSL2","BuildTime":"2024-07-26T17:51:06.000000000+00:00"}[\n]"
http-outgoing-1 << HTTP/1.1 200 OK
http-outgoing-1 << Api-Version: 1.45
http-outgoing-1 << Content-Length: 915
http-outgoing-1 << Content-Type: application/json
http-outgoing-1 << Date: Mon, 23 Sep 2024 08:40:49 GMT
http-outgoing-1 << Docker-Experimental: false
http-outgoing-1 << Ostype: linux
http-outgoing-1 << Server: Docker/26.1.5 (linux)
ex-00000012: connection can be kept alive for 3 MINUTES
ep-00000011: releasing valid endpoint
ep-00000011: releasing endpoint
ep-00000011: connection http-outgoing-1 can be kept alive for 3 MINUTES
ep-00000011: connection released [route: {}->unix://localhost:2375][total available: 1; route allocated: 1 of 2147483647; total allocated: 1 of 2147483647]
ex-00000013: preparing request execution
Cookie spec selected: strict
Auth cache not set in the context
ex-00000013: target auth state: UNCHALLENGED
ex-00000013: proxy auth state: UNCHALLENGED
ex-00000013: acquiring connection with route {}->unix://localhost:2375
ex-00000013: acquiring endpoint (3 MINUTES)
ex-00000013: endpoint lease request (3 MINUTES) [route: {}->unix://localhost:2375][total available: 1; route allocated: 1 of 2147483647; total allocated: 1 of 2147483647]
ex-00000013: endpoint leased [route: {}->unix://localhost:2375][total available: 0; route allocated: 1 of 2147483647; total allocated: 1 of 2147483647]
ex-00000013: acquired ep-00000012
ex-00000013: acquired endpoint ep-00000012
ex-00000013: executing GET /v1.32/containers/870e7108028243aa4e13d233bafcebf753e3e4187e317689917502811fa0079b/logs?stdout=true&stderr=true&follow=true&since=0 HTTP/1.1
ep-00000012: start execution ex-00000013
ep-00000012: executing exchange ex-00000013 over http-outgoing-1
http-outgoing-1 >> GET /v1.32/containers/870e7108028243aa4e13d233bafcebf753e3e4187e317689917502811fa0079b/logs?stdout=true&stderr=true&follow=true&since=0 HTTP/1.1
http-outgoing-1 >> x-tc-sid: 2af741d8-56d7-4d26-a9ed-fe487231d019
http-outgoing-1 >> User-Agent: tc-java/1.19.4
http-outgoing-1 >> Accept-Encoding: gzip, x-gzip, deflate
http-outgoing-1 >> Host: localhost:2375
http-outgoing-1 >> Connection: keep-alive
http-outgoing-1 >> "GET /v1.32/containers/870e7108028243aa4e13d233bafcebf753e3e4187e317689917502811fa0079b/logs?stdout=true&stderr=true&follow=true&since=0 HTTP/1.1[\r][\n]"
http-outgoing-1 >> "x-tc-sid: 2af741d8-56d7-4d26-a9ed-fe487231d019[\r][\n]"
http-outgoing-1 >> "User-Agent: tc-java/1.19.4[\r][\n]"
http-outgoing-1 >> "Accept-Encoding: gzip, x-gzip, deflate[\r][\n]"
http-outgoing-1 >> "Host: localhost:2375[\r][\n]"
http-outgoing-1 >> "Connection: keep-alive[\r][\n]"
http-outgoing-1 >> "[\r][\n]"
http-outgoing-1 << "HTTP/1.1 200 OK[\r][\n]"
http-outgoing-1 << "Api-Version: 1.45[\r][\n]"
http-outgoing-1 << "Content-Type: application/vnd.docker.raw-stream[\r][\n]"
http-outgoing-1 << "Date: Mon, 23 Sep 2024 08:40:49 GMT[\r][\n]"
http-outgoing-1 << "Docker-Experimental: false[\r][\n]"
http-outgoing-1 << "Ostype: linux[\r][\n]"
http-outgoing-1 << "Server: Docker/26.1.5 (linux)[\r][\n]"
http-outgoing-1 << "Transfer-Encoding: chunked[\r][\n]"
http-outgoing-1 << "[\r][\n]"
http-outgoing-1 << HTTP/1.1 200 OK
http-outgoing-1 << Api-Version: 1.45
http-outgoing-1 << Content-Type: application/vnd.docker.raw-stream
http-outgoing-1 << Date: Mon, 23 Sep 2024 08:40:49 GMT
http-outgoing-1 << Docker-Experimental: false
http-outgoing-1 << Ostype: linux
http-outgoing-1 << Server: Docker/26.1.5 (linux)
http-outgoing-1 << Transfer-Encoding: chunked
ex-00000013: connection can be kept alive for 3 MINUTES
http-outgoing-1 << "91[\r][\n]"
http-outgoing-1 << "[0x1][0x0][0x0][0x0][0x0][0x0][0x0][0x1][\n]"
http-outgoing-1 << "[0x1][0x0][0x0][0x0][0x0][0x0][0x0] LocalStack version: 3.7.3.dev40[\n]"
http-outgoing-1 << "[0x1][0x0][0x0][0x0][0x0][0x0][0x0]"LocalStack build date: 2024-09-23[\n]"
http-outgoing-1 << "[0x1][0x0][0x0][0x0][0x0][0x0][0x0]%LocalStack build git hash: 007dde9f2[\n]"
http-outgoing-1 << "[0x1][0x0][0x0][0x0][0x0][0x0][0x0][0x1][\n]"
http-outgoing-1 << "[\r][\n]"
STDOUT: 
STDOUT: LocalStack build git hash: 007dde9f2
STDOUT: LocalStack build date: 2024-09-23
STDOUT: LocalStack version: 3.7.3.dev40
STDOUT: 
http-outgoing-1 << "f[\r][\n]"
http-outgoing-1 << "[0x1][0x0][0x0][0x0][0x0][0x0][0x0][0x7]Ready.[\n]"
http-outgoing-1 << "[\r][\n]"
STDOUT: Ready.
ep-00000012: cancel
http-outgoing-1: close connection IMMEDIATE
ep-00000012: endpoint closed
ep-00000012: discarding endpoint
ep-00000012: releasing endpoint
http-outgoing-1 << "[read] I/O error: null"
ep-00000012: connection is not kept alive
http-outgoing-1 << "[read] I/O error: null"
ep-00000012: connection released [route: {}->unix://localhost:2375][total available: 0; route allocated: 0 of 2147483647; total allocated: 0 of 2147483647]
Container worker-framework-8.2.0-SNAPSHOT.project-registries.local/localstack/localstack:latest started in PT5.149687936S
Failed to close the response
java.nio.channels.ClosedChannelException: null
	at java.base/sun.nio.ch.SocketChannelImpl.ensureOpenAndConnected(SocketChannelImpl.java:215)
	at java.base/sun.nio.ch.SocketChannelImpl.read(SocketChannelImpl.java:403)
	at java.base/sun.nio.ch.ChannelInputStream.read(ChannelInputStream.java:59)
	at java.base/sun.nio.ch.ChannelInputStream.read(ChannelInputStream.java:107)
	at java.base/sun.nio.ch.ChannelInputStream.read(ChannelInputStream.java:101)
	at com.github.dockerjava.zerodep.shaded.org.apache.hc.client5.http.impl.io.LoggingInputStream.read(LoggingInputStream.java:81)
	at com.github.dockerjava.zerodep.shaded.org.apache.hc.core5.http.impl.io.SessionInputBufferImpl.fillBuffer(SessionInputBufferImpl.java:149)
	at com.github.dockerjava.zerodep.shaded.org.apache.hc.core5.http.impl.io.SessionInputBufferImpl.readLine(SessionInputBufferImpl.java:280)
	at com.github.dockerjava.zerodep.shaded.org.apache.hc.core5.http.impl.io.ChunkedInputStream.getChunkSize(ChunkedInputStream.java:261)
	at com.github.dockerjava.zerodep.shaded.org.apache.hc.core5.http.impl.io.ChunkedInputStream.nextChunk(ChunkedInputStream.java:222)
	at com.github.dockerjava.zerodep.shaded.org.apache.hc.core5.http.impl.io.ChunkedInputStream.read(ChunkedInputStream.java:147)
	at com.github.dockerjava.zerodep.shaded.org.apache.hc.core5.http.impl.io.ChunkedInputStream.close(ChunkedInputStream.java:314)
	at com.github.dockerjava.zerodep.shaded.org.apache.hc.core5.io.Closer.close(Closer.java:48)
	at com.github.dockerjava.zerodep.shaded.org.apache.hc.core5.http.impl.io.IncomingHttpEntity.close(IncomingHttpEntity.java:111)
	at com.github.dockerjava.zerodep.shaded.org.apache.hc.core5.http.io.entity.HttpEntityWrapper.close(HttpEntityWrapper.java:120)
	at com.github.dockerjava.zerodep.shaded.org.apache.hc.core5.io.Closer.close(Closer.java:48)
	at com.github.dockerjava.zerodep.shaded.org.apache.hc.core5.http.message.BasicClassicHttpResponse.close(BasicClassicHttpResponse.java:93)
	at com.github.dockerjava.zerodep.shaded.org.apache.hc.client5.http.impl.classic.CloseableHttpResponse.close(CloseableHttpResponse.java:200)
	at com.github.dockerjava.zerodep.ApacheDockerHttpClientImpl$ApacheResponse.close(ApacheDockerHttpClientImpl.java:256)
	at org.testcontainers.shaded.com.github.dockerjava.core.DefaultInvocationBuilder.lambda$executeAndStream$1(DefaultInvocationBuilder.java:277)
	at java.base/java.lang.Thread.run(Thread.java:840)
inputQueueInfo QueueInfo[name=test-deleted-metrics, url=http://sqs.us-east-1.localhost:4566/000000000000/test-deleted-metrics, arn=arn:aws:sqs:us-east-1:000000000000:test-deleted-metrics]
deadLetterQueueInfo QueueInfo[name=test-deleted-metrics-dlq, url=http://sqs.us-east-1.localhost:4566/000000000000/test-deleted-metrics-dlq, arn=arn:aws:sqs:us-east-1:000000000000:test-deleted-metrics-dlq]
Calculated receive batch size: 1
]]></system-out>
  </testcase>
  <testcase name="testRedistributeMessagesInMultipleBatches" classname="com.hpe.caf.worker.queue.sqs.DistributorIT" time="20.5"/>
  <testcase name="testRedistributeMessagesInSingleBatch" classname="com.hpe.caf.worker.queue.sqs.DistributorIT" time="20.115"/>
  <testcase name="testRedistributeMessagesWhenNoneExistDoesNotThrowError" classname="com.hpe.caf.worker.queue.sqs.DistributorIT" time="20.046">
    <system-out><![CDATA[No messages found to redistribute on queue test-redistribute-none-source
]]></system-out>
  </testcase>
  <testcase name="testAcknowledgePublishDelete" classname="com.hpe.caf.worker.queue.sqs.SQSWorkerQueueIT" time="10.131">
    <system-out><![CDATA[inputQueueInfo QueueInfo[name=test-ack-publish-del, url=http://sqs.us-east-1.localhost:4566/000000000000/test-ack-publish-del, arn=arn:aws:sqs:us-east-1:000000000000:test-ack-publish-del]
deadLetterQueueInfo QueueInfo[name=test-ack-publish-del-dlq, url=http://sqs.us-east-1.localhost:4566/000000000000/test-ack-publish-del-dlq, arn=arn:aws:sqs:us-east-1:000000000000:test-ack-publish-del-dlq]
Calculated receive batch size: 1
Received 1 messages from queue test-ack-publish-del 
[Y2YyNzliYTYtMjEwMS00ZTBhLTg0NDItOWZjOTg3YjZlZDZjIGFybjphd3M6c3FzOnVzLWVhc3QtMTowMDAwMDAwMDAwMDA6dGVzdC1hY2stcHVibGlzaC1kZWwgMmVjYTJjMzMtMGQ3Zi00NjZmLWJkNzktYjU3Njg3YTEzNjJkIDE3MjcwODA5MTcuNDIzODQxMg==]
Incremented the acknowledgementCount for message:Y2YyNzliYTYtMjEwMS00ZTBhLTg0NDItOWZjOTg3YjZlZDZjIGFybjphd3M6c3FzOnVzLWVhc3QtMTowMDAwMDAwMDAwMDA6dGVzdC1hY2stcHVibGlzaC1kZWwgMmVjYTJjMzMtMGQ3Zi00NjZmLWJkNzktYjU3Njg3YTEzNjJkIDE3MjcwODA5MTcuNDIzODQxMg== acknowledgementCount is: 1
Watching Y2YyNzliYTYtMjEwMS00ZTBhLTg0NDItOWZjOTg3YjZlZDZjIGFybjphd3M6c3FzOnVzLWVhc3QtMTowMDAwMDAwMDAwMDA6dGVzdC1hY2stcHVibGlzaC1kZWwgMmVjYTJjMzMtMGQ3Zi00NjZmLWJkNzktYjU3Njg3YTEzNjJkIDE3MjcwODA5MTcuNDIzODQxMg==
queue test-ack-publish-del now has 1 tasks inflight
Queued for publishing Y2YyNzliYTYtMjEwMS00ZTBhLTg0NDItOWZjOTg3YjZlZDZjIGFybjphd3M6c3FzOnVzLWVhc3QtMTowMDAwMDAwMDAwMDA6dGVzdC1hY2stcHVibGlzaC1kZWwgMmVjYTJjMzMtMGQ3Zi00NjZmLWJkNzktYjU3Njg3YTEzNjJkIDE3MjcwODA5MTcuNDIzODQxMg==
Incremented the responseCount for message:Y2YyNzliYTYtMjEwMS00ZTBhLTg0NDItOWZjOTg3YjZlZDZjIGFybjphd3M6c3FzOnVzLWVhc3QtMTowMDAwMDAwMDAwMDA6dGVzdC1hY2stcHVibGlzaC1kZWwgMmVjYTJjMzMtMGQ3Zi00NjZmLWJkNzktYjU3Njg3YTEzNjJkIDE3MjcwODA5MTcuNDIzODQxMg== responseCount is: 1
Awaiting processing complete for Y2YyNzliYTYtMjEwMS00ZTBhLTg0NDItOWZjOTg3YjZlZDZjIGFybjphd3M6c3FzOnVzLWVhc3QtMTowMDAwMDAwMDAwMDA6dGVzdC1hY2stcHVibGlzaC1kZWwgMmVjYTJjMzMtMGQ3Zi00NjZmLWJkNzktYjU3Njg3YTEzNjJkIDE3MjcwODA5MTcuNDIzODQxMg==
About to unwatch discarded task Y2YyNzliYTYtMjEwMS00ZTBhLTg0NDItOWZjOTg3YjZlZDZjIGFybjphd3M6c3FzOnVzLWVhc3QtMTowMDAwMDAwMDAwMDA6dGVzdC1hY2stcHVibGlzaC1kZWwgMmVjYTJjMzMtMGQ3Zi00NjZmLWJkNzktYjU3Njg3YTEzNjJkIDE3MjcwODA5MTcuNDIzODQxMg==
Unwatched Y2YyNzliYTYtMjEwMS00ZTBhLTg0NDItOWZjOTg3YjZlZDZjIGFybjphd3M6c3FzOnVzLWVhc3QtMTowMDAwMDAwMDAwMDA6dGVzdC1hY2stcHVibGlzaC1kZWwgMmVjYTJjMzMtMGQ3Zi00NjZmLWJkNzktYjU3Njg3YTEzNjJkIDE3MjcwODA5MTcuNDIzODQxMg==
queue test-ack-publish-del now has 0 tasks inflight
Sent 1 message(s) to queue http://sqs.us-east-1.localhost:4566/000000000000/target-queue
Published 1 message(s) to queue http://sqs.us-east-1.localhost:4566/000000000000/target-queue
Deleted message DeleteMessage[sqsTaskInformation=SQSTaskInformation{inboundMessageId='2eca2c33-0d7f-466f-bd79-b57687a1362d', isPoison=false, visibilityTimeout=VisibilityTimeout{becomesVisibleEpochSecond=1727080922, receiptHandle='Y2YyNzliYTYtMjEwMS00ZTBhLTg0NDItOWZjOTg3YjZlZDZjIGFybjphd3M6c3FzOnVzLWVhc3QtMTowMDAwMDAwMDAwMDA6dGVzdC1hY2stcHVibGlzaC1kZWwgMmVjYTJjMzMtMGQ3Zi00NjZmLWJkNzktYjU3Njg3YTEzNjJkIDE3MjcwODA5MTcuNDIzODQxMg=='}, processingComplete=true}]
Deleted 1 message(s) from queue http://sqs.us-east-1.localhost:4566/000000000000/test-ack-publish-del
Deleted 0 message(s) from queue http://sqs.us-east-1.localhost:4566/000000000000/test-ack-publish-del
]]></system-out>
  </testcase>
  <testcase name="testAllAttributesAreCopiedToHeadersOnReceipt" classname="com.hpe.caf.worker.queue.sqs.SQSWorkerQueueIT" time="0.083">
    <system-out><![CDATA[inputQueueInfo QueueInfo[name=test-attributes, url=http://sqs.us-east-1.localhost:4566/000000000000/test-attributes, arn=arn:aws:sqs:us-east-1:000000000000:test-attributes]
deadLetterQueueInfo QueueInfo[name=test-attributes-dlq, url=http://sqs.us-east-1.localhost:4566/000000000000/test-attributes-dlq, arn=arn:aws:sqs:us-east-1:000000000000:test-attributes-dlq]
Calculated receive batch size: 1
Received 1 messages from queue test-attributes 
[ZmIwOGU1YjktNGYzMi00MDg3LWE1YWQtZGJkYWQ0NDNiZGYyIGFybjphd3M6c3FzOnVzLWVhc3QtMTowMDAwMDAwMDAwMDA6dGVzdC1hdHRyaWJ1dGVzIGM1MjJkYjVkLTIxMjUtNDgyYS1hZWU0LTlmNDE3NGRmMmQ5NyAxNzI3MDgwOTI3LjU2MzA5OTY=]
Watching ZmIwOGU1YjktNGYzMi00MDg3LWE1YWQtZGJkYWQ0NDNiZGYyIGFybjphd3M6c3FzOnVzLWVhc3QtMTowMDAwMDAwMDAwMDA6dGVzdC1hdHRyaWJ1dGVzIGM1MjJkYjVkLTIxMjUtNDgyYS1hZWU0LTlmNDE3NGRmMmQ5NyAxNzI3MDgwOTI3LjU2MzA5OTY=
queue test-attributes now has 1 tasks inflight
]]></system-out>
  </testcase>
  <testcase name="testDisconnectReconnectIncomingMessages" classname="com.hpe.caf.worker.queue.sqs.SQSWorkerQueueIT" time="15.095">
    <system-out><![CDATA[inputQueueInfo QueueInfo[name=test-disconnect, url=http://sqs.us-east-1.localhost:4566/000000000000/test-disconnect, arn=arn:aws:sqs:us-east-1:000000000000:test-disconnect]
deadLetterQueueInfo QueueInfo[name=test-disconnect-dlq, url=http://sqs.us-east-1.localhost:4566/000000000000/test-disconnect-dlq, arn=arn:aws:sqs:us-east-1:000000000000:test-disconnect-dlq]
Calculated receive batch size: 1
Received 1 messages from queue test-disconnect 
[YjQyZTM1YTMtMjMwOS00MWJjLTgxMmItODM3ZTk3MmNiYzJkIGFybjphd3M6c3FzOnVzLWVhc3QtMTowMDAwMDAwMDAwMDA6dGVzdC1kaXNjb25uZWN0IDY5ZWNmZmZhLTMyYjItNGUxNi04ZTU0LWQ4YjhkNDE2N2MyYiAxNzI3MDgwOTQyLjY2MTMzODg=]
Watching YjQyZTM1YTMtMjMwOS00MWJjLTgxMmItODM3ZTk3MmNiYzJkIGFybjphd3M6c3FzOnVzLWVhc3QtMTowMDAwMDAwMDAwMDA6dGVzdC1kaXNjb25uZWN0IDY5ZWNmZmZhLTMyYjItNGUxNi04ZTU0LWQ4YjhkNDE2N2MyYiAxNzI3MDgwOTQyLjY2MTMzODg=
queue test-disconnect now has 1 tasks inflight
]]></system-out>
  </testcase>
  <testcase name="testInputQueueIsCreated" classname="com.hpe.caf.worker.queue.sqs.SQSWorkerQueueIT" time="0.063">
    <system-out><![CDATA[inputQueueInfo QueueInfo[name=input-queue-created, url=http://sqs.us-east-1.localhost:4566/000000000000/input-queue-created, arn=arn:aws:sqs:us-east-1:000000000000:input-queue-created]
deadLetterQueueInfo QueueInfo[name=input-queue-created-dlq, url=http://sqs.us-east-1.localhost:4566/000000000000/input-queue-created-dlq, arn=arn:aws:sqs:us-east-1:000000000000:input-queue-created-dlq]
Calculated receive batch size: 1
]]></system-out>
  </testcase>
  <testcase name="testInvalidTaskException" classname="com.hpe.caf.worker.queue.sqs.SQSWorkerQueueIT" time="0.098">
    <system-out><![CDATA[inputQueueInfo QueueInfo[name=test-invalid-task, url=http://sqs.us-east-1.localhost:4566/000000000000/test-invalid-task, arn=arn:aws:sqs:us-east-1:000000000000:test-invalid-task]
deadLetterQueueInfo QueueInfo[name=test-invalid-task-dlq, url=http://sqs.us-east-1.localhost:4566/000000000000/test-invalid-task-dlq, arn=arn:aws:sqs:us-east-1:000000000000:test-invalid-task-dlq]
Calculated receive batch size: 1
Received 1 messages from queue test-invalid-task 
[MDQzOGY0ODctOTdjNi00NGE1LTk2MzMtZjMxNTc4MDFkMzg0IGFybjphd3M6c3FzOnVzLWVhc3QtMTowMDAwMDAwMDAwMDA6dGVzdC1pbnZhbGlkLXRhc2sgZmIzNzE3OGEtYTYzYS00YjQwLTlkMTAtYTUzYjRiMWYxMzZmIDE3MjcwODA5NDIuODA5MTM4NQ==]
Cannot register new message, rejecting SQSTaskInformation{inboundMessageId='fb37178a-a63a-4b40-9d10-a53b4b1f136f', isPoison=false, visibilityTimeout=VisibilityTimeout{becomesVisibleEpochSecond=1727080972, receiptHandle='MDQzOGY0ODctOTdjNi00NGE1LTk2MzMtZjMxNTc4MDFkMzg0IGFybjphd3M6c3FzOnVzLWVhc3QtMTowMDAwMDAwMDAwMDA6dGVzdC1pbnZhbGlkLXRhc2sgZmIzNzE3OGEtYTYzYS00YjQwLTlkMTAtYTUzYjRiMWYxMzZmIDE3MjcwODA5NDIuODA5MTM4NQ=='}, processingComplete=false}
com.hpe.caf.api.worker.InvalidTaskException: INVALID
	at com.hpe.caf.worker.queue.sqs.util.StubbedTaskCallback.registerNewTask(StubbedTaskCallback.java:47)
	at com.hpe.caf.worker.queue.sqs.consumer.QueueConsumer.registerNewTask(QueueConsumer.java:192)
	at com.hpe.caf.worker.queue.sqs.consumer.QueueConsumer.receiveMessages(QueueConsumer.java:139)
	at com.hpe.caf.worker.queue.sqs.consumer.QueueConsumer.run(QueueConsumer.java:110)
	at java.base/java.lang.Thread.run(Thread.java:840)
]]></system-out>
  </testcase>
  <testcase name="testLivenessCheck" classname="com.hpe.caf.worker.queue.sqs.SQSWorkerQueueIT" time="0.089">
    <system-out><![CDATA[inputQueueInfo QueueInfo[name=liveness-check, url=http://sqs.us-east-1.localhost:4566/000000000000/liveness-check, arn=arn:aws:sqs:us-east-1:000000000000:liveness-check]
deadLetterQueueInfo QueueInfo[name=liveness-check-dlq, url=http://sqs.us-east-1.localhost:4566/000000000000/liveness-check-dlq, arn=arn:aws:sqs:us-east-1:000000000000:liveness-check-dlq]
Calculated receive batch size: 1
]]></system-out>
  </testcase>
  <testcase name="testMaxInflightMessages" classname="com.hpe.caf.worker.queue.sqs.SQSWorkerQueueIT" time="20.153">
    <system-out><![CDATA[inputQueueInfo QueueInfo[name=test-max-inflight-messages, url=http://sqs.us-east-1.localhost:4566/000000000000/test-max-inflight-messages, arn=arn:aws:sqs:us-east-1:000000000000:test-max-inflight-messages]
deadLetterQueueInfo QueueInfo[name=test-max-inflight-messages-dlq, url=http://sqs.us-east-1.localhost:4566/000000000000/test-max-inflight-messages-dlq, arn=arn:aws:sqs:us-east-1:000000000000:test-max-inflight-messages-dlq]
Calculated receive batch size: 1
Received 1 messages from queue test-max-inflight-messages 
[YTAwMDAzZDctNjMwNi00MWNkLWE2MDEtNGIxYjQwNjM0YmViIGFybjphd3M6c3FzOnVzLWVhc3QtMTowMDAwMDAwMDAwMDA6dGVzdC1tYXgtaW5mbGlnaHQtbWVzc2FnZXMgZGU5ODUwOGUtMTk4Yi00ZjI5LWFlMzAtZjA2YjNlOTA2YzBmIDE3MjcwODA5NDIuOTk2Nzc4Nw==]
Watching YTAwMDAzZDctNjMwNi00MWNkLWE2MDEtNGIxYjQwNjM0YmViIGFybjphd3M6c3FzOnVzLWVhc3QtMTowMDAwMDAwMDAwMDA6dGVzdC1tYXgtaW5mbGlnaHQtbWVzc2FnZXMgZGU5ODUwOGUtMTk4Yi00ZjI5LWFlMzAtZjA2YjNlOTA2YzBmIDE3MjcwODA5NDIuOTk2Nzc4Nw==
queue test-max-inflight-messages now has 1 tasks inflight
Received 1 messages from queue test-max-inflight-messages 
[MThkMzBmMTItYjliNS00ZThhLWI5ODctOTMzMzdhNzcxMTkzIGFybjphd3M6c3FzOnVzLWVhc3QtMTowMDAwMDAwMDAwMDA6dGVzdC1tYXgtaW5mbGlnaHQtbWVzc2FnZXMgNmU5ZjNhMTQtODA0YS00ODJkLTg4ZTUtMDhiMDZmNGUxOGI3IDE3MjcwODA5NDMuMDE4NjI0Mw==]
Watching MThkMzBmMTItYjliNS00ZThhLWI5ODctOTMzMzdhNzcxMTkzIGFybjphd3M6c3FzOnVzLWVhc3QtMTowMDAwMDAwMDAwMDA6dGVzdC1tYXgtaW5mbGlnaHQtbWVzc2FnZXMgNmU5ZjNhMTQtODA0YS00ODJkLTg4ZTUtMDhiMDZmNGUxOGI3IDE3MjcwODA5NDMuMDE4NjI0Mw==
queue test-max-inflight-messages now has 2 tasks inflight
queue test-max-inflight-messages has no capacity, inflight message count: 2
queue test-max-inflight-messages has no capacity, inflight message count: 2
Extended timeout to:Mon Sep 23 09:42:34 BST 2024 for:YTAwMDAzZDctNjMwNi00MWNkLWE2MDEtNGIxYjQwNjM0YmViIGFybjphd3M6c3FzOnVzLWVhc3QtMTowMDAwMDAwMDAwMDA6dGVzdC1tYXgtaW5mbGlnaHQtbWVzc2FnZXMgZGU5ODUwOGUtMTk4Yi00ZjI5LWFlMzAtZjA2YjNlOTA2YzBmIDE3MjcwODA5NDIuOTk2Nzc4Nw==
Extended timeout to:Mon Sep 23 09:42:34 BST 2024 for:MThkMzBmMTItYjliNS00ZThhLWI5ODctOTMzMzdhNzcxMTkzIGFybjphd3M6c3FzOnVzLWVhc3QtMTowMDAwMDAwMDAwMDA6dGVzdC1tYXgtaW5mbGlnaHQtbWVzc2FnZXMgNmU5ZjNhMTQtODA0YS00ODJkLTg4ZTUtMDhiMDZmNGUxOGI3IDE3MjcwODA5NDMuMDE4NjI0Mw==
queue test-max-inflight-messages has no capacity, inflight message count: 2
queue test-max-inflight-messages has no capacity, inflight message count: 2
Extended timeout to:Mon Sep 23 09:42:37 BST 2024 for:YTAwMDAzZDctNjMwNi00MWNkLWE2MDEtNGIxYjQwNjM0YmViIGFybjphd3M6c3FzOnVzLWVhc3QtMTowMDAwMDAwMDAwMDA6dGVzdC1tYXgtaW5mbGlnaHQtbWVzc2FnZXMgZGU5ODUwOGUtMTk4Yi00ZjI5LWFlMzAtZjA2YjNlOTA2YzBmIDE3MjcwODA5NDIuOTk2Nzc4Nw==
Extended timeout to:Mon Sep 23 09:42:37 BST 2024 for:MThkMzBmMTItYjliNS00ZThhLWI5ODctOTMzMzdhNzcxMTkzIGFybjphd3M6c3FzOnVzLWVhc3QtMTowMDAwMDAwMDAwMDA6dGVzdC1tYXgtaW5mbGlnaHQtbWVzc2FnZXMgNmU5ZjNhMTQtODA0YS00ODJkLTg4ZTUtMDhiMDZmNGUxOGI3IDE3MjcwODA5NDMuMDE4NjI0Mw==
queue test-max-inflight-messages has no capacity, inflight message count: 2
queue test-max-inflight-messages has no capacity, inflight message count: 2
Extended timeout to:Mon Sep 23 09:42:39 BST 2024 for:YTAwMDAzZDctNjMwNi00MWNkLWE2MDEtNGIxYjQwNjM0YmViIGFybjphd3M6c3FzOnVzLWVhc3QtMTowMDAwMDAwMDAwMDA6dGVzdC1tYXgtaW5mbGlnaHQtbWVzc2FnZXMgZGU5ODUwOGUtMTk4Yi00ZjI5LWFlMzAtZjA2YjNlOTA2YzBmIDE3MjcwODA5NDIuOTk2Nzc4Nw==
queue test-max-inflight-messages has no capacity, inflight message count: 2
Extended timeout to:Mon Sep 23 09:42:39 BST 2024 for:MThkMzBmMTItYjliNS00ZThhLWI5ODctOTMzMzdhNzcxMTkzIGFybjphd3M6c3FzOnVzLWVhc3QtMTowMDAwMDAwMDAwMDA6dGVzdC1tYXgtaW5mbGlnaHQtbWVzc2FnZXMgNmU5ZjNhMTQtODA0YS00ODJkLTg4ZTUtMDhiMDZmNGUxOGI3IDE3MjcwODA5NDMuMDE4NjI0Mw==
queue test-max-inflight-messages has no capacity, inflight message count: 2
queue test-max-inflight-messages has no capacity, inflight message count: 2
Extended timeout to:Mon Sep 23 09:42:41 BST 2024 for:YTAwMDAzZDctNjMwNi00MWNkLWE2MDEtNGIxYjQwNjM0YmViIGFybjphd3M6c3FzOnVzLWVhc3QtMTowMDAwMDAwMDAwMDA6dGVzdC1tYXgtaW5mbGlnaHQtbWVzc2FnZXMgZGU5ODUwOGUtMTk4Yi00ZjI5LWFlMzAtZjA2YjNlOTA2YzBmIDE3MjcwODA5NDIuOTk2Nzc4Nw==
Extended timeout to:Mon Sep 23 09:42:41 BST 2024 for:MThkMzBmMTItYjliNS00ZThhLWI5ODctOTMzMzdhNzcxMTkzIGFybjphd3M6c3FzOnVzLWVhc3QtMTowMDAwMDAwMDAwMDA6dGVzdC1tYXgtaW5mbGlnaHQtbWVzc2FnZXMgNmU5ZjNhMTQtODA0YS00ODJkLTg4ZTUtMDhiMDZmNGUxOGI3IDE3MjcwODA5NDMuMDE4NjI0Mw==
queue test-max-inflight-messages has no capacity, inflight message count: 2
queue test-max-inflight-messages has no capacity, inflight message count: 2
Extended timeout to:Mon Sep 23 09:42:43 BST 2024 for:YTAwMDAzZDctNjMwNi00MWNkLWE2MDEtNGIxYjQwNjM0YmViIGFybjphd3M6c3FzOnVzLWVhc3QtMTowMDAwMDAwMDAwMDA6dGVzdC1tYXgtaW5mbGlnaHQtbWVzc2FnZXMgZGU5ODUwOGUtMTk4Yi00ZjI5LWFlMzAtZjA2YjNlOTA2YzBmIDE3MjcwODA5NDIuOTk2Nzc4Nw==
Extended timeout to:Mon Sep 23 09:42:43 BST 2024 for:MThkMzBmMTItYjliNS00ZThhLWI5ODctOTMzMzdhNzcxMTkzIGFybjphd3M6c3FzOnVzLWVhc3QtMTowMDAwMDAwMDAwMDA6dGVzdC1tYXgtaW5mbGlnaHQtbWVzc2FnZXMgNmU5ZjNhMTQtODA0YS00ODJkLTg4ZTUtMDhiMDZmNGUxOGI3IDE3MjcwODA5NDMuMDE4NjI0Mw==
queue test-max-inflight-messages has no capacity, inflight message count: 2
Extended timeout to:Mon Sep 23 09:42:45 BST 2024 for:YTAwMDAzZDctNjMwNi00MWNkLWE2MDEtNGIxYjQwNjM0YmViIGFybjphd3M6c3FzOnVzLWVhc3QtMTowMDAwMDAwMDAwMDA6dGVzdC1tYXgtaW5mbGlnaHQtbWVzc2FnZXMgZGU5ODUwOGUtMTk4Yi00ZjI5LWFlMzAtZjA2YjNlOTA2YzBmIDE3MjcwODA5NDIuOTk2Nzc4Nw==
Extended timeout to:Mon Sep 23 09:42:45 BST 2024 for:MThkMzBmMTItYjliNS00ZThhLWI5ODctOTMzMzdhNzcxMTkzIGFybjphd3M6c3FzOnVzLWVhc3QtMTowMDAwMDAwMDAwMDA6dGVzdC1tYXgtaW5mbGlnaHQtbWVzc2FnZXMgNmU5ZjNhMTQtODA0YS00ODJkLTg4ZTUtMDhiMDZmNGUxOGI3IDE3MjcwODA5NDMuMDE4NjI0Mw==
queue test-max-inflight-messages has no capacity, inflight message count: 2
queue test-max-inflight-messages has no capacity, inflight message count: 2
queue test-max-inflight-messages has no capacity, inflight message count: 2
Extended timeout to:Mon Sep 23 09:42:47 BST 2024 for:YTAwMDAzZDctNjMwNi00MWNkLWE2MDEtNGIxYjQwNjM0YmViIGFybjphd3M6c3FzOnVzLWVhc3QtMTowMDAwMDAwMDAwMDA6dGVzdC1tYXgtaW5mbGlnaHQtbWVzc2FnZXMgZGU5ODUwOGUtMTk4Yi00ZjI5LWFlMzAtZjA2YjNlOTA2YzBmIDE3MjcwODA5NDIuOTk2Nzc4Nw==
Extended timeout to:Mon Sep 23 09:42:47 BST 2024 for:MThkMzBmMTItYjliNS00ZThhLWI5ODctOTMzMzdhNzcxMTkzIGFybjphd3M6c3FzOnVzLWVhc3QtMTowMDAwMDAwMDAwMDA6dGVzdC1tYXgtaW5mbGlnaHQtbWVzc2FnZXMgNmU5ZjNhMTQtODA0YS00ODJkLTg4ZTUtMDhiMDZmNGUxOGI3IDE3MjcwODA5NDMuMDE4NjI0Mw==
Queued for publishing YTAwMDAzZDctNjMwNi00MWNkLWE2MDEtNGIxYjQwNjM0YmViIGFybjphd3M6c3FzOnVzLWVhc3QtMTowMDAwMDAwMDAwMDA6dGVzdC1tYXgtaW5mbGlnaHQtbWVzc2FnZXMgZGU5ODUwOGUtMTk4Yi00ZjI5LWFlMzAtZjA2YjNlOTA2YzBmIDE3MjcwODA5NDIuOTk2Nzc4Nw==
Incremented the responseCount for message:YTAwMDAzZDctNjMwNi00MWNkLWE2MDEtNGIxYjQwNjM0YmViIGFybjphd3M6c3FzOnVzLWVhc3QtMTowMDAwMDAwMDAwMDA6dGVzdC1tYXgtaW5mbGlnaHQtbWVzc2FnZXMgZGU5ODUwOGUtMTk4Yi00ZjI5LWFlMzAtZjA2YjNlOTA2YzBmIDE3MjcwODA5NDIuOTk2Nzc4Nw== responseCount is: 1
Incremented the acknowledgementCount for message:YTAwMDAzZDctNjMwNi00MWNkLWE2MDEtNGIxYjQwNjM0YmViIGFybjphd3M6c3FzOnVzLWVhc3QtMTowMDAwMDAwMDAwMDA6dGVzdC1tYXgtaW5mbGlnaHQtbWVzc2FnZXMgZGU5ODUwOGUtMTk4Yi00ZjI5LWFlMzAtZjA2YjNlOTA2YzBmIDE3MjcwODA5NDIuOTk2Nzc4Nw== acknowledgementCount is: 1
Awaiting processing complete for YTAwMDAzZDctNjMwNi00MWNkLWE2MDEtNGIxYjQwNjM0YmViIGFybjphd3M6c3FzOnVzLWVhc3QtMTowMDAwMDAwMDAwMDA6dGVzdC1tYXgtaW5mbGlnaHQtbWVzc2FnZXMgZGU5ODUwOGUtMTk4Yi00ZjI5LWFlMzAtZjA2YjNlOTA2YzBmIDE3MjcwODA5NDIuOTk2Nzc4Nw==
queue test-max-inflight-messages has no capacity, inflight message count: 2
Sent 1 message(s) to queue http://sqs.us-east-1.localhost:4566/000000000000/next-queue
Published 1 message(s) to queue http://sqs.us-east-1.localhost:4566/000000000000/next-queue
queue test-max-inflight-messages has no capacity, inflight message count: 2
Extended timeout to:Mon Sep 23 09:42:49 BST 2024 for:YTAwMDAzZDctNjMwNi00MWNkLWE2MDEtNGIxYjQwNjM0YmViIGFybjphd3M6c3FzOnVzLWVhc3QtMTowMDAwMDAwMDAwMDA6dGVzdC1tYXgtaW5mbGlnaHQtbWVzc2FnZXMgZGU5ODUwOGUtMTk4Yi00ZjI5LWFlMzAtZjA2YjNlOTA2YzBmIDE3MjcwODA5NDIuOTk2Nzc4Nw==
Extended timeout to:Mon Sep 23 09:42:49 BST 2024 for:MThkMzBmMTItYjliNS00ZThhLWI5ODctOTMzMzdhNzcxMTkzIGFybjphd3M6c3FzOnVzLWVhc3QtMTowMDAwMDAwMDAwMDA6dGVzdC1tYXgtaW5mbGlnaHQtbWVzc2FnZXMgNmU5ZjNhMTQtODA0YS00ODJkLTg4ZTUtMDhiMDZmNGUxOGI3IDE3MjcwODA5NDMuMDE4NjI0Mw==
queue test-max-inflight-messages has no capacity, inflight message count: 2
Extended timeout to:Mon Sep 23 09:42:51 BST 2024 for:YTAwMDAzZDctNjMwNi00MWNkLWE2MDEtNGIxYjQwNjM0YmViIGFybjphd3M6c3FzOnVzLWVhc3QtMTowMDAwMDAwMDAwMDA6dGVzdC1tYXgtaW5mbGlnaHQtbWVzc2FnZXMgZGU5ODUwOGUtMTk4Yi00ZjI5LWFlMzAtZjA2YjNlOTA2YzBmIDE3MjcwODA5NDIuOTk2Nzc4Nw==
queue test-max-inflight-messages has no capacity, inflight message count: 2
Extended timeout to:Mon Sep 23 09:42:51 BST 2024 for:MThkMzBmMTItYjliNS00ZThhLWI5ODctOTMzMzdhNzcxMTkzIGFybjphd3M6c3FzOnVzLWVhc3QtMTowMDAwMDAwMDAwMDA6dGVzdC1tYXgtaW5mbGlnaHQtbWVzc2FnZXMgNmU5ZjNhMTQtODA0YS00ODJkLTg4ZTUtMDhiMDZmNGUxOGI3IDE3MjcwODA5NDMuMDE4NjI0Mw==
queue test-max-inflight-messages has no capacity, inflight message count: 2
Unwatched YTAwMDAzZDctNjMwNi00MWNkLWE2MDEtNGIxYjQwNjM0YmViIGFybjphd3M6c3FzOnVzLWVhc3QtMTowMDAwMDAwMDAwMDA6dGVzdC1tYXgtaW5mbGlnaHQtbWVzc2FnZXMgZGU5ODUwOGUtMTk4Yi00ZjI5LWFlMzAtZjA2YjNlOTA2YzBmIDE3MjcwODA5NDIuOTk2Nzc4Nw==
queue test-max-inflight-messages now has 1 tasks inflight
Deleted message DeleteMessage[sqsTaskInformation=SQSTaskInformation{inboundMessageId='de98508e-198b-4f29-ae30-f06b3e906c0f', isPoison=false, visibilityTimeout=VisibilityTimeout{becomesVisibleEpochSecond=1727080971, receiptHandle='YTAwMDAzZDctNjMwNi00MWNkLWE2MDEtNGIxYjQwNjM0YmViIGFybjphd3M6c3FzOnVzLWVhc3QtMTowMDAwMDAwMDAwMDA6dGVzdC1tYXgtaW5mbGlnaHQtbWVzc2FnZXMgZGU5ODUwOGUtMTk4Yi00ZjI5LWFlMzAtZjA2YjNlOTA2YzBmIDE3MjcwODA5NDIuOTk2Nzc4Nw=='}, processingComplete=true}]
Deleted 1 message(s) from queue http://sqs.us-east-1.localhost:4566/000000000000/test-max-inflight-messages
Extended timeout to:Mon Sep 23 09:42:53 BST 2024 for:MThkMzBmMTItYjliNS00ZThhLWI5ODctOTMzMzdhNzcxMTkzIGFybjphd3M6c3FzOnVzLWVhc3QtMTowMDAwMDAwMDAwMDA6dGVzdC1tYXgtaW5mbGlnaHQtbWVzc2FnZXMgNmU5ZjNhMTQtODA0YS00ODJkLTg4ZTUtMDhiMDZmNGUxOGI3IDE3MjcwODA5NDMuMDE4NjI0Mw==
Received 1 messages from queue test-max-inflight-messages 
[ODNmYWJlMTMtMTA5Yi00NjBlLWE3OTctNWJmMTc0MDBmYWNmIGFybjphd3M6c3FzOnVzLWVhc3QtMTowMDAwMDAwMDAwMDA6dGVzdC1tYXgtaW5mbGlnaHQtbWVzc2FnZXMgYzI2MGI4MDYtMzFmMi00Yzk4LWE4MTYtNzIzYzFmN2YzYWQ0IDE3MjcwODA5NjMuMDY4NDY4OA==]
Watching ODNmYWJlMTMtMTA5Yi00NjBlLWE3OTctNWJmMTc0MDBmYWNmIGFybjphd3M6c3FzOnVzLWVhc3QtMTowMDAwMDAwMDAwMDA6dGVzdC1tYXgtaW5mbGlnaHQtbWVzc2FnZXMgYzI2MGI4MDYtMzFmMi00Yzk4LWE4MTYtNzIzYzFmN2YzYWQ0IDE3MjcwODA5NjMuMDY4NDY4OA==
queue test-max-inflight-messages now has 2 tasks inflight
]]></system-out>
  </testcase>
  <testcase name="testPublishAcknowledgeDelete" classname="com.hpe.caf.worker.queue.sqs.SQSWorkerQueueIT" time="10.115">
    <system-out><![CDATA[inputQueueInfo QueueInfo[name=test-publish-ack-del, url=http://sqs.us-east-1.localhost:4566/000000000000/test-publish-ack-del, arn=arn:aws:sqs:us-east-1:000000000000:test-publish-ack-del]
deadLetterQueueInfo QueueInfo[name=test-publish-ack-del-dlq, url=http://sqs.us-east-1.localhost:4566/000000000000/test-publish-ack-del-dlq, arn=arn:aws:sqs:us-east-1:000000000000:test-publish-ack-del-dlq]
Calculated receive batch size: 1
Received 1 messages from queue test-publish-ack-del 
[NjIzMGExNDYtZmM0OC00ZTE3LThkZWYtMjdlNWJlYjc4NzA3IGFybjphd3M6c3FzOnVzLWVhc3QtMTowMDAwMDAwMDAwMDA6dGVzdC1wdWJsaXNoLWFjay1kZWwgOTIzOTk2YzYtYmQwMi00NWE4LWFlMjktMGM0MGViYjg1ZDA2IDE3MjcwODA5NjMuMTQyMTY1Mg==]
Watching NjIzMGExNDYtZmM0OC00ZTE3LThkZWYtMjdlNWJlYjc4NzA3IGFybjphd3M6c3FzOnVzLWVhc3QtMTowMDAwMDAwMDAwMDA6dGVzdC1wdWJsaXNoLWFjay1kZWwgOTIzOTk2YzYtYmQwMi00NWE4LWFlMjktMGM0MGViYjg1ZDA2IDE3MjcwODA5NjMuMTQyMTY1Mg==
queue test-publish-ack-del now has 1 tasks inflight
Queued for publishing NjIzMGExNDYtZmM0OC00ZTE3LThkZWYtMjdlNWJlYjc4NzA3IGFybjphd3M6c3FzOnVzLWVhc3QtMTowMDAwMDAwMDAwMDA6dGVzdC1wdWJsaXNoLWFjay1kZWwgOTIzOTk2YzYtYmQwMi00NWE4LWFlMjktMGM0MGViYjg1ZDA2IDE3MjcwODA5NjMuMTQyMTY1Mg==
Incremented the responseCount for message:NjIzMGExNDYtZmM0OC00ZTE3LThkZWYtMjdlNWJlYjc4NzA3IGFybjphd3M6c3FzOnVzLWVhc3QtMTowMDAwMDAwMDAwMDA6dGVzdC1wdWJsaXNoLWFjay1kZWwgOTIzOTk2YzYtYmQwMi00NWE4LWFlMjktMGM0MGViYjg1ZDA2IDE3MjcwODA5NjMuMTQyMTY1Mg== responseCount is: 1
Incremented the acknowledgementCount for message:NjIzMGExNDYtZmM0OC00ZTE3LThkZWYtMjdlNWJlYjc4NzA3IGFybjphd3M6c3FzOnVzLWVhc3QtMTowMDAwMDAwMDAwMDA6dGVzdC1wdWJsaXNoLWFjay1kZWwgOTIzOTk2YzYtYmQwMi00NWE4LWFlMjktMGM0MGViYjg1ZDA2IDE3MjcwODA5NjMuMTQyMTY1Mg== acknowledgementCount is: 1
Awaiting processing complete for NjIzMGExNDYtZmM0OC00ZTE3LThkZWYtMjdlNWJlYjc4NzA3IGFybjphd3M6c3FzOnVzLWVhc3QtMTowMDAwMDAwMDAwMDA6dGVzdC1wdWJsaXNoLWFjay1kZWwgOTIzOTk2YzYtYmQwMi00NWE4LWFlMjktMGM0MGViYjg1ZDA2IDE3MjcwODA5NjMuMTQyMTY1Mg==
About to unwatch discarded task NjIzMGExNDYtZmM0OC00ZTE3LThkZWYtMjdlNWJlYjc4NzA3IGFybjphd3M6c3FzOnVzLWVhc3QtMTowMDAwMDAwMDAwMDA6dGVzdC1wdWJsaXNoLWFjay1kZWwgOTIzOTk2YzYtYmQwMi00NWE4LWFlMjktMGM0MGViYjg1ZDA2IDE3MjcwODA5NjMuMTQyMTY1Mg==
Unwatched NjIzMGExNDYtZmM0OC00ZTE3LThkZWYtMjdlNWJlYjc4NzA3IGFybjphd3M6c3FzOnVzLWVhc3QtMTowMDAwMDAwMDAwMDA6dGVzdC1wdWJsaXNoLWFjay1kZWwgOTIzOTk2YzYtYmQwMi00NWE4LWFlMjktMGM0MGViYjg1ZDA2IDE3MjcwODA5NjMuMTQyMTY1Mg==
queue test-publish-ack-del now has 0 tasks inflight
Sent 1 message(s) to queue http://sqs.us-east-1.localhost:4566/000000000000/target-queue
Published 1 message(s) to queue http://sqs.us-east-1.localhost:4566/000000000000/target-queue
Deleted message DeleteMessage[sqsTaskInformation=SQSTaskInformation{inboundMessageId='923996c6-bd02-45a8-ae29-0c40ebb85d06', isPoison=false, visibilityTimeout=VisibilityTimeout{becomesVisibleEpochSecond=1727080968, receiptHandle='NjIzMGExNDYtZmM0OC00ZTE3LThkZWYtMjdlNWJlYjc4NzA3IGFybjphd3M6c3FzOnVzLWVhc3QtMTowMDAwMDAwMDAwMDA6dGVzdC1wdWJsaXNoLWFjay1kZWwgOTIzOTk2YzYtYmQwMi00NWE4LWFlMjktMGM0MGViYjg1ZDA2IDE3MjcwODA5NjMuMTQyMTY1Mg=='}, processingComplete=true}]
Deleted 1 message(s) from queue http://sqs.us-east-1.localhost:4566/000000000000/test-publish-ack-del
Deleted 0 message(s) from queue http://sqs.us-east-1.localhost:4566/000000000000/test-publish-ack-del
]]></system-out>
  </testcase>
  <testcase name="testTaskRejectedException" classname="com.hpe.caf.worker.queue.sqs.SQSWorkerQueueIT" time="5.083">
    <system-out><![CDATA[inputQueueInfo QueueInfo[name=test-rejected-task, url=http://sqs.us-east-1.localhost:4566/000000000000/test-rejected-task, arn=arn:aws:sqs:us-east-1:000000000000:test-rejected-task]
deadLetterQueueInfo QueueInfo[name=test-rejected-task-dlq, url=http://sqs.us-east-1.localhost:4566/000000000000/test-rejected-task-dlq, arn=arn:aws:sqs:us-east-1:000000000000:test-rejected-task-dlq]
Calculated receive batch size: 1
Received 1 messages from queue test-rejected-task 
[MzE2MjJiM2EtOTY1OC00NjczLTg1MzctNzFlODQ0ZTEwMDBkIGFybjphd3M6c3FzOnVzLWVhc3QtMTowMDAwMDAwMDAwMDA6dGVzdC1yZWplY3RlZC10YXNrIGE2NDE3OWExLWFlMjEtNGE4MC04MWI2LTFlZWRjYTYzOWI0MyAxNzI3MDgwOTczLjI1ODU3Mg==]
Message SQSTaskInformation{inboundMessageId='a64179a1-ae21-4a80-81b6-1eedca639b43', isPoison=false, visibilityTimeout=VisibilityTimeout{becomesVisibleEpochSecond=1727081003, receiptHandle='MzE2MjJiM2EtOTY1OC00NjczLTg1MzctNzFlODQ0ZTEwMDBkIGFybjphd3M6c3FzOnVzLWVhc3QtMTowMDAwMDAwMDAwMDA6dGVzdC1yZWplY3RlZC10YXNrIGE2NDE3OWExLWFlMjEtNGE4MC04MWI2LTFlZWRjYTYzOWI0MyAxNzI3MDgwOTczLjI1ODU3Mg=='}, processingComplete=false} rejected as a task at this time, will be redelivered by SQS
com.hpe.caf.api.worker.TaskRejectedException: REJECTED
	at com.hpe.caf.worker.queue.sqs.util.StubbedTaskCallback.registerNewTask(StubbedTaskCallback.java:43)
	at com.hpe.caf.worker.queue.sqs.consumer.QueueConsumer.registerNewTask(QueueConsumer.java:192)
	at com.hpe.caf.worker.queue.sqs.consumer.QueueConsumer.receiveMessages(QueueConsumer.java:139)
	at com.hpe.caf.worker.queue.sqs.consumer.QueueConsumer.run(QueueConsumer.java:110)
	at java.base/java.lang.Thread.run(Thread.java:840)
]]></system-out>
  </testcase>
  <testcase name="testAttemptToChangeVisibilityWithInvalidReceiptHandleDoesNotCrashProcess" classname="com.hpe.caf.worker.queue.sqs.VisibilityIT" time="0.091">
    <system-out><![CDATA[inputQueueInfo QueueInfo[name=test-visibility-after-retention-period-expires, url=http://sqs.us-east-1.localhost:4566/000000000000/test-visibility-after-retention-period-expires, arn=arn:aws:sqs:us-east-1:000000000000:test-visibility-after-retention-period-expires]
deadLetterQueueInfo QueueInfo[name=test-visibility-after-retention-period-expires-dlq, url=http://sqs.us-east-1.localhost:4566/000000000000/test-visibility-after-retention-period-expires-dlq, arn=arn:aws:sqs:us-east-1:000000000000:test-visibility-after-retention-period-expires-dlq]
Calculated receive batch size: 1
Received 1 messages from queue test-visibility-after-retention-period-expires 
[Yjk4NjVkY2YtMmIwOS00YzI3LTg4NmQtNDBhOWNmN2Y2OTJjIGFybjphd3M6c3FzOnVzLWVhc3QtMTowMDAwMDAwMDAwMDA6dGVzdC12aXNpYmlsaXR5LWFmdGVyLXJldGVudGlvbi1wZXJpb2QtZXhwaXJlcyBkOWVhNTQ3Yi0yZTYwLTQxMTAtYWFiZC1lNTBjNzQ4YWJmNWQgMTcyNzA4MDk3OC4zMzE1NTA0]
Watching Yjk4NjVkY2YtMmIwOS00YzI3LTg4NmQtNDBhOWNmN2Y2OTJjIGFybjphd3M6c3FzOnVzLWVhc3QtMTowMDAwMDAwMDAwMDA6dGVzdC12aXNpYmlsaXR5LWFmdGVyLXJldGVudGlvbi1wZXJpb2QtZXhwaXJlcyBkOWVhNTQ3Yi0yZTYwLTQxMTAtYWFiZC1lNTBjNzQ4YWJmNWQgMTcyNzA4MDk3OC4zMzE1NTA0
queue test-visibility-after-retention-period-expires now has 1 tasks inflight
]]></system-out>
  </testcase>
  <testcase name="testExtendingMultipleMessages" classname="com.hpe.caf.worker.queue.sqs.VisibilityIT" time="17.089">
    <system-out><![CDATA[inputQueueInfo QueueInfo[name=keep-extending-visibility, url=http://sqs.us-east-1.localhost:4566/000000000000/keep-extending-visibility, arn=arn:aws:sqs:us-east-1:000000000000:keep-extending-visibility]
deadLetterQueueInfo QueueInfo[name=keep-extending-visibility-dlq, url=http://sqs.us-east-1.localhost:4566/000000000000/keep-extending-visibility-dlq, arn=arn:aws:sqs:us-east-1:000000000000:keep-extending-visibility-dlq]
Calculated receive batch size: 10
Received 1 messages from queue keep-extending-visibility 
[ZmUxOTY4MGQtYjc2ZC00YWI1LThjZTAtMTJmNTY0OWNjMzk0IGFybjphd3M6c3FzOnVzLWVhc3QtMTowMDAwMDAwMDAwMDA6a2VlcC1leHRlbmRpbmctdmlzaWJpbGl0eSBjMDAyNzUzZS04ODAyLTRkYjItOGZjNC03ZWRhYzUyOGNmNDcgMTcyNzA4MDk3OC40MTkyMjEy]
Watching ZmUxOTY4MGQtYjc2ZC00YWI1LThjZTAtMTJmNTY0OWNjMzk0IGFybjphd3M6c3FzOnVzLWVhc3QtMTowMDAwMDAwMDAwMDA6a2VlcC1leHRlbmRpbmctdmlzaWJpbGl0eSBjMDAyNzUzZS04ODAyLTRkYjItOGZjNC03ZWRhYzUyOGNmNDcgMTcyNzA4MDk3OC40MTkyMjEy
queue keep-extending-visibility now has 1 tasks inflight
Received 1 messages from queue keep-extending-visibility 
[ZGQ0OTMxMDAtZmE5NC00NTJlLWFkNTEtMTI1NWFhNjM1MjI3IGFybjphd3M6c3FzOnVzLWVhc3QtMTowMDAwMDAwMDAwMDA6a2VlcC1leHRlbmRpbmctdmlzaWJpbGl0eSA3YzFmMGQzMC01ZjRhLTQwZDUtODI3ZS1lMGE1MDlhNmExNjggMTcyNzA4MDk3OS40MzIyNTk=]
Watching ZGQ0OTMxMDAtZmE5NC00NTJlLWFkNTEtMTI1NWFhNjM1MjI3IGFybjphd3M6c3FzOnVzLWVhc3QtMTowMDAwMDAwMDAwMDA6a2VlcC1leHRlbmRpbmctdmlzaWJpbGl0eSA3YzFmMGQzMC01ZjRhLTQwZDUtODI3ZS1lMGE1MDlhNmExNjggMTcyNzA4MDk3OS40MzIyNTk=
queue keep-extending-visibility now has 2 tasks inflight
Extended timeout to:Mon Sep 23 09:43:10 BST 2024 for:ZmUxOTY4MGQtYjc2ZC00YWI1LThjZTAtMTJmNTY0OWNjMzk0IGFybjphd3M6c3FzOnVzLWVhc3QtMTowMDAwMDAwMDAwMDA6a2VlcC1leHRlbmRpbmctdmlzaWJpbGl0eSBjMDAyNzUzZS04ODAyLTRkYjItOGZjNC03ZWRhYzUyOGNmNDcgMTcyNzA4MDk3OC40MTkyMjEy
Extended timeout to:Mon Sep 23 09:43:10 BST 2024 for:ZGQ0OTMxMDAtZmE5NC00NTJlLWFkNTEtMTI1NWFhNjM1MjI3IGFybjphd3M6c3FzOnVzLWVhc3QtMTowMDAwMDAwMDAwMDA6a2VlcC1leHRlbmRpbmctdmlzaWJpbGl0eSA3YzFmMGQzMC01ZjRhLTQwZDUtODI3ZS1lMGE1MDlhNmExNjggMTcyNzA4MDk3OS40MzIyNTk=
Received 1 messages from queue keep-extending-visibility 
[Nzk1ZWM4ZGQtMzA2MS00NjAwLTk3YzAtMjg3NmEzNjFhNTkyIGFybjphd3M6c3FzOnVzLWVhc3QtMTowMDAwMDAwMDAwMDA6a2VlcC1leHRlbmRpbmctdmlzaWJpbGl0eSA5MjU3NmUxZC1hYTdkLTQyN2ItOTVmYS02ODc3YmQ5OGIyNTcgMTcyNzA4MDk4MC40MzM4NDM2]
Watching Nzk1ZWM4ZGQtMzA2MS00NjAwLTk3YzAtMjg3NmEzNjFhNTkyIGFybjphd3M6c3FzOnVzLWVhc3QtMTowMDAwMDAwMDAwMDA6a2VlcC1leHRlbmRpbmctdmlzaWJpbGl0eSA5MjU3NmUxZC1hYTdkLTQyN2ItOTVmYS02ODc3YmQ5OGIyNTcgMTcyNzA4MDk4MC40MzM4NDM2
queue keep-extending-visibility now has 3 tasks inflight
Received 1 messages from queue keep-extending-visibility 
[ZGM4OWI0NTEtNmExOS00ZmFkLTgwYmYtNmViMGM1YzRmN2YwIGFybjphd3M6c3FzOnVzLWVhc3QtMTowMDAwMDAwMDAwMDA6a2VlcC1leHRlbmRpbmctdmlzaWJpbGl0eSA2MjI1NjVhZi0wM2JmLTQ2ZGYtYTYwNC05MGQ3ODI2NThmOGEgMTcyNzA4MDk4MS40Mzc4NQ==]
Watching ZGM4OWI0NTEtNmExOS00ZmFkLTgwYmYtNmViMGM1YzRmN2YwIGFybjphd3M6c3FzOnVzLWVhc3QtMTowMDAwMDAwMDAwMDA6a2VlcC1leHRlbmRpbmctdmlzaWJpbGl0eSA2MjI1NjVhZi0wM2JmLTQ2ZGYtYTYwNC05MGQ3ODI2NThmOGEgMTcyNzA4MDk4MS40Mzc4NQ==
queue keep-extending-visibility now has 4 tasks inflight
Extended timeout to:Mon Sep 23 09:43:12 BST 2024 for:Nzk1ZWM4ZGQtMzA2MS00NjAwLTk3YzAtMjg3NmEzNjFhNTkyIGFybjphd3M6c3FzOnVzLWVhc3QtMTowMDAwMDAwMDAwMDA6a2VlcC1leHRlbmRpbmctdmlzaWJpbGl0eSA5MjU3NmUxZC1hYTdkLTQyN2ItOTVmYS02ODc3YmQ5OGIyNTcgMTcyNzA4MDk4MC40MzM4NDM2
Extended timeout to:Mon Sep 23 09:43:12 BST 2024 for:ZGM4OWI0NTEtNmExOS00ZmFkLTgwYmYtNmViMGM1YzRmN2YwIGFybjphd3M6c3FzOnVzLWVhc3QtMTowMDAwMDAwMDAwMDA6a2VlcC1leHRlbmRpbmctdmlzaWJpbGl0eSA2MjI1NjVhZi0wM2JmLTQ2ZGYtYTYwNC05MGQ3ODI2NThmOGEgMTcyNzA4MDk4MS40Mzc4NQ==
Extended timeout to:Mon Sep 23 09:43:12 BST 2024 for:ZmUxOTY4MGQtYjc2ZC00YWI1LThjZTAtMTJmNTY0OWNjMzk0IGFybjphd3M6c3FzOnVzLWVhc3QtMTowMDAwMDAwMDAwMDA6a2VlcC1leHRlbmRpbmctdmlzaWJpbGl0eSBjMDAyNzUzZS04ODAyLTRkYjItOGZjNC03ZWRhYzUyOGNmNDcgMTcyNzA4MDk3OC40MTkyMjEy
Extended timeout to:Mon Sep 23 09:43:12 BST 2024 for:ZGQ0OTMxMDAtZmE5NC00NTJlLWFkNTEtMTI1NWFhNjM1MjI3IGFybjphd3M6c3FzOnVzLWVhc3QtMTowMDAwMDAwMDAwMDA6a2VlcC1leHRlbmRpbmctdmlzaWJpbGl0eSA3YzFmMGQzMC01ZjRhLTQwZDUtODI3ZS1lMGE1MDlhNmExNjggMTcyNzA4MDk3OS40MzIyNTk=
Received 1 messages from queue keep-extending-visibility 
[Y2E4MTJhM2EtYjk1Mi00N2ZhLTlmYWQtMmFlZGU1OGRmNmQ1IGFybjphd3M6c3FzOnVzLWVhc3QtMTowMDAwMDAwMDAwMDA6a2VlcC1leHRlbmRpbmctdmlzaWJpbGl0eSA4ODkxMDIzNS05NmE3LTQ1ZDAtYjk4OC00YzA3MGI4ZDZiZWMgMTcyNzA4MDk4Mi40NDYzMjYz]
Watching Y2E4MTJhM2EtYjk1Mi00N2ZhLTlmYWQtMmFlZGU1OGRmNmQ1IGFybjphd3M6c3FzOnVzLWVhc3QtMTowMDAwMDAwMDAwMDA6a2VlcC1leHRlbmRpbmctdmlzaWJpbGl0eSA4ODkxMDIzNS05NmE3LTQ1ZDAtYjk4OC00YzA3MGI4ZDZiZWMgMTcyNzA4MDk4Mi40NDYzMjYz
queue keep-extending-visibility now has 5 tasks inflight
Extended timeout to:Mon Sep 23 09:43:14 BST 2024 for:Y2E4MTJhM2EtYjk1Mi00N2ZhLTlmYWQtMmFlZGU1OGRmNmQ1IGFybjphd3M6c3FzOnVzLWVhc3QtMTowMDAwMDAwMDAwMDA6a2VlcC1leHRlbmRpbmctdmlzaWJpbGl0eSA4ODkxMDIzNS05NmE3LTQ1ZDAtYjk4OC00YzA3MGI4ZDZiZWMgMTcyNzA4MDk4Mi40NDYzMjYz
Extended timeout to:Mon Sep 23 09:43:14 BST 2024 for:Nzk1ZWM4ZGQtMzA2MS00NjAwLTk3YzAtMjg3NmEzNjFhNTkyIGFybjphd3M6c3FzOnVzLWVhc3QtMTowMDAwMDAwMDAwMDA6a2VlcC1leHRlbmRpbmctdmlzaWJpbGl0eSA5MjU3NmUxZC1hYTdkLTQyN2ItOTVmYS02ODc3YmQ5OGIyNTcgMTcyNzA4MDk4MC40MzM4NDM2
Extended timeout to:Mon Sep 23 09:43:14 BST 2024 for:ZGM4OWI0NTEtNmExOS00ZmFkLTgwYmYtNmViMGM1YzRmN2YwIGFybjphd3M6c3FzOnVzLWVhc3QtMTowMDAwMDAwMDAwMDA6a2VlcC1leHRlbmRpbmctdmlzaWJpbGl0eSA2MjI1NjVhZi0wM2JmLTQ2ZGYtYTYwNC05MGQ3ODI2NThmOGEgMTcyNzA4MDk4MS40Mzc4NQ==
Extended timeout to:Mon Sep 23 09:43:14 BST 2024 for:ZmUxOTY4MGQtYjc2ZC00YWI1LThjZTAtMTJmNTY0OWNjMzk0IGFybjphd3M6c3FzOnVzLWVhc3QtMTowMDAwMDAwMDAwMDA6a2VlcC1leHRlbmRpbmctdmlzaWJpbGl0eSBjMDAyNzUzZS04ODAyLTRkYjItOGZjNC03ZWRhYzUyOGNmNDcgMTcyNzA4MDk3OC40MTkyMjEy
Extended timeout to:Mon Sep 23 09:43:14 BST 2024 for:ZGQ0OTMxMDAtZmE5NC00NTJlLWFkNTEtMTI1NWFhNjM1MjI3IGFybjphd3M6c3FzOnVzLWVhc3QtMTowMDAwMDAwMDAwMDA6a2VlcC1leHRlbmRpbmctdmlzaWJpbGl0eSA3YzFmMGQzMC01ZjRhLTQwZDUtODI3ZS1lMGE1MDlhNmExNjggMTcyNzA4MDk3OS40MzIyNTk=
Extended timeout to:Mon Sep 23 09:43:16 BST 2024 for:Y2E4MTJhM2EtYjk1Mi00N2ZhLTlmYWQtMmFlZGU1OGRmNmQ1IGFybjphd3M6c3FzOnVzLWVhc3QtMTowMDAwMDAwMDAwMDA6a2VlcC1leHRlbmRpbmctdmlzaWJpbGl0eSA4ODkxMDIzNS05NmE3LTQ1ZDAtYjk4OC00YzA3MGI4ZDZiZWMgMTcyNzA4MDk4Mi40NDYzMjYz
Extended timeout to:Mon Sep 23 09:43:16 BST 2024 for:Nzk1ZWM4ZGQtMzA2MS00NjAwLTk3YzAtMjg3NmEzNjFhNTkyIGFybjphd3M6c3FzOnVzLWVhc3QtMTowMDAwMDAwMDAwMDA6a2VlcC1leHRlbmRpbmctdmlzaWJpbGl0eSA5MjU3NmUxZC1hYTdkLTQyN2ItOTVmYS02ODc3YmQ5OGIyNTcgMTcyNzA4MDk4MC40MzM4NDM2
Extended timeout to:Mon Sep 23 09:43:16 BST 2024 for:ZGM4OWI0NTEtNmExOS00ZmFkLTgwYmYtNmViMGM1YzRmN2YwIGFybjphd3M6c3FzOnVzLWVhc3QtMTowMDAwMDAwMDAwMDA6a2VlcC1leHRlbmRpbmctdmlzaWJpbGl0eSA2MjI1NjVhZi0wM2JmLTQ2ZGYtYTYwNC05MGQ3ODI2NThmOGEgMTcyNzA4MDk4MS40Mzc4NQ==
Extended timeout to:Mon Sep 23 09:43:16 BST 2024 for:ZmUxOTY4MGQtYjc2ZC00YWI1LThjZTAtMTJmNTY0OWNjMzk0IGFybjphd3M6c3FzOnVzLWVhc3QtMTowMDAwMDAwMDAwMDA6a2VlcC1leHRlbmRpbmctdmlzaWJpbGl0eSBjMDAyNzUzZS04ODAyLTRkYjItOGZjNC03ZWRhYzUyOGNmNDcgMTcyNzA4MDk3OC40MTkyMjEy
Extended timeout to:Mon Sep 23 09:43:16 BST 2024 for:ZGQ0OTMxMDAtZmE5NC00NTJlLWFkNTEtMTI1NWFhNjM1MjI3IGFybjphd3M6c3FzOnVzLWVhc3QtMTowMDAwMDAwMDAwMDA6a2VlcC1leHRlbmRpbmctdmlzaWJpbGl0eSA3YzFmMGQzMC01ZjRhLTQwZDUtODI3ZS1lMGE1MDlhNmExNjggMTcyNzA4MDk3OS40MzIyNTk=
Extended timeout to:Mon Sep 23 09:43:18 BST 2024 for:Y2E4MTJhM2EtYjk1Mi00N2ZhLTlmYWQtMmFlZGU1OGRmNmQ1IGFybjphd3M6c3FzOnVzLWVhc3QtMTowMDAwMDAwMDAwMDA6a2VlcC1leHRlbmRpbmctdmlzaWJpbGl0eSA4ODkxMDIzNS05NmE3LTQ1ZDAtYjk4OC00YzA3MGI4ZDZiZWMgMTcyNzA4MDk4Mi40NDYzMjYz
Extended timeout to:Mon Sep 23 09:43:18 BST 2024 for:Nzk1ZWM4ZGQtMzA2MS00NjAwLTk3YzAtMjg3NmEzNjFhNTkyIGFybjphd3M6c3FzOnVzLWVhc3QtMTowMDAwMDAwMDAwMDA6a2VlcC1leHRlbmRpbmctdmlzaWJpbGl0eSA5MjU3NmUxZC1hYTdkLTQyN2ItOTVmYS02ODc3YmQ5OGIyNTcgMTcyNzA4MDk4MC40MzM4NDM2
Extended timeout to:Mon Sep 23 09:43:18 BST 2024 for:ZGM4OWI0NTEtNmExOS00ZmFkLTgwYmYtNmViMGM1YzRmN2YwIGFybjphd3M6c3FzOnVzLWVhc3QtMTowMDAwMDAwMDAwMDA6a2VlcC1leHRlbmRpbmctdmlzaWJpbGl0eSA2MjI1NjVhZi0wM2JmLTQ2ZGYtYTYwNC05MGQ3ODI2NThmOGEgMTcyNzA4MDk4MS40Mzc4NQ==
Extended timeout to:Mon Sep 23 09:43:18 BST 2024 for:ZmUxOTY4MGQtYjc2ZC00YWI1LThjZTAtMTJmNTY0OWNjMzk0IGFybjphd3M6c3FzOnVzLWVhc3QtMTowMDAwMDAwMDAwMDA6a2VlcC1leHRlbmRpbmctdmlzaWJpbGl0eSBjMDAyNzUzZS04ODAyLTRkYjItOGZjNC03ZWRhYzUyOGNmNDcgMTcyNzA4MDk3OC40MTkyMjEy
Extended timeout to:Mon Sep 23 09:43:18 BST 2024 for:ZGQ0OTMxMDAtZmE5NC00NTJlLWFkNTEtMTI1NWFhNjM1MjI3IGFybjphd3M6c3FzOnVzLWVhc3QtMTowMDAwMDAwMDAwMDA6a2VlcC1leHRlbmRpbmctdmlzaWJpbGl0eSA3YzFmMGQzMC01ZjRhLTQwZDUtODI3ZS1lMGE1MDlhNmExNjggMTcyNzA4MDk3OS40MzIyNTk=
Extended timeout to:Mon Sep 23 09:43:20 BST 2024 for:Y2E4MTJhM2EtYjk1Mi00N2ZhLTlmYWQtMmFlZGU1OGRmNmQ1IGFybjphd3M6c3FzOnVzLWVhc3QtMTowMDAwMDAwMDAwMDA6a2VlcC1leHRlbmRpbmctdmlzaWJpbGl0eSA4ODkxMDIzNS05NmE3LTQ1ZDAtYjk4OC00YzA3MGI4ZDZiZWMgMTcyNzA4MDk4Mi40NDYzMjYz
Extended timeout to:Mon Sep 23 09:43:20 BST 2024 for:Nzk1ZWM4ZGQtMzA2MS00NjAwLTk3YzAtMjg3NmEzNjFhNTkyIGFybjphd3M6c3FzOnVzLWVhc3QtMTowMDAwMDAwMDAwMDA6a2VlcC1leHRlbmRpbmctdmlzaWJpbGl0eSA5MjU3NmUxZC1hYTdkLTQyN2ItOTVmYS02ODc3YmQ5OGIyNTcgMTcyNzA4MDk4MC40MzM4NDM2
Extended timeout to:Mon Sep 23 09:43:20 BST 2024 for:ZGM4OWI0NTEtNmExOS00ZmFkLTgwYmYtNmViMGM1YzRmN2YwIGFybjphd3M6c3FzOnVzLWVhc3QtMTowMDAwMDAwMDAwMDA6a2VlcC1leHRlbmRpbmctdmlzaWJpbGl0eSA2MjI1NjVhZi0wM2JmLTQ2ZGYtYTYwNC05MGQ3ODI2NThmOGEgMTcyNzA4MDk4MS40Mzc4NQ==
Extended timeout to:Mon Sep 23 09:43:20 BST 2024 for:ZmUxOTY4MGQtYjc2ZC00YWI1LThjZTAtMTJmNTY0OWNjMzk0IGFybjphd3M6c3FzOnVzLWVhc3QtMTowMDAwMDAwMDAwMDA6a2VlcC1leHRlbmRpbmctdmlzaWJpbGl0eSBjMDAyNzUzZS04ODAyLTRkYjItOGZjNC03ZWRhYzUyOGNmNDcgMTcyNzA4MDk3OC40MTkyMjEy
Extended timeout to:Mon Sep 23 09:43:20 BST 2024 for:ZGQ0OTMxMDAtZmE5NC00NTJlLWFkNTEtMTI1NWFhNjM1MjI3IGFybjphd3M6c3FzOnVzLWVhc3QtMTowMDAwMDAwMDAwMDA6a2VlcC1leHRlbmRpbmctdmlzaWJpbGl0eSA3YzFmMGQzMC01ZjRhLTQwZDUtODI3ZS1lMGE1MDlhNmExNjggMTcyNzA4MDk3OS40MzIyNTk=
Extended timeout to:Mon Sep 23 09:43:22 BST 2024 for:Y2E4MTJhM2EtYjk1Mi00N2ZhLTlmYWQtMmFlZGU1OGRmNmQ1IGFybjphd3M6c3FzOnVzLWVhc3QtMTowMDAwMDAwMDAwMDA6a2VlcC1leHRlbmRpbmctdmlzaWJpbGl0eSA4ODkxMDIzNS05NmE3LTQ1ZDAtYjk4OC00YzA3MGI4ZDZiZWMgMTcyNzA4MDk4Mi40NDYzMjYz
Extended timeout to:Mon Sep 23 09:43:22 BST 2024 for:Nzk1ZWM4ZGQtMzA2MS00NjAwLTk3YzAtMjg3NmEzNjFhNTkyIGFybjphd3M6c3FzOnVzLWVhc3QtMTowMDAwMDAwMDAwMDA6a2VlcC1leHRlbmRpbmctdmlzaWJpbGl0eSA5MjU3NmUxZC1hYTdkLTQyN2ItOTVmYS02ODc3YmQ5OGIyNTcgMTcyNzA4MDk4MC40MzM4NDM2
Extended timeout to:Mon Sep 23 09:43:22 BST 2024 for:ZGM4OWI0NTEtNmExOS00ZmFkLTgwYmYtNmViMGM1YzRmN2YwIGFybjphd3M6c3FzOnVzLWVhc3QtMTowMDAwMDAwMDAwMDA6a2VlcC1leHRlbmRpbmctdmlzaWJpbGl0eSA2MjI1NjVhZi0wM2JmLTQ2ZGYtYTYwNC05MGQ3ODI2NThmOGEgMTcyNzA4MDk4MS40Mzc4NQ==
Extended timeout to:Mon Sep 23 09:43:22 BST 2024 for:ZmUxOTY4MGQtYjc2ZC00YWI1LThjZTAtMTJmNTY0OWNjMzk0IGFybjphd3M6c3FzOnVzLWVhc3QtMTowMDAwMDAwMDAwMDA6a2VlcC1leHRlbmRpbmctdmlzaWJpbGl0eSBjMDAyNzUzZS04ODAyLTRkYjItOGZjNC03ZWRhYzUyOGNmNDcgMTcyNzA4MDk3OC40MTkyMjEy
Extended timeout to:Mon Sep 23 09:43:22 BST 2024 for:ZGQ0OTMxMDAtZmE5NC00NTJlLWFkNTEtMTI1NWFhNjM1MjI3IGFybjphd3M6c3FzOnVzLWVhc3QtMTowMDAwMDAwMDAwMDA6a2VlcC1leHRlbmRpbmctdmlzaWJpbGl0eSA3YzFmMGQzMC01ZjRhLTQwZDUtODI3ZS1lMGE1MDlhNmExNjggMTcyNzA4MDk3OS40MzIyNTk=
Extended timeout to:Mon Sep 23 09:43:24 BST 2024 for:Y2E4MTJhM2EtYjk1Mi00N2ZhLTlmYWQtMmFlZGU1OGRmNmQ1IGFybjphd3M6c3FzOnVzLWVhc3QtMTowMDAwMDAwMDAwMDA6a2VlcC1leHRlbmRpbmctdmlzaWJpbGl0eSA4ODkxMDIzNS05NmE3LTQ1ZDAtYjk4OC00YzA3MGI4ZDZiZWMgMTcyNzA4MDk4Mi40NDYzMjYz
Extended timeout to:Mon Sep 23 09:43:24 BST 2024 for:Nzk1ZWM4ZGQtMzA2MS00NjAwLTk3YzAtMjg3NmEzNjFhNTkyIGFybjphd3M6c3FzOnVzLWVhc3QtMTowMDAwMDAwMDAwMDA6a2VlcC1leHRlbmRpbmctdmlzaWJpbGl0eSA5MjU3NmUxZC1hYTdkLTQyN2ItOTVmYS02ODc3YmQ5OGIyNTcgMTcyNzA4MDk4MC40MzM4NDM2
Extended timeout to:Mon Sep 23 09:43:24 BST 2024 for:ZGM4OWI0NTEtNmExOS00ZmFkLTgwYmYtNmViMGM1YzRmN2YwIGFybjphd3M6c3FzOnVzLWVhc3QtMTowMDAwMDAwMDAwMDA6a2VlcC1leHRlbmRpbmctdmlzaWJpbGl0eSA2MjI1NjVhZi0wM2JmLTQ2ZGYtYTYwNC05MGQ3ODI2NThmOGEgMTcyNzA4MDk4MS40Mzc4NQ==
Extended timeout to:Mon Sep 23 09:43:24 BST 2024 for:ZmUxOTY4MGQtYjc2ZC00YWI1LThjZTAtMTJmNTY0OWNjMzk0IGFybjphd3M6c3FzOnVzLWVhc3QtMTowMDAwMDAwMDAwMDA6a2VlcC1leHRlbmRpbmctdmlzaWJpbGl0eSBjMDAyNzUzZS04ODAyLTRkYjItOGZjNC03ZWRhYzUyOGNmNDcgMTcyNzA4MDk3OC40MTkyMjEy
Extended timeout to:Mon Sep 23 09:43:24 BST 2024 for:ZGQ0OTMxMDAtZmE5NC00NTJlLWFkNTEtMTI1NWFhNjM1MjI3IGFybjphd3M6c3FzOnVzLWVhc3QtMTowMDAwMDAwMDAwMDA6a2VlcC1leHRlbmRpbmctdmlzaWJpbGl0eSA3YzFmMGQzMC01ZjRhLTQwZDUtODI3ZS1lMGE1MDlhNmExNjggMTcyNzA4MDk3OS40MzIyNTk=
]]></system-out>
  </testcase>
  <testcase name="testExtensionForSingleMessages" classname="com.hpe.caf.worker.queue.sqs.VisibilityIT" time="10.058">
    <system-out><![CDATA[inputQueueInfo QueueInfo[name=test-extending-single-message, url=http://sqs.us-east-1.localhost:4566/000000000000/test-extending-single-message, arn=arn:aws:sqs:us-east-1:000000000000:test-extending-single-message]
deadLetterQueueInfo QueueInfo[name=test-extending-single-message-dlq, url=http://sqs.us-east-1.localhost:4566/000000000000/test-extending-single-message-dlq, arn=arn:aws:sqs:us-east-1:000000000000:test-extending-single-message-dlq]
Calculated receive batch size: 1
Received 1 messages from queue test-extending-single-message 
[NjdmYjllMWUtMTRhNi00ZDExLTgxMjYtM2Y2ZWNlNGRjMDUzIGFybjphd3M6c3FzOnVzLWVhc3QtMTowMDAwMDAwMDAwMDA6dGVzdC1leHRlbmRpbmctc2luZ2xlLW1lc3NhZ2UgYWM2MDJmZTQtODA4Yi00MTM5LTgwNWQtZTZkYTE5NzAxM2RlIDE3MjcwODA5OTUuNTAwMTYz]
Watching NjdmYjllMWUtMTRhNi00ZDExLTgxMjYtM2Y2ZWNlNGRjMDUzIGFybjphd3M6c3FzOnVzLWVhc3QtMTowMDAwMDAwMDAwMDA6dGVzdC1leHRlbmRpbmctc2luZ2xlLW1lc3NhZ2UgYWM2MDJmZTQtODA4Yi00MTM5LTgwNWQtZTZkYTE5NzAxM2RlIDE3MjcwODA5OTUuNTAwMTYz
queue test-extending-single-message now has 1 tasks inflight
Extended timeout to:Mon Sep 23 09:43:27 BST 2024 for:NjdmYjllMWUtMTRhNi00ZDExLTgxMjYtM2Y2ZWNlNGRjMDUzIGFybjphd3M6c3FzOnVzLWVhc3QtMTowMDAwMDAwMDAwMDA6dGVzdC1leHRlbmRpbmctc2luZ2xlLW1lc3NhZ2UgYWM2MDJmZTQtODA4Yi00MTM5LTgwNWQtZTZkYTE5NzAxM2RlIDE3MjcwODA5OTUuNTAwMTYz
Extended timeout to:Mon Sep 23 09:43:29 BST 2024 for:NjdmYjllMWUtMTRhNi00ZDExLTgxMjYtM2Y2ZWNlNGRjMDUzIGFybjphd3M6c3FzOnVzLWVhc3QtMTowMDAwMDAwMDAwMDA6dGVzdC1leHRlbmRpbmctc2luZ2xlLW1lc3NhZ2UgYWM2MDJmZTQtODA4Yi00MTM5LTgwNWQtZTZkYTE5NzAxM2RlIDE3MjcwODA5OTUuNTAwMTYz
Extended timeout to:Mon Sep 23 09:43:31 BST 2024 for:NjdmYjllMWUtMTRhNi00ZDExLTgxMjYtM2Y2ZWNlNGRjMDUzIGFybjphd3M6c3FzOnVzLWVhc3QtMTowMDAwMDAwMDAwMDA6dGVzdC1leHRlbmRpbmctc2luZ2xlLW1lc3NhZ2UgYWM2MDJmZTQtODA4Yi00MTM5LTgwNWQtZTZkYTE5NzAxM2RlIDE3MjcwODA5OTUuNTAwMTYz
Extended timeout to:Mon Sep 23 09:43:33 BST 2024 for:NjdmYjllMWUtMTRhNi00ZDExLTgxMjYtM2Y2ZWNlNGRjMDUzIGFybjphd3M6c3FzOnVzLWVhc3QtMTowMDAwMDAwMDAwMDA6dGVzdC1leHRlbmRpbmctc2luZ2xlLW1lc3NhZ2UgYWM2MDJmZTQtODA4Yi00MTM5LTgwNWQtZTZkYTE5NzAxM2RlIDE3MjcwODA5OTUuNTAwMTYz
Extended timeout to:Mon Sep 23 09:43:35 BST 2024 for:NjdmYjllMWUtMTRhNi00ZDExLTgxMjYtM2Y2ZWNlNGRjMDUzIGFybjphd3M6c3FzOnVzLWVhc3QtMTowMDAwMDAwMDAwMDA6dGVzdC1leHRlbmRpbmctc2luZ2xlLW1lc3NhZ2UgYWM2MDJmZTQtODA4Yi00MTM5LTgwNWQtZTZkYTE5NzAxM2RlIDE3MjcwODA5OTUuNTAwMTYz
]]></system-out>
  </testcase>
  <testcase name="testVisibilityTimeoutExtensionIsCancelled" classname="com.hpe.caf.worker.queue.sqs.VisibilityIT" time="11.059">
    <system-out><![CDATA[inputQueueInfo QueueInfo[name=stop-extend-visibility, url=http://sqs.us-east-1.localhost:4566/000000000000/stop-extend-visibility, arn=arn:aws:sqs:us-east-1:000000000000:stop-extend-visibility]
deadLetterQueueInfo QueueInfo[name=stop-extend-visibility-dlq, url=http://sqs.us-east-1.localhost:4566/000000000000/stop-extend-visibility-dlq, arn=arn:aws:sqs:us-east-1:000000000000:stop-extend-visibility-dlq]
Calculated receive batch size: 1
Received 1 messages from queue stop-extend-visibility 
[NTQ4MTFiOTgtODAwMi00ZGViLWEzYTctY2FhZDljZTIxMTczIGFybjphd3M6c3FzOnVzLWVhc3QtMTowMDAwMDAwMDAwMDA6c3RvcC1leHRlbmQtdmlzaWJpbGl0eSAwYzU5YzZhYS1hM2M2LTRlNDktOGFiNi0wN2ExNzFlN2Y2YjUgMTcyNzA4MTAwNS41NjU4MDQy]
Watching NTQ4MTFiOTgtODAwMi00ZGViLWEzYTctY2FhZDljZTIxMTczIGFybjphd3M6c3FzOnVzLWVhc3QtMTowMDAwMDAwMDAwMDA6c3RvcC1leHRlbmQtdmlzaWJpbGl0eSAwYzU5YzZhYS1hM2M2LTRlNDktOGFiNi0wN2ExNzFlN2Y2YjUgMTcyNzA4MTAwNS41NjU4MDQy
queue stop-extend-visibility now has 1 tasks inflight
About to unwatch discarded task NTQ4MTFiOTgtODAwMi00ZGViLWEzYTctY2FhZDljZTIxMTczIGFybjphd3M6c3FzOnVzLWVhc3QtMTowMDAwMDAwMDAwMDA6c3RvcC1leHRlbmQtdmlzaWJpbGl0eSAwYzU5YzZhYS1hM2M2LTRlNDktOGFiNi0wN2ExNzFlN2Y2YjUgMTcyNzA4MTAwNS41NjU4MDQy
Unwatched NTQ4MTFiOTgtODAwMi00ZGViLWEzYTctY2FhZDljZTIxMTczIGFybjphd3M6c3FzOnVzLWVhc3QtMTowMDAwMDAwMDAwMDA6c3RvcC1leHRlbmQtdmlzaWJpbGl0eSAwYzU5YzZhYS1hM2M2LTRlNDktOGFiNi0wN2ExNzFlN2Y2YjUgMTcyNzA4MTAwNS41NjU4MDQy
queue stop-extend-visibility now has 0 tasks inflight
Received 1 messages from queue stop-extend-visibility 
[ZWQzMTBmMmQtMjM4Zi00MDRjLWE2YjQtODZiOTZiMmFlNmFkIGFybjphd3M6c3FzOnVzLWVhc3QtMTowMDAwMDAwMDAwMDA6c3RvcC1leHRlbmQtdmlzaWJpbGl0eSAwYzU5YzZhYS1hM2M2LTRlNDktOGFiNi0wN2ExNzFlN2Y2YjUgMTcyNzA4MTAxMS41NjMxODI2]
Watching ZWQzMTBmMmQtMjM4Zi00MDRjLWE2YjQtODZiOTZiMmFlNmFkIGFybjphd3M6c3FzOnVzLWVhc3QtMTowMDAwMDAwMDAwMDA6c3RvcC1leHRlbmQtdmlzaWJpbGl0eSAwYzU5YzZhYS1hM2M2LTRlNDktOGFiNi0wN2ExNzFlN2Y2YjUgMTcyNzA4MTAxMS41NjMxODI2
queue stop-extend-visibility now has 1 tasks inflight
Extended timeout to:Mon Sep 23 09:43:43 BST 2024 for:ZWQzMTBmMmQtMjM4Zi00MDRjLWE2YjQtODZiOTZiMmFlNmFkIGFybjphd3M6c3FzOnVzLWVhc3QtMTowMDAwMDAwMDAwMDA6c3RvcC1leHRlbmQtdmlzaWJpbGl0eSAwYzU5YzZhYS1hM2M2LTRlNDktOGFiNi0wN2ExNzFlN2Y2YjUgMTcyNzA4MTAxMS41NjMxODI2
Extended timeout to:Mon Sep 23 09:43:45 BST 2024 for:ZWQzMTBmMmQtMjM4Zi00MDRjLWE2YjQtODZiOTZiMmFlNmFkIGFybjphd3M6c3FzOnVzLWVhc3QtMTowMDAwMDAwMDAwMDA6c3RvcC1leHRlbmQtdmlzaWJpbGl0eSAwYzU5YzZhYS1hM2M2LTRlNDktOGFiNi0wN2ExNzFlN2Y2YjUgMTcyNzA4MTAxMS41NjMxODI2
]]></system-out>
  </testcase>
</testsuite>