<?xml version="1.0" encoding="UTF-8"?>
<!-- Generated by org.testng.reporters.JUnitReportReporter -->
<testsuite hostname="OTX-7QZZW33" failures="0" tests="1" name="com.hpe.caf.worker.queue.sqs.VisibilityTimeoutListTest" time="0.027" errors="0" timestamp="2024-09-23T09:40:32 BST" skipped="0">
  <testcase classname="com.hpe.caf.worker.queue.sqs.VisibilityTimeoutListTest" name="testSortedSetOfVisibilityTimeouts" time="0.027"/>
</testsuite> <!-- com.hpe.caf.worker.queue.sqs.VisibilityTimeoutListTest -->
